{"/home/tumisho/Documents/univeristy/year3.0_2025/year3.2/cos301/Secure-File-Sharing-Platform/sfsp-api/controllers/fileController.js": {"path":"/home/tumisho/Documents/univeristy/year3.0_2025/year3.2/cos301/Secure-File-Sharing-Platform/sfsp-api/controllers/fileController.js","statementMap":{"0":{"start":{"line":2,"column":14},"end":{"line":2,"column":30}},"1":{"start":{"line":3,"column":0},"end":{"line":3,"column":27}},"2":{"start":{"line":4,"column":15},"end":{"line":4,"column":32}},"3":{"start":{"line":5,"column":17},"end":{"line":5,"column":37}},"4":{"start":{"line":6,"column":13},"end":{"line":6,"column":28}},"5":{"start":{"line":7,"column":11},"end":{"line":7,"column":24}},"6":{"start":{"line":9,"column":15},"end":{"line":9,"column":58}},"7":{"start":{"line":12,"column":0},"end":{"line":74,"column":2}},"8":{"start":{"line":13,"column":29},"end":{"line":13,"column":37}},"9":{"start":{"line":15,"column":2},"end":{"line":17,"column":3}},"10":{"start":{"line":16,"column":4},"end":{"line":16,"column":60}},"11":{"start":{"line":19,"column":2},"end":{"line":73,"column":3}},"12":{"start":{"line":21,"column":21},"end":{"line":29,"column":6}},"13":{"start":{"line":31,"column":21},"end":{"line":31,"column":52}},"14":{"start":{"line":32,"column":18},"end":{"line":32,"column":45}},"15":{"start":{"line":34,"column":3},"end":{"line":34,"column":42}},"16":{"start":{"line":35,"column":3},"end":{"line":35,"column":37}},"17":{"start":{"line":37,"column":4},"end":{"line":40,"column":5}},"18":{"start":{"line":38,"column":6},"end":{"line":38,"column":80}},"19":{"start":{"line":39,"column":6},"end":{"line":39,"column":81}},"20":{"start":{"line":42,"column":4},"end":{"line":46,"column":6}},"21":{"start":{"line":49,"column":4},"end":{"line":54,"column":7}},"22":{"start":{"line":57,"column":4},"end":{"line":57,"column":28}},"23":{"start":{"line":60,"column":4},"end":{"line":63,"column":7}},"24":{"start":{"line":61,"column":6},"end":{"line":61,"column":58}},"25":{"start":{"line":62,"column":6},"end":{"line":62,"column":16}},"26":{"start":{"line":66,"column":4},"end":{"line":68,"column":7}},"27":{"start":{"line":67,"column":6},"end":{"line":67,"column":71}},"28":{"start":{"line":71,"column":4},"end":{"line":71,"column":52}},"29":{"start":{"line":72,"column":4},"end":{"line":72,"column":51}},"30":{"start":{"line":76,"column":0},"end":{"line":121,"column":2}},"31":{"start":{"line":77,"column":23},"end":{"line":77,"column":31}},"32":{"start":{"line":79,"column":2},"end":{"line":81,"column":3}},"33":{"start":{"line":80,"column":4},"end":{"line":80,"column":57}},"34":{"start":{"line":83,"column":2},"end":{"line":120,"column":3}},"35":{"start":{"line":85,"column":21},"end":{"line":91,"column":6}},"36":{"start":{"line":94,"column":4},"end":{"line":98,"column":7}},"37":{"start":{"line":101,"column":4},"end":{"line":101,"column":28}},"38":{"start":{"line":104,"column":4},"end":{"line":106,"column":7}},"39":{"start":{"line":105,"column":6},"end":{"line":105,"column":65}},"40":{"start":{"line":108,"column":4},"end":{"line":111,"column":7}},"41":{"start":{"line":109,"column":6},"end":{"line":109,"column":68}},"42":{"start":{"line":110,"column":6},"end":{"line":110,"column":16}},"43":{"start":{"line":114,"column":4},"end":{"line":114,"column":64}},"44":{"start":{"line":115,"column":4},"end":{"line":119,"column":5}},"45":{"start":{"line":116,"column":6},"end":{"line":116,"column":61}},"46":{"start":{"line":118,"column":6},"end":{"line":118,"column":16}},"47":{"start":{"line":123,"column":0},"end":{"line":174,"column":2}},"48":{"start":{"line":124,"column":29},"end":{"line":124,"column":37}},"49":{"start":{"line":126,"column":2},"end":{"line":128,"column":3}},"50":{"start":{"line":127,"column":4},"end":{"line":127,"column":60}},"51":{"start":{"line":130,"column":2},"end":{"line":173,"column":3}},"52":{"start":{"line":131,"column":21},"end":{"line":137,"column":6}},"53":{"start":{"line":139,"column":21},"end":{"line":139,"column":62}},"54":{"start":{"line":140,"column":25},"end":{"line":140,"column":64}},"55":{"start":{"line":141,"column":26},"end":{"line":141,"column":62}},"56":{"start":{"line":143,"column":4},"end":{"line":149,"column":7}},"57":{"start":{"line":151,"column":4},"end":{"line":153,"column":6}},"58":{"start":{"line":155,"column":4},"end":{"line":155,"column":28}},"59":{"start":{"line":157,"column":4},"end":{"line":159,"column":7}},"60":{"start":{"line":158,"column":6},"end":{"line":158,"column":102}},"61":{"start":{"line":161,"column":4},"end":{"line":164,"column":7}},"62":{"start":{"line":162,"column":6},"end":{"line":162,"column":66}},"63":{"start":{"line":163,"column":6},"end":{"line":163,"column":16}},"64":{"start":{"line":167,"column":4},"end":{"line":167,"column":60}},"65":{"start":{"line":169,"column":4},"end":{"line":171,"column":5}},"66":{"start":{"line":170,"column":6},"end":{"line":170,"column":72}},"67":{"start":{"line":172,"column":4},"end":{"line":172,"column":61}},"68":{"start":{"line":176,"column":0},"end":{"line":202,"column":2}},"69":{"start":{"line":177,"column":17},"end":{"line":177,"column":32}},"70":{"start":{"line":178,"column":2},"end":{"line":178,"column":57}},"71":{"start":{"line":180,"column":2},"end":{"line":182,"column":3}},"72":{"start":{"line":181,"column":4},"end":{"line":181,"column":55}},"73":{"start":{"line":184,"column":2},"end":{"line":201,"column":3}},"74":{"start":{"line":185,"column":21},"end":{"line":189,"column":5}},"75":{"start":{"line":191,"column":4},"end":{"line":193,"column":5}},"76":{"start":{"line":192,"column":6},"end":{"line":192,"column":75}},"77":{"start":{"line":195,"column":25},"end":{"line":195,"column":38}},"78":{"start":{"line":196,"column":4},"end":{"line":196,"column":27}},"79":{"start":{"line":198,"column":4},"end":{"line":198,"column":36}},"80":{"start":{"line":199,"column":4},"end":{"line":199,"column":61}},"81":{"start":{"line":200,"column":4},"end":{"line":200,"column":54}},"82":{"start":{"line":204,"column":0},"end":{"line":248,"column":2}},"83":{"start":{"line":205,"column":2},"end":{"line":247,"column":3}},"84":{"start":{"line":214,"column":8},"end":{"line":214,"column":16}},"85":{"start":{"line":216,"column":4},"end":{"line":216,"column":49}},"86":{"start":{"line":218,"column":4},"end":{"line":220,"column":5}},"87":{"start":{"line":219,"column":6},"end":{"line":219,"column":64}},"88":{"start":{"line":222,"column":20},"end":{"line":222,"column":22}},"89":{"start":{"line":223,"column":4},"end":{"line":227,"column":5}},"90":{"start":{"line":224,"column":6},"end":{"line":224,"column":27}},"91":{"start":{"line":225,"column":11},"end":{"line":227,"column":5}},"92":{"start":{"line":226,"column":6},"end":{"line":226,"column":29}},"93":{"start":{"line":229,"column":21},"end":{"line":241,"column":5}},"94":{"start":{"line":243,"column":4},"end":{"line":243,"column":59}},"95":{"start":{"line":245,"column":4},"end":{"line":245,"column":53}},"96":{"start":{"line":246,"column":4},"end":{"line":246,"column":51}},"97":{"start":{"line":250,"column":0},"end":{"line":313,"column":2}},"98":{"start":{"line":251,"column":2},"end":{"line":312,"column":3}},"99":{"start":{"line":264,"column":8},"end":{"line":264,"column":16}},"100":{"start":{"line":266,"column":4},"end":{"line":268,"column":5}},"101":{"start":{"line":267,"column":6},"end":{"line":267,"column":69}},"102":{"start":{"line":270,"column":4},"end":{"line":272,"column":5}},"103":{"start":{"line":271,"column":6},"end":{"line":271,"column":80}},"104":{"start":{"line":274,"column":20},"end":{"line":274,"column":24}},"105":{"start":{"line":275,"column":4},"end":{"line":286,"column":5}},"106":{"start":{"line":276,"column":6},"end":{"line":285,"column":7}},"107":{"start":{"line":277,"column":8},"end":{"line":282,"column":9}},"108":{"start":{"line":278,"column":10},"end":{"line":278,"column":31}},"109":{"start":{"line":279,"column":10},"end":{"line":279,"column":31}},"110":{"start":{"line":281,"column":10},"end":{"line":281,"column":49}},"111":{"start":{"line":283,"column":13},"end":{"line":285,"column":7}},"112":{"start":{"line":284,"column":8},"end":{"line":284,"column":45}},"113":{"start":{"line":288,"column":21},"end":{"line":288,"column":35}},"114":{"start":{"line":289,"column":4},"end":{"line":289,"column":38}},"115":{"start":{"line":290,"column":4},"end":{"line":290,"column":42}},"116":{"start":{"line":291,"column":4},"end":{"line":291,"column":72}},"117":{"start":{"line":292,"column":4},"end":{"line":292,"column":38}},"118":{"start":{"line":293,"column":4},"end":{"line":293,"column":36}},"119":{"start":{"line":294,"column":4},"end":{"line":294,"column":42}},"120":{"start":{"line":295,"column":4},"end":{"line":295,"column":62}},"121":{"start":{"line":296,"column":4},"end":{"line":296,"column":43}},"122":{"start":{"line":297,"column":4},"end":{"line":297,"column":46}},"123":{"start":{"line":298,"column":4},"end":{"line":298,"column":48}},"124":{"start":{"line":299,"column":4},"end":{"line":299,"column":51}},"125":{"start":{"line":300,"column":4},"end":{"line":300,"column":78}},"126":{"start":{"line":302,"column":23},"end":{"line":306,"column":5}},"127":{"start":{"line":308,"column":4},"end":{"line":308,"column":63}},"128":{"start":{"line":310,"column":4},"end":{"line":310,"column":48}},"129":{"start":{"line":311,"column":4},"end":{"line":311,"column":42}},"130":{"start":{"line":315,"column":0},"end":{"line":341,"column":2}},"131":{"start":{"line":316,"column":17},"end":{"line":316,"column":32}},"132":{"start":{"line":318,"column":2},"end":{"line":320,"column":3}},"133":{"start":{"line":319,"column":4},"end":{"line":319,"column":55}},"134":{"start":{"line":322,"column":2},"end":{"line":340,"column":3}},"135":{"start":{"line":323,"column":21},"end":{"line":329,"column":5}},"136":{"start":{"line":331,"column":4},"end":{"line":333,"column":5}},"137":{"start":{"line":332,"column":6},"end":{"line":332,"column":77}},"138":{"start":{"line":335,"column":22},"end":{"line":335,"column":35}},"139":{"start":{"line":336,"column":4},"end":{"line":336,"column":28}},"140":{"start":{"line":338,"column":4},"end":{"line":338,"column":63}},"141":{"start":{"line":339,"column":4},"end":{"line":339,"column":56}},"142":{"start":{"line":343,"column":0},"end":{"line":370,"column":2}},"143":{"start":{"line":344,"column":29},"end":{"line":344,"column":37}},"144":{"start":{"line":346,"column":2},"end":{"line":348,"column":3}},"145":{"start":{"line":347,"column":4},"end":{"line":347,"column":55}},"146":{"start":{"line":350,"column":2},"end":{"line":352,"column":3}},"147":{"start":{"line":351,"column":4},"end":{"line":351,"column":52}},"148":{"start":{"line":354,"column":2},"end":{"line":369,"column":3}},"149":{"start":{"line":355,"column":21},"end":{"line":360,"column":5}},"150":{"start":{"line":362,"column":4},"end":{"line":364,"column":5}},"151":{"start":{"line":363,"column":6},"end":{"line":363,"column":69}},"152":{"start":{"line":365,"column":4},"end":{"line":365,"column":54}},"153":{"start":{"line":367,"column":4},"end":{"line":367,"column":55}},"154":{"start":{"line":368,"column":4},"end":{"line":368,"column":48}},"155":{"start":{"line":372,"column":0},"end":{"line":420,"column":2}},"156":{"start":{"line":375,"column":4},"end":{"line":418,"column":5}},"157":{"start":{"line":383,"column":10},"end":{"line":383,"column":18}},"158":{"start":{"line":384,"column":28},"end":{"line":384,"column":44}},"159":{"start":{"line":386,"column":6},"end":{"line":388,"column":7}},"160":{"start":{"line":387,"column":8},"end":{"line":387,"column":77}},"161":{"start":{"line":391,"column":23},"end":{"line":391,"column":37}},"162":{"start":{"line":392,"column":6},"end":{"line":392,"column":40}},"163":{"start":{"line":393,"column":6},"end":{"line":393,"column":40}},"164":{"start":{"line":394,"column":6},"end":{"line":394,"column":58}},"165":{"start":{"line":395,"column":6},"end":{"line":395,"column":44}},"166":{"start":{"line":396,"column":6},"end":{"line":396,"column":48}},"167":{"start":{"line":397,"column":6},"end":{"line":397,"column":50}},"168":{"start":{"line":398,"column":6},"end":{"line":401,"column":9}},"169":{"start":{"line":404,"column":25},"end":{"line":411,"column":7}},"170":{"start":{"line":414,"column":6},"end":{"line":414,"column":58}},"171":{"start":{"line":416,"column":6},"end":{"line":416,"column":56}},"172":{"start":{"line":417,"column":6},"end":{"line":417,"column":50}},"173":{"start":{"line":422,"column":0},"end":{"line":487,"column":2}},"174":{"start":{"line":425,"column":4},"end":{"line":485,"column":5}},"175":{"start":{"line":433,"column":10},"end":{"line":433,"column":18}},"176":{"start":{"line":434,"column":28},"end":{"line":434,"column":44}},"177":{"start":{"line":436,"column":6},"end":{"line":446,"column":7}},"178":{"start":{"line":443,"column":8},"end":{"line":445,"column":80}},"179":{"start":{"line":449,"column":23},"end":{"line":449,"column":37}},"180":{"start":{"line":450,"column":6},"end":{"line":450,"column":40}},"181":{"start":{"line":451,"column":6},"end":{"line":451,"column":40}},"182":{"start":{"line":452,"column":6},"end":{"line":452,"column":58}},"183":{"start":{"line":453,"column":6},"end":{"line":453,"column":44}},"184":{"start":{"line":454,"column":6},"end":{"line":454,"column":48}},"185":{"start":{"line":455,"column":6},"end":{"line":455,"column":50}},"186":{"start":{"line":456,"column":6},"end":{"line":459,"column":9}},"187":{"start":{"line":462,"column":23},"end":{"line":469,"column":7}},"188":{"start":{"line":471,"column":6},"end":{"line":473,"column":7}},"189":{"start":{"line":472,"column":8},"end":{"line":472,"column":73}},"190":{"start":{"line":476,"column":35},"end":{"line":476,"column":48}},"191":{"start":{"line":478,"column":6},"end":{"line":481,"column":9}},"192":{"start":{"line":483,"column":6},"end":{"line":483,"column":64}},"193":{"start":{"line":484,"column":6},"end":{"line":484,"column":58}},"194":{"start":{"line":489,"column":0},"end":{"line":507,"column":2}},"195":{"start":{"line":490,"column":48},"end":{"line":490,"column":56}},"196":{"start":{"line":491,"column":2},"end":{"line":495,"column":3}},"197":{"start":{"line":492,"column":4},"end":{"line":494,"column":76}},"198":{"start":{"line":496,"column":2},"end":{"line":506,"column":3}},"199":{"start":{"line":497,"column":21},"end":{"line":501,"column":5}},"200":{"start":{"line":502,"column":4},"end":{"line":502,"column":52}},"201":{"start":{"line":504,"column":4},"end":{"line":504,"column":56}},"202":{"start":{"line":505,"column":4},"end":{"line":505,"column":53}},"203":{"start":{"line":509,"column":0},"end":{"line":522,"column":2}},"204":{"start":{"line":510,"column":22},"end":{"line":510,"column":30}},"205":{"start":{"line":511,"column":2},"end":{"line":521,"column":3}},"206":{"start":{"line":512,"column":21},"end":{"line":516,"column":5}},"207":{"start":{"line":517,"column":4},"end":{"line":517,"column":52}},"208":{"start":{"line":519,"column":4},"end":{"line":519,"column":56}},"209":{"start":{"line":520,"column":4},"end":{"line":520,"column":53}},"210":{"start":{"line":523,"column":0},"end":{"line":550,"column":2}},"211":{"start":{"line":524,"column":21},"end":{"line":524,"column":29}},"212":{"start":{"line":526,"column":2},"end":{"line":528,"column":3}},"213":{"start":{"line":527,"column":4},"end":{"line":527,"column":50}},"214":{"start":{"line":530,"column":2},"end":{"line":549,"column":3}},"215":{"start":{"line":531,"column":21},"end":{"line":537,"column":5}},"216":{"start":{"line":539,"column":4},"end":{"line":543,"column":5}},"217":{"start":{"line":540,"column":6},"end":{"line":542,"column":52}},"218":{"start":{"line":545,"column":4},"end":{"line":545,"column":40}},"219":{"start":{"line":547,"column":4},"end":{"line":547,"column":70}},"220":{"start":{"line":548,"column":4},"end":{"line":548,"column":63}},"221":{"start":{"line":552,"column":0},"end":{"line":578,"column":2}},"222":{"start":{"line":553,"column":29},"end":{"line":553,"column":37}},"223":{"start":{"line":555,"column":2},"end":{"line":557,"column":3}},"224":{"start":{"line":556,"column":4},"end":{"line":556,"column":60}},"225":{"start":{"line":559,"column":2},"end":{"line":577,"column":3}},"226":{"start":{"line":560,"column":21},"end":{"line":566,"column":5}},"227":{"start":{"line":568,"column":4},"end":{"line":572,"column":5}},"228":{"start":{"line":569,"column":6},"end":{"line":571,"column":56}},"229":{"start":{"line":573,"column":4},"end":{"line":573,"column":40}},"230":{"start":{"line":575,"column":4},"end":{"line":575,"column":74}},"231":{"start":{"line":576,"column":4},"end":{"line":576,"column":67}},"232":{"start":{"line":580,"column":0},"end":{"line":604,"column":2}},"233":{"start":{"line":581,"column":42},"end":{"line":581,"column":50}},"234":{"start":{"line":583,"column":2},"end":{"line":585,"column":3}},"235":{"start":{"line":584,"column":4},"end":{"line":584,"column":73}},"236":{"start":{"line":587,"column":2},"end":{"line":603,"column":3}},"237":{"start":{"line":588,"column":21},"end":{"line":594,"column":5}},"238":{"start":{"line":596,"column":4},"end":{"line":598,"column":5}},"239":{"start":{"line":597,"column":6},"end":{"line":597,"column":76}},"240":{"start":{"line":599,"column":4},"end":{"line":599,"column":62}},"241":{"start":{"line":601,"column":4},"end":{"line":601,"column":62}},"242":{"start":{"line":602,"column":4},"end":{"line":602,"column":55}},"243":{"start":{"line":605,"column":0},"end":{"line":621,"column":2}},"244":{"start":{"line":606,"column":27},"end":{"line":606,"column":35}},"245":{"start":{"line":607,"column":2},"end":{"line":609,"column":3}},"246":{"start":{"line":608,"column":4},"end":{"line":608,"column":75}},"247":{"start":{"line":610,"column":2},"end":{"line":620,"column":3}},"248":{"start":{"line":611,"column":21},"end":{"line":615,"column":5}},"249":{"start":{"line":616,"column":4},"end":{"line":616,"column":52}},"250":{"start":{"line":618,"column":4},"end":{"line":618,"column":50}},"251":{"start":{"line":619,"column":4},"end":{"line":619,"column":59}},"252":{"start":{"line":623,"column":0},"end":{"line":639,"column":2}},"253":{"start":{"line":624,"column":27},"end":{"line":624,"column":35}},"254":{"start":{"line":625,"column":2},"end":{"line":627,"column":3}},"255":{"start":{"line":626,"column":4},"end":{"line":626,"column":75}},"256":{"start":{"line":628,"column":2},"end":{"line":638,"column":3}},"257":{"start":{"line":629,"column":21},"end":{"line":633,"column":5}},"258":{"start":{"line":634,"column":4},"end":{"line":634,"column":52}},"259":{"start":{"line":636,"column":4},"end":{"line":636,"column":53}},"260":{"start":{"line":637,"column":4},"end":{"line":637,"column":62}},"261":{"start":{"line":641,"column":0},"end":{"line":658,"column":2}},"262":{"start":{"line":642,"column":21},"end":{"line":642,"column":29}},"263":{"start":{"line":644,"column":2},"end":{"line":646,"column":3}},"264":{"start":{"line":645,"column":4},"end":{"line":645,"column":50}},"265":{"start":{"line":647,"column":2},"end":{"line":657,"column":3}},"266":{"start":{"line":648,"column":21},"end":{"line":652,"column":5}},"267":{"start":{"line":653,"column":4},"end":{"line":653,"column":52}},"268":{"start":{"line":655,"column":4},"end":{"line":655,"column":51}},"269":{"start":{"line":656,"column":4},"end":{"line":656,"column":61}},"270":{"start":{"line":660,"column":0},"end":{"line":679,"column":2}},"271":{"start":{"line":661,"column":21},"end":{"line":661,"column":29}},"272":{"start":{"line":662,"column":2},"end":{"line":664,"column":3}},"273":{"start":{"line":663,"column":4},"end":{"line":663,"column":50}},"274":{"start":{"line":666,"column":2},"end":{"line":678,"column":3}},"275":{"start":{"line":667,"column":21},"end":{"line":673,"column":5}},"276":{"start":{"line":674,"column":4},"end":{"line":674,"column":52}},"277":{"start":{"line":676,"column":4},"end":{"line":676,"column":53}},"278":{"start":{"line":677,"column":4},"end":{"line":677,"column":55}},"279":{"start":{"line":681,"column":0},"end":{"line":698,"column":2}},"280":{"start":{"line":682,"column":21},"end":{"line":682,"column":29}},"281":{"start":{"line":683,"column":2},"end":{"line":685,"column":3}},"282":{"start":{"line":684,"column":4},"end":{"line":684,"column":50}},"283":{"start":{"line":687,"column":2},"end":{"line":697,"column":3}},"284":{"start":{"line":688,"column":21},"end":{"line":692,"column":5}},"285":{"start":{"line":693,"column":4},"end":{"line":693,"column":52}},"286":{"start":{"line":695,"column":4},"end":{"line":695,"column":49}},"287":{"start":{"line":696,"column":4},"end":{"line":696,"column":43}},"288":{"start":{"line":701,"column":0},"end":{"line":719,"column":2}},"289":{"start":{"line":702,"column":58},"end":{"line":702,"column":66}},"290":{"start":{"line":704,"column":2},"end":{"line":706,"column":3}},"291":{"start":{"line":705,"column":4},"end":{"line":705,"column":64}},"292":{"start":{"line":708,"column":2},"end":{"line":718,"column":3}},"293":{"start":{"line":709,"column":21},"end":{"line":713,"column":5}},"294":{"start":{"line":714,"column":4},"end":{"line":714,"column":52}},"295":{"start":{"line":716,"column":4},"end":{"line":716,"column":55}},"296":{"start":{"line":717,"column":4},"end":{"line":717,"column":52}},"297":{"start":{"line":721,"column":0},"end":{"line":741,"column":2}},"298":{"start":{"line":722,"column":30},"end":{"line":722,"column":38}},"299":{"start":{"line":724,"column":2},"end":{"line":726,"column":3}},"300":{"start":{"line":725,"column":4},"end":{"line":725,"column":61}},"301":{"start":{"line":728,"column":2},"end":{"line":740,"column":3}},"302":{"start":{"line":729,"column":21},"end":{"line":735,"column":5}},"303":{"start":{"line":736,"column":4},"end":{"line":736,"column":52}},"304":{"start":{"line":738,"column":4},"end":{"line":738,"column":58}},"305":{"start":{"line":739,"column":4},"end":{"line":739,"column":55}},"306":{"start":{"line":743,"column":0},"end":{"line":763,"column":2}},"307":{"start":{"line":744,"column":34},"end":{"line":744,"column":42}},"308":{"start":{"line":746,"column":2},"end":{"line":748,"column":3}},"309":{"start":{"line":747,"column":4},"end":{"line":747,"column":65}},"310":{"start":{"line":750,"column":2},"end":{"line":762,"column":3}},"311":{"start":{"line":751,"column":21},"end":{"line":757,"column":5}},"312":{"start":{"line":758,"column":4},"end":{"line":758,"column":52}},"313":{"start":{"line":760,"column":4},"end":{"line":760,"column":57}},"314":{"start":{"line":761,"column":4},"end":{"line":761,"column":66}}},"fnMap":{"0":{"name":"(anonymous_0)","decl":{"start":{"line":12,"column":23},"end":{"line":12,"column":24}},"loc":{"start":{"line":12,"column":43},"end":{"line":74,"column":1}},"line":12},"1":{"name":"(anonymous_1)","decl":{"start":{"line":60,"column":30},"end":{"line":60,"column":31}},"loc":{"start":{"line":60,"column":39},"end":{"line":63,"column":5}},"line":60},"2":{"name":"(anonymous_2)","decl":{"start":{"line":66,"column":28},"end":{"line":66,"column":29}},"loc":{"start":{"line":66,"column":34},"end":{"line":68,"column":5}},"line":66},"3":{"name":"(anonymous_3)","decl":{"start":{"line":76,"column":27},"end":{"line":76,"column":28}},"loc":{"start":{"line":76,"column":47},"end":{"line":121,"column":1}},"line":76},"4":{"name":"(anonymous_4)","decl":{"start":{"line":104,"column":28},"end":{"line":104,"column":29}},"loc":{"start":{"line":104,"column":34},"end":{"line":106,"column":5}},"line":104},"5":{"name":"(anonymous_5)","decl":{"start":{"line":108,"column":30},"end":{"line":108,"column":31}},"loc":{"start":{"line":108,"column":39},"end":{"line":111,"column":5}},"line":108},"6":{"name":"(anonymous_6)","decl":{"start":{"line":123,"column":27},"end":{"line":123,"column":28}},"loc":{"start":{"line":123,"column":47},"end":{"line":174,"column":1}},"line":123},"7":{"name":"(anonymous_7)","decl":{"start":{"line":157,"column":28},"end":{"line":157,"column":29}},"loc":{"start":{"line":157,"column":34},"end":{"line":159,"column":5}},"line":157},"8":{"name":"(anonymous_8)","decl":{"start":{"line":161,"column":30},"end":{"line":161,"column":31}},"loc":{"start":{"line":161,"column":39},"end":{"line":164,"column":5}},"line":161},"9":{"name":"(anonymous_9)","decl":{"start":{"line":176,"column":22},"end":{"line":176,"column":23}},"loc":{"start":{"line":176,"column":42},"end":{"line":202,"column":1}},"line":176},"10":{"name":"(anonymous_10)","decl":{"start":{"line":204,"column":22},"end":{"line":204,"column":23}},"loc":{"start":{"line":204,"column":42},"end":{"line":248,"column":1}},"line":204},"11":{"name":"(anonymous_11)","decl":{"start":{"line":250,"column":22},"end":{"line":250,"column":23}},"loc":{"start":{"line":250,"column":42},"end":{"line":313,"column":1}},"line":250},"12":{"name":"(anonymous_12)","decl":{"start":{"line":315,"column":27},"end":{"line":315,"column":28}},"loc":{"start":{"line":315,"column":47},"end":{"line":341,"column":1}},"line":315},"13":{"name":"(anonymous_13)","decl":{"start":{"line":343,"column":21},"end":{"line":343,"column":22}},"loc":{"start":{"line":343,"column":41},"end":{"line":370,"column":1}},"line":343},"14":{"name":"(anonymous_14)","decl":{"start":{"line":374,"column":2},"end":{"line":374,"column":3}},"loc":{"start":{"line":374,"column":22},"end":{"line":419,"column":3}},"line":374},"15":{"name":"(anonymous_15)","decl":{"start":{"line":424,"column":2},"end":{"line":424,"column":3}},"loc":{"start":{"line":424,"column":22},"end":{"line":486,"column":3}},"line":424},"16":{"name":"(anonymous_16)","decl":{"start":{"line":489,"column":23},"end":{"line":489,"column":24}},"loc":{"start":{"line":489,"column":43},"end":{"line":507,"column":1}},"line":489},"17":{"name":"(anonymous_17)","decl":{"start":{"line":509,"column":23},"end":{"line":509,"column":24}},"loc":{"start":{"line":509,"column":43},"end":{"line":522,"column":1}},"line":509},"18":{"name":"(anonymous_18)","decl":{"start":{"line":523,"column":29},"end":{"line":523,"column":30}},"loc":{"start":{"line":523,"column":49},"end":{"line":550,"column":1}},"line":523},"19":{"name":"(anonymous_19)","decl":{"start":{"line":552,"column":32},"end":{"line":552,"column":33}},"loc":{"start":{"line":552,"column":52},"end":{"line":578,"column":1}},"line":552},"20":{"name":"(anonymous_20)","decl":{"start":{"line":580,"column":27},"end":{"line":580,"column":28}},"loc":{"start":{"line":580,"column":47},"end":{"line":604,"column":1}},"line":580},"21":{"name":"(anonymous_21)","decl":{"start":{"line":605,"column":18},"end":{"line":605,"column":19}},"loc":{"start":{"line":605,"column":38},"end":{"line":621,"column":1}},"line":605},"22":{"name":"(anonymous_22)","decl":{"start":{"line":623,"column":25},"end":{"line":623,"column":26}},"loc":{"start":{"line":623,"column":45},"end":{"line":639,"column":1}},"line":623},"23":{"name":"(anonymous_23)","decl":{"start":{"line":641,"column":25},"end":{"line":641,"column":26}},"loc":{"start":{"line":641,"column":45},"end":{"line":658,"column":1}},"line":641},"24":{"name":"(anonymous_24)","decl":{"start":{"line":660,"column":25},"end":{"line":660,"column":26}},"loc":{"start":{"line":660,"column":45},"end":{"line":679,"column":1}},"line":660},"25":{"name":"(anonymous_25)","decl":{"start":{"line":681,"column":22},"end":{"line":681,"column":23}},"loc":{"start":{"line":681,"column":42},"end":{"line":698,"column":1}},"line":681},"26":{"name":"(anonymous_26)","decl":{"start":{"line":701,"column":23},"end":{"line":701,"column":24}},"loc":{"start":{"line":701,"column":43},"end":{"line":719,"column":1}},"line":701},"27":{"name":"(anonymous_27)","decl":{"start":{"line":721,"column":25},"end":{"line":721,"column":26}},"loc":{"start":{"line":721,"column":45},"end":{"line":741,"column":1}},"line":721},"28":{"name":"(anonymous_28)","decl":{"start":{"line":743,"column":25},"end":{"line":743,"column":26}},"loc":{"start":{"line":743,"column":45},"end":{"line":763,"column":1}},"line":743}},"branchMap":{"0":{"loc":{"start":{"line":15,"column":2},"end":{"line":17,"column":3}},"type":"if","locations":[{"start":{"line":15,"column":2},"end":{"line":17,"column":3}},{"start":{},"end":{}}],"line":15},"1":{"loc":{"start":{"line":15,"column":6},"end":{"line":15,"column":24}},"type":"binary-expr","locations":[{"start":{"line":15,"column":6},"end":{"line":15,"column":13}},{"start":{"line":15,"column":17},"end":{"line":15,"column":24}}],"line":15},"2":{"loc":{"start":{"line":24,"column":8},"end":{"line":24,"column":63}},"type":"binary-expr","locations":[{"start":{"line":24,"column":8},"end":{"line":24,"column":36}},{"start":{"line":24,"column":40},"end":{"line":24,"column":63}}],"line":24},"3":{"loc":{"start":{"line":37,"column":4},"end":{"line":40,"column":5}},"type":"if","locations":[{"start":{"line":37,"column":4},"end":{"line":40,"column":5}},{"start":{},"end":{}}],"line":37},"4":{"loc":{"start":{"line":37,"column":8},"end":{"line":37,"column":27}},"type":"binary-expr","locations":[{"start":{"line":37,"column":8},"end":{"line":37,"column":17}},{"start":{"line":37,"column":21},"end":{"line":37,"column":27}}],"line":37},"5":{"loc":{"start":{"line":79,"column":2},"end":{"line":81,"column":3}},"type":"if","locations":[{"start":{"line":79,"column":2},"end":{"line":81,"column":3}},{"start":{},"end":{}}],"line":79},"6":{"loc":{"start":{"line":87,"column":14},"end":{"line":87,"column":69}},"type":"binary-expr","locations":[{"start":{"line":87,"column":14},"end":{"line":87,"column":42}},{"start":{"line":87,"column":46},"end":{"line":87,"column":69}}],"line":87},"7":{"loc":{"start":{"line":115,"column":4},"end":{"line":119,"column":5}},"type":"if","locations":[{"start":{"line":115,"column":4},"end":{"line":119,"column":5}},{"start":{"line":117,"column":11},"end":{"line":119,"column":5}}],"line":115},"8":{"loc":{"start":{"line":126,"column":2},"end":{"line":128,"column":3}},"type":"if","locations":[{"start":{"line":126,"column":2},"end":{"line":128,"column":3}},{"start":{},"end":{}}],"line":126},"9":{"loc":{"start":{"line":126,"column":6},"end":{"line":126,"column":24}},"type":"binary-expr","locations":[{"start":{"line":126,"column":6},"end":{"line":126,"column":13}},{"start":{"line":126,"column":17},"end":{"line":126,"column":24}}],"line":126},"10":{"loc":{"start":{"line":133,"column":14},"end":{"line":133,"column":69}},"type":"binary-expr","locations":[{"start":{"line":133,"column":14},"end":{"line":133,"column":42}},{"start":{"line":133,"column":46},"end":{"line":133,"column":69}}],"line":133},"11":{"loc":{"start":{"line":139,"column":21},"end":{"line":139,"column":62}},"type":"binary-expr","locations":[{"start":{"line":139,"column":21},"end":{"line":139,"column":52}},{"start":{"line":139,"column":56},"end":{"line":139,"column":62}}],"line":139},"12":{"loc":{"start":{"line":140,"column":25},"end":{"line":140,"column":64}},"type":"binary-expr","locations":[{"start":{"line":140,"column":25},"end":{"line":140,"column":54}},{"start":{"line":140,"column":58},"end":{"line":140,"column":64}}],"line":140},"13":{"loc":{"start":{"line":141,"column":26},"end":{"line":141,"column":62}},"type":"binary-expr","locations":[{"start":{"line":141,"column":26},"end":{"line":141,"column":56}},{"start":{"line":141,"column":60},"end":{"line":141,"column":62}}],"line":141},"14":{"loc":{"start":{"line":169,"column":4},"end":{"line":171,"column":5}},"type":"if","locations":[{"start":{"line":169,"column":4},"end":{"line":171,"column":5}},{"start":{},"end":{}}],"line":169},"15":{"loc":{"start":{"line":169,"column":8},"end":{"line":169,"column":51}},"type":"binary-expr","locations":[{"start":{"line":169,"column":8},"end":{"line":169,"column":20}},{"start":{"line":169,"column":24},"end":{"line":169,"column":51}}],"line":169},"16":{"loc":{"start":{"line":180,"column":2},"end":{"line":182,"column":3}},"type":"if","locations":[{"start":{"line":180,"column":2},"end":{"line":182,"column":3}},{"start":{},"end":{}}],"line":180},"17":{"loc":{"start":{"line":186,"column":9},"end":{"line":186,"column":64}},"type":"binary-expr","locations":[{"start":{"line":186,"column":9},"end":{"line":186,"column":37}},{"start":{"line":186,"column":41},"end":{"line":186,"column":64}}],"line":186},"18":{"loc":{"start":{"line":191,"column":4},"end":{"line":193,"column":5}},"type":"if","locations":[{"start":{"line":191,"column":4},"end":{"line":193,"column":5}},{"start":{},"end":{}}],"line":191},"19":{"loc":{"start":{"line":218,"column":4},"end":{"line":220,"column":5}},"type":"if","locations":[{"start":{"line":218,"column":4},"end":{"line":220,"column":5}},{"start":{},"end":{}}],"line":218},"20":{"loc":{"start":{"line":218,"column":8},"end":{"line":218,"column":28}},"type":"binary-expr","locations":[{"start":{"line":218,"column":8},"end":{"line":218,"column":17}},{"start":{"line":218,"column":21},"end":{"line":218,"column":28}}],"line":218},"21":{"loc":{"start":{"line":223,"column":4},"end":{"line":227,"column":5}},"type":"if","locations":[{"start":{"line":223,"column":4},"end":{"line":227,"column":5}},{"start":{"line":225,"column":11},"end":{"line":227,"column":5}}],"line":223},"22":{"loc":{"start":{"line":225,"column":11},"end":{"line":227,"column":5}},"type":"if","locations":[{"start":{"line":225,"column":11},"end":{"line":227,"column":5}},{"start":{},"end":{}}],"line":225},"23":{"loc":{"start":{"line":225,"column":15},"end":{"line":225,"column":69}},"type":"binary-expr","locations":[{"start":{"line":225,"column":15},"end":{"line":225,"column":43}},{"start":{"line":225,"column":47},"end":{"line":225,"column":69}}],"line":225},"24":{"loc":{"start":{"line":230,"column":9},"end":{"line":230,"column":64}},"type":"binary-expr","locations":[{"start":{"line":230,"column":9},"end":{"line":230,"column":37}},{"start":{"line":230,"column":41},"end":{"line":230,"column":64}}],"line":230},"25":{"loc":{"start":{"line":233,"column":18},"end":{"line":233,"column":32}},"type":"binary-expr","locations":[{"start":{"line":233,"column":18},"end":{"line":233,"column":26}},{"start":{"line":233,"column":30},"end":{"line":233,"column":32}}],"line":233},"26":{"loc":{"start":{"line":236,"column":25},"end":{"line":236,"column":46}},"type":"binary-expr","locations":[{"start":{"line":236,"column":25},"end":{"line":236,"column":40}},{"start":{"line":236,"column":44},"end":{"line":236,"column":46}}],"line":236},"27":{"loc":{"start":{"line":238,"column":14},"end":{"line":238,"column":35}},"type":"binary-expr","locations":[{"start":{"line":238,"column":14},"end":{"line":238,"column":24}},{"start":{"line":238,"column":28},"end":{"line":238,"column":35}}],"line":238},"28":{"loc":{"start":{"line":266,"column":4},"end":{"line":268,"column":5}},"type":"if","locations":[{"start":{"line":266,"column":4},"end":{"line":268,"column":5}},{"start":{},"end":{}}],"line":266},"29":{"loc":{"start":{"line":266,"column":8},"end":{"line":266,"column":38}},"type":"binary-expr","locations":[{"start":{"line":266,"column":8},"end":{"line":266,"column":17}},{"start":{"line":266,"column":21},"end":{"line":266,"column":38}}],"line":266},"30":{"loc":{"start":{"line":270,"column":4},"end":{"line":272,"column":5}},"type":"if","locations":[{"start":{"line":270,"column":4},"end":{"line":272,"column":5}},{"start":{},"end":{}}],"line":270},"31":{"loc":{"start":{"line":270,"column":8},"end":{"line":270,"column":49}},"type":"binary-expr","locations":[{"start":{"line":270,"column":8},"end":{"line":270,"column":15}},{"start":{"line":270,"column":19},"end":{"line":270,"column":25}},{"start":{"line":270,"column":29},"end":{"line":270,"column":38}},{"start":{"line":270,"column":42},"end":{"line":270,"column":49}}],"line":270},"32":{"loc":{"start":{"line":275,"column":4},"end":{"line":286,"column":5}},"type":"if","locations":[{"start":{"line":275,"column":4},"end":{"line":286,"column":5}},{"start":{},"end":{}}],"line":275},"33":{"loc":{"start":{"line":276,"column":6},"end":{"line":285,"column":7}},"type":"if","locations":[{"start":{"line":276,"column":6},"end":{"line":285,"column":7}},{"start":{"line":283,"column":13},"end":{"line":285,"column":7}}],"line":276},"34":{"loc":{"start":{"line":283,"column":13},"end":{"line":285,"column":7}},"type":"if","locations":[{"start":{"line":283,"column":13},"end":{"line":285,"column":7}},{"start":{},"end":{}}],"line":283},"35":{"loc":{"start":{"line":291,"column":32},"end":{"line":291,"column":70}},"type":"binary-expr","locations":[{"start":{"line":291,"column":32},"end":{"line":291,"column":40}},{"start":{"line":291,"column":44},"end":{"line":291,"column":70}}],"line":291},"36":{"loc":{"start":{"line":295,"column":39},"end":{"line":295,"column":60}},"type":"binary-expr","locations":[{"start":{"line":295,"column":39},"end":{"line":295,"column":54}},{"start":{"line":295,"column":58},"end":{"line":295,"column":60}}],"line":295},"37":{"loc":{"start":{"line":299,"column":28},"end":{"line":299,"column":49}},"type":"binary-expr","locations":[{"start":{"line":299,"column":28},"end":{"line":299,"column":38}},{"start":{"line":299,"column":42},"end":{"line":299,"column":49}}],"line":299},"38":{"loc":{"start":{"line":303,"column":9},"end":{"line":303,"column":64}},"type":"binary-expr","locations":[{"start":{"line":303,"column":9},"end":{"line":303,"column":37}},{"start":{"line":303,"column":41},"end":{"line":303,"column":64}}],"line":303},"39":{"loc":{"start":{"line":318,"column":2},"end":{"line":320,"column":3}},"type":"if","locations":[{"start":{"line":318,"column":2},"end":{"line":320,"column":3}},{"start":{},"end":{}}],"line":318},"40":{"loc":{"start":{"line":325,"column":8},"end":{"line":325,"column":63}},"type":"binary-expr","locations":[{"start":{"line":325,"column":8},"end":{"line":325,"column":36}},{"start":{"line":325,"column":40},"end":{"line":325,"column":63}}],"line":325},"41":{"loc":{"start":{"line":331,"column":4},"end":{"line":333,"column":5}},"type":"if","locations":[{"start":{"line":331,"column":4},"end":{"line":333,"column":5}},{"start":{},"end":{}}],"line":331},"42":{"loc":{"start":{"line":346,"column":2},"end":{"line":348,"column":3}},"type":"if","locations":[{"start":{"line":346,"column":2},"end":{"line":348,"column":3}},{"start":{},"end":{}}],"line":346},"43":{"loc":{"start":{"line":350,"column":2},"end":{"line":352,"column":3}},"type":"if","locations":[{"start":{"line":350,"column":2},"end":{"line":352,"column":3}},{"start":{},"end":{}}],"line":350},"44":{"loc":{"start":{"line":356,"column":9},"end":{"line":356,"column":64}},"type":"binary-expr","locations":[{"start":{"line":356,"column":9},"end":{"line":356,"column":37}},{"start":{"line":356,"column":41},"end":{"line":356,"column":64}}],"line":356},"45":{"loc":{"start":{"line":362,"column":4},"end":{"line":364,"column":5}},"type":"if","locations":[{"start":{"line":362,"column":4},"end":{"line":364,"column":5}},{"start":{},"end":{}}],"line":362},"46":{"loc":{"start":{"line":386,"column":6},"end":{"line":388,"column":7}},"type":"if","locations":[{"start":{"line":386,"column":6},"end":{"line":388,"column":7}},{"start":{},"end":{}}],"line":386},"47":{"loc":{"start":{"line":386,"column":10},"end":{"line":386,"column":79}},"type":"binary-expr","locations":[{"start":{"line":386,"column":10},"end":{"line":386,"column":17}},{"start":{"line":386,"column":21},"end":{"line":386,"column":28}},{"start":{"line":386,"column":32},"end":{"line":386,"column":48}},{"start":{"line":386,"column":52},"end":{"line":386,"column":61}},{"start":{"line":386,"column":65},"end":{"line":386,"column":79}}],"line":386},"48":{"loc":{"start":{"line":405,"column":11},"end":{"line":405,"column":66}},"type":"binary-expr","locations":[{"start":{"line":405,"column":11},"end":{"line":405,"column":39}},{"start":{"line":405,"column":43},"end":{"line":405,"column":66}}],"line":405},"49":{"loc":{"start":{"line":436,"column":6},"end":{"line":446,"column":7}},"type":"if","locations":[{"start":{"line":436,"column":6},"end":{"line":446,"column":7}},{"start":{},"end":{}}],"line":436},"50":{"loc":{"start":{"line":437,"column":8},"end":{"line":441,"column":22}},"type":"binary-expr","locations":[{"start":{"line":437,"column":8},"end":{"line":437,"column":15}},{"start":{"line":438,"column":8},"end":{"line":438,"column":15}},{"start":{"line":439,"column":8},"end":{"line":439,"column":24}},{"start":{"line":440,"column":8},"end":{"line":440,"column":17}},{"start":{"line":441,"column":8},"end":{"line":441,"column":22}}],"line":437},"51":{"loc":{"start":{"line":463,"column":11},"end":{"line":463,"column":66}},"type":"binary-expr","locations":[{"start":{"line":463,"column":11},"end":{"line":463,"column":39}},{"start":{"line":463,"column":43},"end":{"line":463,"column":66}}],"line":463},"52":{"loc":{"start":{"line":471,"column":6},"end":{"line":473,"column":7}},"type":"if","locations":[{"start":{"line":471,"column":6},"end":{"line":473,"column":7}},{"start":{},"end":{}}],"line":471},"53":{"loc":{"start":{"line":479,"column":17},"end":{"line":479,"column":73}},"type":"binary-expr","locations":[{"start":{"line":479,"column":17},"end":{"line":479,"column":24}},{"start":{"line":479,"column":28},"end":{"line":479,"column":73}}],"line":479},"54":{"loc":{"start":{"line":491,"column":2},"end":{"line":495,"column":3}},"type":"if","locations":[{"start":{"line":491,"column":2},"end":{"line":495,"column":3}},{"start":{},"end":{}}],"line":491},"55":{"loc":{"start":{"line":491,"column":6},"end":{"line":491,"column":49}},"type":"binary-expr","locations":[{"start":{"line":491,"column":6},"end":{"line":491,"column":14}},{"start":{"line":491,"column":18},"end":{"line":491,"column":26}},{"start":{"line":491,"column":30},"end":{"line":491,"column":37}},{"start":{"line":491,"column":41},"end":{"line":491,"column":49}}],"line":491},"56":{"loc":{"start":{"line":498,"column":9},"end":{"line":498,"column":64}},"type":"binary-expr","locations":[{"start":{"line":498,"column":9},"end":{"line":498,"column":37}},{"start":{"line":498,"column":41},"end":{"line":498,"column":64}}],"line":498},"57":{"loc":{"start":{"line":513,"column":9},"end":{"line":513,"column":64}},"type":"binary-expr","locations":[{"start":{"line":513,"column":9},"end":{"line":513,"column":37}},{"start":{"line":513,"column":41},"end":{"line":513,"column":64}}],"line":513},"58":{"loc":{"start":{"line":514,"column":6},"end":{"line":514,"column":32}},"type":"cond-expr","locations":[{"start":{"line":514,"column":16},"end":{"line":514,"column":27}},{"start":{"line":514,"column":30},"end":{"line":514,"column":32}}],"line":514},"59":{"loc":{"start":{"line":526,"column":2},"end":{"line":528,"column":3}},"type":"if","locations":[{"start":{"line":526,"column":2},"end":{"line":528,"column":3}},{"start":{},"end":{}}],"line":526},"60":{"loc":{"start":{"line":533,"column":8},"end":{"line":533,"column":63}},"type":"binary-expr","locations":[{"start":{"line":533,"column":8},"end":{"line":533,"column":36}},{"start":{"line":533,"column":40},"end":{"line":533,"column":63}}],"line":533},"61":{"loc":{"start":{"line":539,"column":4},"end":{"line":543,"column":5}},"type":"if","locations":[{"start":{"line":539,"column":4},"end":{"line":543,"column":5}},{"start":{},"end":{}}],"line":539},"62":{"loc":{"start":{"line":555,"column":2},"end":{"line":557,"column":3}},"type":"if","locations":[{"start":{"line":555,"column":2},"end":{"line":557,"column":3}},{"start":{},"end":{}}],"line":555},"63":{"loc":{"start":{"line":555,"column":6},"end":{"line":555,"column":24}},"type":"binary-expr","locations":[{"start":{"line":555,"column":6},"end":{"line":555,"column":13}},{"start":{"line":555,"column":17},"end":{"line":555,"column":24}}],"line":555},"64":{"loc":{"start":{"line":562,"column":8},"end":{"line":562,"column":63}},"type":"binary-expr","locations":[{"start":{"line":562,"column":8},"end":{"line":562,"column":36}},{"start":{"line":562,"column":40},"end":{"line":562,"column":63}}],"line":562},"65":{"loc":{"start":{"line":568,"column":4},"end":{"line":572,"column":5}},"type":"if","locations":[{"start":{"line":568,"column":4},"end":{"line":572,"column":5}},{"start":{},"end":{}}],"line":568},"66":{"loc":{"start":{"line":583,"column":2},"end":{"line":585,"column":3}},"type":"if","locations":[{"start":{"line":583,"column":2},"end":{"line":585,"column":3}},{"start":{},"end":{}}],"line":583},"67":{"loc":{"start":{"line":583,"column":6},"end":{"line":583,"column":40}},"type":"binary-expr","locations":[{"start":{"line":583,"column":6},"end":{"line":583,"column":13}},{"start":{"line":583,"column":17},"end":{"line":583,"column":24}},{"start":{"line":583,"column":28},"end":{"line":583,"column":40}}],"line":583},"68":{"loc":{"start":{"line":590,"column":8},"end":{"line":590,"column":63}},"type":"binary-expr","locations":[{"start":{"line":590,"column":8},"end":{"line":590,"column":36}},{"start":{"line":590,"column":40},"end":{"line":590,"column":63}}],"line":590},"69":{"loc":{"start":{"line":596,"column":4},"end":{"line":598,"column":5}},"type":"if","locations":[{"start":{"line":596,"column":4},"end":{"line":598,"column":5}},{"start":{},"end":{}}],"line":596},"70":{"loc":{"start":{"line":607,"column":2},"end":{"line":609,"column":3}},"type":"if","locations":[{"start":{"line":607,"column":2},"end":{"line":609,"column":3}},{"start":{},"end":{}}],"line":607},"71":{"loc":{"start":{"line":607,"column":6},"end":{"line":607,"column":22}},"type":"binary-expr","locations":[{"start":{"line":607,"column":6},"end":{"line":607,"column":13}},{"start":{"line":607,"column":17},"end":{"line":607,"column":22}}],"line":607},"72":{"loc":{"start":{"line":612,"column":9},"end":{"line":612,"column":64}},"type":"binary-expr","locations":[{"start":{"line":612,"column":9},"end":{"line":612,"column":37}},{"start":{"line":612,"column":41},"end":{"line":612,"column":64}}],"line":612},"73":{"loc":{"start":{"line":625,"column":2},"end":{"line":627,"column":3}},"type":"if","locations":[{"start":{"line":625,"column":2},"end":{"line":627,"column":3}},{"start":{},"end":{}}],"line":625},"74":{"loc":{"start":{"line":625,"column":6},"end":{"line":625,"column":22}},"type":"binary-expr","locations":[{"start":{"line":625,"column":6},"end":{"line":625,"column":13}},{"start":{"line":625,"column":17},"end":{"line":625,"column":22}}],"line":625},"75":{"loc":{"start":{"line":630,"column":9},"end":{"line":630,"column":64}},"type":"binary-expr","locations":[{"start":{"line":630,"column":9},"end":{"line":630,"column":37}},{"start":{"line":630,"column":41},"end":{"line":630,"column":64}}],"line":630},"76":{"loc":{"start":{"line":644,"column":2},"end":{"line":646,"column":3}},"type":"if","locations":[{"start":{"line":644,"column":2},"end":{"line":646,"column":3}},{"start":{},"end":{}}],"line":644},"77":{"loc":{"start":{"line":649,"column":9},"end":{"line":649,"column":64}},"type":"binary-expr","locations":[{"start":{"line":649,"column":9},"end":{"line":649,"column":37}},{"start":{"line":649,"column":41},"end":{"line":649,"column":64}}],"line":649},"78":{"loc":{"start":{"line":662,"column":2},"end":{"line":664,"column":3}},"type":"if","locations":[{"start":{"line":662,"column":2},"end":{"line":664,"column":3}},{"start":{},"end":{}}],"line":662},"79":{"loc":{"start":{"line":669,"column":8},"end":{"line":669,"column":63}},"type":"binary-expr","locations":[{"start":{"line":669,"column":8},"end":{"line":669,"column":36}},{"start":{"line":669,"column":40},"end":{"line":669,"column":63}}],"line":669},"80":{"loc":{"start":{"line":683,"column":2},"end":{"line":685,"column":3}},"type":"if","locations":[{"start":{"line":683,"column":2},"end":{"line":685,"column":3}},{"start":{},"end":{}}],"line":683},"81":{"loc":{"start":{"line":689,"column":9},"end":{"line":689,"column":64}},"type":"binary-expr","locations":[{"start":{"line":689,"column":9},"end":{"line":689,"column":37}},{"start":{"line":689,"column":41},"end":{"line":689,"column":64}}],"line":689},"82":{"loc":{"start":{"line":704,"column":2},"end":{"line":706,"column":3}},"type":"if","locations":[{"start":{"line":704,"column":2},"end":{"line":706,"column":3}},{"start":{},"end":{}}],"line":704},"83":{"loc":{"start":{"line":704,"column":6},"end":{"line":704,"column":28}},"type":"binary-expr","locations":[{"start":{"line":704,"column":6},"end":{"line":704,"column":13}},{"start":{"line":704,"column":17},"end":{"line":704,"column":28}}],"line":704},"84":{"loc":{"start":{"line":710,"column":9},"end":{"line":710,"column":64}},"type":"binary-expr","locations":[{"start":{"line":710,"column":9},"end":{"line":710,"column":37}},{"start":{"line":710,"column":41},"end":{"line":710,"column":64}}],"line":710},"85":{"loc":{"start":{"line":724,"column":2},"end":{"line":726,"column":3}},"type":"if","locations":[{"start":{"line":724,"column":2},"end":{"line":726,"column":3}},{"start":{},"end":{}}],"line":724},"86":{"loc":{"start":{"line":724,"column":6},"end":{"line":724,"column":25}},"type":"binary-expr","locations":[{"start":{"line":724,"column":6},"end":{"line":724,"column":13}},{"start":{"line":724,"column":17},"end":{"line":724,"column":25}}],"line":724},"87":{"loc":{"start":{"line":731,"column":8},"end":{"line":731,"column":63}},"type":"binary-expr","locations":[{"start":{"line":731,"column":8},"end":{"line":731,"column":36}},{"start":{"line":731,"column":40},"end":{"line":731,"column":63}}],"line":731},"88":{"loc":{"start":{"line":746,"column":2},"end":{"line":748,"column":3}},"type":"if","locations":[{"start":{"line":746,"column":2},"end":{"line":748,"column":3}},{"start":{},"end":{}}],"line":746},"89":{"loc":{"start":{"line":746,"column":6},"end":{"line":746,"column":29}},"type":"binary-expr","locations":[{"start":{"line":746,"column":6},"end":{"line":746,"column":13}},{"start":{"line":746,"column":17},"end":{"line":746,"column":29}}],"line":746},"90":{"loc":{"start":{"line":753,"column":8},"end":{"line":753,"column":63}},"type":"binary-expr","locations":[{"start":{"line":753,"column":8},"end":{"line":753,"column":36}},{"start":{"line":753,"column":40},"end":{"line":753,"column":63}}],"line":753}},"s":{"0":1,"1":1,"2":1,"3":1,"4":1,"5":1,"6":1,"7":1,"8":5,"9":5,"10":1,"11":4,"12":4,"13":3,"14":3,"15":3,"16":3,"17":3,"18":1,"19":1,"20":2,"21":2,"22":2,"23":2,"24":1,"25":1,"26":2,"27":1,"28":1,"29":1,"30":1,"31":4,"32":4,"33":1,"34":3,"35":3,"36":2,"37":2,"38":2,"39":1,"40":2,"41":1,"42":1,"43":1,"44":1,"45":1,"46":0,"47":1,"48":2,"49":2,"50":1,"51":1,"52":1,"53":1,"54":1,"55":1,"56":1,"57":1,"58":1,"59":1,"60":1,"61":1,"62":0,"63":0,"64":0,"65":0,"66":0,"67":0,"68":1,"69":4,"70":4,"71":4,"72":1,"73":3,"74":3,"75":2,"76":1,"77":1,"78":1,"79":1,"80":1,"81":1,"82":1,"83":3,"84":3,"85":3,"86":3,"87":1,"88":2,"89":2,"90":1,"91":1,"92":0,"93":2,"94":1,"95":1,"96":1,"97":1,"98":4,"99":4,"100":4,"101":1,"102":3,"103":1,"104":2,"105":2,"106":0,"107":0,"108":0,"109":0,"110":0,"111":0,"112":0,"113":2,"114":2,"115":2,"116":2,"117":2,"118":2,"119":2,"120":2,"121":2,"122":2,"123":2,"124":2,"125":2,"126":2,"127":1,"128":1,"129":1,"130":1,"131":3,"132":3,"133":1,"134":2,"135":2,"136":1,"137":0,"138":1,"139":1,"140":1,"141":1,"142":1,"143":4,"144":4,"145":1,"146":3,"147":1,"148":2,"149":2,"150":1,"151":0,"152":1,"153":1,"154":1,"155":1,"156":3,"157":3,"158":3,"159":3,"160":1,"161":2,"162":2,"163":2,"164":2,"165":2,"166":2,"167":2,"168":2,"169":2,"170":1,"171":1,"172":1,"173":1,"174":3,"175":3,"176":3,"177":3,"178":1,"179":2,"180":2,"181":2,"182":2,"183":2,"184":2,"185":2,"186":2,"187":2,"188":1,"189":0,"190":1,"191":1,"192":1,"193":1,"194":1,"195":3,"196":3,"197":1,"198":2,"199":2,"200":1,"201":1,"202":1,"203":1,"204":3,"205":3,"206":3,"207":2,"208":1,"209":1,"210":1,"211":3,"212":3,"213":1,"214":2,"215":2,"216":1,"217":0,"218":1,"219":1,"220":1,"221":1,"222":3,"223":3,"224":1,"225":2,"226":2,"227":1,"228":0,"229":1,"230":1,"231":1,"232":1,"233":3,"234":3,"235":1,"236":2,"237":2,"238":1,"239":0,"240":1,"241":1,"242":1,"243":1,"244":3,"245":3,"246":1,"247":2,"248":2,"249":1,"250":1,"251":1,"252":1,"253":3,"254":3,"255":1,"256":2,"257":2,"258":1,"259":1,"260":1,"261":1,"262":3,"263":3,"264":1,"265":2,"266":2,"267":1,"268":1,"269":1,"270":1,"271":3,"272":3,"273":1,"274":2,"275":2,"276":1,"277":1,"278":1,"279":1,"280":3,"281":3,"282":1,"283":2,"284":2,"285":1,"286":1,"287":1,"288":1,"289":3,"290":3,"291":1,"292":2,"293":2,"294":1,"295":1,"296":1,"297":1,"298":3,"299":3,"300":1,"301":2,"302":2,"303":1,"304":1,"305":1,"306":1,"307":3,"308":3,"309":1,"310":2,"311":2,"312":1,"313":1,"314":1},"f":{"0":5,"1":1,"2":1,"3":4,"4":1,"5":1,"6":2,"7":1,"8":0,"9":4,"10":3,"11":4,"12":3,"13":4,"14":3,"15":3,"16":3,"17":3,"18":3,"19":3,"20":3,"21":3,"22":3,"23":3,"24":3,"25":3,"26":3,"27":3,"28":3},"b":{"0":[1,4],"1":[5,5],"2":[4,4],"3":[1,2],"4":[3,2],"5":[1,3],"6":[3,3],"7":[1,0],"8":[1,1],"9":[2,1],"10":[1,1],"11":[1,0],"12":[1,0],"13":[1,0],"14":[0,0],"15":[0,0],"16":[1,3],"17":[3,3],"18":[1,1],"19":[1,2],"20":[3,2],"21":[1,1],"22":[0,1],"23":[1,0],"24":[2,2],"25":[2,2],"26":[2,2],"27":[2,2],"28":[1,3],"29":[4,3],"30":[1,2],"31":[3,2,2,2],"32":[0,2],"33":[0,0],"34":[0,0],"35":[2,2],"36":[2,2],"37":[2,2],"38":[2,2],"39":[1,2],"40":[2,2],"41":[0,1],"42":[1,3],"43":[1,2],"44":[2,2],"45":[0,1],"46":[1,2],"47":[3,2,2,2,2],"48":[2,2],"49":[1,2],"50":[3,3,3,3,2],"51":[2,2],"52":[0,1],"53":[1,0],"54":[1,2],"55":[3,2,2,2],"56":[2,2],"57":[3,3],"58":[2,1],"59":[1,2],"60":[2,2],"61":[0,1],"62":[1,2],"63":[3,3],"64":[2,2],"65":[0,1],"66":[1,2],"67":[3,3,3],"68":[2,2],"69":[0,1],"70":[1,2],"71":[3,3],"72":[2,2],"73":[1,2],"74":[3,3],"75":[2,2],"76":[1,2],"77":[2,2],"78":[1,2],"79":[2,2],"80":[1,2],"81":[2,2],"82":[1,2],"83":[3,3],"84":[2,2],"85":[1,2],"86":[3,3],"87":[2,2],"88":[1,2],"89":[3,3],"90":[2,2]},"_coverageSchema":"1a1c01bbd47fc00a2c39e90264f33305004495a9","hash":"0e61222ed82eee74939b0586d05c486e281b1c77"}
,"/home/tumisho/Documents/univeristy/year3.0_2025/year3.2/cos301/Secure-File-Sharing-Platform/sfsp-api/controllers/userController.js": {"path":"/home/tumisho/Documents/univeristy/year3.0_2025/year3.2/cos301/Secure-File-Sharing-Platform/sfsp-api/controllers/userController.js","statementMap":{"0":{"start":{"line":1,"column":15},"end":{"line":1,"column":32}},"1":{"start":{"line":2,"column":14},"end":{"line":2,"column":30}},"2":{"start":{"line":3,"column":21},"end":{"line":3,"column":50}},"3":{"start":{"line":4,"column":20},"end":{"line":4,"column":54}},"4":{"start":{"line":5,"column":24},"end":{"line":5,"column":52}},"5":{"start":{"line":9,"column":4},"end":{"line":9,"column":34}},"6":{"start":{"line":10,"column":4},"end":{"line":117,"column":5}},"7":{"start":{"line":11,"column":44},"end":{"line":11,"column":52}},"8":{"start":{"line":19,"column":10},"end":{"line":19,"column":18}},"9":{"start":{"line":20,"column":64},"end":{"line":20,"column":72}},"10":{"start":{"line":22,"column":6},"end":{"line":40,"column":7}},"11":{"start":{"line":36,"column":8},"end":{"line":39,"column":11}},"12":{"start":{"line":42,"column":21},"end":{"line":52,"column":8}},"13":{"start":{"line":53,"column":6},"end":{"line":80,"column":7}},"14":{"start":{"line":54,"column":25},"end":{"line":59,"column":10}},"15":{"start":{"line":60,"column":8},"end":{"line":66,"column":9}},"16":{"start":{"line":61,"column":10},"end":{"line":61,"column":58}},"17":{"start":{"line":62,"column":10},"end":{"line":65,"column":13}},"18":{"start":{"line":69,"column":8},"end":{"line":79,"column":9}},"19":{"start":{"line":70,"column":10},"end":{"line":74,"column":12}},"20":{"start":{"line":75,"column":10},"end":{"line":75,"column":81}},"21":{"start":{"line":77,"column":10},"end":{"line":77,"column":86}},"22":{"start":{"line":81,"column":6},"end":{"line":81,"column":43}},"23":{"start":{"line":82,"column":6},"end":{"line":86,"column":9}},"24":{"start":{"line":88,"column":6},"end":{"line":88,"column":54}},"25":{"start":{"line":91,"column":6},"end":{"line":96,"column":7}},"26":{"start":{"line":92,"column":8},"end":{"line":95,"column":11}},"27":{"start":{"line":98,"column":6},"end":{"line":103,"column":7}},"28":{"start":{"line":99,"column":8},"end":{"line":102,"column":11}},"29":{"start":{"line":105,"column":6},"end":{"line":110,"column":7}},"30":{"start":{"line":106,"column":8},"end":{"line":109,"column":11}},"31":{"start":{"line":113,"column":6},"end":{"line":116,"column":9}},"32":{"start":{"line":121,"column":4},"end":{"line":148,"column":5}},"33":{"start":{"line":122,"column":24},"end":{"line":122,"column":34}},"34":{"start":{"line":123,"column":6},"end":{"line":128,"column":7}},"35":{"start":{"line":124,"column":8},"end":{"line":127,"column":11}},"36":{"start":{"line":130,"column":23},"end":{"line":130,"column":66}},"37":{"start":{"line":131,"column":6},"end":{"line":136,"column":7}},"38":{"start":{"line":132,"column":8},"end":{"line":135,"column":11}},"39":{"start":{"line":138,"column":6},"end":{"line":141,"column":9}},"40":{"start":{"line":143,"column":6},"end":{"line":143,"column":53}},"41":{"start":{"line":144,"column":6},"end":{"line":147,"column":9}},"42":{"start":{"line":152,"column":4},"end":{"line":180,"column":5}},"43":{"start":{"line":153,"column":24},"end":{"line":153,"column":34}},"44":{"start":{"line":154,"column":6},"end":{"line":159,"column":7}},"45":{"start":{"line":155,"column":8},"end":{"line":158,"column":11}},"46":{"start":{"line":161,"column":23},"end":{"line":161,"column":66}},"47":{"start":{"line":163,"column":6},"end":{"line":168,"column":7}},"48":{"start":{"line":164,"column":8},"end":{"line":167,"column":11}},"49":{"start":{"line":170,"column":6},"end":{"line":173,"column":9}},"50":{"start":{"line":175,"column":6},"end":{"line":175,"column":56}},"51":{"start":{"line":176,"column":6},"end":{"line":179,"column":9}},"52":{"start":{"line":185,"column":4},"end":{"line":212,"column":5}},"53":{"start":{"line":186,"column":25},"end":{"line":186,"column":35}},"54":{"start":{"line":187,"column":6},"end":{"line":192,"column":7}},"55":{"start":{"line":188,"column":8},"end":{"line":191,"column":11}},"56":{"start":{"line":194,"column":23},"end":{"line":194,"column":62}},"57":{"start":{"line":195,"column":6},"end":{"line":200,"column":7}},"58":{"start":{"line":196,"column":8},"end":{"line":199,"column":11}},"59":{"start":{"line":202,"column":6},"end":{"line":205,"column":9}},"60":{"start":{"line":207,"column":6},"end":{"line":207,"column":62}},"61":{"start":{"line":208,"column":6},"end":{"line":211,"column":9}},"62":{"start":{"line":216,"column":4},"end":{"line":245,"column":5}},"63":{"start":{"line":217,"column":34},"end":{"line":217,"column":42}},"64":{"start":{"line":219,"column":6},"end":{"line":224,"column":7}},"65":{"start":{"line":220,"column":8},"end":{"line":223,"column":11}},"66":{"start":{"line":226,"column":21},"end":{"line":226,"column":65}},"67":{"start":{"line":228,"column":6},"end":{"line":233,"column":7}},"68":{"start":{"line":229,"column":26},"end":{"line":231,"column":9}},"69":{"start":{"line":232,"column":8},"end":{"line":232,"column":37}},"70":{"start":{"line":235,"column":6},"end":{"line":239,"column":9}},"71":{"start":{"line":241,"column":6},"end":{"line":244,"column":9}},"72":{"start":{"line":249,"column":4},"end":{"line":286,"column":5}},"73":{"start":{"line":250,"column":25},"end":{"line":250,"column":50}},"74":{"start":{"line":251,"column":6},"end":{"line":256,"column":7}},"75":{"start":{"line":252,"column":8},"end":{"line":255,"column":11}},"76":{"start":{"line":258,"column":20},"end":{"line":258,"column":44}},"77":{"start":{"line":259,"column":22},"end":{"line":259,"column":58}},"78":{"start":{"line":260,"column":6},"end":{"line":265,"column":7}},"79":{"start":{"line":261,"column":8},"end":{"line":264,"column":11}},"80":{"start":{"line":266,"column":21},"end":{"line":266,"column":35}},"81":{"start":{"line":268,"column":22},"end":{"line":268,"column":58}},"82":{"start":{"line":269,"column":6},"end":{"line":274,"column":7}},"83":{"start":{"line":270,"column":8},"end":{"line":273,"column":11}},"84":{"start":{"line":276,"column":6},"end":{"line":279,"column":9}},"85":{"start":{"line":281,"column":6},"end":{"line":281,"column":59}},"86":{"start":{"line":282,"column":6},"end":{"line":285,"column":9}},"87":{"start":{"line":290,"column":4},"end":{"line":312,"column":5}},"88":{"start":{"line":291,"column":25},"end":{"line":291,"column":33}},"89":{"start":{"line":293,"column":6},"end":{"line":298,"column":7}},"90":{"start":{"line":294,"column":8},"end":{"line":297,"column":11}},"91":{"start":{"line":300,"column":20},"end":{"line":300,"column":58}},"92":{"start":{"line":301,"column":6},"end":{"line":305,"column":9}},"93":{"start":{"line":307,"column":6},"end":{"line":307,"column":54}},"94":{"start":{"line":308,"column":6},"end":{"line":311,"column":9}},"95":{"start":{"line":316,"column":4},"end":{"line":344,"column":5}},"96":{"start":{"line":317,"column":24},"end":{"line":317,"column":32}},"97":{"start":{"line":319,"column":6},"end":{"line":324,"column":7}},"98":{"start":{"line":320,"column":8},"end":{"line":323,"column":11}},"99":{"start":{"line":326,"column":21},"end":{"line":326,"column":59}},"100":{"start":{"line":327,"column":6},"end":{"line":332,"column":7}},"101":{"start":{"line":328,"column":8},"end":{"line":331,"column":11}},"102":{"start":{"line":334,"column":6},"end":{"line":337,"column":9}},"103":{"start":{"line":339,"column":6},"end":{"line":339,"column":59}},"104":{"start":{"line":340,"column":6},"end":{"line":343,"column":9}},"105":{"start":{"line":348,"column":4},"end":{"line":372,"column":5}},"106":{"start":{"line":349,"column":21},"end":{"line":349,"column":32}},"107":{"start":{"line":350,"column":27},"end":{"line":350,"column":35}},"108":{"start":{"line":352,"column":6},"end":{"line":357,"column":7}},"109":{"start":{"line":353,"column":8},"end":{"line":356,"column":11}},"110":{"start":{"line":359,"column":26},"end":{"line":359,"column":79}},"111":{"start":{"line":361,"column":6},"end":{"line":365,"column":9}},"112":{"start":{"line":367,"column":6},"end":{"line":367,"column":54}},"113":{"start":{"line":368,"column":6},"end":{"line":371,"column":9}},"114":{"start":{"line":376,"column":4},"end":{"line":402,"column":5}},"115":{"start":{"line":377,"column":25},"end":{"line":377,"column":50}},"116":{"start":{"line":378,"column":6},"end":{"line":383,"column":7}},"117":{"start":{"line":379,"column":8},"end":{"line":382,"column":11}},"118":{"start":{"line":384,"column":20},"end":{"line":384,"column":44}},"119":{"start":{"line":385,"column":21},"end":{"line":385,"column":52}},"120":{"start":{"line":386,"column":6},"end":{"line":391,"column":7}},"121":{"start":{"line":387,"column":8},"end":{"line":390,"column":11}},"122":{"start":{"line":392,"column":6},"end":{"line":395,"column":9}},"123":{"start":{"line":397,"column":6},"end":{"line":397,"column":51}},"124":{"start":{"line":398,"column":6},"end":{"line":401,"column":9}},"125":{"start":{"line":406,"column":4},"end":{"line":449,"column":5}},"126":{"start":{"line":407,"column":34},"end":{"line":407,"column":42}},"127":{"start":{"line":408,"column":21},"end":{"line":408,"column":32}},"128":{"start":{"line":410,"column":6},"end":{"line":415,"column":7}},"129":{"start":{"line":411,"column":8},"end":{"line":414,"column":11}},"130":{"start":{"line":417,"column":36},"end":{"line":421,"column":17}},"131":{"start":{"line":423,"column":6},"end":{"line":428,"column":7}},"132":{"start":{"line":424,"column":8},"end":{"line":427,"column":11}},"133":{"start":{"line":430,"column":22},"end":{"line":430,"column":74}},"134":{"start":{"line":432,"column":6},"end":{"line":437,"column":7}},"135":{"start":{"line":433,"column":8},"end":{"line":436,"column":11}},"136":{"start":{"line":439,"column":6},"end":{"line":442,"column":9}},"137":{"start":{"line":444,"column":6},"end":{"line":444,"column":56}},"138":{"start":{"line":445,"column":6},"end":{"line":448,"column":9}},"139":{"start":{"line":453,"column":4},"end":{"line":468,"column":5}},"140":{"start":{"line":454,"column":21},"end":{"line":454,"column":32}},"141":{"start":{"line":456,"column":21},"end":{"line":456,"column":67}},"142":{"start":{"line":458,"column":6},"end":{"line":461,"column":9}},"143":{"start":{"line":463,"column":6},"end":{"line":463,"column":55}},"144":{"start":{"line":464,"column":6},"end":{"line":467,"column":9}},"145":{"start":{"line":472,"column":4},"end":{"line":506,"column":5}},"146":{"start":{"line":473,"column":35},"end":{"line":473,"column":43}},"147":{"start":{"line":474,"column":21},"end":{"line":474,"column":32}},"148":{"start":{"line":476,"column":6},"end":{"line":481,"column":7}},"149":{"start":{"line":477,"column":8},"end":{"line":480,"column":11}},"150":{"start":{"line":483,"column":6},"end":{"line":488,"column":7}},"151":{"start":{"line":484,"column":8},"end":{"line":487,"column":11}},"152":{"start":{"line":490,"column":21},"end":{"line":494,"column":7}},"153":{"start":{"line":496,"column":6},"end":{"line":499,"column":9}},"154":{"start":{"line":501,"column":6},"end":{"line":501,"column":55}},"155":{"start":{"line":502,"column":6},"end":{"line":505,"column":9}},"156":{"start":{"line":510,"column":4},"end":{"line":545,"column":5}},"157":{"start":{"line":511,"column":25},"end":{"line":511,"column":33}},"158":{"start":{"line":513,"column":6},"end":{"line":518,"column":7}},"159":{"start":{"line":514,"column":8},"end":{"line":517,"column":11}},"160":{"start":{"line":520,"column":36},"end":{"line":524,"column":17}},"161":{"start":{"line":526,"column":6},"end":{"line":531,"column":7}},"162":{"start":{"line":527,"column":8},"end":{"line":530,"column":11}},"163":{"start":{"line":533,"column":20},"end":{"line":533,"column":65}},"164":{"start":{"line":535,"column":6},"end":{"line":538,"column":9}},"165":{"start":{"line":540,"column":6},"end":{"line":540,"column":54}},"166":{"start":{"line":541,"column":6},"end":{"line":544,"column":9}},"167":{"start":{"line":549,"column":4},"end":{"line":581,"column":5}},"168":{"start":{"line":550,"column":25},"end":{"line":550,"column":50}},"169":{"start":{"line":551,"column":6},"end":{"line":556,"column":7}},"170":{"start":{"line":552,"column":8},"end":{"line":555,"column":11}},"171":{"start":{"line":558,"column":20},"end":{"line":558,"column":44}},"172":{"start":{"line":559,"column":21},"end":{"line":559,"column":55}},"173":{"start":{"line":561,"column":6},"end":{"line":566,"column":7}},"174":{"start":{"line":562,"column":8},"end":{"line":565,"column":11}},"175":{"start":{"line":568,"column":6},"end":{"line":574,"column":9}},"176":{"start":{"line":576,"column":6},"end":{"line":576,"column":52}},"177":{"start":{"line":577,"column":6},"end":{"line":580,"column":9}},"178":{"start":{"line":585,"column":4},"end":{"line":601,"column":5}},"179":{"start":{"line":586,"column":21},"end":{"line":586,"column":32}},"180":{"start":{"line":587,"column":35},"end":{"line":587,"column":43}},"181":{"start":{"line":589,"column":6},"end":{"line":591,"column":7}},"182":{"start":{"line":590,"column":8},"end":{"line":590,"column":85}},"183":{"start":{"line":593,"column":30},"end":{"line":593,"column":104}},"184":{"start":{"line":595,"column":6},"end":{"line":598,"column":9}},"185":{"start":{"line":600,"column":6},"end":{"line":600,"column":60}},"186":{"start":{"line":605,"column":4},"end":{"line":611,"column":5}},"187":{"start":{"line":606,"column":21},"end":{"line":606,"column":32}},"188":{"start":{"line":607,"column":56},"end":{"line":607,"column":105}},"189":{"start":{"line":608,"column":6},"end":{"line":608,"column":87}},"190":{"start":{"line":610,"column":6},"end":{"line":610,"column":60}},"191":{"start":{"line":615,"column":4},"end":{"line":630,"column":5}},"192":{"start":{"line":617,"column":6},"end":{"line":617,"column":113}},"193":{"start":{"line":618,"column":21},"end":{"line":618,"column":32}},"194":{"start":{"line":619,"column":29},"end":{"line":619,"column":37}},"195":{"start":{"line":621,"column":6},"end":{"line":623,"column":7}},"196":{"start":{"line":622,"column":8},"end":{"line":622,"column":108}},"197":{"start":{"line":625,"column":25},"end":{"line":625,"column":78}},"198":{"start":{"line":626,"column":6},"end":{"line":626,"column":80}},"199":{"start":{"line":628,"column":6},"end":{"line":628,"column":64}},"200":{"start":{"line":629,"column":6},"end":{"line":629,"column":71}},"201":{"start":{"line":634,"column":4},"end":{"line":816,"column":5}},"202":{"start":{"line":635,"column":61},"end":{"line":635,"column":69}},"203":{"start":{"line":637,"column":6},"end":{"line":642,"column":7}},"204":{"start":{"line":638,"column":8},"end":{"line":641,"column":11}},"205":{"start":{"line":645,"column":56},"end":{"line":649,"column":17}},"206":{"start":{"line":652,"column":22},"end":{"line":652,"column":27}},"207":{"start":{"line":654,"column":6},"end":{"line":656,"column":7}},"208":{"start":{"line":655,"column":8},"end":{"line":655,"column":65}},"209":{"start":{"line":658,"column":6},"end":{"line":768,"column":7}},"210":{"start":{"line":659,"column":8},"end":{"line":676,"column":9}},"211":{"start":{"line":660,"column":60},"end":{"line":668,"column":21}},"212":{"start":{"line":670,"column":10},"end":{"line":672,"column":11}},"213":{"start":{"line":671,"column":12},"end":{"line":671,"column":92}},"214":{"start":{"line":673,"column":10},"end":{"line":673,"column":29}},"215":{"start":{"line":675,"column":10},"end":{"line":675,"column":30}},"216":{"start":{"line":679,"column":8},"end":{"line":689,"column":9}},"217":{"start":{"line":680,"column":30},"end":{"line":684,"column":11}},"218":{"start":{"line":685,"column":10},"end":{"line":685,"column":74}},"219":{"start":{"line":687,"column":10},"end":{"line":687,"column":93}},"220":{"start":{"line":691,"column":8},"end":{"line":691,"column":25}},"221":{"start":{"line":694,"column":8},"end":{"line":701,"column":9}},"222":{"start":{"line":697,"column":10},"end":{"line":700,"column":13}},"223":{"start":{"line":703,"column":54},"end":{"line":720,"column":19}},"224":{"start":{"line":722,"column":8},"end":{"line":724,"column":9}},"225":{"start":{"line":723,"column":10},"end":{"line":723,"column":75}},"226":{"start":{"line":725,"column":8},"end":{"line":725,"column":23}},"227":{"start":{"line":728,"column":25},"end":{"line":733,"column":10}},"228":{"start":{"line":735,"column":8},"end":{"line":741,"column":9}},"229":{"start":{"line":736,"column":10},"end":{"line":736,"column":79}},"230":{"start":{"line":737,"column":10},"end":{"line":740,"column":13}},"231":{"start":{"line":744,"column":8},"end":{"line":754,"column":9}},"232":{"start":{"line":745,"column":30},"end":{"line":749,"column":11}},"233":{"start":{"line":750,"column":10},"end":{"line":750,"column":79}},"234":{"start":{"line":752,"column":10},"end":{"line":752,"column":100}},"235":{"start":{"line":757,"column":8},"end":{"line":767,"column":9}},"236":{"start":{"line":758,"column":10},"end":{"line":763,"column":12}},"237":{"start":{"line":764,"column":10},"end":{"line":764,"column":77}},"238":{"start":{"line":766,"column":10},"end":{"line":766,"column":89}},"239":{"start":{"line":771,"column":18},"end":{"line":771,"column":22}},"240":{"start":{"line":772,"column":6},"end":{"line":774,"column":7}},"241":{"start":{"line":773,"column":8},"end":{"line":773,"column":69}},"242":{"start":{"line":776,"column":31},"end":{"line":776,"column":35}},"243":{"start":{"line":777,"column":6},"end":{"line":786,"column":7}},"244":{"start":{"line":778,"column":8},"end":{"line":785,"column":9}},"245":{"start":{"line":779,"column":30},"end":{"line":779,"column":78}},"246":{"start":{"line":780,"column":10},"end":{"line":782,"column":11}},"247":{"start":{"line":781,"column":12},"end":{"line":781,"column":45}},"248":{"start":{"line":784,"column":10},"end":{"line":784,"column":96}},"249":{"start":{"line":788,"column":6},"end":{"line":809,"column":9}},"250":{"start":{"line":811,"column":6},"end":{"line":811,"column":58}},"251":{"start":{"line":812,"column":6},"end":{"line":815,"column":9}},"252":{"start":{"line":820,"column":0},"end":{"line":820,"column":38}}},"fnMap":{"0":{"name":"(anonymous_0)","decl":{"start":{"line":8,"column":2},"end":{"line":8,"column":3}},"loc":{"start":{"line":8,"column":27},"end":{"line":118,"column":3}},"line":8},"1":{"name":"(anonymous_1)","decl":{"start":{"line":120,"column":2},"end":{"line":120,"column":3}},"loc":{"start":{"line":120,"column":37},"end":{"line":149,"column":3}},"line":120},"2":{"name":"(anonymous_2)","decl":{"start":{"line":151,"column":2},"end":{"line":151,"column":3}},"loc":{"start":{"line":151,"column":36},"end":{"line":181,"column":3}},"line":151},"3":{"name":"(anonymous_3)","decl":{"start":{"line":184,"column":2},"end":{"line":184,"column":3}},"loc":{"start":{"line":184,"column":32},"end":{"line":213,"column":3}},"line":184},"4":{"name":"(anonymous_4)","decl":{"start":{"line":215,"column":2},"end":{"line":215,"column":3}},"loc":{"start":{"line":215,"column":24},"end":{"line":246,"column":3}},"line":215},"5":{"name":"(anonymous_5)","decl":{"start":{"line":248,"column":2},"end":{"line":248,"column":3}},"loc":{"start":{"line":248,"column":29},"end":{"line":287,"column":3}},"line":248},"6":{"name":"(anonymous_6)","decl":{"start":{"line":289,"column":2},"end":{"line":289,"column":3}},"loc":{"start":{"line":289,"column":31},"end":{"line":313,"column":3}},"line":289},"7":{"name":"(anonymous_7)","decl":{"start":{"line":315,"column":2},"end":{"line":315,"column":3}},"loc":{"start":{"line":315,"column":32},"end":{"line":345,"column":3}},"line":315},"8":{"name":"(anonymous_8)","decl":{"start":{"line":347,"column":2},"end":{"line":347,"column":3}},"loc":{"start":{"line":347,"column":32},"end":{"line":373,"column":3}},"line":347},"9":{"name":"(anonymous_9)","decl":{"start":{"line":375,"column":2},"end":{"line":375,"column":3}},"loc":{"start":{"line":375,"column":25},"end":{"line":403,"column":3}},"line":375},"10":{"name":"(anonymous_10)","decl":{"start":{"line":405,"column":2},"end":{"line":405,"column":3}},"loc":{"start":{"line":405,"column":33},"end":{"line":450,"column":3}},"line":405},"11":{"name":"(anonymous_11)","decl":{"start":{"line":452,"column":2},"end":{"line":452,"column":3}},"loc":{"start":{"line":452,"column":31},"end":{"line":469,"column":3}},"line":452},"12":{"name":"(anonymous_12)","decl":{"start":{"line":471,"column":2},"end":{"line":471,"column":3}},"loc":{"start":{"line":471,"column":33},"end":{"line":507,"column":3}},"line":471},"13":{"name":"(anonymous_13)","decl":{"start":{"line":509,"column":2},"end":{"line":509,"column":3}},"loc":{"start":{"line":509,"column":31},"end":{"line":546,"column":3}},"line":509},"14":{"name":"(anonymous_14)","decl":{"start":{"line":548,"column":2},"end":{"line":548,"column":3}},"loc":{"start":{"line":548,"column":39},"end":{"line":582,"column":3}},"line":548},"15":{"name":"(anonymous_15)","decl":{"start":{"line":584,"column":2},"end":{"line":584,"column":3}},"loc":{"start":{"line":584,"column":45},"end":{"line":602,"column":3}},"line":584},"16":{"name":"(anonymous_16)","decl":{"start":{"line":604,"column":2},"end":{"line":604,"column":3}},"loc":{"start":{"line":604,"column":42},"end":{"line":612,"column":3}},"line":604},"17":{"name":"(anonymous_17)","decl":{"start":{"line":614,"column":2},"end":{"line":614,"column":3}},"loc":{"start":{"line":614,"column":34},"end":{"line":631,"column":3}},"line":614},"18":{"name":"(anonymous_18)","decl":{"start":{"line":633,"column":2},"end":{"line":633,"column":3}},"loc":{"start":{"line":633,"column":29},"end":{"line":817,"column":3}},"line":633}},"branchMap":{"0":{"loc":{"start":{"line":22,"column":6},"end":{"line":40,"column":7}},"type":"if","locations":[{"start":{"line":22,"column":6},"end":{"line":40,"column":7}},{"start":{},"end":{}}],"line":22},"1":{"loc":{"start":{"line":23,"column":8},"end":{"line":34,"column":13}},"type":"binary-expr","locations":[{"start":{"line":23,"column":8},"end":{"line":23,"column":17}},{"start":{"line":24,"column":8},"end":{"line":24,"column":14}},{"start":{"line":25,"column":8},"end":{"line":25,"column":17}},{"start":{"line":26,"column":8},"end":{"line":26,"column":23}},{"start":{"line":27,"column":8},"end":{"line":27,"column":24}},{"start":{"line":28,"column":8},"end":{"line":28,"column":21}},{"start":{"line":29,"column":8},"end":{"line":29,"column":18}},{"start":{"line":30,"column":8},"end":{"line":30,"column":19}},{"start":{"line":31,"column":8},"end":{"line":31,"column":20}},{"start":{"line":32,"column":8},"end":{"line":32,"column":14}},{"start":{"line":33,"column":8},"end":{"line":33,"column":30}},{"start":{"line":34,"column":8},"end":{"line":34,"column":13}}],"line":23},"2":{"loc":{"start":{"line":53,"column":6},"end":{"line":80,"column":7}},"type":"if","locations":[{"start":{"line":53,"column":6},"end":{"line":80,"column":7}},{"start":{},"end":{}}],"line":53},"3":{"loc":{"start":{"line":53,"column":10},"end":{"line":53,"column":49}},"type":"binary-expr","locations":[{"start":{"line":53,"column":10},"end":{"line":53,"column":16}},{"start":{"line":53,"column":20},"end":{"line":53,"column":31}},{"start":{"line":53,"column":35},"end":{"line":53,"column":49}}],"line":53},"4":{"loc":{"start":{"line":60,"column":8},"end":{"line":66,"column":9}},"type":"if","locations":[{"start":{"line":60,"column":8},"end":{"line":66,"column":9}},{"start":{},"end":{}}],"line":60},"5":{"loc":{"start":{"line":60,"column":12},"end":{"line":60,"column":39}},"type":"binary-expr","locations":[{"start":{"line":60,"column":12},"end":{"line":60,"column":21}},{"start":{"line":60,"column":25},"end":{"line":60,"column":39}}],"line":60},"6":{"loc":{"start":{"line":64,"column":21},"end":{"line":64,"column":79}},"type":"binary-expr","locations":[{"start":{"line":64,"column":21},"end":{"line":64,"column":35}},{"start":{"line":64,"column":39},"end":{"line":64,"column":79}}],"line":64},"7":{"loc":{"start":{"line":73,"column":12},"end":{"line":73,"column":42}},"type":"binary-expr","locations":[{"start":{"line":73,"column":12},"end":{"line":73,"column":32}},{"start":{"line":73,"column":36},"end":{"line":73,"column":42}}],"line":73},"8":{"loc":{"start":{"line":91,"column":6},"end":{"line":96,"column":7}},"type":"if","locations":[{"start":{"line":91,"column":6},"end":{"line":96,"column":7}},{"start":{},"end":{}}],"line":91},"9":{"loc":{"start":{"line":98,"column":6},"end":{"line":103,"column":7}},"type":"if","locations":[{"start":{"line":98,"column":6},"end":{"line":103,"column":7}},{"start":{},"end":{}}],"line":98},"10":{"loc":{"start":{"line":105,"column":6},"end":{"line":110,"column":7}},"type":"if","locations":[{"start":{"line":105,"column":6},"end":{"line":110,"column":7}},{"start":{},"end":{}}],"line":105},"11":{"loc":{"start":{"line":123,"column":6},"end":{"line":128,"column":7}},"type":"if","locations":[{"start":{"line":123,"column":6},"end":{"line":128,"column":7}},{"start":{},"end":{}}],"line":123},"12":{"loc":{"start":{"line":131,"column":6},"end":{"line":136,"column":7}},"type":"if","locations":[{"start":{"line":131,"column":6},"end":{"line":136,"column":7}},{"start":{},"end":{}}],"line":131},"13":{"loc":{"start":{"line":154,"column":6},"end":{"line":159,"column":7}},"type":"if","locations":[{"start":{"line":154,"column":6},"end":{"line":159,"column":7}},{"start":{},"end":{}}],"line":154},"14":{"loc":{"start":{"line":163,"column":6},"end":{"line":168,"column":7}},"type":"if","locations":[{"start":{"line":163,"column":6},"end":{"line":168,"column":7}},{"start":{},"end":{}}],"line":163},"15":{"loc":{"start":{"line":187,"column":6},"end":{"line":192,"column":7}},"type":"if","locations":[{"start":{"line":187,"column":6},"end":{"line":192,"column":7}},{"start":{},"end":{}}],"line":187},"16":{"loc":{"start":{"line":195,"column":6},"end":{"line":200,"column":7}},"type":"if","locations":[{"start":{"line":195,"column":6},"end":{"line":200,"column":7}},{"start":{},"end":{}}],"line":195},"17":{"loc":{"start":{"line":219,"column":6},"end":{"line":224,"column":7}},"type":"if","locations":[{"start":{"line":219,"column":6},"end":{"line":224,"column":7}},{"start":{},"end":{}}],"line":219},"18":{"loc":{"start":{"line":219,"column":10},"end":{"line":219,"column":29}},"type":"binary-expr","locations":[{"start":{"line":219,"column":10},"end":{"line":219,"column":16}},{"start":{"line":219,"column":20},"end":{"line":219,"column":29}}],"line":219},"19":{"loc":{"start":{"line":228,"column":6},"end":{"line":233,"column":7}},"type":"if","locations":[{"start":{"line":228,"column":6},"end":{"line":233,"column":7}},{"start":{},"end":{}}],"line":228},"20":{"loc":{"start":{"line":228,"column":10},"e
[...]
},"end":{"line":732,"column":5}},"196":{"start":{"line":719,"column":30},"end":{"line":723,"column":17}},"197":{"start":{"line":725,"column":6},"end":{"line":727,"column":7}},"198":{"start":{"line":726,"column":8},"end":{"line":726,"column":21}},"199":{"start":{"line":729,"column":6},"end":{"line":729,"column":79}},"200":{"start":{"line":731,"column":6},"end":{"line":731,"column":19}},"201":{"start":{"line":736,"column":28},"end":{"line":741,"column":15}},"202":{"start":{"line":743,"column":4},"end":{"line":743,"column":46}},"203":{"start":{"line":743,"column":15},"end":{"line":743,"column":46}},"204":{"start":{"line":744,"column":4},"end":{"line":744,"column":49}},"205":{"start":{"line":744,"column":15},"end":{"line":744,"column":49}},"206":{"start":{"line":746,"column":4},"end":{"line":746,"column":27}},"207":{"start":{"line":750,"column":0},"end":{"line":750,"column":35}}},"fnMap":{"0":{"name":"(anonymous_0)","decl":{"start":{"line":8,"column":2},"end":{"line":8,"column":3}},"loc":{"start":{"line":8,"column":27},"end":{"line":71,"column":3}},"line":8},"1":{"name":"(anonymous_1)","decl":{"start":{"line":73,"column":2},"end":{"line":73,"column":3}},"loc":{"start":{"line":73,"column":34},"end":{"line":107,"column":3}},"line":73},"2":{"name":"(anonymous_2)","decl":{"start":{"line":109,"column":2},"end":{"line":109,"column":3}},"loc":{"start":{"line":109,"column":34},"end":{"line":125,"column":3}},"line":109},"3":{"name":"(anonymous_3)","decl":{"start":{"line":127,"column":2},"end":{"line":127,"column":3}},"loc":{"start":{"line":127,"column":30},"end":{"line":169,"column":3}},"line":127},"4":{"name":"(anonymous_4)","decl":{"start":{"line":171,"column":2},"end":{"line":171,"column":3}},"loc":{"start":{"line":171,"column":24},"end":{"line":207,"column":3}},"line":171},"5":{"name":"(anonymous_5)","decl":{"start":{"line":209,"column":2},"end":{"line":209,"column":3}},"loc":{"start":{"line":209,"column":27},"end":{"line":230,"column":3}},"line":209},"6":{"name":"(anonymous_6)","decl":{"start":{"line":232,"column":2},"end":{"line":232,"column":3}},"loc":{"start":{"line":232,"column":29},"end":{"line":249,"column":3}},"line":232},"7":{"name":"(anonymous_7)","decl":{"start":{"line":251,"column":2},"end":{"line":251,"column":3}},"loc":{"start":{"line":251,"column":29},"end":{"line":276,"column":3}},"line":251},"8":{"name":"(anonymous_8)","decl":{"start":{"line":278,"column":2},"end":{"line":278,"column":3}},"loc":{"start":{"line":278,"column":39},"end":{"line":299,"column":3}},"line":278},"9":{"name":"(anonymous_9)","decl":{"start":{"line":301,"column":2},"end":{"line":301,"column":3}},"loc":{"start":{"line":301,"column":16},"end":{"line":311,"column":3}},"line":301},"10":{"name":"(anonymous_10)","decl":{"start":{"line":313,"column":2},"end":{"line":313,"column":3}},"loc":{"start":{"line":313,"column":31},"end":{"line":317,"column":3}},"line":313},"11":{"name":"(anonymous_11)","decl":{"start":{"line":319,"column":2},"end":{"line":319,"column":3}},"loc":{"start":{"line":319,"column":21},"end":{"line":325,"column":3}},"line":319},"12":{"name":"(anonymous_12)","decl":{"start":{"line":327,"column":2},"end":{"line":327,"column":3}},"loc":{"start":{"line":327,"column":37},"end":{"line":361,"column":3}},"line":327},"13":{"name":"(anonymous_13)","decl":{"start":{"line":363,"column":2},"end":{"line":363,"column":3}},"loc":{"start":{"line":363,"column":61},"end":{"line":416,"column":3}},"line":363},"14":{"name":"(anonymous_14)","decl":{"start":{"line":418,"column":2},"end":{"line":418,"column":3}},"loc":{"start":{"line":418,"column":48},"end":{"line":504,"column":3}},"line":418},"15":{"name":"(anonymous_15)","decl":{"start":{"line":506,"column":2},"end":{"line":506,"column":3}},"loc":{"start":{"line":506,"column":54},"end":{"line":611,"column":3}},"line":506},"16":{"name":"(anonymous_16)","decl":{"start":{"line":613,"column":2},"end":{"line":613,"column":3}},"loc":{"start":{"line":613,"column":25},"end":{"line":626,"column":3}},"line":613},"17":{"name":"(anonymous_17)","decl":{"start":{"line":628,"column":2},"end":{"line":628,"column":3}},"loc":{"start":{"line":628,"column":22},"end":{"line":636,"column":3}},"line":628},"18":{"name":"(anonymous_18)","decl":{"start":{"line":638,"column":2},"end":{"line":638,"column":3}},"loc":{"start":{"line":638,"column":65},"end":{"line":689,"column":3}},"line":638},"19":{"name":"(anonymous_19)","decl":{"start":{"line":691,"column":2},"end":{"line":691,"column":3}},"loc":{"start":{"line":691,"column":40},"end":{"line":715,"column":3}},"line":691},"20":{"name":"(anonymous_20)","decl":{"start":{"line":717,"column":2},"end":{"line":717,"column":3}},"loc":{"start":{"line":717,"column":60},"end":{"line":733,"column":3}},"line":717},"21":{"name":"(anonymous_21)","decl":{"start":{"line":735,"column":2},"end":{"line":735,"column":3}},"loc":{"start":{"line":735,"column":43},"end":{"line":747,"column":3}},"line":735}},"branchMap":{"0":{"loc":{"start":{"line":28,"column":6},"end":{"line":30,"column":7}},"type":"if","locations":[{"start":{"line":28,"column":6},"end":{"line":30,"column":7}},{"start":{},"end":{}}],"line":28},"1":{"loc":{"start":{"line":55,"column":6},"end":{"line":57,"column":7}},"type":"if","locations":[{"start":{"line":55,"column":6},"end":{"line":57,"column":7}},{"start":{},"end":{}}],"line":55},"2":{"loc":{"start":{"line":81,"column":6},"end":{"line":86,"column":7}},"type":"if","locations":[{"start":{"line":81,"column":6},"end":{"line":86,"column":7}},{"start":{},"end":{}}],"line":81},"3":{"loc":{"start":{"line":82,"column":8},"end":{"line":84,"column":9}},"type":"if","locations":[{"start":{"line":82,"column":8},"end":{"line":84,"column":9}},{"start":{},"end":{}}],"line":82},"4":{"loc":{"start":{"line":82,"column":12},"end":{"line":82,"column":83}},"type":"binary-expr","locations":[{"start":{"line":82,"column":12},"end":{"line":82,"column":37}},{"start":{"line":82,"column":41},"end":{"line":82,"column":83}}],"line":82},"5":{"loc":{"start":{"line":88,"column":6},"end":{"line":90,"column":7}},"type":"if","locations":[{"start":{"line":88,"column":6},"end":{"line":90,"column":7}},{"start":{},"end":{}}],"line":88},"6":{"loc":{"start":{"line":98,"column":6},"end":{"line":102,"column":7}},"type":"if","locations":[{"start":{"line":98,"column":6},"end":{"line":102,"column":7}},{"start":{},"end":{}}],"line":98},"7":{"loc":{"start":{"line":98,"column":10},"end":{"line":100,"column":35}},"type":"binary-expr","locations":[{"start":{"line":98,"column":10},"end":{"line":98,"column":52}},{"start":{"line":99,"column":10},"end":{"line":99,"column":44}},{"start":{"line":100,"column":10},"end":{"line":100,"column":35}}],"line":98},"8":{"loc":{"start":{"line":117,"column":6},"end":{"line":119,"column":7}},"type":"if","locations":[{"start":{"line":117,"column":6},"end":{"line":119,"column":7}},{"start":{},"end":{}}],"line":117},"9":{"loc":{"start":{"line":117,"column":10},"end":{"line":117,"column":24}},"type":"binary-expr","locations":[{"start":{"line":117,"column":10},"end":{"line":117,"column":15}},{"start":{"line":117,"column":19},"end":{"line":117,"column":24}}],"line":117},"10":{"loc":{"start":{"line":135,"column":6},"end":{"line":137,"column":7}},"type":"if","locations":[{"start":{"line":135,"column":6},"end":{"line":137,"column":7}},{"start":{},"end":{}}],"line":135},"11":{"loc":{"start":{"line":135,"column":10},"end":{"line":135,"column":24}},"type":"binary-expr","locations":[{"start":{"line":135,"column":10},"end":{"line":135,"column":15}},{"start":{"line":135,"column":19},"end":{"line":135,"column":24}}],"line":135},"12":{"loc":{"start":{"line":144,"column":6},"end":{"line":158,"column":7}},"type":"if","locations":[{"start":{"line":144,"column":6},"end":{"line":158,"column":7}},{"start":{},"end":{}}],"line":144},"13":{"loc":{"start":{"line":154,"column":8},"end":{"line":157,"column":9}},"type":"if","locations":[{"start":{"line":154,"column":8},"end":{"line":157,"column":9}},{"start":{},"end":{}}],"line":154},"14":{"loc":{"start":{"line":154,"column":12},"end":{"line":154,"column":58}},"type":"binary-expr","locations":[{"start":{"line":154,"column":12},"end":{"line":154,"column":35}},{"start":{"line":154,"column":39},"end":{"line":154,"column":58}}],"line":154},"15":{"loc":{"start":{"line":180,"column":6},"end":{"line":182,"column":7}},"type":"if","locations":[{"start":{"line":180,"column":6},"end":{"line":182,"column":7}},{"start":{},"end":{}}],"line":180},"16":{"loc":{"start":{"line":180,"column":10},"end":{"line":180,"column":24}},"type":"binary-expr","locations":[{"start":{"line":180,"column":10},"end":{"line":180,"column":15}},{"start":{"line":180,"column":19},"end":{"line":180,"column":24}}],"line":180},"17":{"loc":{"start":{"line":185,"column":6},"end":{"line":187,"column":7}},"type":"if","locations":[{"start":{"line":185,"column":6},"end":{"line":187,"column":7}},{"start":{},"end":{}}],"line":185},"18":{"loc":{"start":{"line":217,"column":6},"end":{"line":219,"column":7}},"type":"if","locations":[{"start":{"line":217,"column":6},"end":{"line":219,"column":7}},{"start":{},"end":{}}],"line":217},"19":{"loc":{"start":{"line":217,"column":10},"end":{"line":217,"column":24}},"type":"binary-expr","locations":[{"start":{"line":217,"column":10},"end":{"line":217,"column":15}},{"start":{"line":217,"column":19},"end":{"line":217,"column":24}}],"line":217},"20":{"loc":{"start":{"line":240,"column":6},"end":{"line":242,"column":7}},"type":"if","locations":[{"start":{"line":240,"column":6},"end":{"line":242,"column":7}},{"start":{},"end":{}}],"line":240},"21":{"loc":{"start":{"line":240,"column":10},"end":{"line":240,"column":24}},"type":"binary-expr","locations":[{"start":{"line":240,"column":10},"end":{"line":240,"column":15}},{"start":{"line":240,"column":19},"end":{"line":240,"column":24}}],"line":240},"22":{"loc":{"start":{"line":259,"column":6},"end":{"line":261,"column":7}},"type":"if","locations":[{"start":{"line":259,"column":6},"end":{"line":261,"column":7}},{"start":{},"end":{}}],"line":259},"23":{"loc":{"start":{"line":259,"column":10},"end":{"line":259,"column":24}},"type":"binary-expr","locations":[{"start":{"line":259,"column":10},"end":{"line":259,"column":15}},{"start":{"line":259,"column":19},"end":{"line":259,"column":24}}],"line":259},"24":{"loc":{"start":{"line":268,"column":6},"end":{"line":270,"column":7}},"type":"if","locations":[{"start":{"line":268,"column":6},"end":{"line":270,"column":7}},{"start":{},"end":{}}],"line":268},"25":{"loc":{"start":{"line":289,"column":4},"end":{"line":292,"column":5}},"type":"if","locations":[{"start":{"line":289,"column":4},"end":{"line":292,"column":5}},{"start":{},"end":{}}],"line":289},"26":{"loc":{"start":{"line":289,"column":8},"end":{"line":289,"column":22}},"type":"binary-expr","locations":[{"start":{"line":289,"column":8},"end":{"line":289,"column":13}},{"start":{"line":289,"column":17},"end":{"line":289,"column":22}}],"line":289},"27":{"loc":{"start":{"line":341,"column":6},"end":{"line":343,"column":7}},"type":"if","locations":[{"start":{"line":341,"column":6},"end":{"line":343,"column":7}},{"start":{},"end":{}}],"line":341},"28":{"loc":{"start":{"line":351,"column":6},"end":{"line":353,"column":7}},"type":"if","locations":[{"start":{"line":351,"column":6},"end":{"line":353,"column":7}},{"start":{},"end":{}}],"line":351},"29":{"loc":{"start":{"line":351,"column":10},"end":{"line":351,"column":29}},"type":"binary-expr","locations":[{"start":{"line":351,"column":10},"end":{"line":351,"column":20}},{"start":{"line":351,"column":24},"end":{"line":351,"column":29}}],"line":351},"30":{"loc":{"start":{"line":371,"column":6},"end":{"line":373,"column":7}},"type":"if","locations":[{"start":{"line":371,"column":6},"end":{"line":373,"column":7}},{"start":{},"end":{}}],"line":371},"31":{"loc":{"start":{"line":371,"column":10},"end":{"line":371,"column":29}},"type":"binary-expr","locations":[{"start":{"line":371,"column":10},"end":{"line":371,"column":20}},{"start":{"line":371,"column":24},"end":{"line":371,"column":29}}],"line":371},"32":{"loc":{"start":{"line":375,"column":6},"end":{"line":377,"column":7}},"type":"if","locations":[{"start":{"line":375,"column":6},"end":{"line":377,"column":7}},{"start":{},"end":{}}],"line":375},"33":{"loc":{"start":{"line":382,"column":6},"end":{"line":392,"column":7}},"type":"if","locations":[{"start":{"line":382,"column":6},"end":{"line":392,"column":7}},{"start":{},"end":{}}],"line":382},"34":{"loc":{"start":{"line":394,"column":6},"end":{"line":396,"column":7}},"type":"if","locations":[{"start":{"line":394,"column":6},"end":{"line":396,"column":7}},{"start":{},"end":{}}],"line":394},"35":{"loc":{"start":{"line":408,"column":6},"end":{"line":410,"column":7}},"type":"if","locations":[{"start":{"line":408,"column":6},"end":{"line":410,"column":7}},{"start":{},"end":{}}],"line":408},"36":{"loc":{"start":{"line":422,"column":14},"end":{"line":422,"column":42}},"type":"binary-expr","locations":[{"start":{"line":422,"column":14},"end":{"line":422,"column":35}},{"start":{"line":422,"column":39},"end":{"line":422,"column":42}}],"line":422},"37":{"loc":{"start":{"line":487,"column":16},"end":{"line":487,"column":56}},"type":"binary-expr","locations":[{"start":{"line":487,"column":16},"end":{"line":487,"column":37}},{"start":{"line":487,"column":41},"end":{"line":487,"column":56}}],"line":487},"38":{"loc":{"start":{"line":488,"column":19},"end":{"line":488,"column":66}},"type":"binary-expr","locations":[{"start":{"line":488,"column":19},"end":{"line":488,"column":41}},{"start":{"line":488,"column":45},"end":{"line":488,"column":66}}],"line":488},"39":{"loc":{"start":{"line":522,"column":6},"end":{"line":524,"column":7}},"type":"if","locations":[{"start":{"line":522,"column":6},"end":{"line":524,"column":7}},{"start":{},"end":{}}],"line":522},"40":{"loc":{"start":{"line":528,"column":14},"end":{"line":528,"column":42}},"type":"binary-expr","locations":[{"start":{"line":528,"column":14},"end":{"line":528,"column":35}},{"start":{"line":528,"column":39},"end":{"line":528,"column":42}}],"line":528},"41":{"loc":{"start":{"line":594,"column":16},"end":{"line":594,"column":54}},"type":"binary-expr","locations":[{"start":{"line":594,"column":16},"end":{"line":594,"column":37}},{"start":{"line":594,"column":41},"end":{"line":594,"column":54}}],"line":594},"42":{"loc":{"start":{"line":595,"column":19},"end":{"line":595,"column":66}},"type":"binary-expr","locations":[{"start":{"line":595,"column":19},"end":{"line":595,"column":41}},{"start":{"line":595,"column":45},"end":{"line":595,"column":66}}],"line":595},"43":{"loc":{"start":{"line":640,"column":6},"end":{"line":642,"column":7}},"type":"if","locations":[{"start":{"line":640,"column":6},"end":{"line":642,"column":7}},{"start":{},"end":{}}],"line":640},"44":{"loc":{"start":{"line":640,"column":10},"end":{"line":640,"column":75}},"type":"binary-expr","locations":[{"start":{"line":640,"column":10},"end":{"line":640,"column":31}},{"start":{"line":640,"column":35},"end":{"line":640,"column":75}}],"line":640},"45":{"loc":{"start":{"line":657,"column":8},"end":{"line":659,"column":9}},"type":"if","locations":[{"start":{"line":657,"column":8},"end":{"line":659,"column":9}},{"start":{},"end":{}}],"line":657},"46":{"loc":{"start":{"line":661,"column":10},"end":{"line":663,"column":11}},"type":"if","locations":[{"start":{"line":661,"column":10},"end":{"line":663,"column":11}},{"start":{},"end":{}}],"line":661},"47":{"loc":{"start":{"line":664,"column":10},"end":{"line":666,"column":11}},"type":"if","locations":[{"start":{"line":664,"column":10},"end":{"line":666,"column":11}},{"start":{},"end":{}}],"line":664},"48":{"loc":{"start":{"line":677,"column":6},"end":{"line":679,"column":7}},"type":"if","locations":[{"start":{"line":677,"column":6},"end":{"line":679,"column":7}},{"start":{},"end":{}}],"line":677},"49":{"loc":{"start":{"line":681,"column":6},"end":{"line":683,"column":7}},"type":"if","locations":[{"start":{"line":681,"column":6},"end":{"line":683,"column":7}},{"start":{},"end":{}}],"line":681},"50":{"loc":{"start":{"line":699,"column":6},"end":{"line":701,"column":7}},"type":"if","locations":[{"start":{"line":699,"column":6},"end":{"line":701,"column":7}},{"start":{},"end":{}}],"line":699},"51":{"loc":{"start":{"line":703,"column":6},"end":{"line":705,"column":7}},"type":"if","locations":[{"start":{"line":703,"column":6},"end":{"line":705,"column":7}},{"start":{},"end":{}}],"line":703},"52":{"loc":{"start":{"line":725,"column":6},"end":{"line":727,"column":7}},"type":"if","locations":[{"start":{"line":725,"column":6},"end":{"line":727,"column":7}},{"start":{},"end":{}}],"line":725},"53":{"loc":{"start":{"line":725,"column":10},"end":{"line":725,"column":24}},"type":"binary-expr","locations":[{"start":{"line":725,"column":10},"end":{"line":725,"column":15}},{"start":{"line":725,"column":19},"end":{"line":725,"column":24}}],"line":725},"54":{"loc":{"start":{"line":729,"column":13},"end":{"line":729,"column":78}},"type":"binary-expr","locations":[{"start":{"line":729,"column":13},"end":{"line":729,"column":69}},{"start":{"line":729,"column":73},"end":{"line":729,"column":78}}],"line":729},"55":{"loc":{"start":{"line":743,"column":4},"end":{"line":743,"column":46}},"type":"if","locations":[{"start":{"line":743,"column":4},"end":{"line":743,"column":46}},{"start":{},"end":{}}],"line":743},"56":{"loc":{"start":{"line":744,"column":4},"end":{"line":744,"column":49}},"type":"if","locations":[{"start":{"line":744,"column":4},"end":{"line":744,"column":49}},{"start":{},"end":{}}],"line":744}},"s":{"0":2,"1":2,"2":2,"3":2,"4":2,"5":2,"6":2,"7":2,"8":1,"9":1,"10":1,"11":1,"12":1,"13":1,"14":0,"15":1,"16":1,"17":1,"18":3,"19":3,"20":3,"21":1,"22":0,"23":0,"24":2,"25":0,"26":2,"27":2,"28":1,"29":1,"30":0,"31":1,"32":1,"33":0,"34":0,"35":0,"36":0,"37":0,"38":0,"39":3,"40":3,"41":3,"42":1,"43":2,"44":2,"45":2,"46":2,"47":2,"48":1,"49":1,"50":1,"51":1,"52":1,"53":2,"54":2,"55":2,"56":2,"57":2,"58":1,"59":1,"60":1,"61":0,"62":1,"63":1,"64":1,"65":2,"66":2,"67":2,"68":1,"69":1,"70":1,"71":2,"72":2,"73":2,"74":1,"75":1,"76":1,"77":1,"78":3,"79":3,"80":3,"81":1,"82":2,"83":2,"84":1,"85":1,"86":2,"87":2,"88":2,"89":2,"90":2,"91":1,"92":1,"93":1,"94":2,"95":2,"96":2,"97":2,"98":10,"99":2,"100":3,"101":0,"102":0,"103":0,"104":2,"105":2,"106":2,"107":2,"108":2,"109":0,"110":2,"111":2,"112":1,"113":1,"114":1,"115":1,"116":4,"117":4,"118":4,"119":1,"120":3,"121":0,"122":3,"123":3,"124":3,"125":1,"126":1,"127":2,"128":1,"129":1,"130":1,"131":1,"132":0,"133":1,"134":3,"135":0,"136":0,"137":0,"138":0,"139":0,"140":0,"141":0,"142":0,"143":0,"144":0,"145":0,"146":0,"147":0,"148":0,"149":0,"150":0,"151":0,"152":0,"153":0,"154":0,"155":0,"156":0,"157":0,"158":0,"159":0,"160":0,"161":0,"162":0,"163":0,"164":0,"165":0,"166":0,"167":0,"168":0,"169":0,"170":0,"171":0,"172":0,"173":0,"174":0,"175":0,"176":0,"177":0,"178":0,"179":0,"180":0,"181":0,"182":0,"183":0,"184":0,"185":0,"186":0,"187":0,"188":0,"189":0,"190":0,"191":0,"192":0,"193":0,"194":0,"195":0,"196":0,"197":0,"198":0,"199":0,"200":0,"201":0,"202":0,"203":0,"204":0,"205":0,"206":0,"207":2},"f":{"0":2,"1":3,"2":0,"3":3,"4":2,"5":2,"6":2,"7":3,"8":2,"9":2,"10":3,"11":0,"12":2,"13":4,"14":0,"15":0,"16":0,"17":0,"18":0,"19":0,"20":0,"21":0},"b":{"0":[1,1],"1":[0,1],"2":[1,2],"3":[0,0],"4":[1,1],"5":[0,2],"6":[0,1],"7":[1,1,1],"8":[0,0],"9":[0,0],"10":[1,2],"11":[3,2],"12":[2,0],"13":[1,0],"14":[1,1],"15":[1,1],"16":[2,1],"17":[0,1],"18":[1,1],"19":[2,1],"20":[1,1],"21":[2,1],"22":[1,2],"23":[3,2],"24":[1,1],"25":[1,1],"26":[2,1],"27":[0,2],"28":[1,1],"29":[2,1],"30":[1,3],"31":[4,3],"32":[0,3],"33":[1,2],"34":[1,1],"35":[0,1],"36":[0,0],"37":[0,0],"38":[0,0],"39":[0,0],"40":[0,0],"41":[0,0],"42":[0,0],"43":[0,0],"44":[0,0],"45":[0,0],"46":[0,0],"47":[0,0],"48":[0,0],"49":[0,0],"50":[0,0],"51":[0,0],"52":[0,0],"53":[0,0],"54":[0,0],"55":[0,0],"56":[0,0]},"_coverageSchema":"1a1c01bbd47fc00a2c39e90264f33305004495a9","hash":"ccfc56291defe33bd264a55ba68bf8e205b269b6"}
}
