{"/home/tumisho/Documents/univeristy/year3.0_2025/year3.2/cos301/Secure-File-Sharing-Platform/sfsp-api/controllers/fileController.js": {"path":"/home/tumisho/Documents/univeristy/year3.0_2025/year3.2/cos301/Secure-File-Sharing-Platform/sfsp-api/controllers/fileController.js","statementMap":{"0":{"start":{"line":2,"column":14},"end":{"line":2,"column":30}},"1":{"start":{"line":3,"column":0},"end":{"line":3,"column":27}},"2":{"start":{"line":4,"column":15},"end":{"line":4,"column":32}},"3":{"start":{"line":5,"column":17},"end":{"line":5,"column":37}},"4":{"start":{"line":6,"column":13},"end":{"line":6,"column":28}},"5":{"start":{"line":7,"column":11},"end":{"line":7,"column":24}},"6":{"start":{"line":9,"column":15},"end":{"line":9,"column":58}},"7":{"start":{"line":12,"column":0},"end":{"line":74,"column":2}},"8":{"start":{"line":13,"column":29},"end":{"line":13,"column":37}},"9":{"start":{"line":15,"column":2},"end":{"line":17,"column":3}},"10":{"start":{"line":16,"column":4},"end":{"line":16,"column":60}},"11":{"start":{"line":19,"column":2},"end":{"line":73,"column":3}},"12":{"start":{"line":21,"column":21},"end":{"line":29,"column":6}},"13":{"start":{"line":31,"column":21},"end":{"line":31,"column":52}},"14":{"start":{"line":32,"column":18},"end":{"line":32,"column":45}},"15":{"start":{"line":34,"column":3},"end":{"line":34,"column":42}},"16":{"start":{"line":35,"column":3},"end":{"line":35,"column":37}},"17":{"start":{"line":37,"column":4},"end":{"line":40,"column":5}},"18":{"start":{"line":38,"column":6},"end":{"line":38,"column":80}},"19":{"start":{"line":39,"column":6},"end":{"line":39,"column":81}},"20":{"start":{"line":42,"column":4},"end":{"line":46,"column":6}},"21":{"start":{"line":49,"column":4},"end":{"line":54,"column":7}},"22":{"start":{"line":57,"column":4},"end":{"line":57,"column":28}},"23":{"start":{"line":60,"column":4},"end":{"line":63,"column":7}},"24":{"start":{"line":61,"column":6},"end":{"line":61,"column":58}},"25":{"start":{"line":62,"column":6},"end":{"line":62,"column":16}},"26":{"start":{"line":66,"column":4},"end":{"line":68,"column":7}},"27":{"start":{"line":67,"column":6},"end":{"line":67,"column":71}},"28":{"start":{"line":71,"column":4},"end":{"line":71,"column":52}},"29":{"start":{"line":72,"column":4},"end":{"line":72,"column":51}},"30":{"start":{"line":76,"column":0},"end":{"line":102,"column":2}},"31":{"start":{"line":77,"column":17},"end":{"line":77,"column":32}},"32":{"start":{"line":78,"column":2},"end":{"line":78,"column":57}},"33":{"start":{"line":80,"column":2},"end":{"line":82,"column":3}},"34":{"start":{"line":81,"column":4},"end":{"line":81,"column":55}},"35":{"start":{"line":84,"column":2},"end":{"line":101,"column":3}},"36":{"start":{"line":85,"column":21},"end":{"line":89,"column":5}},"37":{"start":{"line":91,"column":4},"end":{"line":93,"column":5}},"38":{"start":{"line":92,"column":6},"end":{"line":92,"column":75}},"39":{"start":{"line":95,"column":25},"end":{"line":95,"column":38}},"40":{"start":{"line":96,"column":4},"end":{"line":96,"column":27}},"41":{"start":{"line":98,"column":4},"end":{"line":98,"column":36}},"42":{"start":{"line":99,"column":4},"end":{"line":99,"column":61}},"43":{"start":{"line":100,"column":4},"end":{"line":100,"column":54}},"44":{"start":{"line":104,"column":0},"end":{"line":148,"column":2}},"45":{"start":{"line":105,"column":2},"end":{"line":147,"column":3}},"46":{"start":{"line":114,"column":8},"end":{"line":114,"column":16}},"47":{"start":{"line":116,"column":4},"end":{"line":116,"column":49}},"48":{"start":{"line":118,"column":4},"end":{"line":120,"column":5}},"49":{"start":{"line":119,"column":6},"end":{"line":119,"column":64}},"50":{"start":{"line":122,"column":20},"end":{"line":122,"column":22}},"51":{"start":{"line":123,"column":4},"end":{"line":127,"column":5}},"52":{"start":{"line":124,"column":6},"end":{"line":124,"column":27}},"53":{"start":{"line":125,"column":11},"end":{"line":127,"column":5}},"54":{"start":{"line":126,"column":6},"end":{"line":126,"column":29}},"55":{"start":{"line":129,"column":21},"end":{"line":141,"column":5}},"56":{"start":{"line":143,"column":4},"end":{"line":143,"column":59}},"57":{"start":{"line":145,"column":4},"end":{"line":145,"column":53}},"58":{"start":{"line":146,"column":4},"end":{"line":146,"column":51}},"59":{"start":{"line":150,"column":0},"end":{"line":213,"column":2}},"60":{"start":{"line":151,"column":2},"end":{"line":212,"column":3}},"61":{"start":{"line":164,"column":8},"end":{"line":164,"column":16}},"62":{"start":{"line":166,"column":4},"end":{"line":168,"column":5}},"63":{"start":{"line":167,"column":6},"end":{"line":167,"column":69}},"64":{"start":{"line":170,"column":4},"end":{"line":172,"column":5}},"65":{"start":{"line":171,"column":6},"end":{"line":171,"column":80}},"66":{"start":{"line":174,"column":20},"end":{"line":174,"column":24}},"67":{"start":{"line":175,"column":4},"end":{"line":186,"column":5}},"68":{"start":{"line":176,"column":6},"end":{"line":185,"column":7}},"69":{"start":{"line":177,"column":8},"end":{"line":182,"column":9}},"70":{"start":{"line":178,"column":10},"end":{"line":178,"column":31}},"71":{"start":{"line":179,"column":10},"end":{"line":179,"column":31}},"72":{"start":{"line":181,"column":10},"end":{"line":181,"column":49}},"73":{"start":{"line":183,"column":13},"end":{"line":185,"column":7}},"74":{"start":{"line":184,"column":8},"end":{"line":184,"column":45}},"75":{"start":{"line":188,"column":21},"end":{"line":188,"column":35}},"76":{"start":{"line":189,"column":4},"end":{"line":189,"column":38}},"77":{"start":{"line":190,"column":4},"end":{"line":190,"column":42}},"78":{"start":{"line":191,"column":4},"end":{"line":191,"column":72}},"79":{"start":{"line":192,"column":4},"end":{"line":192,"column":38}},"80":{"start":{"line":193,"column":4},"end":{"line":193,"column":36}},"81":{"start":{"line":194,"column":4},"end":{"line":194,"column":42}},"82":{"start":{"line":195,"column":4},"end":{"line":195,"column":62}},"83":{"start":{"line":196,"column":4},"end":{"line":196,"column":43}},"84":{"start":{"line":197,"column":4},"end":{"line":197,"column":46}},"85":{"start":{"line":198,"column":4},"end":{"line":198,"column":48}},"86":{"start":{"line":199,"column":4},"end":{"line":199,"column":51}},"87":{"start":{"line":200,"column":4},"end":{"line":200,"column":78}},"88":{"start":{"line":202,"column":23},"end":{"line":206,"column":5}},"89":{"start":{"line":208,"column":4},"end":{"line":208,"column":63}},"90":{"start":{"line":210,"column":4},"end":{"line":210,"column":48}},"91":{"start":{"line":211,"column":4},"end":{"line":211,"column":42}},"92":{"start":{"line":215,"column":0},"end":{"line":241,"column":2}},"93":{"start":{"line":216,"column":17},"end":{"line":216,"column":32}},"94":{"start":{"line":218,"column":2},"end":{"line":220,"column":3}},"95":{"start":{"line":219,"column":4},"end":{"line":219,"column":55}},"96":{"start":{"line":222,"column":2},"end":{"line":240,"column":3}},"97":{"start":{"line":223,"column":21},"end":{"line":229,"column":5}},"98":{"start":{"line":231,"column":4},"end":{"line":233,"column":5}},"99":{"start":{"line":232,"column":6},"end":{"line":232,"column":77}},"100":{"start":{"line":235,"column":22},"end":{"line":235,"column":35}},"101":{"start":{"line":236,"column":4},"end":{"line":236,"column":28}},"102":{"start":{"line":238,"column":4},"end":{"line":238,"column":63}},"103":{"start":{"line":239,"column":4},"end":{"line":239,"column":56}},"104":{"start":{"line":243,"column":0},"end":{"line":270,"column":2}},"105":{"start":{"line":244,"column":29},"end":{"line":244,"column":37}},"106":{"start":{"line":246,"column":2},"end":{"line":248,"column":3}},"107":{"start":{"line":247,"column":4},"end":{"line":247,"column":55}},"108":{"start":{"line":250,"column":2},"end":{"line":252,"column":3}},"109":{"start":{"line":251,"column":4},"end":{"line":251,"column":52}},"110":{"start":{"line":254,"column":2},"end":{"line":269,"column":3}},"111":{"start":{"line":255,"column":21},"end":{"line":260,"column":5}},"112":{"start":{"line":262,"column":4},"end":{"line":264,"column":5}},"113":{"start":{"line":263,"column":6},"end":{"line":263,"column":69}},"114":{"start":{"line":265,"column":4},"end":{"line":265,"column":54}},"115":{"start":{"line":267,"column":4},"end":{"line":267,"column":55}},"116":{"start":{"line":268,"column":4},"end":{"line":268,"column":48}},"117":{"start":{"line":273,"column":0},"end":{"line":321,"column":2}},"118":{"start":{"line":276,"column":4},"end":{"line":319,"column":5}},"119":{"start":{"line":284,"column":10},"end":{"line":284,"column":18}},"120":{"start":{"line":285,"column":28},"end":{"line":285,"column":44}},"121":{"start":{"line":287,"column":6},"end":{"line":289,"column":7}},"122":{"start":{"line":288,"column":8},"end":{"line":288,"column":77}},"123":{"start":{"line":292,"column":23},"end":{"line":292,"column":37}},"124":{"start":{"line":293,"column":6},"end":{"line":293,"column":40}},"125":{"start":{"line":294,"column":6},"end":{"line":294,"column":40}},"126":{"start":{"line":295,"column":6},"end":{"line":295,"column":58}},"127":{"start":{"line":296,"column":6},"end":{"line":296,"column":44}},"128":{"start":{"line":297,"column":6},"end":{"line":297,"column":48}},"129":{"start":{"line":298,"column":6},"end":{"line":298,"column":50}},"130":{"start":{"line":299,"column":6},"end":{"line":302,"column":9}},"131":{"start":{"line":305,"column":25},"end":{"line":312,"column":7}},"132":{"start":{"line":315,"column":6},"end":{"line":315,"column":58}},"133":{"start":{"line":317,"column":6},"end":{"line":317,"column":56}},"134":{"start":{"line":318,"column":6},"end":{"line":318,"column":50}},"135":{"start":{"line":323,"column":0},"end":{"line":341,"column":2}},"136":{"start":{"line":324,"column":48},"end":{"line":324,"column":56}},"137":{"start":{"line":325,"column":2},"end":{"line":329,"column":3}},"138":{"start":{"line":326,"column":4},"end":{"line":328,"column":76}},"139":{"start":{"line":330,"column":2},"end":{"line":340,"column":3}},"140":{"start":{"line":331,"column":21},"end":{"line":335,"column":5}},"141":{"start":{"line":336,"column":4},"end":{"line":336,"column":52}},"142":{"start":{"line":338,"column":4},"end":{"line":338,"column":56}},"143":{"start":{"line":339,"column":4},"end":{"line":339,"column":53}},"144":{"start":{"line":343,"column":0},"end":{"line":356,"column":2}},"145":{"start":{"line":344,"column":22},"end":{"line":344,"column":30}},"146":{"start":{"line":345,"column":2},"end":{"line":355,"column":3}},"147":{"start":{"line":346,"column":21},"end":{"line":350,"column":5}},"148":{"start":{"line":351,"column":4},"end":{"line":351,"column":52}},"149":{"start":{"line":353,"column":4},"end":{"line":353,"column":56}},"150":{"start":{"line":354,"column":4},"end":{"line":354,"column":53}},"151":{"start":{"line":358,"column":0},"end":{"line":374,"column":2}},"152":{"start":{"line":359,"column":27},"end":{"line":359,"column":35}},"153":{"start":{"line":360,"column":2},"end":{"line":362,"column":3}},"154":{"start":{"line":361,"column":4},"end":{"line":361,"column":75}},"155":{"start":{"line":363,"column":2},"end":{"line":373,"column":3}},"156":{"start":{"line":364,"column":21},"end":{"line":368,"column":5}},"157":{"start":{"line":369,"column":4},"end":{"line":369,"column":52}},"158":{"start":{"line":371,"column":4},"end":{"line":371,"column":50}},"159":{"start":{"line":372,"column":4},"end":{"line":372,"column":59}},"160":{"start":{"line":376,"column":0},"end":{"line":393,"column":2}},"161":{"start":{"line":377,"column":21},"end":{"line":377,"column":29}},"162":{"start":{"line":379,"column":2},"end":{"line":381,"column":3}},"163":{"start":{"line":380,"column":4},"end":{"line":380,"column":50}},"164":{"start":{"line":382,"column":2},"end":{"line":392,"column":3}},"165":{"start":{"line":383,"column":21},"end":{"line":387,"column":5}},"166":{"start":{"line":388,"column":4},"end":{"line":388,"column":52}},"167":{"start":{"line":390,"column":4},"end":{"line":390,"column":51}},"168":{"start":{"line":391,"column":4},"end":{"line":391,"column":61}},"169":{"start":{"line":395,"column":0},"end":{"line":414,"column":2}},"170":{"start":{"line":396,"column":21},"end":{"line":396,"column":29}},"171":{"start":{"line":397,"column":2},"end":{"line":399,"column":3}},"172":{"start":{"line":398,"column":4},"end":{"line":398,"column":50}},"173":{"start":{"line":401,"column":2},"end":{"line":413,"column":3}},"174":{"start":{"line":402,"column":21},"end":{"line":408,"column":5}},"175":{"start":{"line":409,"column":4},"end":{"line":409,"column":52}},"176":{"start":{"line":411,"column":4},"end":{"line":411,"column":53}},"177":{"start":{"line":412,"column":4},"end":{"line":412,"column":55}},"178":{"start":{"line":416,"column":0},"end":{"line":433,"column":2}},"179":{"start":{"line":417,"column":21},"end":{"line":417,"column":29}},"180":{"start":{"line":418,"column":2},"end":{"line":420,"column":3}},"181":{"start":{"line":419,"column":4},"end":{"line":419,"column":50}},"182":{"start":{"line":422,"column":2},"end":{"line":432,"column":3}},"183":{"start":{"line":423,"column":21},"end":{"line":427,"column":5}},"184":{"start":{"line":428,"column":4},"end":{"line":428,"column":52}},"185":{"start":{"line":430,"column":4},"end":{"line":430,"column":49}},"186":{"start":{"line":431,"column":4},"end":{"line":431,"column":43}},"187":{"start":{"line":435,"column":0},"end":{"line":451,"column":2}},"188":{"start":{"line":436,"column":27},"end":{"line":436,"column":35}},"189":{"start":{"line":437,"column":2},"end":{"line":439,"column":3}},"190":{"start":{"line":438,"column":4},"end":{"line":438,"column":75}},"191":{"start":{"line":440,"column":2},"end":{"line":450,"column":3}},"192":{"start":{"line":441,"column":21},"end":{"line":445,"column":5}},"193":{"start":{"line":446,"column":4},"end":{"line":446,"column":52}},"194":{"start":{"line":448,"column":4},"end":{"line":448,"column":53}},"195":{"start":{"line":449,"column":4},"end":{"line":449,"column":62}},"196":{"start":{"line":455,"column":0},"end":{"line":500,"column":2}},"197":{"start":{"line":456,"column":23},"end":{"line":456,"column":31}},"198":{"start":{"line":458,"column":2},"end":{"line":460,"column":3}},"199":{"start":{"line":459,"column":4},"end":{"line":459,"column":57}},"200":{"start":{"line":462,"column":2},"end":{"line":499,"column":3}},"201":{"start":{"line":464,"column":21},"end":{"line":470,"column":6}},"202":{"start":{"line":473,"column":4},"end":{"line":477,"column":7}},"203":{"start":{"line":480,"column":4},"end":{"line":480,"column":28}},"204":{"start":{"line":483,"column":4},"end":{"line":485,"column":7}},"205":{"start":{"line":484,"column":6},"end":{"line":484,"column":65}},"206":{"start":{"line":487,"column":4},"end":{"line":490,"column":7}},"207":{"start":{"line":488,"column":6},"end":{"line":488,"column":68}},"208":{"start":{"line":489,"column":6},"end":{"line":489,"column":16}},"209":{"start":{"line":493,"column":4},"end":{"line":493,"column":64}},"210":{"start":{"line":494,"column":4},"end":{"line":498,"column":5}},"211":{"start":{"line":495,"column":6},"end":{"line":495,"column":61}},"212":{"start":{"line":497,"column":6},"end":{"line":497,"column":16}},"213":{"start":{"line":502,"column":0},"end":{"line":522,"column":2}},"214":{"start":{"line":503,"column":34},"end":{"line":503,"column":42}},"215":{"start":{"line":505,"column":2},"end":{"line":507,"column":3}},"216":{"start":{"line":506,"column":4},"end":{"line":506,"column":65}},"217":{"start":{"line":509,"column":2},"end":{"line":521,"column":3}},"218":{"start":{"line":510,"column":21},"end":{"line":516,"column":5}},"219":{"start":{"line":517,"column":4},"end":{"line":517,"column":52}},"220":{"start":{"line":519,"column":4},"end":{"line":519,"column":57}},"221":{"start":{"line":520,"column":4},"end":{"line":520,"column":66}},"222":{"start":{"line":524,"column":0},"end":{"line":542,"column":2}},"223":{"start":{"line":525,"column":58},"end":{"line":525,"column":66}},"224":{"start":{"line":527,"column":2},"end":{"line":529,"column":3}},"225":{"start":{"line":528,"column":4},"end":{"line":528,"column":64}},"226":{"start":{"line":531,"column":2},"end":{"line":541,"column":3}},"227":{"start":{"line":532,"column":21},"end":{"line":536,"column":5}},"228":{"start":{"line":537,"column":4},"end":{"line":537,"column":52}},"229":{"start":{"line":539,"column":4},"end":{"line":539,"column":55}},"230":{"start":{"line":540,"column":4},"end":{"line":540,"column":52}},"231":{"start":{"line":544,"column":0},"end":{"line":564,"column":2}},"232":{"start":{"line":545,"column":30},"end":{"line":545,"column":38}},"233":{"start":{"line":547,"column":2},"end":{"line":549,"column":3}},"234":{"start":{"line":548,"column":4},"end":{"line":548,"column":61}},"235":{"start":{"line":551,"column":2},"end":{"line":563,"column":3}},"236":{"start":{"line":552,"column":21},"end":{"line":558,"column":5}},"237":{"start":{"line":559,"column":4},"end":{"line":559,"column":52}},"238":{"start":{"line":561,"column":4},"end":{"line":561,"column":58}},"239":{"start":{"line":562,"column":4},"end":{"line":562,"column":55}},"240":{"start":{"line":566,"column":0},"end":{"line":631,"column":2}},"241":{"start":{"line":569,"column":4},"end":{"line":629,"column":5}},"242":{"start":{"line":577,"column":10},"end":{"line":577,"column":18}},"243":{"start":{"line":578,"column":28},"end":{"line":578,"column":44}},"244":{"start":{"line":580,"column":6},"end":{"line":590,"column":7}},"245":{"start":{"line":587,"column":8},"end":{"line":589,"column":80}},"246":{"start":{"line":593,"column":23},"end":{"line":593,"column":37}},"247":{"start":{"line":594,"column":6},"end":{"line":594,"column":40}},"248":{"start":{"line":595,"column":6},"end":{"line":595,"column":40}},"249":{"start":{"line":596,"column":6},"end":{"line":596,"column":58}},"250":{"start":{"line":597,"column":6},"end":{"line":597,"column":44}},"251":{"start":{"line":598,"column":6},"end":{"line":598,"column":48}},"252":{"start":{"line":599,"column":6},"end":{"line":599,"column":50}},"253":{"start":{"line":600,"column":6},"end":{"line":603,"column":9}},"254":{"start":{"line":606,"column":23},"end":{"line":613,"column":7}},"255":{"start":{"line":615,"column":6},"end":{"line":617,"column":7}},"256":{"start":{"line":616,"column":8},"end":{"line":616,"column":73}},"257":{"start":{"line":620,"column":35},"end":{"line":620,"column":48}},"258":{"start":{"line":622,"column":6},"end":{"line":625,"column":9}},"259":{"start":{"line":627,"column":6},"end":{"line":627,"column":64}},"260":{"start":{"line":628,"column":6},"end":{"line":628,"column":58}},"261":{"start":{"line":633,"column":0},"end":{"line":660,"column":2}},"262":{"start":{"line":634,"column":21},"end":{"line":634,"column":29}},"263":{"start":{"line":636,"column":2},"end":{"line":638,"column":3}},"264":{"start":{"line":637,"column":4},"end":{"line":637,"column":50}},"265":{"start":{"line":640,"column":2},"end":{"line":659,"column":3}},"266":{"start":{"line":641,"column":21},"end":{"line":647,"column":5}},"267":{"start":{"line":649,"column":4},"end":{"line":653,"column":5}},"268":{"start":{"line":650,"column":6},"end":{"line":652,"column":52}},"269":{"start":{"line":655,"column":4},"end":{"line":655,"column":40}},"270":{"start":{"line":657,"column":4},"end":{"line":657,"column":70}},"271":{"start":{"line":658,"column":4},"end":{"line":658,"column":63}},"272":{"start":{"line":662,"column":0},"end":{"line":688,"column":2}},"273":{"start":{"line":663,"column":29},"end":{"line":663,"column":37}},"274":{"start":{"line":665,"column":2},"end":{"line":667,"column":3}},"275":{"start":{"line":666,"column":4},"end":{"line":666,"column":60}},"276":{"start":{"line":669,"column":2},"end":{"line":687,"column":3}},"277":{"start":{"line":670,"column":21},"end":{"line":676,"column":5}},"278":{"start":{"line":678,"column":4},"end":{"line":682,"column":5}},"279":{"start":{"line":679,"column":6},"end":{"line":681,"column":56}},"280":{"start":{"line":683,"column":4},"end":{"line":683,"column":40}},"281":{"start":{"line":685,"column":4},"end":{"line":685,"column":74}},"282":{"start":{"line":686,"column":4},"end":{"line":686,"column":67}},"283":{"start":{"line":690,"column":0},"end":{"line":714,"column":2}},"284":{"start":{"line":691,"column":42},"end":{"line":691,"column":50}},"285":{"start":{"line":693,"column":2},"end":{"line":695,"column":3}},"286":{"start":{"line":694,"column":4},"end":{"line":694,"column":73}},"287":{"start":{"line":697,"column":2},"end":{"line":713,"column":3}},"288":{"start":{"line":698,"column":21},"end":{"line":704,"column":5}},"289":{"start":{"line":706,"column":4},"end":{"line":708,"column":5}},"290":{"start":{"line":707,"column":6},"end":{"line":707,"column":76}},"291":{"start":{"line":709,"column":4},"end":{"line":709,"column":62}},"292":{"start":{"line":711,"column":4},"end":{"line":711,"column":62}},"293":{"start":{"line":712,"column":4},"end":{"line":712,"column":55}},"294":{"start":{"line":717,"column":0},"end":{"line":768,"column":2}},"295":{"start":{"line":718,"column":29},"end":{"line":718,"column":37}},"296":{"start":{"line":720,"column":2},"end":{"line":722,"column":3}},"297":{"start":{"line":721,"column":4},"end":{"line":721,"column":60}},"298":{"start":{"line":724,"column":2},"end":{"line":767,"column":3}},"299":{"start":{"line":725,"column":21},"end":{"line":731,"column":6}},"300":{"start":{"line":733,"column":21},"end":{"line":733,"column":62}},"301":{"start":{"line":734,"column":25},"end":{"line":734,"column":64}},"302":{"start":{"line":735,"column":26},"end":{"line":735,"column":62}},"303":{"start":{"line":737,"column":4},"end":{"line":743,"column":7}},"304":{"start":{"line":745,"column":4},"end":{"line":747,"column":6}},"305":{"start":{"line":749,"column":4},"end":{"line":749,"column":28}},"306":{"start":{"line":751,"column":4},"end":{"line":753,"column":7}},"307":{"start":{"line":752,"column":6},"end":{"line":752,"column":102}},"308":{"start":{"line":755,"column":4},"end":{"line":758,"column":7}},"309":{"start":{"line":756,"column":6},"end":{"line":756,"column":66}},"310":{"start":{"line":757,"column":6},"end":{"line":757,"column":16}},"311":{"start":{"line":761,"column":4},"end":{"line":761,"column":60}},"312":{"start":{"line":763,"column":4},"end":{"line":765,"column":5}},"313":{"start":{"line":764,"column":6},"end":{"line":764,"column":72}},"314":{"start":{"line":766,"column":4},"end":{"line":766,"column":61}}},"fnMap":{"0":{"name":"(anonymous_0)","decl":{"start":{"line":12,"column":23},"end":{"line":12,"column":24}},"loc":{"start":{"line":12,"column":43},"end":{"line":74,"column":1}},"line":12},"1":{"name":"(anonymous_1)","decl":{"start":{"line":60,"column":30},"end":{"line":60,"column":31}},"loc":{"start":{"line":60,"column":39},"end":{"line":63,"column":5}},"line":60},"2":{"name":"(anonymous_2)","decl":{"start":{"line":66,"column":28},"end":{"line":66,"column":29}},"loc":{"start":{"line":66,"column":34},"end":{"line":68,"column":5}},"line":66},"3":{"name":"(anonymous_3)","decl":{"start":{"line":76,"column":22},"end":{"line":76,"column":23}},"loc":{"start":{"line":76,"column":42},"end":{"line":102,"column":1}},"line":76},"4":{"name":"(anonymous_4)","decl":{"start":{"line":104,"column":22},"end":{"line":104,"column":23}},"loc":{"start":{"line":104,"column":42},"end":{"line":148,"column":1}},"line":104},"5":{"name":"(anonymous_5)","decl":{"start":{"line":150,"column":22},"end":{"line":150,"column":23}},"loc":{"start":{"line":150,"column":42},"end":{"line":213,"column":1}},"line":150},"6":{"name":"(anonymous_6)","decl":{"start":{"line":215,"column":27},"end":{"line":215,"column":28}},"loc":{"start":{"line":215,"column":47},"end":{"line":241,"column":1}},"line":215},"7":{"name":"(anonymous_7)","decl":{"start":{"line":243,"column":21},"end":{"line":243,"column":22}},"loc":{"start":{"line":243,"column":41},"end":{"line":270,"column":1}},"line":243},"8":{"name":"(anonymous_8)","decl":{"start":{"line":275,"column":2},"end":{"line":275,"column":3}},"loc":{"start":{"line":275,"column":22},"end":{"line":320,"column":3}},"line":275},"9":{"name":"(anonymous_9)","decl":{"start":{"line":323,"column":23},"end":{"line":323,"column":24}},"loc":{"start":{"line":323,"column":43},"end":{"line":341,"column":1}},"line":323},"10":{"name":"(anonymous_10)","decl":{"start":{"line":343,"column":23},"end":{"line":343,"column":24}},"loc":{"start":{"line":343,"column":43},"end":{"line":356,"column":1}},"line":343},"11":{"name":"(anonymous_11)","decl":{"start":{"line":358,"column":18},"end":{"line":358,"column":19}},"loc":{"start":{"line":358,"column":38},"end":{"line":374,"column":1}},"line":358},"12":{"name":"(anonymous_12)","decl":{"start":{"line":376,"column":25},"end":{"line":376,"column":26}},"loc":{"start":{"line":376,"column":45},"end":{"line":393,"column":1}},"line":376},"13":{"name":"(anonymous_13)","decl":{"start":{"line":395,"column":25},"end":{"line":395,"column":26}},"loc":{"start":{"line":395,"column":45},"end":{"line":414,"column":1}},"line":395},"14":{"name":"(anonymous_14)","decl":{"start":{"line":416,"column":22},"end":{"line":416,"column":23}},"loc":{"start":{"line":416,"column":42},"end":{"line":433,"column":1}},"line":416},"15":{"name":"(anonymous_15)","decl":{"start":{"line":435,"column":25},"end":{"line":435,"column":26}},"loc":{"start":{"line":435,"column":45},"end":{"line":451,"column":1}},"line":435},"16":{"name":"(anonymous_16)","decl":{"start":{"line":455,"column":27},"end":{"line":455,"column":28}},"loc":{"start":{"line":455,"column":47},"end":{"line":500,"column":1}},"line":455},"17":{"name":"(anonymous_17)","decl":{"start":{"line":483,"column":28},"end":{"line":483,"column":29}},"loc":{"start":{"line":483,"column":34},"end":{"line":485,"column":5}},"line":483},"18":{"name":"(anonymous_18)","decl":{"start":{"line":487,"column":30},"end":{"line":487,"column":31}},"loc":{"start":{"line":487,"column":39},"end":{"line":490,"column":5}},"line":487},"19":{"name":"(anonymous_19)","decl":{"start":{"line":502,"column":25},"end":{"line":502,"column":26}},"loc":{"start":{"line":502,"column":45},"end":{"line":522,"column":1}},"line":502},"20":{"name":"(anonymous_20)","decl":{"start":{"line":524,"column":23},"end":{"line":524,"column":24}},"loc":{"start":{"line":524,"column":43},"end":{"line":542,"column":1}},"line":524},"21":{"name":"(anonymous_21)","decl":{"start":{"line":544,"column":25},"end":{"line":544,"column":26}},"loc":{"start":{"line":544,"column":45},"end":{"line":564,"column":1}},"line":544},"22":{"name":"(anonymous_22)","decl":{"start":{"line":568,"column":2},"end":{"line":568,"column":3}},"loc":{"start":{"line":568,"column":22},"end":{"line":630,"column":3}},"line":568},"23":{"name":"(anonymous_23)","decl":{"start":{"line":633,"column":29},"end":{"line":633,"column":30}},"loc":{"start":{"line":633,"column":49},"end":{"line":660,"column":1}},"line":633},"24":{"name":"(anonymous_24)","decl":{"start":{"line":662,"column":32},"end":{"line":662,"column":33}},"loc":{"start":{"line":662,"column":52},"end":{"line":688,"column":1}},"line":662},"25":{"name":"(anonymous_25)","decl":{"start":{"line":690,"column":27},"end":{"line":690,"column":28}},"loc":{"start":{"line":690,"column":47},"end":{"line":714,"column":1}},"line":690},"26":{"name":"(anonymous_26)","decl":{"start":{"line":717,"column":27},"end":{"line":717,"column":28}},"loc":{"start":{"line":717,"column":47},"end":{"line":768,"column":1}},"line":717},"27":{"name":"(anonymous_27)","decl":{"start":{"line":751,"column":28},"end":{"line":751,"column":29}},"loc":{"start":{"line":751,"column":34},"end":{"line":753,"column":5}},"line":751},"28":{"name":"(anonymous_28)","decl":{"start":{"line":755,"column":30},"end":{"line":755,"column":31}},"loc":{"start":{"line":755,"column":39},"end":{"line":758,"column":5}},"line":755}},"branchMap":{"0":{"loc":{"start":{"line":15,"column":2},"end":{"line":17,"column":3}},"type":"if","locations":[{"start":{"line":15,"column":2},"end":{"line":17,"column":3}},{"start":{},"end":{}}],"line":15},"1":{"loc":{"start":{"line":15,"column":6},"end":{"line":15,"column":24}},"type":"binary-expr","locations":[{"start":{"line":15,"column":6},"end":{"line":15,"column":13}},{"start":{"line":15,"column":17},"end":{"line":15,"column":24}}],"line":15},"2":{"loc":{"start":{"line":24,"column":8},"end":{"line":24,"column":63}},"type":"binary-expr","locations":[{"start":{"line":24,"column":8},"end":{"line":24,"column":36}},{"start":{"line":24,"column":40},"end":{"line":24,"column":63}}],"line":24},"3":{"loc":{"start":{"line":37,"column":4},"end":{"line":40,"column":5}},"type":"if","locations":[{"start":{"line":37,"column":4},"end":{"line":40,"column":5}},{"start":{},"end":{}}],"line":37},"4":{"loc":{"start":{"line":37,"column":8},"end":{"line":37,"column":27}},"type":"binary-expr","locations":[{"start":{"line":37,"column":8},"end":{"line":37,"column":17}},{"start":{"line":37,"column":21},"end":{"line":37,"column":27}}],"line":37},"5":{"loc":{"start":{"line":80,"column":2},"end":{"line":82,"column":3}},"type":"if","locations":[{"start":{"line":80,"column":2},"end":{"line":82,"column":3}},{"start":{},"end":{}}],"line":80},"6":{"loc":{"start":{"line":86,"column":9},"end":{"line":86,"column":64}},"type":"binary-expr","locations":[{"start":{"line":86,"column":9},"end":{"line":86,"column":37}},{"start":{"line":86,"column":41},"end":{"line":86,"column":64}}],"line":86},"7":{"loc":{"start":{"line":91,"column":4},"end":{"line":93,"column":5}},"type":"if","locations":[{"start":{"line":91,"column":4},"end":{"line":93,"column":5}},{"start":{},"end":{}}],"line":91},"8":{"loc":{"start":{"line":118,"column":4},"end":{"line":120,"column":5}},"type":"if","locations":[{"start":{"line":118,"column":4},"end":{"line":120,"column":5}},{"start":{},"end":{}}],"line":118},"9":{"loc":{"start":{"line":118,"column":8},"end":{"line":118,"column":28}},"type":"binary-expr","locations":[{"start":{"line":118,"column":8},"end":{"line":118,"column":17}},{"start":{"line":118,"column":21},"end":{"line":118,"column":28}}],"line":118},"10":{"loc":{"start":{"line":123,"column":4},"end":{"line":127,"column":5}},"type":"if","locations":[{"start":{"line":123,"column":4},"end":{"line":127,"column":5}},{"start":{"line":125,"column":11},"end":{"line":127,"column":5}}],"line":123},"11":{"loc":{"start":{"line":125,"column":11},"end":{"line":127,"column":5}},"type":"if","locations":[{"start":{"line":125,"column":11},"end":{"line":127,"column":5}},{"start":{},"end":{}}],"line":125},"12":{"loc":{"start":{"line":125,"column":15},"end":{"line":125,"column":69}},"type":"binary-expr","locations":[{"start":{"line":125,"column":15},"end":{"line":125,"column":43}},{"start":{"line":125,"column":47},"end":{"line":125,"column":69}}],"line":125},"13":{"loc":{"start":{"line":130,"column":9},"end":{"line":130,"column":64}},"type":"binary-expr","locations":[{"start":{"line":130,"column":9},"end":{"line":130,"column":37}},{"start":{"line":130,"column":41},"end":{"line":130,"column":64}}],"line":130},"14":{"loc":{"start":{"line":133,"column":18},"end":{"line":133,"column":32}},"type":"binary-expr","locations":[{"start":{"line":133,"column":18},"end":{"line":133,"column":26}},{"start":{"line":133,"column":30},"end":{"line":133,"column":32}}],"line":133},"15":{"loc":{"start":{"line":136,"column":25},"end":{"line":136,"column":46}},"type":"binary-expr","locations":[{"start":{"line":136,"column":25},"end":{"line":136,"column":40}},{"start":{"line":136,"column":44},"end":{"line":136,"column":46}}],"line":136},"16":{"loc":{"start":{"line":138,"column":14},"end":{"line":138,"column":35}},"type":"binary-expr","locations":[{"start":{"line":138,"column":14},"end":{"line":138,"column":24}},{"start":{"line":138,"column":28},"end":{"line":138,"column":35}}],"line":138},"17":{"loc":{"start":{"line":166,"column":4},"end":{"line":168,"column":5}},"type":"if","locations":[{"start":{"line":166,"column":4},"end":{"line":168,"column":5}},{"start":{},"end":{}}],"line":166},"18":{"loc":{"start":{"line":166,"column":8},"end":{"line":166,"column":38}},"type":"binary-expr","locations":[{"start":{"line":166,"column":8},"end":{"line":166,"column":17}},{"start":{"line":166,"column":21},"end":{"line":166,"column":38}}],"line":166},"19":{"loc":{"start":{"line":170,"column":4},"end":{"line":172,"column":5}},"type":"if","locations":[{"start":{"line":170,"column":4},"end":{"line":172,"column":5}},{"start":{},"end":{}}],"line":170},"20":{"loc":{"start":{"line":170,"column":8},"end":{"line":170,"column":49}},"type":"binary-expr","locations":[{"start":{"line":170,"column":8},"end":{"line":170,"column":15}},{"start":{"line":170,"column":19},"end":{"line":170,"column":25}},{"start":{"line":170,"column":29},"end":{"line":170,"column":38}},{"start":{"line":170,"column":42},"end":{"line":170,"column":49}}],"line":170},"21":{"loc":{"start":{"line":175,"column":4},"end":{"line":186,"column":5}},"type":"if","locations":[{"start":{"line":175,"column":4},"end":{"line":186,"column":5}},{"start":{},"end":{}}],"line":175},"22":{"loc":{"start":{"line":176,"column":6},"end":{"line":185,"column":7}},"type":"if","locations":[{"start":{"line":176,"column":6},"end":{"line":185,"column":7}},{"start":{"line":183,"column":13},"end":{"line":185,"column":7}}],"line":176},"23":{"loc":{"start":{"line":183,"column":13},"end":{"line":185,"column":7}},"type":"if","locations":[{"start":{"line":183,"column":13},"end":{"line":185,"column":7}},{"start":{},"end":{}}],"line":183},"24":{"loc":{"start":{"line":191,"column":32},"end":{"line":191,"column":70}},"type":"binary-expr","locations":[{"start":{"line":191,"column":32},"end":{"line":191,"column":40}},{"start":{"line":191,"column":44},"end":{"line":191,"column":70}}],"line":191},"25":{"loc":{"start":{"line":195,"column":39},"end":{"line":195,"column":60}},"type":"binary-expr","locations":[{"start":{"line":195,"column":39},"end":{"line":195,"column":54}},{"start":{"line":195,"column":58},"end":{"line":195,"column":60}}],"line":195},"26":{"loc":{"start":{"line":199,"column":28},"end":{"line":199,"column":49}},"type":"binary-expr","locations":[{"start":{"line":199,"column":28},"end":{"line":199,"column":38}},{"start":{"line":199,"column":42},"end":{"line":199,"column":49}}],"line":199},"27":{"loc":{"start":{"line":203,"column":9},"end":{"line":203,"column":64}},"type":"binary-expr","locations":[{"start":{"line":203,"column":9},"end":{"line":203,"column":37}},{"start":{"line":203,"column":41},"end":{"line":203,"column":64}}],"line":203},"28":{"loc":{"start":{"line":218,"column":2},"end":{"line":220,"column":3}},"type":"if","locations":[{"start":{"line":218,"column":2},"end":{"line":220,"column":3}},{"start":{},"end":{}}],"line":218},"29":{"loc":{"start":{"line":225,"column":8},"end":{"line":225,"column":63}},"type":"binary-expr","locations":[{"start":{"line":225,"column":8},"end":{"line":225,"column":36}},{"start":{"line":225,"column":40},"end":{"line":225,"column":63}}],"line":225},"30":{"loc":{"start":{"line":231,"column":4},"end":{"line":233,"column":5}},"type":"if","locations":[{"start":{"line":231,"column":4},"end":{"line":233,"column":5}},{"start":{},"end":{}}],"line":231},"31":{"loc":{"start":{"line":246,"column":2},"end":{"line":248,"column":3}},"type":"if","locations":[{"start":{"line":246,"column":2},"end":{"line":248,"column":3}},{"start":{},"end":{}}],"line":246},"32":{"loc":{"start":{"line":250,"column":2},"end":{"line":252,"column":3}},"type":"if","locations":[{"start":{"line":250,"column":2},"end":{"line":252,"column":3}},{"start":{},"end":{}}],"line":250},"33":{"loc":{"start":{"line":256,"column":9},"end":{"line":256,"column":64}},"type":"binary-expr","locations":[{"start":{"line":256,"column":9},"end":{"line":256,"column":37}},{"start":{"line":256,"column":41},"end":{"line":256,"column":64}}],"line":256},"34":{"loc":{"start":{"line":262,"column":4},"end":{"line":264,"column":5}},"type":"if","locations":[{"start":{"line":262,"column":4},"end":{"line":264,"column":5}},{"start":{},"end":{}}],"line":262},"35":{"loc":{"start":{"line":287,"column":6},"end":{"line":289,"column":7}},"type":"if","locations":[{"start":{"line":287,"column":6},"end":{"line":289,"column":7}},{"start":{},"end":{}}],"line":287},"36":{"loc":{"start":{"line":287,"column":10},"end":{"line":287,"column":79}},"type":"binary-expr","locations":[{"start":{"line":287,"column":10},"end":{"line":287,"column":17}},{"start":{"line":287,"column":21},"end":{"line":287,"column":28}},{"start":{"line":287,"column":32},"end":{"line":287,"column":48}},{"start":{"line":287,"column":52},"end":{"line":287,"column":61}},{"start":{"line":287,"column":65},"end":{"line":287,"column":79}}],"line":287},"37":{"loc":{"start":{"line":306,"column":11},"end":{"line":306,"column":66}},"type":"binary-expr","locations":[{"start":{"line":306,"column":11},"end":{"line":306,"column":39}},{"start":{"line":306,"column":43},"end":{"line":306,"column":66}}],"line":306},"38":{"loc":{"start":{"line":325,"column":2},"end":{"line":329,"column":3}},"type":"if","locations":[{"start":{"line":325,"column":2},"end":{"line":329,"column":3}},{"start":{},"end":{}}],"line":325},"39":{"loc":{"start":{"line":325,"column":6},"end":{"line":325,"column":49}},"type":"binary-expr","locations":[{"start":{"line":325,"column":6},"end":{"line":325,"column":14}},{"start":{"line":325,"column":18},"end":{"line":325,"column":26}},{"start":{"line":325,"column":30},"end":{"line":325,"column":37}},{"start":{"line":325,"column":41},"end":{"line":325,"column":49}}],"line":325},"40":{"loc":{"start":{"line":332,"column":9},"end":{"line":332,"column":64}},"type":"binary-expr","locations":[{"start":{"line":332,"column":9},"end":{"line":332,"column":37}},{"start":{"line":332,"column":41},"end":{"line":332,"column":64}}],"line":332},"41":{"loc":{"start":{"line":347,"column":9},"end":{"line":347,"column":64}},"type":"binary-expr","locations":[{"start":{"line":347,"column":9},"end":{"line":347,"column":37}},{"start":{"line":347,"column":41},"end":{"line":347,"column":64}}],"line":347},"42":{"loc":{"start":{"line":348,"column":6},"end":{"line":348,"column":32}},"type":"cond-expr","locations":[{"start":{"line":348,"column":16},"end":{"line":348,"column":27}},{"start":{"line":348,"column":30},"end":{"line":348,"column":32}}],"line":348},"43":{"loc":{"start":{"line":360,"column":2},"end":{"line":362,"column":3}},"type":"if","locations":[{"start":{"line":360,"column":2},"end":{"line":362,"column":3}},{"start":{},"end":{}}],"line":360},"44":{"loc":{"start":{"line":360,"column":6},"end":{"line":360,"column":22}},"type":"binary-expr","locations":[{"start":{"line":360,"column":6},"end":{"line":360,"column":13}},{"start":{"line":360,"column":17},"end":{"line":360,"column":22}}],"line":360},"45":{"loc":{"start":{"line":365,"column":9},"end":{"line":365,"column":64}},"type":"binary-expr","locations":[{"start":{"line":365,"column":9},"end":{"line":365,"column":37}},{"start":{"line":365,"column":41},"end":{"line":365,"column":64}}],"line":365},"46":{"loc":{"start":{"line":379,"column":2},"end":{"line":381,"column":3}},"type":"if","locations":[{"start":{"line":379,"column":2},"end":{"line":381,"column":3}},{"start":{},"end":{}}],"line":379},"47":{"loc":{"start":{"line":384,"column":9},"end":{"line":384,"column":64}},"type":"binary-expr","locations":[{"start":{"line":384,"column":9},"end":{"line":384,"column":37}},{"start":{"line":384,"column":41},"end":{"line":384,"column":64}}],"line":384},"48":{"loc":{"start":{"line":397,"column":2},"end":{"line":399,"column":3}},"type":"if","locations":[{"start":{"line":397,"column":2},"end":{"line":399,"column":3}},{"start":{},"end":{}}],"line":397},"49":{"loc":{"start":{"line":404,"column":8},"end":{"line":404,"column":63}},"type":"binary-expr","locations":[{"start":{"line":404,"column":8},"end":{"line":404,"column":36}},{"start":{"line":404,"column":40},"end":{"line":404,"column":63}}],"line":404},"50":{"loc":{"start":{"line":418,"column":2},"end":{"line":420,"column":3}},"type":"if","locations":[{"start":{"line":418,"column":2},"end":{"line":420,"column":3}},{"start":{},"end":{}}],"line":418},"51":{"loc":{"start":{"line":424,"column":9},"end":{"line":424,"column":64}},"type":"binary-expr","locations":[{"start":{"line":424,"column":9},"end":{"line":424,"column":37}},{"start":{"line":424,"column":41},"end":{"line":424,"column":64}}],"line":424},"52":{"loc":{"start":{"line":437,"column":2},"end":{"line":439,"column":3}},"type":"if","locations":[{"start":{"line":437,"column":2},"end":{"line":439,"column":3}},{"start":{},"end":{}}],"line":437},"53":{"loc":{"start":{"line":437,"column":6},"end":{"line":437,"column":22}},"type":"binary-expr","locations":[{"start":{"line":437,"column":6},"end":{"line":437,"column":13}},{"start":{"line":437,"column":17},"end":{"line":437,"column":22}}],"line":437},"54":{"loc":{"start":{"line":442,"column":9},"end":{"line":442,"column":64}},"type":"binary-expr","locations":[{"start":{"line":442,"column":9},"end":{"line":442,"column":37}},{"start":{"line":442,"column":41},"end":{"line":442,"column":64}}],"line":442},"55":{"loc":{"start":{"line":458,"column":2},"end":{"line":460,"column":3}},"type":"if","locations":[{"start":{"line":458,"column":2},"end":{"line":460,"column":3}},{"start":{},"end":{}}],"line":458},"56":{"loc":{"start":{"line":466,"column":14},"end":{"line":466,"column":69}},"type":"binary-expr","locations":[{"start":{"line":466,"column":14},"end":{"line":466,"column":42}},{"start":{"line":466,"column":46},"end":{"line":466,"column":69}}],"line":466},"57":{"loc":{"start":{"line":494,"column":4},"end":{"line":498,"column":5}},"type":"if","locations":[{"start":{"line":494,"column":4},"end":{"line":498,"column":5}},{"start":{"line":496,"column":11},"end":{"line":498,"column":5}}],"line":494},"58":{"loc":{"start":{"line":505,"column":2},"end":{"line":507,"column":3}},"type":"if","locations":[{"start":{"line":505,"column":2},"end":{"line":507,"column":3}},{"start":{},"end":{}}],"line":505},"59":{"loc":{"start":{"line":505,"column":6},"end":{"line":505,"column":29}},"type":"binary-expr","locations":[{"start":{"line":505,"column":6},"end":{"line":505,"column":13}},{"start":{"line":505,"column":17},"end":{"line":505,"column":29}}],"line":505},"60":{"loc":{"start":{"line":512,"column":8},"end":{"line":512,"column":63}},"type":"binary-expr","locations":[{"start":{"line":512,"column":8},"end":{"line":512,"column":36}},{"start":{"line":512,"column":40},"end":{"line":512,"column":63}}],"line":512},"61":{"loc":{"start":{"line":527,"column":2},"end":{"line":529,"column":3}},"type":"if","locations":[{"start":{"line":527,"column":2},"end":{"line":529,"column":3}},{"start":{},"end":{}}],"line":527},"62":{"loc":{"start":{"line":527,"column":6},"end":{"line":527,"column":28}},"type":"binary-expr","locations":[{"start":{"line":527,"column":6},"end":{"line":527,"column":13}},{"start":{"line":527,"column":17},"end":{"line":527,"column":28}}],"line":527},"63":{"loc":{"start":{"line":533,"column":9},"end":{"line":533,"column":64}},"type":"binary-expr","locations":[{"start":{"line":533,"column":9},"end":{"line":533,"column":37}},{"start":{"line":533,"column":41},"end":{"line":533,"column":64}}],"line":533},"64":{"loc":{"start":{"line":547,"column":2},"end":{"line":549,"column":3}},"type":"if","locations":[{"start":{"line":547,"column":2},"end":{"line":549,"column":3}},{"start":{},"end":{}}],"line":547},"65":{"loc":{"start":{"line":547,"column":6},"end":{"line":547,"column":25}},"type":"binary-expr","locations":[{"start":{"line":547,"column":6},"end":{"line":547,"column":13}},{"start":{"line":547,"column":17},"end":{"line":547,"column":25}}],"line":547},"66":{"loc":{"start":{"line":554,"column":8},"end":{"line":554,"column":63}},"type":"binary-expr","locations":[{"start":{"line":554,"column":8},"end":{"line":554,"column":36}},{"start":{"line":554,"column":40},"end":{"line":554,"column":63}}],"line":554},"67":{"loc":{"start":{"line":580,"column":6},"end":{"line":590,"column":7}},"type":"if","locations":[{"start":{"line":580,"column":6},"end":{"line":590,"column":7}},{"start":{},"end":{}}],"line":580},"68":{"loc":{"start":{"line":581,"column":8},"end":{"line":585,"column":22}},"type":"binary-expr","locations":[{"start":{"line":581,"column":8},"end":{"line":581,"column":15}},{"start":{"line":582,"column":8},"end":{"line":582,"column":15}},{"start":{"line":583,"column":8},"end":{"line":583,"column":24}},{"start":{"line":584,"column":8},"end":{"line":584,"column":17}},{"start":{"line":585,"column":8},"end":{"line":585,"column":22}}],"line":581},"69":{"loc":{"start":{"line":607,"column":11},"end":{"line":607,"column":66}},"type":"binary-expr","locations":[{"start":{"line":607,"column":11},"end":{"line":607,"column":39}},{"start":{"line":607,"column":43},"end":{"line":607,"column":66}}],"line":607},"70":{"loc":{"start":{"line":615,"column":6},"end":{"line":617,"column":7}},"type":"if","locations":[{"start":{"line":615,"column":6},"end":{"line":617,"column":7}},{"start":{},"end":{}}],"line":615},"71":{"loc":{"start":{"line":623,"column":17},"end":{"line":623,"column":73}},"type":"binary-expr","locations":[{"start":{"line":623,"column":17},"end":{"line":623,"column":24}},{"start":{"line":623,"column":28},"end":{"line":623,"column":73}}],"line":623},"72":{"loc":{"start":{"line":636,"column":2},"end":{"line":638,"column":3}},"type":"if","locations":[{"start":{"line":636,"column":2},"end":{"line":638,"column":3}},{"start":{},"end":{}}],"line":636},"73":{"loc":{"start":{"line":643,"column":8},"end":{"line":643,"column":63}},"type":"binary-expr","locations":[{"start":{"line":643,"column":8},"end":{"line":643,"column":36}},{"start":{"line":643,"column":40},"end":{"line":643,"column":63}}],"line":643},"74":{"loc":{"start":{"line":649,"column":4},"end":{"line":653,"column":5}},"type":"if","locations":[{"start":{"line":649,"column":4},"end":{"line":653,"column":5}},{"start":{},"end":{}}],"line":649},"75":{"loc":{"start":{"line":665,"column":2},"end":{"line":667,"column":3}},"type":"if","locations":[{"start":{"line":665,"column":2},"end":{"line":667,"column":3}},{"start":{},"end":{}}],"line":665},"76":{"loc":{"start":{"line":665,"column":6},"end":{"line":665,"column":24}},"type":"binary-expr","locations":[{"start":{"line":665,"column":6},"end":{"line":665,"column":13}},{"start":{"line":665,"column":17},"end":{"line":665,"column":24}}],"line":665},"77":{"loc":{"start":{"line":672,"column":8},"end":{"line":672,"column":63}},"type":"binary-expr","locations":[{"start":{"line":672,"column":8},"end":{"line":672,"column":36}},{"start":{"line":672,"column":40},"end":{"line":672,"column":63}}],"line":672},"78":{"loc":{"start":{"line":678,"column":4},"end":{"line":682,"column":5}},"type":"if","locations":[{"start":{"line":678,"column":4},"end":{"line":682,"column":5}},{"start":{},"end":{}}],"line":678},"79":{"loc":{"start":{"line":693,"column":2},"end":{"line":695,"column":3}},"type":"if","locations":[{"start":{"line":693,"column":2},"end":{"line":695,"column":3}},{"start":{},"end":{}}],"line":693},"80":{"loc":{"start":{"line":693,"column":6},"end":{"line":693,"column":40}},"type":"binary-expr","locations":[{"start":{"line":693,"column":6},"end":{"line":693,"column":13}},{"start":{"line":693,"column":17},"end":{"line":693,"column":24}},{"start":{"line":693,"column":28},"end":{"line":693,"column":40}}],"line":693},"81":{"loc":{"start":{"line":700,"column":8},"end":{"line":700,"column":63}},"type":"binary-expr","locations":[{"start":{"line":700,"column":8},"end":{"line":700,"column":36}},{"start":{"line":700,"column":40},"end":{"line":700,"column":63}}],"line":700},"82":{"loc":{"start":{"line":706,"column":4},"end":{"line":708,"column":5}},"type":"if","locations":[{"start":{"line":706,"column":4},"end":{"line":708,"column":5}},{"start":{},"end":{}}],"line":706},"83":{"loc":{"start":{"line":720,"column":2},"end":{"line":722,"column":3}},"type":"if","locations":[{"start":{"line":720,"column":2},"end":{"line":722,"column":3}},{"start":{},"end":{}}],"line":720},"84":{"loc":{"start":{"line":720,"column":6},"end":{"line":720,"column":24}},"type":"binary-expr","locations":[{"start":{"line":720,"column":6},"end":{"line":720,"column":13}},{"start":{"line":720,"column":17},"end":{"line":720,"column":24}}],"line":720},"85":{"loc":{"start":{"line":727,"column":14},"end":{"line":727,"column":69}},"type":"binary-expr","locations":[{"start":{"line":727,"column":14},"end":{"line":727,"column":42}},{"start":{"line":727,"column":46},"end":{"line":727,"column":69}}],"line":727},"86":{"loc":{"start":{"line":733,"column":21},"end":{"line":733,"column":62}},"type":"binary-expr","locations":[{"start":{"line":733,"column":21},"end":{"line":733,"column":52}},{"start":{"line":733,"column":56},"end":{"line":733,"column":62}}],"line":733},"87":{"loc":{"start":{"line":734,"column":25},"end":{"line":734,"column":64}},"type":"binary-expr","locations":[{"start":{"line":734,"column":25},"end":{"line":734,"column":54}},{"start":{"line":734,"column":58},"end":{"line":734,"column":64}}],"line":734},"88":{"loc":{"start":{"line":735,"column":26},"end":{"line":735,"column":62}},"type":"binary-expr","locations":[{"start":{"line":735,"column":26},"end":{"line":735,"column":56}},{"start":{"line":735,"column":60},"end":{"line":735,"column":62}}],"line":735},"89":{"loc":{"start":{"line":763,"column":4},"end":{"line":765,"column":5}},"type":"if","locations":[{"start":{"line":763,"column":4},"end":{"line":765,"column":5}},{"start":{},"end":{}}],"line":763},"90":{"loc":{"start":{"line":763,"column":8},"end":{"line":763,"column":51}},"type":"binary-expr","locations":[{"start":{"line":763,"column":8},"end":{"line":763,"column":20}},{"start":{"line":763,"column":24},"end":{"line":763,"column":51}}],"line":763}},"s":{"0":1,"1":1,"2":1,"3":1,"4":1,"5":1,"6":1,"7":1,"8":4,"9":4,"10":1,"11":3,"12":3,"13":2,"14":2,"15":2,"16":2,"17":2,"18":1,"19":1,"20":1,"21":1,"22":1,"23":1,"24":0,"25":0,"26":1,"27":1,"28":1,"29":1,"30":1,"31":3,"32":3,"33":3,"34":1,"35":2,"36":2,"37":1,"38":0,"39":1,"40":1,"41":1,"42":1,"43":1,"44":1,"45":3,"46":3,"47":3,"48":3,"49":1,"50":2,"51":2,"52":1,"53":1,"54":1,"55":2,"56":2,"57":0,"58":0,"59":1,"60":0,"61":0,"62":0,"63":0,"64":0,"65":0,"66":0,"67":0,"68":0,"69":0,"70":0,"71":0,"72":0,"73":0,"74":0,"75":0,"76":0,"77":0,"78":0,"79":0,"80":0,"81":0,"82":0,"83":0,"84":0,"85":0,"86":0,"87":0,"88":0,"89":0,"90":0,"91":0,"92":1,"93":2,"94":2,"95":1,"96":1,"97":1,"98":1,"99":0,"100":1,"101":1,"102":0,"103":0,"104":1,"105":5,"106":5,"107":1,"108":4,"109":1,"110":3,"111":3,"112":2,"113":1,"114":1,"115":1,"116":1,"117":1,"118":0,"119":0,"120":0,"121":0,"122":0,"123":0,"124":0,"125":0,"126":0,"127":0,"128":0,"129":0,"130":0,"131":0,"132":0,"133":0,"134":0,"135":1,"136":2,"137":2,"138":1,"139":1,"140":1,"141":1,"142":0,"143":0,"144":1,"145":1,"146":1,"147":1,"148":1,"149":0,"150":0,"151":1,"152":2,"153":2,"154":1,"155":1,"156":1,"157":1,"158":0,"159":0,"160":1,"161":3,"162":3,"163":1,"164":2,"165":2,"166":1,"167":1,"168":1,"169":1,"170":3,"171":3,"172":1,"173":2,"174":2,"175":1,"176":1,"177":1,"178":1,"179":2,"180":2,"181":1,"182":1,"183":1,"184":1,"185":0,"186":0,"187":1,"188":3,"189":3,"190":1,"191":2,"192":2,"193":1,"194":1,"195":1,"196":1,"197":3,"198":3,"199":1,"200":2,"201":2,"202":1,"203":1,"204":1,"205":1,"206":1,"207":0,"208":0,"209":1,"210":1,"211":1,"212":0,"213":1,"214":3,"215":3,"216":1,"217":2,"218":2,"219":1,"220":1,"221":1,"222":1,"223":5,"224":5,"225":2,"226":3,"227":3,"228":2,"229":1,"230":1,"231":1,"232":3,"233":3,"234":1,"235":2,"236":2,"237":1,"238":1,"239":1,"240":1,"241":0,"242":0,"243":0,"244":0,"245":0,"246":0,"247":0,"248":0,"249":0,"250":0,"251":0,"252":0,"253":0,"254":0,"255":0,"256":0,"257":0,"258":0,"259":0,"260":0,"261":1,"262":1,"263":1,"264":0,"265":1,"266":1,"267":1,"268":0,"269":1,"270":0,"271":0,"272":1,"273":4,"274":4,"275":1,"276":3,"277":3,"278":2,"279":1,"280":1,"281":1,"282":1,"283":1,"284":2,"285":2,"286":1,"287":1,"288":1,"289":1,"290":0,"291":1,"292":0,"293":0,"294":1,"295":2,"296":2,"297":1,"298":1,"299":1,"300":0,"301":0,"302":0,"303":0,"304":0,"305":0,"306":0,"307":0,"308":0,"309":0,"310":0,"311":1,"312":1,"313":0,"314":1},"f":{"0":4,"1":0,"2":1,"3":3,"4":3,"5":0,"6":2,"7":5,"8":0,"9":2,"10":1,"11":2,"12":3,"13":3,"14":2,"15":3,"16":3,"17":1,"18":0,"19":3,"20":5,"21":3,"22":0,"23":1,"24":4,"25":2,"26":2,"27":0,"28":0},"b":{"0":[1,3],"1":[4,4],"2":[3,0],"3":[1,1],"4":[2,1],"5":[1,2],"6":[2,0],"7":[0,1],"8":[1,2],"9":[3,3],"10":[1,1],"11":[1,0],"12":[1,1],"13":[2,0],"14":[2,1],"15":[2,1],"16":[2,1],"17":[0,0],"18":[0,0],"19":[0,0],"20":[0,0,0,0],"21":[0,0],"22":[0,0],"23":[0,0],"24":[0,0],"25":[0,0],"26":[0,0],"27":[0,0],"28":[1,1],"29":[1,0],"30":[0,1],"31":[1,4],"32":[1,3],"33":[3,0],"34":[1,1],"35":[0,0],"36":[0,0,0,0,0],"37":[0,0],"38":[1,1],"39":[2,2,2,1],"40":[1,0],"41":[1,0],"42":[1,0],"43":[1,1],"44":[2,2],"45":[1,0],"46":[1,2],"47":[2,0],"48":[1,2],"49":[2,0],"50":[1,1],"51":[1,0],"52":[1,2],"53":[3,3],"54":[2,0],"55":[1,2],"56":[2,0],"57":[1,0],"58":[1,2],"59":[3,3],"60":[2,0],"61":[2,3],"62":[5,4],"63":[3,0],"64":[1,2],"65":[3,3],"66":[2,0],"67":[0,0],"68":[0,0,0,0,0],"69":[0,0],"70":[0,0],"71":[0,0],"72":[0,1],"73":[1,0],"74":[0,1],"75":[1,3],"76":[4,4],"77":[3,0],"78":[1,1],"79":[1,1],"80":[2,2,2],"81":[1,0],"82":[0,1],"83":[1,1],"84":[2,1],"85":[1,0],"86":[0,0],"87":[0,0],"88":[0,0],"89":[0,1],"90":[1,0]},"_coverageSchema":"1a1c01bbd47fc00a2c39e90264f33305004495a9","hash":"fa8f66f9f6a8ae887bbf22bbfcaea4eaaec30738"}
,"/home/tumisho/Documents/univeristy/year3.0_2025/year3.2/cos301/Secure-File-Sharing-Platform/sfsp-api/controllers/userController.js": {"path":"/home/tumisho/Documents/univeristy/year3.0_2025/year3.2/cos301/Secure-File-Sharing-Platform/sfsp-api/controllers/userController.js","statementMap":{"0":{"start":{"line":1,"column":15},"end":{"line":1,"column":32}},"1":{"start":{"line":2,"column":21},"end":{"line":2,"column":50}},"2":{"start":{"line":3,"column":20},"end":{"line":3,"column":54}},"3":{"start":{"line":4,"column":24},"end":{"line":4,"column":52}},"4":{"start":{"line":8,"column":4},"end":{"line":8,"column":34}},"5":{"start":{"line":9,"column":4},"end":{"line":79,"column":5}},"6":{"start":{"line":10,"column":44},"end":{"line":10,"column":52}},"7":{"start":{"line":18,"column":10},"end":{"line":18,"column":18}},"8":{"start":{"line":19,"column":64},"end":{"line":19,"column":72}},"9":{"start":{"line":21,"column":6},"end":{"line":39,"column":7}},"10":{"start":{"line":35,"column":8},"end":{"line":38,"column":11}},"11":{"start":{"line":41,"column":21},"end":{"line":51,"column":8}},"12":{"start":{"line":52,"column":6},"end":{"line":66,"column":7}},"13":{"start":{"line":53,"column":25},"end":{"line":58,"column":10}},"14":{"start":{"line":59,"column":8},"end":{"line":65,"column":9}},"15":{"start":{"line":60,"column":10},"end":{"line":60,"column":58}},"16":{"start":{"line":61,"column":10},"end":{"line":64,"column":13}},"17":{"start":{"line":67,"column":6},"end":{"line":67,"column":43}},"18":{"start":{"line":68,"column":6},"end":{"line":72,"column":9}},"19":{"start":{"line":74,"column":6},"end":{"line":74,"column":54}},"20":{"start":{"line":75,"column":6},"end":{"line":78,"column":9}},"21":{"start":{"line":83,"column":4},"end":{"line":110,"column":5}},"22":{"start":{"line":84,"column":24},"end":{"line":84,"column":34}},"23":{"start":{"line":85,"column":6},"end":{"line":90,"column":7}},"24":{"start":{"line":86,"column":8},"end":{"line":89,"column":11}},"25":{"start":{"line":92,"column":23},"end":{"line":92,"column":66}},"26":{"start":{"line":93,"column":6},"end":{"line":98,"column":7}},"27":{"start":{"line":94,"column":8},"end":{"line":97,"column":11}},"28":{"start":{"line":100,"column":6},"end":{"line":103,"column":9}},"29":{"start":{"line":105,"column":6},"end":{"line":105,"column":53}},"30":{"start":{"line":106,"column":6},"end":{"line":109,"column":9}},"31":{"start":{"line":114,"column":4},"end":{"line":142,"column":5}},"32":{"start":{"line":115,"column":24},"end":{"line":115,"column":34}},"33":{"start":{"line":116,"column":6},"end":{"line":121,"column":7}},"34":{"start":{"line":117,"column":8},"end":{"line":120,"column":11}},"35":{"start":{"line":123,"column":23},"end":{"line":123,"column":68}},"36":{"start":{"line":125,"column":6},"end":{"line":130,"column":7}},"37":{"start":{"line":126,"column":8},"end":{"line":129,"column":11}},"38":{"start":{"line":132,"column":6},"end":{"line":135,"column":9}},"39":{"start":{"line":137,"column":6},"end":{"line":137,"column":56}},"40":{"start":{"line":138,"column":6},"end":{"line":141,"column":9}},"41":{"start":{"line":147,"column":4},"end":{"line":174,"column":5}},"42":{"start":{"line":148,"column":25},"end":{"line":148,"column":35}},"43":{"start":{"line":149,"column":6},"end":{"line":154,"column":7}},"44":{"start":{"line":150,"column":8},"end":{"line":153,"column":11}},"45":{"start":{"line":156,"column":23},"end":{"line":156,"column":62}},"46":{"start":{"line":157,"column":6},"end":{"line":162,"column":7}},"47":{"start":{"line":158,"column":8},"end":{"line":161,"column":11}},"48":{"start":{"line":164,"column":6},"end":{"line":167,"column":9}},"49":{"start":{"line":169,"column":6},"end":{"line":169,"column":62}},"50":{"start":{"line":170,"column":6},"end":{"line":173,"column":9}},"51":{"start":{"line":178,"column":4},"end":{"line":207,"column":5}},"52":{"start":{"line":179,"column":34},"end":{"line":179,"column":42}},"53":{"start":{"line":181,"column":6},"end":{"line":186,"column":7}},"54":{"start":{"line":182,"column":8},"end":{"line":185,"column":11}},"55":{"start":{"line":188,"column":21},"end":{"line":188,"column":65}},"56":{"start":{"line":190,"column":6},"end":{"line":195,"column":7}},"57":{"start":{"line":191,"column":26},"end":{"line":193,"column":9}},"58":{"start":{"line":194,"column":8},"end":{"line":194,"column":37}},"59":{"start":{"line":197,"column":6},"end":{"line":201,"column":9}},"60":{"start":{"line":203,"column":6},"end":{"line":206,"column":9}},"61":{"start":{"line":211,"column":4},"end":{"line":248,"column":5}},"62":{"start":{"line":212,"column":25},"end":{"line":212,"column":50}},"63":{"start":{"line":213,"column":6},"end":{"line":218,"column":7}},"64":{"start":{"line":214,"column":8},"end":{"line":217,"column":11}},"65":{"start":{"line":220,"column":20},"end":{"line":220,"column":44}},"66":{"start":{"line":221,"column":22},"end":{"line":221,"column":58}},"67":{"start":{"line":222,"column":6},"end":{"line":227,"column":7}},"68":{"start":{"line":223,"column":8},"end":{"line":226,"column":11}},"69":{"start":{"line":228,"column":21},"end":{"line":228,"column":35}},"70":{"start":{"line":230,"column":22},"end":{"line":230,"column":58}},"71":{"start":{"line":231,"column":6},"end":{"line":236,"column":7}},"72":{"start":{"line":232,"column":8},"end":{"line":235,"column":11}},"73":{"start":{"line":238,"column":6},"end":{"line":241,"column":9}},"74":{"start":{"line":243,"column":6},"end":{"line":243,"column":59}},"75":{"start":{"line":244,"column":6},"end":{"line":247,"column":9}},"76":{"start":{"line":252,"column":4},"end":{"line":274,"column":5}},"77":{"start":{"line":253,"column":25},"end":{"line":253,"column":33}},"78":{"start":{"line":255,"column":6},"end":{"line":260,"column":7}},"79":{"start":{"line":256,"column":8},"end":{"line":259,"column":11}},"80":{"start":{"line":262,"column":20},"end":{"line":262,"column":58}},"81":{"start":{"line":263,"column":6},"end":{"line":267,"column":9}},"82":{"start":{"line":269,"column":6},"end":{"line":269,"column":54}},"83":{"start":{"line":270,"column":6},"end":{"line":273,"column":9}},"84":{"start":{"line":278,"column":4},"end":{"line":306,"column":5}},"85":{"start":{"line":279,"column":24},"end":{"line":279,"column":32}},"86":{"start":{"line":281,"column":6},"end":{"line":286,"column":7}},"87":{"start":{"line":282,"column":8},"end":{"line":285,"column":11}},"88":{"start":{"line":288,"column":21},"end":{"line":288,"column":59}},"89":{"start":{"line":289,"column":6},"end":{"line":294,"column":7}},"90":{"start":{"line":290,"column":8},"end":{"line":293,"column":11}},"91":{"start":{"line":296,"column":6},"end":{"line":299,"column":9}},"92":{"start":{"line":301,"column":6},"end":{"line":301,"column":59}},"93":{"start":{"line":302,"column":6},"end":{"line":305,"column":9}},"94":{"start":{"line":310,"column":4},"end":{"line":334,"column":5}},"95":{"start":{"line":311,"column":21},"end":{"line":311,"column":32}},"96":{"start":{"line":312,"column":27},"end":{"line":312,"column":35}},"97":{"start":{"line":314,"column":6},"end":{"line":319,"column":7}},"98":{"start":{"line":315,"column":8},"end":{"line":318,"column":11}},"99":{"start":{"line":321,"column":26},"end":{"line":321,"column":79}},"100":{"start":{"line":323,"column":6},"end":{"line":327,"column":9}},"101":{"start":{"line":329,"column":6},"end":{"line":329,"column":54}},"102":{"start":{"line":330,"column":6},"end":{"line":333,"column":9}},"103":{"start":{"line":338,"column":4},"end":{"line":364,"column":5}},"104":{"start":{"line":339,"column":25},"end":{"line":339,"column":50}},"105":{"start":{"line":340,"column":6},"end":{"line":345,"column":7}},"106":{"start":{"line":341,"column":8},"end":{"line":344,"column":11}},"107":{"start":{"line":346,"column":20},"end":{"line":346,"column":44}},"108":{"start":{"line":347,"column":21},"end":{"line":347,"column":52}},"109":{"start":{"line":348,"column":6},"end":{"line":353,"column":7}},"110":{"start":{"line":349,"column":8},"end":{"line":352,"column":11}},"111":{"start":{"line":354,"column":6},"end":{"line":357,"column":9}},"112":{"start":{"line":359,"column":6},"end":{"line":359,"column":51}},"113":{"start":{"line":360,"column":6},"end":{"line":363,"column":9}},"114":{"start":{"line":368,"column":4},"end":{"line":411,"column":5}},"115":{"start":{"line":369,"column":34},"end":{"line":369,"column":42}},"116":{"start":{"line":370,"column":21},"end":{"line":370,"column":32}},"117":{"start":{"line":372,"column":6},"end":{"line":377,"column":7}},"118":{"start":{"line":373,"column":8},"end":{"line":376,"column":11}},"119":{"start":{"line":379,"column":36},"end":{"line":383,"column":17}},"120":{"start":{"line":385,"column":6},"end":{"line":390,"column":7}},"121":{"start":{"line":386,"column":8},"end":{"line":389,"column":11}},"122":{"start":{"line":392,"column":22},"end":{"line":392,"column":74}},"123":{"start":{"line":394,"column":6},"end":{"line":399,"column":7}},"124":{"start":{"line":395,"column":8},"end":{"line":398,"column":11}},"125":{"start":{"line":401,"column":6},"end":{"line":404,"column":9}},"126":{"start":{"line":406,"column":6},"end":{"line":406,"column":56}},"127":{"start":{"line":407,"column":6},"end":{"line":410,"column":9}},"128":{"start":{"line":415,"column":4},"end":{"line":430,"column":5}},"129":{"start":{"line":416,"column":21},"end":{"line":416,"column":32}},"130":{"start":{"line":418,"column":21},"end":{"line":418,"column":67}},"131":{"start":{"line":420,"column":6},"end":{"line":423,"column":9}},"132":{"start":{"line":425,"column":6},"end":{"line":425,"column":55}},"133":{"start":{"line":426,"column":6},"end":{"line":429,"column":9}},"134":{"start":{"line":434,"column":4},"end":{"line":468,"column":5}},"135":{"start":{"line":435,"column":35},"end":{"line":435,"column":43}},"136":{"start":{"line":436,"column":21},"end":{"line":436,"column":32}},"137":{"start":{"line":438,"column":6},"end":{"line":443,"column":7}},"138":{"start":{"line":439,"column":8},"end":{"line":442,"column":11}},"139":{"start":{"line":445,"column":6},"end":{"line":450,"column":7}},"140":{"start":{"line":446,"column":8},"end":{"line":449,"column":11}},"141":{"start":{"line":452,"column":21},"end":{"line":456,"column":7}},"142":{"start":{"line":458,"column":6},"end":{"line":461,"column":9}},"143":{"start":{"line":463,"column":6},"end":{"line":463,"column":55}},"144":{"start":{"line":464,"column":6},"end":{"line":467,"column":9}},"145":{"start":{"line":472,"column":4},"end":{"line":507,"column":5}},"146":{"start":{"line":473,"column":25},"end":{"line":473,"column":33}},"147":{"start":{"line":475,"column":6},"end":{"line":480,"column":7}},"148":{"start":{"line":476,"column":8},"end":{"line":479,"column":11}},"149":{"start":{"line":482,"column":36},"end":{"line":486,"column":17}},"150":{"start":{"line":488,"column":6},"end":{"line":493,"column":7}},"151":{"start":{"line":489,"column":8},"end":{"line":492,"column":11}},"152":{"start":{"line":495,"column":20},"end":{"line":495,"column":65}},"153":{"start":{"line":497,"column":6},"end":{"line":500,"column":9}},"154":{"start":{"line":502,"column":6},"end":{"line":502,"column":54}},"155":{"start":{"line":503,"column":6},"end":{"line":506,"column":9}},"156":{"start":{"line":511,"column":4},"end":{"line":543,"column":5}},"157":{"start":{"line":512,"column":25},"end":{"line":512,"column":50}},"158":{"start":{"line":513,"column":6},"end":{"line":518,"column":7}},"159":{"start":{"line":514,"column":8},"end":{"line":517,"column":11}},"160":{"start":{"line":520,"column":20},"end":{"line":520,"column":44}},"161":{"start":{"line":521,"column":21},"end":{"line":521,"column":55}},"162":{"start":{"line":523,"column":6},"end":{"line":528,"column":7}},"163":{"start":{"line":524,"column":8},"end":{"line":527,"column":11}},"164":{"start":{"line":530,"column":6},"end":{"line":536,"column":9}},"165":{"start":{"line":538,"column":6},"end":{"line":538,"column":52}},"166":{"start":{"line":539,"column":6},"end":{"line":542,"column":9}},"167":{"start":{"line":547,"column":4},"end":{"line":563,"column":5}},"168":{"start":{"line":548,"column":21},"end":{"line":548,"column":32}},"169":{"start":{"line":549,"column":35},"end":{"line":549,"column":43}},"170":{"start":{"line":551,"column":6},"end":{"line":553,"column":7}},"171":{"start":{"line":552,"column":8},"end":{"line":552,"column":85}},"172":{"start":{"line":555,"column":30},"end":{"line":555,"column":104}},"173":{"start":{"line":557,"column":6},"end":{"line":560,"column":9}},"174":{"start":{"line":562,"column":6},"end":{"line":562,"column":60}},"175":{"start":{"line":567,"column":4},"end":{"line":573,"column":5}},"176":{"start":{"line":568,"column":21},"end":{"line":568,"column":32}},"177":{"start":{"line":569,"column":56},"end":{"line":569,"column":105}},"178":{"start":{"line":570,"column":6},"end":{"line":570,"column":87}},"179":{"start":{"line":572,"column":6},"end":{"line":572,"column":60}},"180":{"start":{"line":577,"column":4},"end":{"line":592,"column":5}},"181":{"start":{"line":579,"column":6},"end":{"line":579,"column":113}},"182":{"start":{"line":580,"column":21},"end":{"line":580,"column":32}},"183":{"start":{"line":581,"column":29},"end":{"line":581,"column":37}},"184":{"start":{"line":583,"column":6},"end":{"line":585,"column":7}},"185":{"start":{"line":584,"column":8},"end":{"line":584,"column":108}},"186":{"start":{"line":587,"column":25},"end":{"line":587,"column":78}},"187":{"start":{"line":588,"column":6},"end":{"line":588,"column":80}},"188":{"start":{"line":590,"column":6},"end":{"line":590,"column":64}},"189":{"start":{"line":591,"column":6},"end":{"line":591,"column":71}},"190":{"start":{"line":596,"column":4},"end":{"line":764,"column":5}},"191":{"start":{"line":597,"column":61},"end":{"line":597,"column":69}},"192":{"start":{"line":599,"column":6},"end":{"line":604,"column":7}},"193":{"start":{"line":600,"column":8},"end":{"line":603,"column":11}},"194":{"start":{"line":607,"column":56},"end":{"line":611,"column":17}},"195":{"start":{"line":614,"column":22},"end":{"line":614,"column":27}},"196":{"start":{"line":616,"column":6},"end":{"line":618,"column":7}},"197":{"start":{"line":617,"column":8},"end":{"line":617,"column":65}},"198":{"start":{"line":620,"column":6},"end":{"line":716,"column":7}},"199":{"start":{"line":621,"column":8},"end":{"line":638,"column":9}},"200":{"start":{"line":622,"column":60},"end":{"line":630,"column":21}},"201":{"start":{"line":632,"column":10},"end":{"line":634,"column":11}},"202":{"start":{"line":633,"column":12},"end":{"line":633,"column":92}},"203":{"start":{"line":635,"column":10},"end":{"line":635,"column":29}},"204":{"start":{"line":637,"column":10},"end":{"line":637,"column":30}},"205":{"start":{"line":640,"column":8},"end":{"line":640,"column":25}},"206":{"start":{"line":643,"column":8},"end":{"line":650,"column":9}},"207":{"start":{"line":646,"column":10},"end":{"line":649,"column":13}},"208":{"start":{"line":652,"column":54},"end":{"line":669,"column":19}},"209":{"start":{"line":671,"column":8},"end":{"line":673,"column":9}},"210":{"start":{"line":672,"column":10},"end":{"line":672,"column":75}},"211":{"start":{"line":674,"column":8},"end":{"line":674,"column":23}},"212":{"start":{"line":677,"column":25},"end":{"line":682,"column":10}},"213":{"start":{"line":684,"column":8},"end":{"line":690,"column":9}},"214":{"start":{"line":685,"column":10},"end":{"line":685,"column":79}},"215":{"start":{"line":686,"column":10},"end":{"line":689,"column":13}},"216":{"start":{"line":693,"column":8},"end":{"line":715,"column":9}},"217":{"start":{"line":694,"column":30},"end":{"line":694,"column":81}},"218":{"start":{"line":695,"column":27},"end":{"line":705,"column":12}},"219":{"start":{"line":707,"column":10},"end":{"line":712,"column":11}},"220":{"start":{"line":708,"column":12},"end":{"line":708,"column":79}},"221":{"start":{"line":710,"column":30},"end":{"line":710,"column":51}},"222":{"start":{"line":711,"column":12},"end":{"line":711,"column":81}},"223":{"start":{"line":714,"column":10},"end":{"line":714,"column":89}},"224":{"start":{"line":719,"column":18},"end":{"line":719,"column":22}},"225":{"start":{"line":720,"column":6},"end":{"line":722,"column":7}},"226":{"start":{"line":721,"column":8},"end":{"line":721,"column":69}},"227":{"start":{"line":724,"column":31},"end":{"line":724,"column":35}},"228":{"start":{"line":725,"column":6},"end":{"line":734,"column":7}},"229":{"start":{"line":726,"column":8},"end":{"line":733,"column":9}},"230":{"start":{"line":727,"column":30},"end":{"line":727,"column":78}},"231":{"start":{"line":728,"column":10},"end":{"line":730,"column":11}},"232":{"start":{"line":729,"column":12},"end":{"line":729,"column":45}},"233":{"start":{"line":732,"column":10},"end":{"line":732,"column":96}},"234":{"start":{"line":736,"column":6},"end":{"line":757,"column":9}},"235":{"start":{"line":759,"column":6},"end":{"line":759,"column":58}},"236":{"start":{"line":760,"column":6},"end":{"line":763,"column":9}},"237":{"start":{"line":768,"column":0},"end":{"line":768,"column":38}}},"fnMap":{"0":{"name":"(anonymous_0)","decl":{"start":{"line":7,"column":2},"end":{"line":7,"column":3}},"loc":{"start":{"line":7,"column":27},"end":{"line":80,"column":3}},"line":7},"1":{"name":"(anonymous_1)","decl":{"start":{"line":82,"column":2},"end":{"line":82,"column":3}},"loc":{"start":{"line":82,"column":37},"end":{"line":111,"column":3}},"line":82},"2":{"name":"(anonymous_2)","decl":{"start":{"line":113,"column":2},"end":{"line":113,"column":3}},"loc":{"start":{"line":113,"column":39},"end":{"line":143,"column":3}},"line":113},"3":{"name":"(anonymous_3)","decl":{"start":{"line":146,"column":2},"end":{"line":146,"column":3}},"loc":{"start":{"line":146,"column":32},"end":{"line":175,"column":3}},"line":146},"4":{"name":"(anonymous_4)","decl":{"start":{"line":177,"column":2},"end":{"line":177,"column":3}},"loc":{"start":{"line":177,"column":24},"end":{"line":208,"column":3}},"line":177},"5":{"name":"(anonymous_5)","decl":{"start":{"line":210,"column":2},"end":{"line":210,"column":3}},"loc":{"start":{"line":210,"column":29},"end":{"line":249,"column":3}},"line":210},"6":{"name":"(anonymous_6)","decl":{"start":{"line":251,"column":2},"end":{"line":251,"column":3}},"loc":{"start":{"line":251,"column":31},"end":{"line":275,"column":3}},"line":251},"7":{"name":"(anonymous_7)","decl":{"start":{"line":277,"column":2},"end":{"line":277,"column":3}},"loc":{"start":{"line":277,"column":32},"end":{"line":307,"column":3}},"line":277},"8":{"name":"(anonymous_8)","decl":{"start":{"line":309,"column":2},"end":{"line":309,"column":3}},"loc":{"start":{"line":309,"column":32},"end":{"line":335,"column":3}},"line":309},"9":{"name":"(anonymous_9)","decl":{"start":{"line":337,"column":2},"end":{"line":337,"column":3}},"loc":{"start":{"line":337,"column":25},"end":{"line":365,"column":3}},"line":337},"10":{"name":"(anonymous_10)","decl":{"start":{"line":367,"column":2},"end":{"line":367,"column":3}},"loc":{"start":{"line":367,"column":33},"end":{"line":412,"column":3}},"line":367},"11":{"name":"(anonymous_11)","decl":{"start":{"line":414,"column":2},"end":{"line":414,"column":3}},"loc":{"start":{"line":414,"column":31},"end":{"line":431,"column":3}},"line":414},"12":{"name":"(anonymous_12)","decl":{"start":{"line":433,"column":2},"end":{"line":433,"column":3}},"loc":{"start":{"line":433,"column":33},"end":{"line":469,"column":3}},"line":433},"13":{"name":"(anonymous_13)","decl":{"start":{"line":471,"column":2},"end":{"line":471,"column":3}},"loc":{"start":{"line":471,"column":31},"end":{"line":508,"column":3}},"line":471},"14":{"name":"(anonymous_14)","decl":{"start":{"line":510,"column":2},"end":{"line":510,"column":3}},"loc":{"start":{"line":510,"column":39},"end":{"line":544,"column":3}},"line":510},"15":{"name":"(anonymous_15)","decl":{"start":{"line":546,"column":2},"end":{"line":546,"column":3}},"loc":{"start":{"line":546,"column":45},"end":{"line":564,"column":3}},"line":546},"16":{"name":"(anonymous_16)","decl":{"start":{"line":566,"column":2},"end":{"line":566,"column":3}},"loc":{"start":{"line":566,"column":42},"end":{"line":574,"column":3}},"line":566},"17":{"name":"(anonymous_17)","decl":{"start":{"line":576,"column":2},"end":{"line":576,"column":3}},"loc":{"start":{"line":576,"column":34},"end":{"line":593,"column":3}},"line":576},"18":{"name":"(anonymous_18)","decl":{"start":{"line":595,"column":2},"end":{"line":595,"column":3}},"loc":{"start":{"line":595,"column":29},"end":{"line":765,"column":3}},"line":595}},"branchMap":{"0":{"loc":{"start":{"line":21,"column":6},"end":{"line":39,"column":7}},"type":"if","locations":[{"start":{"line":21,"column":6},"end":{"line":39,"column":7}},{"start":{},"end":{}}],"line":21},"1":{"loc":{"start":{"line":22,"column":8},"end":{"line":33,"column":13}},"type":"binary-expr","locations":[{"start":{"line":22,"column":8},"end":{"line":22,"column":17}},{"start":{"line":23,"column":8},"end":{"line":23,"column":14}},{"start":{"line":24,"column":8},"end":{"line":24,"column":17}},{"start":{"line":25,"column":8},"end":{"line":25,"column":23}},{"start":{"line":26,"column":8},"end":{"line":26,"column":24}},{"start":{"line":27,"column":8},"end":{"line":27,"column":21}},{"start":{"line":28,"column":8},"end":{"line":28,"column":18}},{"start":{"line":29,"column":8},"end":{"line":29,"column":19}},{"start":{"line":30,"column":8},"end":{"line":30,"column":20}},{"start":{"line":31,"column":8},"end":{"line":31,"column":14}},{"start":{"line":32,"column":8},"end":{"line":32,"column":30}},{"start":{"line":33,"column":8},"end":{"line":33,"column":13}}],"line":22},"2":{"loc":{"start":{"line":52,"column":6},"end":{"line":66,"column":7}},"type":"if","locations":[{"start":{"line":52,"column":6},"end":{"line":66,"column":7}},{"start":{},"end":{}}],"line":52},"3":{"loc":{"start":{"line":52,"column":10},"end":{"line":52,"column":49}},"type":"binary-expr","locations":[{"start":{"line":52,"column":10},"end":{"line":52,"column":16}},{"start":{"line":52,"column":20},"end":{"line":52,"column":31}},{"start":{"line":52,"column":35},"end":{"line":52,"column":49}}],"line":52},"4":{"loc":{"start":{"line":59,"column":8},"end":{"line":65,"column":9}},"type":"if","locations":[{"start":{"line":59,"column":8},"end":{"line":65,"column":9}},{"start":{},"end":{}}],"line":59},"5":{"loc":{"start":{"line":59,"column":12},"end":{"line":59,"column":39}},"type":"binary-expr","locations":[{"start":{"line":59,"column":12},"end":{"line":59,"column":21}},{"start":{"line":59,"column":25},"end":{"line":59,"column":39}}],"line":59},"6":{"loc":{"start":{"line":63,"column":21},"end":{"line":63,"column":79}},"type":"binary-expr","locations":[{"start":{"line":63,"column":21},"end":{"line":63,"column":35}},{"start":{"line":63,"column":39},"end":{"line":63,"column":79}}],"line":63},"7":{"loc":{"start":{"line":85,"column":6},"end":{"line":90,"column":7}},"type":"if","locations":[{"start":{"line":85,"column":6},"end":{"line":90,"column":7}},{"start":{},"end":{}}],"line":85},"8":{"loc":{"start":{"line":93,"column":6},"end":{"line":98,"column":7}},"type":"if","locations":[{"start":{"line":93,"column":6},"end":{"line":98,"column":7}},{"start":{},"end":{}}],"line":93},"9":{"loc":{"start":{"line":116,"column":6},"end":{"line":121,"column":7}},"type":"if","locations":[{"start":{"line":116,"column":6},"end":{"line":121,"column":7}},{"start":{},"end":{}}],"line":116},"10":{"loc":{"start":{"line":125,"column":6},"end":{"line":130,"column":7}},"type":"if","locations":[{"start":{"line":125,"column":6},"end":{"line":130,"column":7}},{"start":{},"end":{}}],"line":125},"11":{"loc":{"start":{"line":149,"column":6},"end":{"line":154,"column":7}},"type":"if","locations":[{"start":{"line":149,"column":6},"end":{"line":154,"column":7}},{"start":{},"end":{}}],"line":149},"12":{"loc":{"start":{"line":157,"column":6},"end":{"line":162,"column":7}},"type":"if","locations":[{"start":{"line":157,"column":6},"end":{"line":162,"column":7}},{"start":{},"end":{}}],"line":157},"13":{"loc":{"start":{"line":181,"column":6},"end":{"line":186,"column":7}},"type":"if","locations":[{"start":{"line":181,"column":6},"end":{"line":186,"column":7}},{"start":{},"end":{}}],"line":181},"14":{"loc":{"start":{"line":181,"column":10},"end":{"line":181,"column":29}},"type":"binary-expr","locations":[{"start":{"line":181,"column":10},"end":{"line":181,"column":16}},{"start":{"line":181,"column":20},"end":{"line":181,"column":29}}],"line":181},"15":{"loc":{"start":{"line":190,"column":6},"end":{"line":195,"column":7}},"type":"if","locations":[{"start":{"line":190,"column":6},"end":{"line":195,"column":7}},{"start":{},"end":{}}],"line":190},"16":{"loc":{"start":{"line":190,"column":10},"end":{"line":190,"column":49}},"type":"binary-expr","locations":[{"start":{"line":190,"column":10},"end":{"line":190,"column":16}},{"start":{"line":190,"column":20},"end":{"line":190,"column":31}},{"start":{"line":190,"column":35},"end":{"line":190,"column":49}}],"line":190},"17":{"loc":{"start":{"line":213,"column":6},"end":{"line":218,"column":7}},"type":"if","locations":[{"start":{"line":213,"column":6},"end":{"line":218,"column":7}},{"start":{},"end":{}}],"line":213},"18":{"loc":{"start":{"line":213,"column":10},"end":{"line":213,"column":58}},"type":"binary-expr","locations":[{"start":{"line":213,"column":10},"end":{"line":213,"column":21}},{"start":{"line":213,"column":25},"end":{"line":213,"column":58}}],"line":213},"19":{"loc":{"start":{"line":222,"column":6},"end":{"line":227,"column":7}},"type":"if","locations":[{"start":{"line":222,"column":6},"end":{"line":227,"column":7}},{"start":{},"end":{}}],"line":222},"20":{"loc":{"start":{"line":222,"column":10},"end":{"line":222,"column":37}},"type":"binary-expr","locations":[{"start":{"line":222,"column":10},"end":{"line":222,"column":18}},{"start":{"line":222,"column":22},"end":{"line":222,"column":37}}],"line":222},"21":{"loc":{"start":{"line":231,"column":6},"end":{"line":236,"column":7}},"type":"if","locations":[{"start":{"line":231,"column":6},"end":{"line":236,"column":7}},{"start":{},"end":{}}],"line":231},"22":{"loc":{"start":{"line":255,"column":6},"end":{"line":260,"column":7}},"type":"if","locations":[{"start":{"line":255,"column":6},"end":{"line":260,"column":7}},{"start":{},"end":{}}],"line":255},"23":{"loc":{"start":{"line":281,"column":6},"end":{"line":286,"column":7}},"type":"if","locations":[{"start":{"line":281,"column":6},"end":{"line":286,"column":7}},{"start":{},"end":{}}],"line":281},"24":{"loc":{"start":{"line":289,"column":6},"end":{"line":294,"column":7}},"type":"if","locations":[{"start":{"line":289,"column":6},"end":{"line":29
[...]
},"end":{"line":732,"column":5}},"196":{"start":{"line":719,"column":30},"end":{"line":723,"column":17}},"197":{"start":{"line":725,"column":6},"end":{"line":727,"column":7}},"198":{"start":{"line":726,"column":8},"end":{"line":726,"column":21}},"199":{"start":{"line":729,"column":6},"end":{"line":729,"column":79}},"200":{"start":{"line":731,"column":6},"end":{"line":731,"column":19}},"201":{"start":{"line":736,"column":28},"end":{"line":741,"column":15}},"202":{"start":{"line":743,"column":4},"end":{"line":743,"column":46}},"203":{"start":{"line":743,"column":15},"end":{"line":743,"column":46}},"204":{"start":{"line":744,"column":4},"end":{"line":744,"column":49}},"205":{"start":{"line":744,"column":15},"end":{"line":744,"column":49}},"206":{"start":{"line":746,"column":4},"end":{"line":746,"column":27}},"207":{"start":{"line":750,"column":0},"end":{"line":750,"column":35}}},"fnMap":{"0":{"name":"(anonymous_0)","decl":{"start":{"line":8,"column":2},"end":{"line":8,"column":3}},"loc":{"start":{"line":8,"column":27},"end":{"line":71,"column":3}},"line":8},"1":{"name":"(anonymous_1)","decl":{"start":{"line":73,"column":2},"end":{"line":73,"column":3}},"loc":{"start":{"line":73,"column":34},"end":{"line":107,"column":3}},"line":73},"2":{"name":"(anonymous_2)","decl":{"start":{"line":109,"column":2},"end":{"line":109,"column":3}},"loc":{"start":{"line":109,"column":36},"end":{"line":125,"column":3}},"line":109},"3":{"name":"(anonymous_3)","decl":{"start":{"line":127,"column":2},"end":{"line":127,"column":3}},"loc":{"start":{"line":127,"column":30},"end":{"line":169,"column":3}},"line":127},"4":{"name":"(anonymous_4)","decl":{"start":{"line":171,"column":2},"end":{"line":171,"column":3}},"loc":{"start":{"line":171,"column":24},"end":{"line":207,"column":3}},"line":171},"5":{"name":"(anonymous_5)","decl":{"start":{"line":209,"column":2},"end":{"line":209,"column":3}},"loc":{"start":{"line":209,"column":27},"end":{"line":230,"column":3}},"line":209},"6":{"name":"(anonymous_6)","decl":{"start":{"line":232,"column":2},"end":{"line":232,"column":3}},"loc":{"start":{"line":232,"column":29},"end":{"line":249,"column":3}},"line":232},"7":{"name":"(anonymous_7)","decl":{"start":{"line":251,"column":2},"end":{"line":251,"column":3}},"loc":{"start":{"line":251,"column":29},"end":{"line":276,"column":3}},"line":251},"8":{"name":"(anonymous_8)","decl":{"start":{"line":278,"column":2},"end":{"line":278,"column":3}},"loc":{"start":{"line":278,"column":39},"end":{"line":299,"column":3}},"line":278},"9":{"name":"(anonymous_9)","decl":{"start":{"line":301,"column":2},"end":{"line":301,"column":3}},"loc":{"start":{"line":301,"column":16},"end":{"line":311,"column":3}},"line":301},"10":{"name":"(anonymous_10)","decl":{"start":{"line":313,"column":2},"end":{"line":313,"column":3}},"loc":{"start":{"line":313,"column":31},"end":{"line":317,"column":3}},"line":313},"11":{"name":"(anonymous_11)","decl":{"start":{"line":319,"column":2},"end":{"line":319,"column":3}},"loc":{"start":{"line":319,"column":21},"end":{"line":325,"column":3}},"line":319},"12":{"name":"(anonymous_12)","decl":{"start":{"line":327,"column":2},"end":{"line":327,"column":3}},"loc":{"start":{"line":327,"column":37},"end":{"line":361,"column":3}},"line":327},"13":{"name":"(anonymous_13)","decl":{"start":{"line":363,"column":2},"end":{"line":363,"column":3}},"loc":{"start":{"line":363,"column":61},"end":{"line":416,"column":3}},"line":363},"14":{"name":"(anonymous_14)","decl":{"start":{"line":418,"column":2},"end":{"line":418,"column":3}},"loc":{"start":{"line":418,"column":48},"end":{"line":504,"column":3}},"line":418},"15":{"name":"(anonymous_15)","decl":{"start":{"line":506,"column":2},"end":{"line":506,"column":3}},"loc":{"start":{"line":506,"column":54},"end":{"line":611,"column":3}},"line":506},"16":{"name":"(anonymous_16)","decl":{"start":{"line":613,"column":2},"end":{"line":613,"column":3}},"loc":{"start":{"line":613,"column":25},"end":{"line":626,"column":3}},"line":613},"17":{"name":"(anonymous_17)","decl":{"start":{"line":628,"column":2},"end":{"line":628,"column":3}},"loc":{"start":{"line":628,"column":22},"end":{"line":636,"column":3}},"line":628},"18":{"name":"(anonymous_18)","decl":{"start":{"line":638,"column":2},"end":{"line":638,"column":3}},"loc":{"start":{"line":638,"column":65},"end":{"line":689,"column":3}},"line":638},"19":{"name":"(anonymous_19)","decl":{"start":{"line":691,"column":2},"end":{"line":691,"column":3}},"loc":{"start":{"line":691,"column":40},"end":{"line":715,"column":3}},"line":691},"20":{"name":"(anonymous_20)","decl":{"start":{"line":717,"column":2},"end":{"line":717,"column":3}},"loc":{"start":{"line":717,"column":60},"end":{"line":733,"column":3}},"line":717},"21":{"name":"(anonymous_21)","decl":{"start":{"line":735,"column":2},"end":{"line":735,"column":3}},"loc":{"start":{"line":735,"column":43},"end":{"line":747,"column":3}},"line":735}},"branchMap":{"0":{"loc":{"start":{"line":28,"column":6},"end":{"line":30,"column":7}},"type":"if","locations":[{"start":{"line":28,"column":6},"end":{"line":30,"column":7}},{"start":{},"end":{}}],"line":28},"1":{"loc":{"start":{"line":55,"column":6},"end":{"line":57,"column":7}},"type":"if","locations":[{"start":{"line":55,"column":6},"end":{"line":57,"column":7}},{"start":{},"end":{}}],"line":55},"2":{"loc":{"start":{"line":81,"column":6},"end":{"line":86,"column":7}},"type":"if","locations":[{"start":{"line":81,"column":6},"end":{"line":86,"column":7}},{"start":{},"end":{}}],"line":81},"3":{"loc":{"start":{"line":82,"column":8},"end":{"line":84,"column":9}},"type":"if","locations":[{"start":{"line":82,"column":8},"end":{"line":84,"column":9}},{"start":{},"end":{}}],"line":82},"4":{"loc":{"start":{"line":82,"column":12},"end":{"line":82,"column":83}},"type":"binary-expr","locations":[{"start":{"line":82,"column":12},"end":{"line":82,"column":37}},{"start":{"line":82,"column":41},"end":{"line":82,"column":83}}],"line":82},"5":{"loc":{"start":{"line":88,"column":6},"end":{"line":90,"column":7}},"type":"if","locations":[{"start":{"line":88,"column":6},"end":{"line":90,"column":7}},{"start":{},"end":{}}],"line":88},"6":{"loc":{"start":{"line":98,"column":6},"end":{"line":102,"column":7}},"type":"if","locations":[{"start":{"line":98,"column":6},"end":{"line":102,"column":7}},{"start":{},"end":{}}],"line":98},"7":{"loc":{"start":{"line":98,"column":10},"end":{"line":100,"column":35}},"type":"binary-expr","locations":[{"start":{"line":98,"column":10},"end":{"line":98,"column":52}},{"start":{"line":99,"column":10},"end":{"line":99,"column":44}},{"start":{"line":100,"column":10},"end":{"line":100,"column":35}}],"line":98},"8":{"loc":{"start":{"line":117,"column":6},"end":{"line":119,"column":7}},"type":"if","locations":[{"start":{"line":117,"column":6},"end":{"line":119,"column":7}},{"start":{},"end":{}}],"line":117},"9":{"loc":{"start":{"line":117,"column":10},"end":{"line":117,"column":24}},"type":"binary-expr","locations":[{"start":{"line":117,"column":10},"end":{"line":117,"column":15}},{"start":{"line":117,"column":19},"end":{"line":117,"column":24}}],"line":117},"10":{"loc":{"start":{"line":135,"column":6},"end":{"line":137,"column":7}},"type":"if","locations":[{"start":{"line":135,"column":6},"end":{"line":137,"column":7}},{"start":{},"end":{}}],"line":135},"11":{"loc":{"start":{"line":135,"column":10},"end":{"line":135,"column":24}},"type":"binary-expr","locations":[{"start":{"line":135,"column":10},"end":{"line":135,"column":15}},{"start":{"line":135,"column":19},"end":{"line":135,"column":24}}],"line":135},"12":{"loc":{"start":{"line":144,"column":6},"end":{"line":158,"column":7}},"type":"if","locations":[{"start":{"line":144,"column":6},"end":{"line":158,"column":7}},{"start":{},"end":{}}],"line":144},"13":{"loc":{"start":{"line":154,"column":8},"end":{"line":157,"column":9}},"type":"if","locations":[{"start":{"line":154,"column":8},"end":{"line":157,"column":9}},{"start":{},"end":{}}],"line":154},"14":{"loc":{"start":{"line":154,"column":12},"end":{"line":154,"column":58}},"type":"binary-expr","locations":[{"start":{"line":154,"column":12},"end":{"line":154,"column":35}},{"start":{"line":154,"column":39},"end":{"line":154,"column":58}}],"line":154},"15":{"loc":{"start":{"line":180,"column":6},"end":{"line":182,"column":7}},"type":"if","locations":[{"start":{"line":180,"column":6},"end":{"line":182,"column":7}},{"start":{},"end":{}}],"line":180},"16":{"loc":{"start":{"line":180,"column":10},"end":{"line":180,"column":24}},"type":"binary-expr","locations":[{"start":{"line":180,"column":10},"end":{"line":180,"column":15}},{"start":{"line":180,"column":19},"end":{"line":180,"column":24}}],"line":180},"17":{"loc":{"start":{"line":185,"column":6},"end":{"line":187,"column":7}},"type":"if","locations":[{"start":{"line":185,"column":6},"end":{"line":187,"column":7}},{"start":{},"end":{}}],"line":185},"18":{"loc":{"start":{"line":217,"column":6},"end":{"line":219,"column":7}},"type":"if","locations":[{"start":{"line":217,"column":6},"end":{"line":219,"column":7}},{"start":{},"end":{}}],"line":217},"19":{"loc":{"start":{"line":217,"column":10},"end":{"line":217,"column":24}},"type":"binary-expr","locations":[{"start":{"line":217,"column":10},"end":{"line":217,"column":15}},{"start":{"line":217,"column":19},"end":{"line":217,"column":24}}],"line":217},"20":{"loc":{"start":{"line":240,"column":6},"end":{"line":242,"column":7}},"type":"if","locations":[{"start":{"line":240,"column":6},"end":{"line":242,"column":7}},{"start":{},"end":{}}],"line":240},"21":{"loc":{"start":{"line":240,"column":10},"end":{"line":240,"column":24}},"type":"binary-expr","locations":[{"start":{"line":240,"column":10},"end":{"line":240,"column":15}},{"start":{"line":240,"column":19},"end":{"line":240,"column":24}}],"line":240},"22":{"loc":{"start":{"line":259,"column":6},"end":{"line":261,"column":7}},"type":"if","locations":[{"start":{"line":259,"column":6},"end":{"line":261,"column":7}},{"start":{},"end":{}}],"line":259},"23":{"loc":{"start":{"line":259,"column":10},"end":{"line":259,"column":24}},"type":"binary-expr","locations":[{"start":{"line":259,"column":10},"end":{"line":259,"column":15}},{"start":{"line":259,"column":19},"end":{"line":259,"column":24}}],"line":259},"24":{"loc":{"start":{"line":268,"column":6},"end":{"line":270,"column":7}},"type":"if","locations":[{"start":{"line":268,"column":6},"end":{"line":270,"column":7}},{"start":{},"end":{}}],"line":268},"25":{"loc":{"start":{"line":289,"column":4},"end":{"line":292,"column":5}},"type":"if","locations":[{"start":{"line":289,"column":4},"end":{"line":292,"column":5}},{"start":{},"end":{}}],"line":289},"26":{"loc":{"start":{"line":289,"column":8},"end":{"line":289,"column":22}},"type":"binary-expr","locations":[{"start":{"line":289,"column":8},"end":{"line":289,"column":13}},{"start":{"line":289,"column":17},"end":{"line":289,"column":22}}],"line":289},"27":{"loc":{"start":{"line":341,"column":6},"end":{"line":343,"column":7}},"type":"if","locations":[{"start":{"line":341,"column":6},"end":{"line":343,"column":7}},{"start":{},"end":{}}],"line":341},"28":{"loc":{"start":{"line":351,"column":6},"end":{"line":353,"column":7}},"type":"if","locations":[{"start":{"line":351,"column":6},"end":{"line":353,"column":7}},{"start":{},"end":{}}],"line":351},"29":{"loc":{"start":{"line":351,"column":10},"end":{"line":351,"column":29}},"type":"binary-expr","locations":[{"start":{"line":351,"column":10},"end":{"line":351,"column":20}},{"start":{"line":351,"column":24},"end":{"line":351,"column":29}}],"line":351},"30":{"loc":{"start":{"line":371,"column":6},"end":{"line":373,"column":7}},"type":"if","locations":[{"start":{"line":371,"column":6},"end":{"line":373,"column":7}},{"start":{},"end":{}}],"line":371},"31":{"loc":{"start":{"line":371,"column":10},"end":{"line":371,"column":29}},"type":"binary-expr","locations":[{"start":{"line":371,"column":10},"end":{"line":371,"column":20}},{"start":{"line":371,"column":24},"end":{"line":371,"column":29}}],"line":371},"32":{"loc":{"start":{"line":375,"column":6},"end":{"line":377,"column":7}},"type":"if","locations":[{"start":{"line":375,"column":6},"end":{"line":377,"column":7}},{"start":{},"end":{}}],"line":375},"33":{"loc":{"start":{"line":382,"column":6},"end":{"line":392,"column":7}},"type":"if","locations":[{"start":{"line":382,"column":6},"end":{"line":392,"column":7}},{"start":{},"end":{}}],"line":382},"34":{"loc":{"start":{"line":394,"column":6},"end":{"line":396,"column":7}},"type":"if","locations":[{"start":{"line":394,"column":6},"end":{"line":396,"column":7}},{"start":{},"end":{}}],"line":394},"35":{"loc":{"start":{"line":408,"column":6},"end":{"line":410,"column":7}},"type":"if","locations":[{"start":{"line":408,"column":6},"end":{"line":410,"column":7}},{"start":{},"end":{}}],"line":408},"36":{"loc":{"start":{"line":422,"column":14},"end":{"line":422,"column":42}},"type":"binary-expr","locations":[{"start":{"line":422,"column":14},"end":{"line":422,"column":35}},{"start":{"line":422,"column":39},"end":{"line":422,"column":42}}],"line":422},"37":{"loc":{"start":{"line":487,"column":16},"end":{"line":487,"column":56}},"type":"binary-expr","locations":[{"start":{"line":487,"column":16},"end":{"line":487,"column":37}},{"start":{"line":487,"column":41},"end":{"line":487,"column":56}}],"line":487},"38":{"loc":{"start":{"line":488,"column":19},"end":{"line":488,"column":66}},"type":"binary-expr","locations":[{"start":{"line":488,"column":19},"end":{"line":488,"column":41}},{"start":{"line":488,"column":45},"end":{"line":488,"column":66}}],"line":488},"39":{"loc":{"start":{"line":522,"column":6},"end":{"line":524,"column":7}},"type":"if","locations":[{"start":{"line":522,"column":6},"end":{"line":524,"column":7}},{"start":{},"end":{}}],"line":522},"40":{"loc":{"start":{"line":528,"column":14},"end":{"line":528,"column":42}},"type":"binary-expr","locations":[{"start":{"line":528,"column":14},"end":{"line":528,"column":35}},{"start":{"line":528,"column":39},"end":{"line":528,"column":42}}],"line":528},"41":{"loc":{"start":{"line":594,"column":16},"end":{"line":594,"column":54}},"type":"binary-expr","locations":[{"start":{"line":594,"column":16},"end":{"line":594,"column":37}},{"start":{"line":594,"column":41},"end":{"line":594,"column":54}}],"line":594},"42":{"loc":{"start":{"line":595,"column":19},"end":{"line":595,"column":66}},"type":"binary-expr","locations":[{"start":{"line":595,"column":19},"end":{"line":595,"column":41}},{"start":{"line":595,"column":45},"end":{"line":595,"column":66}}],"line":595},"43":{"loc":{"start":{"line":640,"column":6},"end":{"line":642,"column":7}},"type":"if","locations":[{"start":{"line":640,"column":6},"end":{"line":642,"column":7}},{"start":{},"end":{}}],"line":640},"44":{"loc":{"start":{"line":640,"column":10},"end":{"line":640,"column":75}},"type":"binary-expr","locations":[{"start":{"line":640,"column":10},"end":{"line":640,"column":31}},{"start":{"line":640,"column":35},"end":{"line":640,"column":75}}],"line":640},"45":{"loc":{"start":{"line":657,"column":8},"end":{"line":659,"column":9}},"type":"if","locations":[{"start":{"line":657,"column":8},"end":{"line":659,"column":9}},{"start":{},"end":{}}],"line":657},"46":{"loc":{"start":{"line":661,"column":10},"end":{"line":663,"column":11}},"type":"if","locations":[{"start":{"line":661,"column":10},"end":{"line":663,"column":11}},{"start":{},"end":{}}],"line":661},"47":{"loc":{"start":{"line":664,"column":10},"end":{"line":666,"column":11}},"type":"if","locations":[{"start":{"line":664,"column":10},"end":{"line":666,"column":11}},{"start":{},"end":{}}],"line":664},"48":{"loc":{"start":{"line":677,"column":6},"end":{"line":679,"column":7}},"type":"if","locations":[{"start":{"line":677,"column":6},"end":{"line":679,"column":7}},{"start":{},"end":{}}],"line":677},"49":{"loc":{"start":{"line":681,"column":6},"end":{"line":683,"column":7}},"type":"if","locations":[{"start":{"line":681,"column":6},"end":{"line":683,"column":7}},{"start":{},"end":{}}],"line":681},"50":{"loc":{"start":{"line":699,"column":6},"end":{"line":701,"column":7}},"type":"if","locations":[{"start":{"line":699,"column":6},"end":{"line":701,"column":7}},{"start":{},"end":{}}],"line":699},"51":{"loc":{"start":{"line":703,"column":6},"end":{"line":705,"column":7}},"type":"if","locations":[{"start":{"line":703,"column":6},"end":{"line":705,"column":7}},{"start":{},"end":{}}],"line":703},"52":{"loc":{"start":{"line":725,"column":6},"end":{"line":727,"column":7}},"type":"if","locations":[{"start":{"line":725,"column":6},"end":{"line":727,"column":7}},{"start":{},"end":{}}],"line":725},"53":{"loc":{"start":{"line":725,"column":10},"end":{"line":725,"column":24}},"type":"binary-expr","locations":[{"start":{"line":725,"column":10},"end":{"line":725,"column":15}},{"start":{"line":725,"column":19},"end":{"line":725,"column":24}}],"line":725},"54":{"loc":{"start":{"line":729,"column":13},"end":{"line":729,"column":78}},"type":"binary-expr","locations":[{"start":{"line":729,"column":13},"end":{"line":729,"column":69}},{"start":{"line":729,"column":73},"end":{"line":729,"column":78}}],"line":729},"55":{"loc":{"start":{"line":743,"column":4},"end":{"line":743,"column":46}},"type":"if","locations":[{"start":{"line":743,"column":4},"end":{"line":743,"column":46}},{"start":{},"end":{}}],"line":743},"56":{"loc":{"start":{"line":744,"column":4},"end":{"line":744,"column":49}},"type":"if","locations":[{"start":{"line":744,"column":4},"end":{"line":744,"column":49}},{"start":{},"end":{}}],"line":744}},"s":{"0":2,"1":2,"2":2,"3":2,"4":2,"5":2,"6":2,"7":2,"8":1,"9":1,"10":1,"11":1,"12":1,"13":1,"14":0,"15":1,"16":1,"17":1,"18":3,"19":3,"20":3,"21":1,"22":0,"23":0,"24":2,"25":0,"26":2,"27":2,"28":1,"29":1,"30":0,"31":1,"32":1,"33":0,"34":0,"35":0,"36":0,"37":0,"38":0,"39":3,"40":3,"41":3,"42":1,"43":2,"44":2,"45":2,"46":2,"47":2,"48":1,"49":1,"50":1,"51":1,"52":1,"53":2,"54":2,"55":2,"56":2,"57":2,"58":1,"59":1,"60":1,"61":0,"62":1,"63":1,"64":1,"65":2,"66":2,"67":2,"68":1,"69":1,"70":1,"71":2,"72":2,"73":2,"74":1,"75":1,"76":1,"77":1,"78":3,"79":3,"80":3,"81":1,"82":2,"83":2,"84":1,"85":1,"86":2,"87":2,"88":2,"89":2,"90":2,"91":1,"92":1,"93":1,"94":2,"95":2,"96":2,"97":2,"98":10,"99":2,"100":3,"101":0,"102":0,"103":0,"104":2,"105":2,"106":2,"107":2,"108":2,"109":0,"110":2,"111":2,"112":1,"113":1,"114":1,"115":1,"116":4,"117":4,"118":4,"119":1,"120":3,"121":0,"122":3,"123":3,"124":3,"125":1,"126":1,"127":2,"128":1,"129":1,"130":1,"131":1,"132":0,"133":1,"134":3,"135":0,"136":0,"137":0,"138":0,"139":0,"140":0,"141":0,"142":0,"143":0,"144":0,"145":0,"146":0,"147":0,"148":0,"149":0,"150":0,"151":0,"152":0,"153":0,"154":0,"155":0,"156":0,"157":0,"158":0,"159":0,"160":0,"161":0,"162":0,"163":0,"164":0,"165":0,"166":0,"167":0,"168":0,"169":0,"170":0,"171":0,"172":0,"173":0,"174":0,"175":0,"176":0,"177":0,"178":0,"179":0,"180":0,"181":0,"182":0,"183":0,"184":0,"185":0,"186":0,"187":0,"188":0,"189":0,"190":0,"191":0,"192":0,"193":0,"194":0,"195":0,"196":0,"197":0,"198":0,"199":0,"200":0,"201":0,"202":0,"203":0,"204":0,"205":0,"206":0,"207":2},"f":{"0":2,"1":3,"2":0,"3":3,"4":2,"5":2,"6":2,"7":3,"8":2,"9":2,"10":3,"11":0,"12":2,"13":4,"14":0,"15":0,"16":0,"17":0,"18":0,"19":0,"20":0,"21":0},"b":{"0":[1,1],"1":[0,1],"2":[1,2],"3":[0,0],"4":[1,1],"5":[0,2],"6":[0,1],"7":[1,1,1],"8":[0,0],"9":[0,0],"10":[1,2],"11":[3,2],"12":[2,0],"13":[1,0],"14":[1,1],"15":[1,1],"16":[2,1],"17":[0,1],"18":[1,1],"19":[2,1],"20":[1,1],"21":[2,1],"22":[1,2],"23":[3,2],"24":[1,1],"25":[1,1],"26":[2,1],"27":[0,2],"28":[1,1],"29":[2,1],"30":[1,3],"31":[4,3],"32":[0,3],"33":[1,2],"34":[1,1],"35":[0,1],"36":[0,0],"37":[0,0],"38":[0,0],"39":[0,0],"40":[0,0],"41":[0,0],"42":[0,0],"43":[0,0],"44":[0,0],"45":[0,0],"46":[0,0],"47":[0,0],"48":[0,0],"49":[0,0],"50":[0,0],"51":[0,0],"52":[0,0],"53":[0,0],"54":[0,0],"55":[0,0],"56":[0,0]},"_coverageSchema":"1a1c01bbd47fc00a2c39e90264f33305004495a9","hash":"b4a4d776399fe445c598849fc4879f14736af29f"}
}
