TN:
SF:controllers/fileController.js
FN:5,(anonymous_0)
FN:33,(anonymous_1)
FN:60,(anonymous_2)
FN:118,(anonymous_3)
FN:145,(anonymous_4)
FN:174,(anonymous_5)
FN:232,(anonymous_6)
FN:252,(anonymous_7)
FN:267,(anonymous_8)
FN:287,(anonymous_9)
FN:310,(anonymous_10)
FN:330,(anonymous_11)
FN:349,(anonymous_12)
FN:369,(anonymous_13)
FNF:14
FNH:13
FNDA:3,(anonymous_0)
FNDA:4,(anonymous_1)
FNDA:4,(anonymous_2)
FNDA:4,(anonymous_3)
FNDA:0,(anonymous_4)
FNDA:7,(anonymous_5)
FNDA:3,(anonymous_6)
FNDA:3,(anonymous_7)
FNDA:3,(anonymous_8)
FNDA:3,(anonymous_9)
FNDA:4,(anonymous_10)
FNDA:1,(anonymous_11)
FNDA:3,(anonymous_12)
FNDA:4,(anonymous_13)
DA:2,1
DA:3,1
DA:5,1
DA:6,3
DA:8,3
DA:9,1
DA:13,2
DA:14,2
DA:20,1
DA:23,1
DA:25,1
DA:26,1
DA:33,1
DA:34,4
DA:36,4
DA:37,1
DA:40,3
DA:41,3
DA:47,2
DA:48,1
DA:51,1
DA:52,1
DA:54,1
DA:55,1
DA:56,1
DA:60,1
DA:61,4
DA:71,4
DA:73,4
DA:74,1
DA:77,3
DA:78,0
DA:81,3
DA:82,1
DA:86,2
DA:88,2
DA:100,2
DA:108,1
DA:113,1
DA:114,1
DA:118,1
DA:119,4
DA:121,4
DA:122,1
DA:125,3
DA:126,3
DA:133,2
DA:134,1
DA:137,1
DA:138,1
DA:140,1
DA:141,1
DA:145,1
DA:146,0
DA:148,0
DA:149,0
DA:152,0
DA:153,0
DA:156,0
DA:157,0
DA:164,0
DA:165,0
DA:167,0
DA:169,0
DA:170,0
DA:174,1
DA:183,7
DA:186,7
DA:187,6
DA:188,1
DA:189,5
DA:190,1
DA:193,4
DA:201,1
DA:206,3
DA:207,3
DA:221,2
DA:222,1
DA:225,1
DA:227,1
DA:228,1
DA:232,1
DA:233,3
DA:234,3
DA:235,1
DA:239,2
DA:240,2
DA:245,1
DA:247,1
DA:248,1
DA:252,1
DA:253,3
DA:254,3
DA:255,3
DA:260,2
DA:262,1
DA:263,1
DA:267,1
DA:268,3
DA:269,3
DA:270,1
DA:274,2
DA:275,2
DA:280,1
DA:282,1
DA:283,1
DA:287,1
DA:288,3
DA:290,3
DA:291,1
DA:295,2
DA:296,2
DA:301,1
DA:303,1
DA:304,1
DA:310,1
DA:311,4
DA:312,4
DA:313,1
DA:316,3
DA:317,3
DA:322,2
DA:325,1
DA:326,1
DA:330,1
DA:331,1
DA:332,1
DA:333,0
DA:336,1
DA:337,1
DA:342,1
DA:344,0
DA:345,0
DA:349,1
DA:350,3
DA:351,3
DA:352,1
DA:356,2
DA:357,2
DA:362,1
DA:364,1
DA:365,1
DA:369,1
DA:370,4
DA:372,4
DA:373,1
DA:376,3
DA:377,3
DA:383,2
DA:384,1
DA:387,1
DA:388,1
DA:390,1
DA:391,1
DA:392,1
LF:155
LH:139
BRDA:8,0,0,1
BRDA:8,0,1,2
BRDA:8,1,0,3
BRDA:8,1,1,2
BRDA:15,2,0,2
BRDA:15,2,1,2
BRDA:36,3,0,1
BRDA:36,3,1,3
BRDA:42,4,0,3
BRDA:42,4,1,3
BRDA:47,5,0,1
BRDA:47,5,1,1
BRDA:73,6,0,1
BRDA:73,6,1,3
BRDA:73,7,0,4
BRDA:73,7,1,3
BRDA:77,8,0,0
BRDA:77,8,1,3
BRDA:81,9,0,1
BRDA:81,9,1,2
BRDA:96,10,0,2
BRDA:96,10,1,0
BRDA:101,11,0,2
BRDA:101,11,1,2
BRDA:121,12,0,1
BRDA:121,12,1,3
BRDA:127,13,0,3
BRDA:127,13,1,3
BRDA:133,14,0,1
BRDA:133,14,1,1
BRDA:148,15,0,0
BRDA:148,15,1,0
BRDA:152,16,0,0
BRDA:152,16,1,0
BRDA:158,17,0,0
BRDA:158,17,1,0
BRDA:164,18,0,0
BRDA:164,18,1,0
BRDA:186,19,0,1
BRDA:186,19,1,6
BRDA:187,20,0,1
BRDA:187,20,1,5
BRDA:187,21,0,6
BRDA:187,21,1,5
BRDA:189,22,0,1
BRDA:189,22,1,4
BRDA:189,23,0,5
BRDA:189,23,1,4
BRDA:193,24,0,1
BRDA:193,24,1,3
BRDA:194,25,0,4
BRDA:194,25,1,4
BRDA:194,25,2,4
BRDA:194,25,3,3
BRDA:194,25,4,3
BRDA:194,25,5,3
BRDA:208,26,0,3
BRDA:208,26,1,3
BRDA:221,27,0,1
BRDA:221,27,1,1
BRDA:234,28,0,1
BRDA:234,28,1,2
BRDA:234,29,0,3
BRDA:234,29,1,2
BRDA:234,29,2,2
BRDA:234,29,3,2
BRDA:241,30,0,2
BRDA:241,30,1,2
BRDA:256,31,0,3
BRDA:256,31,1,3
BRDA:257,32,0,1
BRDA:257,32,1,2
BRDA:269,33,0,1
BRDA:269,33,1,2
BRDA:269,34,0,3
BRDA:269,34,1,2
BRDA:276,35,0,2
BRDA:276,35,1,2
BRDA:290,36,0,1
BRDA:290,36,1,2
BRDA:297,37,0,2
BRDA:297,37,1,2
BRDA:312,38,0,1
BRDA:312,38,1,3
BRDA:318,39,0,3
BRDA:318,39,1,3
BRDA:332,40,0,0
BRDA:332,40,1,1
BRDA:338,41,0,1
BRDA:338,41,1,1
BRDA:351,42,0,1
BRDA:351,42,1,2
BRDA:351,43,0,3
BRDA:351,43,1,2
BRDA:358,44,0,2
BRDA:358,44,1,2
BRDA:372,45,0,1
BRDA:372,45,1,3
BRDA:378,46,0,3
BRDA:378,46,1,3
BRDA:383,47,0,1
BRDA:383,47,1,1
BRF:102
BRH:91
end_of_record
TN:
SF:controllers/userController.js
FN:7,(anonymous_0)
FN:81,(anonymous_1)
FN:112,(anonymous_2)
FN:143,(anonymous_3)
FN:176,(anonymous_4)
FN:217,(anonymous_5)
FN:243,(anonymous_6)
FN:275,(anonymous_7)
FN:303,(anonymous_8)
FN:333,(anonymous_9)
FN:380,(anonymous_10)
FN:399,(anonymous_11)
FN:437,(anonymous_12)
FN:476,(anonymous_13)
FNF:14
FNH:12
FNDA:14,(anonymous_0)
FNDA:4,(anonymous_1)
FNDA:4,(anonymous_2)
FNDA:7,(anonymous_3)
FNDA:11,(anonymous_4)
FNDA:6,(anonymous_5)
FNDA:8,(anonymous_6)
FNDA:3,(anonymous_7)
FNDA:5,(anonymous_8)
FNDA:5,(anonymous_9)
FNDA:2,(anonymous_10)
FNDA:5,(anonymous_11)
FNDA:0,(anonymous_12)
FNDA:0,(anonymous_13)
DA:1,2
DA:2,2
DA:3,2
DA:4,2
DA:8,14
DA:9,14
DA:17,14
DA:18,14
DA:20,14
DA:34,9
DA:40,5
DA:51,3
DA:52,3
DA:59,3
DA:60,1
DA:67,2
DA:73,2
DA:74,2
DA:82,4
DA:83,4
DA:84,4
DA:85,1
DA:91,3
DA:92,2
DA:93,1
DA:99,1
DA:104,1
DA:105,1
DA:113,4
DA:114,4
DA:115,4
DA:116,1
DA:122,3
DA:123,2
DA:124,1
DA:130,1
DA:135,1
DA:136,1
DA:144,7
DA:145,7
DA:147,7
DA:148,3
DA:154,4
DA:156,2
DA:157,2
DA:160,2
DA:163,2
DA:169,2
DA:177,11
DA:178,11
DA:179,11
DA:180,4
DA:186,7
DA:187,7
DA:188,6
DA:189,2
DA:194,4
DA:196,4
DA:197,4
DA:198,2
DA:204,2
DA:209,1
DA:210,1
DA:218,6
DA:219,6
DA:221,6
DA:222,2
DA:228,4
DA:229,2
DA:235,2
DA:236,2
DA:244,8
DA:245,8
DA:247,8
DA:248,2
DA:254,6
DA:255,4
DA:256,2
DA:262,2
DA:267,2
DA:268,2
DA:276,3
DA:277,3
DA:278,3
DA:280,3
DA:281,1
DA:287,2
DA:289,1
DA:295,1
DA:296,1
DA:304,5
DA:305,5
DA:306,5
DA:307,2
DA:312,3
DA:313,3
DA:314,2
DA:315,1
DA:320,1
DA:325,1
DA:326,1
DA:334,5
DA:335,5
DA:336,5
DA:338,5
DA:339,1
DA:345,4
DA:351,3
DA:352,1
DA:358,2
DA:360,2
DA:361,1
DA:367,1
DA:372,1
DA:373,1
DA:381,2
DA:382,2
DA:384,2
DA:386,1
DA:391,1
DA:392,1
DA:400,5
DA:401,5
DA:402,5
DA:404,5
DA:405,2
DA:411,3
DA:412,1
DA:418,2
DA:424,1
DA:429,1
DA:430,1
DA:438,0
DA:439,0
DA:441,0
DA:442,0
DA:448,0
DA:454,0
DA:455,0
DA:461,0
DA:463,0
DA:468,0
DA:469,0
DA:477,0
DA:478,0
DA:479,0
DA:480,0
DA:486,0
DA:487,0
DA:489,0
DA:490,0
DA:496,0
DA:504,0
DA:505,0
DA:513,2
LF:155
LH:133
BRDA:20,0,0,9
BRDA:20,0,1,5
BRDA:21,1,0,14
BRDA:21,1,1,10
BRDA:21,1,2,9
BRDA:21,1,3,7
BRDA:21,1,4,6
BRDA:21,1,5,6
BRDA:21,1,6,6
BRDA:21,1,7,5
BRDA:21,1,8,5
BRDA:21,1,9,5
BRDA:21,1,10,5
BRDA:21,1,11,5
BRDA:51,2,0,3
BRDA:51,2,1,0
BRDA:51,3,0,3
BRDA:51,3,1,3
BRDA:51,3,2,3
BRDA:59,4,0,1
BRDA:59,4,1,2
BRDA:59,5,0,3
BRDA:59,5,1,3
BRDA:62,6,0,1
BRDA:62,6,1,0
BRDA:84,7,0,1
BRDA:84,7,1,3
BRDA:92,8,0,1
BRDA:92,8,1,1
BRDA:115,9,0,1
BRDA:115,9,1,3
BRDA:123,10,0,1
BRDA:123,10,1,1
BRDA:147,11,0,3
BRDA:147,11,1,4
BRDA:147,12,0,7
BRDA:147,12,1,6
BRDA:156,13,0,2
BRDA:156,13,1,0
BRDA:156,14,0,2
BRDA:156,14,1,2
BRDA:156,14,2,2
BRDA:179,15,0,4
BRDA:179,15,1,7
BRDA:179,16,0,11
BRDA:179,16,1,9
BRDA:188,17,0,2
BRDA:188,17,1,4
BRDA:188,18,0,6
BRDA:188,18,1,5
BRDA:197,19,0,2
BRDA:197,19,1,2
BRDA:221,20,0,2
BRDA:221,20,1,4
BRDA:247,21,0,2
BRDA:247,21,1,6
BRDA:255,22,0,2
BRDA:255,22,1,2
BRDA:280,23,0,1
BRDA:280,23,1,2
BRDA:306,24,0,2
BRDA:306,24,1,3
BRDA:306,25,0,5
BRDA:306,25,1,4
BRDA:314,26,0,1
BRDA:314,26,1,1
BRDA:338,27,0,1
BRDA:338,27,1,4
BRDA:351,28,0,1
BRDA:351,28,1,2
BRDA:351,29,0,3
BRDA:351,29,1,2
BRDA:360,30,0,1
BRDA:360,30,1,1
BRDA:394,31,0,1
BRDA:394,31,1,0
BRDA:404,32,0,2
BRDA:404,32,1,3
BRDA:404,33,0,5
BRDA:404,33,1,4
BRDA:411,34,0,1
BRDA:411,34,1,2
BRDA:432,35,0,1
BRDA:432,35,1,0
BRDA:441,36,0,0
BRDA:441,36,1,0
BRDA:454,37,0,0
BRDA:454,37,1,0
BRDA:454,38,0,0
BRDA:454,38,1,0
BRDA:479,39,0,0
BRDA:479,39,1,0
BRDA:479,40,0,0
BRDA:479,40,1,0
BRDA:489,41,0,0
BRDA:489,41,1,0
BRF:96
BRH:79
end_of_record
TN:
SF:controllers/vaultController.js
FN:4,(anonymous_0)
FN:8,(anonymous_1)
FN:13,(anonymous_2)
FN:20,(anonymous_3)
FN:28,(anonymous_4)
FNF:5
FNH:5
FNDA:2,(anonymous_0)
FNDA:1,(anonymous_1)
FNDA:1,(anonymous_2)
FNDA:1,(anonymous_3)
FNDA:1,(anonymous_4)
DA:1,2
DA:5,2
DA:9,1
DA:10,1
DA:14,1
DA:17,1
DA:21,1
DA:25,1
DA:29,1
DA:33,1
DA:37,2
LF:11
LH:11
BRF:0
BRH:0
end_of_record
TN:
SF:services/userService.js
FN:8,(anonymous_0)
FN:73,(anonymous_1)
FN:93,(anonymous_2)
FN:137,(anonymous_3)
FN:175,(anonymous_4)
FN:197,(anonymous_5)
FN:216,(anonymous_6)
FN:243,(anonymous_7)
FN:266,(anonymous_8)
FN:278,(anonymous_9)
FN:284,(anonymous_10)
FN:292,(anonymous_11)
FN:328,(anonymous_12)
FN:383,(anonymous_13)
FN:471,(anonymous_14)
FN:486,(anonymous_15)
FNF:16
FNH:12
FNDA:2,(anonymous_0)
FNDA:3,(anonymous_1)
FNDA:3,(anonymous_2)
FNDA:2,(anonymous_3)
FNDA:2,(anonymous_4)
FNDA:2,(anonymous_5)
FNDA:3,(anonymous_6)
FNDA:2,(anonymous_7)
FNDA:2,(anonymous_8)
FNDA:3,(anonymous_9)
FNDA:0,(anonymous_10)
FNDA:2,(anonymous_11)
FNDA:4,(anonymous_12)
FNDA:0,(anonymous_13)
FNDA:0,(anonymous_14)
FNDA:0,(anonymous_15)
DA:2,2
DA:3,2
DA:4,2
DA:5,2
DA:19,2
DA:21,2
DA:22,2
DA:28,2
DA:29,1
DA:32,1
DA:33,1
DA:34,1
DA:36,1
DA:55,1
DA:56,0
DA:58,1
DA:60,1
DA:69,1
DA:74,3
DA:75,3
DA:81,3
DA:82,1
DA:85,2
DA:87,2
DA:89,1
DA:94,3
DA:95,3
DA:101,3
DA:102,1
DA:106,2
DA:108,2
DA:110,2
DA:113,2
DA:114,2
DA:116,1
DA:120,1
DA:121,1
DA:122,1
DA:126,1
DA:133,2
DA:138,2
DA:139,2
DA:140,2
DA:146,2
DA:147,1
DA:150,1
DA:151,1
DA:152,0
DA:155,1
DA:156,1
DA:171,1
DA:176,2
DA:177,2
DA:183,2
DA:184,1
DA:187,1
DA:193,1
DA:198,2
DA:199,2
DA:205,2
DA:206,1
DA:209,1
DA:210,1
DA:212,1
DA:217,3
DA:218,3
DA:224,3
DA:225,1
DA:228,2
DA:233,2
DA:234,1
DA:237,1
DA:239,2
DA:244,2
DA:245,2
DA:247,2
DA:254,2
DA:255,1
DA:256,1
DA:259,1
DA:268,2
DA:269,2
DA:270,2
DA:271,10
DA:275,2
DA:279,3
DA:285,0
DA:286,0
DA:288,0
DA:293,2
DA:294,2
DA:296,2
DA:298,2
DA:306,2
DA:307,0
DA:310,2
DA:316,2
DA:317,1
DA:320,1
DA:322,1
DA:324,1
DA:329,4
DA:330,4
DA:336,4
DA:337,1
DA:340,3
DA:341,0
DA:344,3
DA:345,3
DA:347,3
DA:348,1
DA:356,1
DA:359,2
DA:360,1
DA:362,1
DA:364,1
DA:373,1
DA:374,0
DA:377,1
DA:379,3
DA:384,0
DA:385,0
DA:395,0
DA:435,0
DA:450,0
DA:461,0
DA:463,0
DA:464,0
DA:466,0
DA:467,0
DA:472,0
DA:473,0
DA:474,0
DA:479,0
DA:487,0
DA:488,0
DA:490,0
DA:492,0
DA:497,2
LF:139
LH:113
BRDA:28,0,0,1
BRDA:28,0,1,1
BRDA:55,1,0,0
BRDA:55,1,1,1
BRDA:81,2,0,1
BRDA:81,2,1,2
BRDA:81,3,0,3
BRDA:81,3,1,2
BRDA:101,4,0,1
BRDA:101,4,1,2
BRDA:101,5,0,3
BRDA:101,5,1,2
BRDA:110,6,0,2
BRDA:110,6,1,0
BRDA:120,7,0,1
BRDA:120,7,1,0
BRDA:120,8,0,1
BRDA:120,8,1,1
BRDA:146,9,0,1
BRDA:146,9,1,1
BRDA:146,10,0,2
BRDA:146,10,1,1
BRDA:151,11,0,0
BRDA:151,11,1,1
BRDA:183,12,0,1
BRDA:183,12,1,1
BRDA:183,13,0,2
BRDA:183,13,1,1
BRDA:205,14,0,1
BRDA:205,14,1,1
BRDA:205,15,0,2
BRDA:205,15,1,1
BRDA:224,16,0,1
BRDA:224,16,1,2
BRDA:224,17,0,3
BRDA:224,17,1,2
BRDA:233,18,0,1
BRDA:233,18,1,1
BRDA:254,19,0,1
BRDA:254,19,1,1
BRDA:254,20,0,2
BRDA:254,20,1,1
BRDA:306,21,0,0
BRDA:306,21,1,2
BRDA:316,22,0,1
BRDA:316,22,1,1
BRDA:316,23,0,2
BRDA:316,23,1,1
BRDA:336,24,0,1
BRDA:336,24,1,3
BRDA:336,25,0,4
BRDA:336,25,1,3
BRDA:340,26,0,0
BRDA:340,26,1,3
BRDA:347,27,0,1
BRDA:347,27,1,2
BRDA:359,28,0,1
BRDA:359,28,1,1
BRDA:373,29,0,0
BRDA:373,29,1,1
BRDA:387,30,0,0
BRDA:387,30,1,0
BRDA:452,31,0,0
BRDA:452,31,1,0
BRDA:453,32,0,0
BRDA:453,32,1,0
BRF:66
BRH:53
end_of_record
