TN:
SF:controllers/fileController.js
FN:12,(anonymous_0)
FN:60,(anonymous_1)
FN:66,(anonymous_2)
FN:76,(anonymous_3)
FN:104,(anonymous_4)
FN:150,(anonymous_5)
FN:215,(anonymous_6)
FN:243,(anonymous_7)
FN:275,(anonymous_8)
FN:323,(anonymous_9)
FN:343,(anonymous_10)
FN:358,(anonymous_11)
FN:376,(anonymous_12)
FN:395,(anonymous_13)
FN:416,(anonymous_14)
FN:435,(anonymous_15)
FN:455,(anonymous_16)
FN:483,(anonymous_17)
FN:487,(anonymous_18)
FN:502,(anonymous_19)
FN:524,(anonymous_20)
FN:544,(anonymous_21)
FN:568,(anonymous_22)
FN:633,(anonymous_23)
FN:662,(anonymous_24)
FN:690,(anonymous_25)
FN:717,(anonymous_26)
FN:751,(anonymous_27)
FN:755,(anonymous_28)
FNF:29
FNH:22
FNDA:4,(anonymous_0)
FNDA:0,(anonymous_1)
FNDA:1,(anonymous_2)
FNDA:3,(anonymous_3)
FNDA:3,(anonymous_4)
FNDA:0,(anonymous_5)
FNDA:2,(anonymous_6)
FNDA:5,(anonymous_7)
FNDA:0,(anonymous_8)
FNDA:2,(anonymous_9)
FNDA:1,(anonymous_10)
FNDA:2,(anonymous_11)
FNDA:3,(anonymous_12)
FNDA:3,(anonymous_13)
FNDA:2,(anonymous_14)
FNDA:3,(anonymous_15)
FNDA:3,(anonymous_16)
FNDA:1,(anonymous_17)
FNDA:0,(anonymous_18)
FNDA:3,(anonymous_19)
FNDA:5,(anonymous_20)
FNDA:3,(anonymous_21)
FNDA:0,(anonymous_22)
FNDA:1,(anonymous_23)
FNDA:4,(anonymous_24)
FNDA:2,(anonymous_25)
FNDA:2,(anonymous_26)
FNDA:0,(anonymous_27)
FNDA:0,(anonymous_28)
DA:2,1
DA:3,1
DA:4,1
DA:5,1
DA:6,1
DA:7,1
DA:9,1
DA:12,1
DA:13,4
DA:15,4
DA:16,1
DA:19,3
DA:21,3
DA:31,2
DA:32,2
DA:34,2
DA:35,2
DA:37,2
DA:38,1
DA:39,1
DA:42,1
DA:49,1
DA:57,1
DA:60,1
DA:61,0
DA:62,0
DA:66,1
DA:67,1
DA:71,1
DA:72,1
DA:76,1
DA:77,3
DA:78,3
DA:80,3
DA:81,1
DA:84,2
DA:85,2
DA:91,1
DA:92,0
DA:95,1
DA:96,1
DA:98,1
DA:99,1
DA:100,1
DA:104,1
DA:105,3
DA:114,3
DA:116,3
DA:118,3
DA:119,1
DA:122,2
DA:123,2
DA:124,1
DA:125,1
DA:126,1
DA:129,2
DA:143,2
DA:145,0
DA:146,0
DA:150,1
DA:151,0
DA:164,0
DA:166,0
DA:167,0
DA:170,0
DA:171,0
DA:174,0
DA:175,0
DA:176,0
DA:177,0
DA:178,0
DA:179,0
DA:181,0
DA:183,0
DA:184,0
DA:188,0
DA:189,0
DA:190,0
DA:191,0
DA:192,0
DA:193,0
DA:194,0
DA:195,0
DA:196,0
DA:197,0
DA:198,0
DA:199,0
DA:200,0
DA:202,0
DA:208,0
DA:210,0
DA:211,0
DA:215,1
DA:216,2
DA:218,2
DA:219,1
DA:222,1
DA:223,1
DA:231,1
DA:232,0
DA:235,1
DA:236,1
DA:238,0
DA:239,0
DA:243,1
DA:244,5
DA:246,5
DA:247,1
DA:250,4
DA:251,1
DA:254,3
DA:255,3
DA:262,2
DA:263,1
DA:265,1
DA:267,1
DA:268,1
DA:273,1
DA:276,0
DA:284,0
DA:285,0
DA:287,0
DA:288,0
DA:292,0
DA:293,0
DA:294,0
DA:295,0
DA:296,0
DA:297,0
DA:298,0
DA:299,0
DA:305,0
DA:315,0
DA:317,0
DA:318,0
DA:323,1
DA:324,2
DA:325,2
DA:326,1
DA:330,1
DA:331,1
DA:336,1
DA:338,0
DA:339,0
DA:343,1
DA:344,1
DA:345,1
DA:346,1
DA:351,1
DA:353,0
DA:354,0
DA:358,1
DA:359,2
DA:360,2
DA:361,1
DA:363,1
DA:364,1
DA:369,1
DA:371,0
DA:372,0
DA:376,1
DA:377,3
DA:379,3
DA:380,1
DA:382,2
DA:383,2
DA:388,1
DA:390,1
DA:391,1
DA:395,1
DA:396,3
DA:397,3
DA:398,1
DA:401,2
DA:402,2
DA:409,1
DA:411,1
DA:412,1
DA:416,1
DA:417,2
DA:418,2
DA:419,1
DA:422,1
DA:423,1
DA:428,1
DA:430,0
DA:431,0
DA:435,1
DA:436,3
DA:437,3
DA:438,1
DA:440,2
DA:441,2
DA:446,1
DA:448,1
DA:449,1
DA:455,1
DA:456,3
DA:458,3
DA:459,1
DA:462,2
DA:464,2
DA:473,1
DA:480,1
DA:483,1
DA:484,1
DA:487,1
DA:488,0
DA:489,0
DA:493,1
DA:494,1
DA:495,1
DA:497,0
DA:502,1
DA:503,3
DA:505,3
DA:506,1
DA:509,2
DA:510,2
DA:517,1
DA:519,1
DA:520,1
DA:524,1
DA:525,5
DA:527,5
DA:528,2
DA:531,3
DA:532,3
DA:537,2
DA:539,1
DA:540,1
DA:544,1
DA:545,3
DA:547,3
DA:548,1
DA:551,2
DA:552,2
DA:559,1
DA:561,1
DA:562,1
DA:566,1
DA:569,0
DA:577,0
DA:578,0
DA:580,0
DA:587,0
DA:593,0
DA:594,0
DA:595,0
DA:596,0
DA:597,0
DA:598,0
DA:599,0
DA:600,0
DA:606,0
DA:615,0
DA:616,0
DA:620,0
DA:622,0
DA:627,0
DA:628,0
DA:633,1
DA:634,1
DA:636,1
DA:637,0
DA:640,1
DA:641,1
DA:649,1
DA:650,0
DA:655,1
DA:657,0
DA:658,0
DA:662,1
DA:663,4
DA:665,4
DA:666,1
DA:669,3
DA:670,3
DA:678,2
DA:679,1
DA:683,1
DA:685,1
DA:686,1
DA:690,1
DA:691,2
DA:693,2
DA:694,1
DA:697,1
DA:698,1
DA:706,1
DA:707,0
DA:709,1
DA:711,0
DA:712,0
DA:717,1
DA:718,2
DA:720,2
DA:721,1
DA:724,1
DA:725,1
DA:733,0
DA:734,0
DA:735,0
DA:737,0
DA:745,0
DA:749,0
DA:751,0
DA:752,0
DA:755,0
DA:756,0
DA:757,0
DA:761,1
DA:763,1
DA:764,0
DA:766,1
LF:315
LH:208
BRDA:15,0,0,1
BRDA:15,0,1,3
BRDA:15,1,0,4
BRDA:15,1,1,4
BRDA:24,2,0,3
BRDA:24,2,1,0
BRDA:37,3,0,1
BRDA:37,3,1,1
BRDA:37,4,0,2
BRDA:37,4,1,1
BRDA:80,5,0,1
BRDA:80,5,1,2
BRDA:86,6,0,2
BRDA:86,6,1,0
BRDA:91,7,0,0
BRDA:91,7,1,1
BRDA:118,8,0,1
BRDA:118,8,1,2
BRDA:118,9,0,3
BRDA:118,9,1,3
BRDA:123,10,0,1
BRDA:123,10,1,1
BRDA:125,11,0,1
BRDA:125,11,1,0
BRDA:125,12,0,1
BRDA:125,12,1,1
BRDA:130,13,0,2
BRDA:130,13,1,0
BRDA:133,14,0,2
BRDA:133,14,1,1
BRDA:136,15,0,2
BRDA:136,15,1,1
BRDA:138,16,0,2
BRDA:138,16,1,1
BRDA:166,17,0,0
BRDA:166,17,1,0
BRDA:166,18,0,0
BRDA:166,18,1,0
BRDA:170,19,0,0
BRDA:170,19,1,0
BRDA:170,20,0,0
BRDA:170,20,1,0
BRDA:170,20,2,0
BRDA:170,20,3,0
BRDA:175,21,0,0
BRDA:175,21,1,0
BRDA:176,22,0,0
BRDA:176,22,1,0
BRDA:183,23,0,0
BRDA:183,23,1,0
BRDA:191,24,0,0
BRDA:191,24,1,0
BRDA:195,25,0,0
BRDA:195,25,1,0
BRDA:199,26,0,0
BRDA:199,26,1,0
BRDA:203,27,0,0
BRDA:203,27,1,0
BRDA:218,28,0,1
BRDA:218,28,1,1
BRDA:225,29,0,1
BRDA:225,29,1,0
BRDA:231,30,0,0
BRDA:231,30,1,1
BRDA:246,31,0,1
BRDA:246,31,1,4
BRDA:250,32,0,1
BRDA:250,32,1,3
BRDA:256,33,0,3
BRDA:256,33,1,0
BRDA:262,34,0,1
BRDA:262,34,1,1
BRDA:287,35,0,0
BRDA:287,35,1,0
BRDA:287,36,0,0
BRDA:287,36,1,0
BRDA:287,36,2,0
BRDA:287,36,3,0
BRDA:287,36,4,0
BRDA:306,37,0,0
BRDA:306,37,1,0
BRDA:325,38,0,1
BRDA:325,38,1,1
BRDA:325,39,0,2
BRDA:325,39,1,2
BRDA:325,39,2,2
BRDA:325,39,3,1
BRDA:332,40,0,1
BRDA:332,40,1,0
BRDA:347,41,0,1
BRDA:347,41,1,0
BRDA:348,42,0,1
BRDA:348,42,1,0
BRDA:360,43,0,1
BRDA:360,43,1,1
BRDA:360,44,0,2
BRDA:360,44,1,2
BRDA:365,45,0,1
BRDA:365,45,1,0
BRDA:379,46,0,1
BRDA:379,46,1,2
BRDA:384,47,0,2
BRDA:384,47,1,0
BRDA:397,48,0,1
BRDA:397,48,1,2
BRDA:404,49,0,2
BRDA:404,49,1,0
BRDA:418,50,0,1
BRDA:418,50,1,1
BRDA:424,51,0,1
BRDA:424,51,1,0
BRDA:437,52,0,1
BRDA:437,52,1,2
BRDA:437,53,0,3
BRDA:437,53,1,3
BRDA:442,54,0,2
BRDA:442,54,1,0
BRDA:458,55,0,1
BRDA:458,55,1,2
BRDA:466,56,0,2
BRDA:466,56,1,0
BRDA:494,57,0,1
BRDA:494,57,1,0
BRDA:505,58,0,1
BRDA:505,58,1,2
BRDA:505,59,0,3
BRDA:505,59,1,3
BRDA:512,60,0,2
BRDA:512,60,1,0
BRDA:527,61,0,2
BRDA:527,61,1,3
BRDA:527,62,0,5
BRDA:527,62,1,4
BRDA:533,63,0,3
BRDA:533,63,1,0
BRDA:547,64,0,1
BRDA:547,64,1,2
BRDA:547,65,0,3
BRDA:547,65,1,3
BRDA:554,66,0,2
BRDA:554,66,1,0
BRDA:580,67,0,0
BRDA:580,67,1,0
BRDA:581,68,0,0
BRDA:581,68,1,0
BRDA:581,68,2,0
BRDA:581,68,3,0
BRDA:581,68,4,0
BRDA:607,69,0,0
BRDA:607,69,1,0
BRDA:615,70,0,0
BRDA:615,70,1,0
BRDA:623,71,0,0
BRDA:623,71,1,0
BRDA:636,72,0,0
BRDA:636,72,1,1
BRDA:643,73,0,1
BRDA:643,73,1,0
BRDA:649,74,0,0
BRDA:649,74,1,1
BRDA:665,75,0,1
BRDA:665,75,1,3
BRDA:665,76,0,4
BRDA:665,76,1,4
BRDA:672,77,0,3
BRDA:672,77,1,0
BRDA:678,78,0,1
BRDA:678,78,1,1
BRDA:693,79,0,1
BRDA:693,79,1,1
BRDA:693,80,0,2
BRDA:693,80,1,2
BRDA:693,80,2,2
BRDA:700,81,0,1
BRDA:700,81,1,0
BRDA:706,82,0,0
BRDA:706,82,1,1
BRDA:720,83,0,1
BRDA:720,83,1,1
BRDA:720,84,0,2
BRDA:720,84,1,1
BRDA:727,85,0,1
BRDA:727,85,1,0
BRDA:733,86,0,0
BRDA:733,86,1,0
BRDA:734,87,0,0
BRDA:734,87,1,0
BRDA:735,88,0,0
BRDA:735,88,1,0
BRDA:763,89,0,0
BRDA:763,89,1,1
BRDA:763,90,0,1
BRDA:763,90,1,0
BRF:193
BRH:111
end_of_record
TN:
SF:controllers/userController.js
FN:7,(anonymous_0)
FN:82,(anonymous_1)
FN:113,(anonymous_2)
FN:146,(anonymous_3)
FN:177,(anonymous_4)
FN:210,(anonymous_5)
FN:251,(anonymous_6)
FN:277,(anonymous_7)
FN:309,(anonymous_8)
FN:337,(anonymous_9)
FN:367,(anonymous_10)
FN:414,(anonymous_11)
FN:433,(anonymous_12)
FN:471,(anonymous_13)
FN:510,(anonymous_14)
FN:546,(anonymous_15)
FN:566,(anonymous_16)
FN:576,(anonymous_17)
FN:595,(anonymous_18)
FNF:19
FNH:12
FNDA:14,(anonymous_0)
FNDA:4,(anonymous_1)
FNDA:0,(anonymous_2)
FNDA:4,(anonymous_3)
FNDA:7,(anonymous_4)
FNDA:11,(anonymous_5)
FNDA:6,(anonymous_6)
FNDA:8,(anonymous_7)
FNDA:3,(anonymous_8)
FNDA:5,(anonymous_9)
FNDA:5,(anonymous_10)
FNDA:2,(anonymous_11)
FNDA:5,(anonymous_12)
FNDA:0,(anonymous_13)
FNDA:0,(anonymous_14)
FNDA:0,(anonymous_15)
FNDA:0,(anonymous_16)
FNDA:0,(anonymous_17)
FNDA:0,(anonymous_18)
DA:1,2
DA:2,2
DA:3,2
DA:4,2
DA:8,14
DA:9,14
DA:10,14
DA:18,14
DA:19,14
DA:21,14
DA:35,9
DA:41,5
DA:52,3
DA:53,3
DA:59,3
DA:60,1
DA:61,1
DA:67,2
DA:68,2
DA:74,2
DA:75,2
DA:83,4
DA:84,4
DA:85,4
DA:86,1
DA:92,3
DA:93,2
DA:94,1
DA:100,1
DA:105,1
DA:106,1
DA:114,0
DA:115,0
DA:116,0
DA:117,0
DA:123,0
DA:125,0
DA:126,0
DA:132,0
DA:137,0
DA:138,0
DA:147,4
DA:148,4
DA:149,4
DA:150,1
DA:156,3
DA:157,2
DA:158,1
DA:164,1
DA:169,1
DA:170,1
DA:178,7
DA:179,7
DA:181,7
DA:182,3
DA:188,4
DA:190,2
DA:191,2
DA:194,2
DA:197,2
DA:203,2
DA:211,11
DA:212,11
DA:213,11
DA:214,4
DA:220,7
DA:221,7
DA:222,6
DA:223,2
DA:228,4
DA:230,4
DA:231,4
DA:232,2
DA:238,2
DA:243,1
DA:244,1
DA:252,6
DA:253,6
DA:255,6
DA:256,2
DA:262,4
DA:263,2
DA:269,2
DA:270,2
DA:278,8
DA:279,8
DA:281,8
DA:282,2
DA:288,6
DA:289,4
DA:290,2
DA:296,2
DA:301,2
DA:302,2
DA:310,3
DA:311,3
DA:312,3
DA:314,3
DA:315,1
DA:321,2
DA:323,1
DA:329,1
DA:330,1
DA:338,5
DA:339,5
DA:340,5
DA:341,2
DA:346,3
DA:347,3
DA:348,2
DA:349,1
DA:354,1
DA:359,1
DA:360,1
DA:368,5
DA:369,5
DA:370,5
DA:372,5
DA:373,1
DA:379,4
DA:385,3
DA:386,1
DA:392,2
DA:394,2
DA:395,1
DA:401,1
DA:406,1
DA:407,1
DA:415,2
DA:416,2
DA:418,2
DA:420,1
DA:425,1
DA:426,1
DA:434,5
DA:435,5
DA:436,5
DA:438,5
DA:439,2
DA:445,3
DA:446,1
DA:452,2
DA:458,1
DA:463,1
DA:464,1
DA:472,0
DA:473,0
DA:475,0
DA:476,0
DA:482,0
DA:488,0
DA:489,0
DA:495,0
DA:497,0
DA:502,0
DA:503,0
DA:511,0
DA:512,0
DA:513,0
DA:514,0
DA:520,0
DA:521,0
DA:523,0
DA:524,0
DA:530,0
DA:538,0
DA:539,0
DA:547,0
DA:548,0
DA:549,0
DA:551,0
DA:552,0
DA:555,0
DA:557,0
DA:562,0
DA:567,0
DA:568,0
DA:569,0
DA:570,0
DA:572,0
DA:577,0
DA:579,0
DA:580,0
DA:581,0
DA:583,0
DA:584,0
DA:587,0
DA:588,0
DA:590,0
DA:591,0
DA:596,0
DA:597,0
DA:599,0
DA:600,0
DA:607,0
DA:614,0
DA:616,0
DA:617,0
DA:620,0
DA:621,0
DA:622,0
DA:632,0
DA:633,0
DA:635,0
DA:637,0
DA:640,0
DA:643,0
DA:646,0
DA:652,0
DA:671,0
DA:672,0
DA:674,0
DA:677,0
DA:684,0
DA:685,0
DA:686,0
DA:693,0
DA:694,0
DA:695,0
DA:707,0
DA:708,0
DA:710,0
DA:711,0
DA:714,0
DA:719,0
DA:720,0
DA:721,0
DA:724,0
DA:725,0
DA:726,0
DA:727,0
DA:728,0
DA:729,0
DA:732,0
DA:736,0
DA:759,0
DA:760,0
DA:768,2
LF:238
LH:136
BRDA:21,0,0,9
BRDA:21,0,1,5
BRDA:22,1,0,14
BRDA:22,1,1,10
BRDA:22,1,2,9
BRDA:22,1,3,7
BRDA:22,1,4,6
BRDA:22,1,5,6
BRDA:22,1,6,6
BRDA:22,1,7,5
BRDA:22,1,8,5
BRDA:22,1,9,5
BRDA:22,1,10,5
BRDA:22,1,11,5
BRDA:52,2,0,3
BRDA:52,2,1,0
BRDA:52,3,0,3
BRDA:52,3,1,3
BRDA:52,3,2,3
BRDA:59,4,0,1
BRDA:59,4,1,2
BRDA:59,5,0,3
BRDA:59,5,1,3
BRDA:63,6,0,1
BRDA:63,6,1,0
BRDA:85,7,0,1
BRDA:85,7,1,3
BRDA:93,8,0,1
BRDA:93,8,1,1
BRDA:116,9,0,0
BRDA:116,9,1,0
BRDA:125,10,0,0
BRDA:125,10,1,0
BRDA:149,11,0,1
BRDA:149,11,1,3
BRDA:157,12,0,1
BRDA:157,12,1,1
BRDA:181,13,0,3
BRDA:181,13,1,4
BRDA:181,14,0,7
BRDA:181,14,1,6
BRDA:190,15,0,2
BRDA:190,15,1,0
BRDA:190,16,0,2
BRDA:190,16,1,2
BRDA:190,16,2,2
BRDA:213,17,0,4
BRDA:213,17,1,7
BRDA:213,18,0,11
BRDA:213,18,1,9
BRDA:222,19,0,2
BRDA:222,19,1,4
BRDA:222,20,0,6
BRDA:222,20,1,5
BRDA:231,21,0,2
BRDA:231,21,1,2
BRDA:255,22,0,2
BRDA:255,22,1,4
BRDA:281,23,0,2
BRDA:281,23,1,6
BRDA:289,24,0,2
BRDA:289,24,1,2
BRDA:314,25,0,1
BRDA:314,25,1,2
BRDA:340,26,0,2
BRDA:340,26,1,3
BRDA:340,27,0,5
BRDA:340,27,1,4
BRDA:348,28,0,1
BRDA:348,28,1,1
BRDA:372,29,0,1
BRDA:372,29,1,4
BRDA:385,30,0,1
BRDA:385,30,1,2
BRDA:385,31,0,3
BRDA:385,31,1,2
BRDA:394,32,0,1
BRDA:394,32,1,1
BRDA:428,33,0,1
BRDA:428,33,1,0
BRDA:438,34,0,2
BRDA:438,34,1,3
BRDA:438,35,0,5
BRDA:438,35,1,4
BRDA:445,36,0,1
BRDA:445,36,1,2
BRDA:466,37,0,1
BRDA:466,37,1,0
BRDA:475,38,0,0
BRDA:475,38,1,0
BRDA:488,39,0,0
BRDA:488,39,1,0
BRDA:488,40,0,0
BRDA:488,40,1,0
BRDA:513,41,0,0
BRDA:513,41,1,0
BRDA:513,42,0,0
BRDA:513,42,1,0
BRDA:523,43,0,0
BRDA:523,43,1,0
BRDA:551,44,0,0
BRDA:551,44,1,0
BRDA:583,45,0,0
BRDA:583,45,1,0
BRDA:583,46,0,0
BRDA:583,46,1,0
BRDA:599,47,0,0
BRDA:599,47,1,0
BRDA:599,48,0,0
BRDA:599,48,1,0
BRDA:616,49,0,0
BRDA:616,49,1,0
BRDA:616,50,0,0
BRDA:616,50,1,0
BRDA:620,51,0,0
BRDA:620,51,1,0
BRDA:621,52,0,0
BRDA:621,52,1,0
BRDA:626,53,0,0
BRDA:626,53,1,0
BRDA:632,54,0,0
BRDA:632,54,1,0
BRDA:643,55,0,0
BRDA:643,55,1,0
BRDA:643,56,0,0
BRDA:643,56,1,0
BRDA:643,56,2,0
BRDA:643,56,3,0
BRDA:643,56,4,0
BRDA:643,56,5,0
BRDA:643,56,6,0
BRDA:655,57,0,0
BRDA:655,57,1,0
BRDA:671,58,0,0
BRDA:671,58,1,0
BRDA:684,59,0,0
BRDA:684,59,1,0
BRDA:684,60,0,0
BRDA:684,60,1,0
BRDA:688,61,0,0
BRDA:688,61,1,0
BRDA:694,62,0,0
BRDA:694,62,1,0
BRDA:703,63,0,0
BRDA:703,63,1,0
BRDA:707,64,0,0
BRDA:707,64,1,0
BRDA:720,65,0,0
BRDA:720,65,1,0
BRDA:720,66,0,0
BRDA:720,66,1,0
BRDA:725,67,0,0
BRDA:725,67,1,0
BRDA:728,68,0,0
BRDA:728,68,1,0
BRDA:728,69,0,0
BRDA:728,69,1,0
BRDA:738,70,0,0
BRDA:738,70,1,0
BRDA:762,71,0,0
BRDA:762,71,1,0
BRF:161
BRH:79
end_of_record
TN:
SF:controllers/vaultController.js
FN:4,(anonymous_0)
FN:11,(anonymous_1)
FN:16,(anonymous_2)
FN:23,(anonymous_3)
FN:31,(anonymous_4)
FNF:5
FNH:5
FNDA:2,(anonymous_0)
FNDA:1,(anonymous_1)
FNDA:1,(anonymous_2)
FNDA:1,(anonymous_3)
FNDA:1,(anonymous_4)
DA:1,2
DA:5,2
DA:12,1
DA:13,1
DA:17,1
DA:20,1
DA:24,1
DA:28,1
DA:32,1
DA:36,1
DA:40,2
LF:11
LH:11
BRF:0
BRH:0
end_of_record
TN:
SF:services/userService.js
FN:8,(anonymous_0)
FN:73,(anonymous_1)
FN:109,(anonymous_2)
FN:127,(anonymous_3)
FN:171,(anonymous_4)
FN:209,(anonymous_5)
FN:232,(anonymous_6)
FN:251,(anonymous_7)
FN:278,(anonymous_8)
FN:301,(anonymous_9)
FN:313,(anonymous_10)
FN:319,(anonymous_11)
FN:327,(anonymous_12)
FN:363,(anonymous_13)
FN:418,(anonymous_14)
FN:506,(anonymous_15)
FN:613,(anonymous_16)
FN:628,(anonymous_17)
FN:638,(anonymous_18)
FN:691,(anonymous_19)
FN:717,(anonymous_20)
FN:735,(anonymous_21)
FNF:22
FNH:12
FNDA:2,(anonymous_0)
FNDA:3,(anonymous_1)
FNDA:0,(anonymous_2)
FNDA:3,(anonymous_3)
FNDA:2,(anonymous_4)
FNDA:2,(anonymous_5)
FNDA:2,(anonymous_6)
FNDA:3,(anonymous_7)
FNDA:2,(anonymous_8)
FNDA:2,(anonymous_9)
FNDA:3,(anonymous_10)
FNDA:0,(anonymous_11)
FNDA:2,(anonymous_12)
FNDA:4,(anonymous_13)
FNDA:0,(anonymous_14)
FNDA:0,(anonymous_15)
FNDA:0,(anonymous_16)
FNDA:0,(anonymous_17)
FNDA:0,(anonymous_18)
FNDA:0,(anonymous_19)
FNDA:0,(anonymous_20)
FNDA:0,(anonymous_21)
DA:2,2
DA:3,2
DA:4,2
DA:5,2
DA:19,2
DA:21,2
DA:22,2
DA:28,2
DA:29,1
DA:32,1
DA:33,1
DA:34,1
DA:36,1
DA:55,1
DA:56,0
DA:58,1
DA:60,1
DA:69,1
DA:74,3
DA:75,3
DA:81,3
DA:82,1
DA:83,0
DA:85,0
DA:88,2
DA:89,0
DA:92,2
DA:94,2
DA:96,1
DA:98,1
DA:101,0
DA:104,1
DA:105,1
DA:110,0
DA:111,0
DA:117,0
DA:118,0
DA:121,0
DA:123,0
DA:128,3
DA:129,3
DA:135,3
DA:136,1
DA:140,2
DA:142,2
DA:144,2
DA:147,2
DA:148,2
DA:150,1
DA:154,1
DA:155,1
DA:156,1
DA:160,1
DA:167,2
DA:172,2
DA:173,2
DA:174,2
DA:180,2
DA:181,1
DA:184,1
DA:185,1
DA:186,0
DA:189,1
DA:190,1
DA:205,1
DA:210,2
DA:211,2
DA:217,2
DA:218,1
DA:221,1
DA:228,1
DA:233,2
DA:234,2
DA:240,2
DA:241,1
DA:244,1
DA:245,1
DA:247,1
DA:252,3
DA:253,3
DA:259,3
DA:260,1
DA:263,2
DA:268,2
DA:269,1
DA:272,1
DA:274,2
DA:279,2
DA:280,2
DA:282,2
DA:289,2
DA:290,1
DA:291,1
DA:294,1
DA:303,2
DA:304,2
DA:305,2
DA:306,10
DA:310,2
DA:314,3
DA:320,0
DA:321,0
DA:323,0
DA:328,2
DA:329,2
DA:331,2
DA:333,2
DA:341,2
DA:342,0
DA:345,2
DA:351,2
DA:352,1
DA:355,1
DA:357,1
DA:359,1
DA:364,4
DA:365,4
DA:371,4
DA:372,1
DA:375,3
DA:376,0
DA:379,3
DA:380,3
DA:382,3
DA:383,1
DA:391,1
DA:394,2
DA:395,1
DA:397,1
DA:399,1
DA:408,1
DA:409,0
DA:412,1
DA:414,3
DA:419,0
DA:420,0
DA:430,0
DA:470,0
DA:485,0
DA:496,0
DA:498,0
DA:499,0
DA:501,0
DA:502,0
DA:507,0
DA:508,0
DA:510,0
DA:512,0
DA:522,0
DA:523,0
DA:526,0
DA:536,0
DA:577,0
DA:592,0
DA:603,0
DA:605,0
DA:606,0
DA:608,0
DA:609,0
DA:614,0
DA:615,0
DA:616,0
DA:621,0
DA:629,0
DA:630,0
DA:632,0
DA:634,0
DA:639,0
DA:640,0
DA:641,0
DA:644,0
DA:656,0
DA:657,0
DA:658,0
DA:660,0
DA:661,0
DA:662,0
DA:664,0
DA:665,0
DA:670,0
DA:677,0
DA:678,0
DA:681,0
DA:682,0
DA:685,0
DA:687,0
DA:692,0
DA:693,0
DA:699,0
DA:700,0
DA:703,0
DA:704,0
DA:707,0
DA:713,0
DA:718,0
DA:719,0
DA:725,0
DA:726,0
DA:729,0
DA:731,0
DA:736,0
DA:743,0
DA:744,0
DA:746,0
DA:750,2
LF:205
LH:117
BRDA:28,0,0,1
BRDA:28,0,1,1
BRDA:55,1,0,0
BRDA:55,1,1,1
BRDA:81,2,0,1
BRDA:81,2,1,2
BRDA:82,3,0,0
BRDA:82,3,1,0
BRDA:82,4,0,1
BRDA:82,4,1,1
BRDA:88,5,0,0
BRDA:88,5,1,2
BRDA:98,6,0,0
BRDA:98,6,1,1
BRDA:98,7,0,1
BRDA:98,7,1,1
BRDA:98,7,2,1
BRDA:117,8,0,0
BRDA:117,8,1,0
BRDA:117,9,0,0
BRDA:117,9,1,0
BRDA:135,10,0,1
BRDA:135,10,1,2
BRDA:135,11,0,3
BRDA:135,11,1,2
BRDA:144,12,0,2
BRDA:144,12,1,0
BRDA:154,13,0,1
BRDA:154,13,1,0
BRDA:154,14,0,1
BRDA:154,14,1,1
BRDA:180,15,0,1
BRDA:180,15,1,1
BRDA:180,16,0,2
BRDA:180,16,1,1
BRDA:185,17,0,0
BRDA:185,17,1,1
BRDA:217,18,0,1
BRDA:217,18,1,1
BRDA:217,19,0,2
BRDA:217,19,1,1
BRDA:240,20,0,1
BRDA:240,20,1,1
BRDA:240,21,0,2
BRDA:240,21,1,1
BRDA:259,22,0,1
BRDA:259,22,1,2
BRDA:259,23,0,3
BRDA:259,23,1,2
BRDA:268,24,0,1
BRDA:268,24,1,1
BRDA:289,25,0,1
BRDA:289,25,1,1
BRDA:289,26,0,2
BRDA:289,26,1,1
BRDA:341,27,0,0
BRDA:341,27,1,2
BRDA:351,28,0,1
BRDA:351,28,1,1
BRDA:351,29,0,2
BRDA:351,29,1,1
BRDA:371,30,0,1
BRDA:371,30,1,3
BRDA:371,31,0,4
BRDA:371,31,1,3
BRDA:375,32,0,0
BRDA:375,32,1,3
BRDA:382,33,0,1
BRDA:382,33,1,2
BRDA:394,34,0,1
BRDA:394,34,1,1
BRDA:408,35,0,0
BRDA:408,35,1,1
BRDA:422,36,0,0
BRDA:422,36,1,0
BRDA:487,37,0,0
BRDA:487,37,1,0
BRDA:488,38,0,0
BRDA:488,38,1,0
BRDA:522,39,0,0
BRDA:522,39,1,0
BRDA:528,40,0,0
BRDA:528,40,1,0
BRDA:594,41,0,0
BRDA:594,41,1,0
BRDA:595,42,0,0
BRDA:595,42,1,0
BRDA:640,43,0,0
BRDA:640,43,1,0
BRDA:640,44,0,0
BRDA:640,44,1,0
BRDA:657,45,0,0
BRDA:657,45,1,0
BRDA:661,46,0,0
BRDA:661,46,1,0
BRDA:664,47,0,0
BRDA:664,47,1,0
BRDA:677,48,0,0
BRDA:677,48,1,0
BRDA:681,49,0,0
BRDA:681,49,1,0
BRDA:699,50,0,0
BRDA:699,50,1,0
BRDA:703,51,0,0
BRDA:703,51,1,0
BRDA:725,52,0,0
BRDA:725,52,1,0
BRDA:725,53,0,0
BRDA:725,53,1,0
BRDA:729,54,0,0
BRDA:729,54,1,0
BRDA:743,55,0,0
BRDA:743,55,1,0
BRDA:744,56,0,0
BRDA:744,56,1,0
BRF:115
BRH:58
end_of_record
