mode: set
github.com/COS301-SE-2025/Secure-File-Sharing-Platform/sfsp-api/services/fileService/crypto/decrypt.go:9.66,11.25 2 1
github.com/COS301-SE-2025/Secure-File-Sharing-Platform/sfsp-api/services/fileService/crypto/decrypt.go:11.25,13.3 1 1
github.com/COS301-SE-2025/Secure-File-Sharing-Platform/sfsp-api/services/fileService/crypto/decrypt.go:15.2,15.31 1 1
github.com/COS301-SE-2025/Secure-File-Sharing-Platform/sfsp-api/services/fileService/crypto/decrypt.go:15.31,17.3 1 1
github.com/COS301-SE-2025/Secure-File-Sharing-Platform/sfsp-api/services/fileService/crypto/decrypt.go:19.2,23.16 4 1
github.com/COS301-SE-2025/Secure-File-Sharing-Platform/sfsp-api/services/fileService/crypto/decrypt.go:23.16,25.3 1 0
github.com/COS301-SE-2025/Secure-File-Sharing-Platform/sfsp-api/services/fileService/crypto/decrypt.go:27.2,31.23 4 1
github.com/COS301-SE-2025/Secure-File-Sharing-Platform/sfsp-api/services/fileService/crypto/encrypt.go:11.66,13.25 2 1
github.com/COS301-SE-2025/Secure-File-Sharing-Platform/sfsp-api/services/fileService/crypto/encrypt.go:13.25,15.3 1 1
github.com/COS301-SE-2025/Secure-File-Sharing-Platform/sfsp-api/services/fileService/crypto/encrypt.go:17.2,18.16 2 1
github.com/COS301-SE-2025/Secure-File-Sharing-Platform/sfsp-api/services/fileService/crypto/encrypt.go:18.16,20.3 1 0
github.com/COS301-SE-2025/Secure-File-Sharing-Platform/sfsp-api/services/fileService/crypto/encrypt.go:22.2,23.56 2 1
github.com/COS301-SE-2025/Secure-File-Sharing-Platform/sfsp-api/services/fileService/crypto/encrypt.go:23.56,25.3 1 0
github.com/COS301-SE-2025/Secure-File-Sharing-Platform/sfsp-api/services/fileService/crypto/encrypt.go:27.2,32.39 4 1
github.com/COS301-SE-2025/Secure-File-Sharing-Platform/sfsp-api/services/fileService/database/Mongo.go:12.51,18.19 5 1
github.com/COS301-SE-2025/Secure-File-Sharing-Platform/sfsp-api/services/fileService/database/Mongo.go:18.19,20.6 1 0
github.com/COS301-SE-2025/Secure-File-Sharing-Platform/sfsp-api/services/fileService/database/Mongo.go:22.5,22.49 1 1
github.com/COS301-SE-2025/Secure-File-Sharing-Platform/sfsp-api/services/fileService/database/Mongo.go:22.49,24.6 1 1
github.com/COS301-SE-2025/Secure-File-Sharing-Platform/sfsp-api/services/fileService/database/Mongo.go:26.5,27.23 2 1
github.com/COS301-SE-2025/Secure-File-Sharing-Platform/sfsp-api/services/fileService/database/Postgre.go:14.37,16.16 2 0
github.com/COS301-SE-2025/Secure-File-Sharing-Platform/sfsp-api/services/fileService/database/Postgre.go:16.16,18.3 1 0
github.com/COS301-SE-2025/Secure-File-Sharing-Platform/sfsp-api/services/fileService/database/Postgre.go:20.2,20.34 1 0
github.com/COS301-SE-2025/Secure-File-Sharing-Platform/sfsp-api/services/fileService/database/Postgre.go:20.34,22.3 1 0
github.com/COS301-SE-2025/Secure-File-Sharing-Platform/sfsp-api/services/fileService/database/Postgre.go:24.2,25.16 2 0
github.com/COS301-SE-2025/Secure-File-Sharing-Platform/sfsp-api/services/fileService/database/files.go:20.56,27.2 2 1
github.com/COS301-SE-2025/Secure-File-Sharing-Platform/sfsp-api/services/fileService/fileHandler/NotificationHandler.go:23.66,24.32 1 1
github.com/COS301-SE-2025/Secure-File-Sharing-Platform/sfsp-api/services/fileService/fileHandler/NotificationHandler.go:24.32,31.3 3 1
github.com/COS301-SE-2025/Secure-File-Sharing-Platform/sfsp-api/services/fileService/fileHandler/NotificationHandler.go:33.2,34.18 2 1
github.com/COS301-SE-2025/Secure-File-Sharing-Platform/sfsp-api/services/fileService/fileHandler/NotificationHandler.go:34.18,41.3 3 1
github.com/COS301-SE-2025/Secure-File-Sharing-Platform/sfsp-api/services/fileService/fileHandler/NotificationHandler.go:43.2,43.15 1 1
github.com/COS301-SE-2025/Secure-File-Sharing-Platform/sfsp-api/services/fileService/fileHandler/NotificationHandler.go:43.15,50.3 3 0
github.com/COS301-SE-2025/Secure-File-Sharing-Platform/sfsp-api/services/fileService/fileHandler/NotificationHandler.go:52.2,54.16 2 1
github.com/COS301-SE-2025/Secure-File-Sharing-Platform/sfsp-api/services/fileService/fileHandler/NotificationHandler.go:54.16,62.3 4 1
github.com/COS301-SE-2025/Secure-File-Sharing-Platform/sfsp-api/services/fileService/fileHandler/NotificationHandler.go:63.2,66.18 3 1
github.com/COS301-SE-2025/Secure-File-Sharing-Platform/sfsp-api/services/fileService/fileHandler/NotificationHandler.go:66.18,68.137 2 1
github.com/COS301-SE-2025/Secure-File-Sharing-Platform/sfsp-api/services/fileService/fileHandler/NotificationHandler.go:68.137,70.12 2 0
github.com/COS301-SE-2025/Secure-File-Sharing-Platform/sfsp-api/services/fileService/fileHandler/NotificationHandler.go:72.3,72.43 1 1
github.com/COS301-SE-2025/Secure-File-Sharing-Platform/sfsp-api/services/fileService/fileHandler/NotificationHandler.go:75.2,79.4 2 1
github.com/COS301-SE-2025/Secure-File-Sharing-Platform/sfsp-api/services/fileService/fileHandler/NotificationHandler.go:82.64,83.33 1 1
github.com/COS301-SE-2025/Secure-File-Sharing-Platform/sfsp-api/services/fileService/fileHandler/NotificationHandler.go:83.33,90.3 3 1
github.com/COS301-SE-2025/Secure-File-Sharing-Platform/sfsp-api/services/fileService/fileHandler/NotificationHandler.go:92.2,96.61 2 1
github.com/COS301-SE-2025/Secure-File-Sharing-Platform/sfsp-api/services/fileService/fileHandler/NotificationHandler.go:96.61,103.3 3 1
github.com/COS301-SE-2025/Secure-File-Sharing-Platform/sfsp-api/services/fileService/fileHandler/NotificationHandler.go:105.2,105.18 1 1
github.com/COS301-SE-2025/Secure-File-Sharing-Platform/sfsp-api/services/fileService/fileHandler/NotificationHandler.go:105.18,112.3 3 1
github.com/COS301-SE-2025/Secure-File-Sharing-Platform/sfsp-api/services/fileService/fileHandler/NotificationHandler.go:114.2,114.15 1 1
github.com/COS301-SE-2025/Secure-File-Sharing-Platform/sfsp-api/services/fileService/fileHandler/NotificationHandler.go:114.15,121.3 3 0
github.com/COS301-SE-2025/Secure-File-Sharing-Platform/sfsp-api/services/fileService/fileHandler/NotificationHandler.go:123.2,124.16 2 1
github.com/COS301-SE-2025/Secure-File-Sharing-Platform/sfsp-api/services/fileService/fileHandler/NotificationHandler.go:124.16,132.3 4 0
github.com/COS301-SE-2025/Secure-File-Sharing-Platform/sfsp-api/services/fileService/fileHandler/NotificationHandler.go:134.2,135.23 2 1
github.com/COS301-SE-2025/Secure-File-Sharing-Platform/sfsp-api/services/fileService/fileHandler/NotificationHandler.go:135.23,142.3 3 1
github.com/COS301-SE-2025/Secure-File-Sharing-Platform/sfsp-api/services/fileService/fileHandler/NotificationHandler.go:144.2,148.4 2 1
github.com/COS301-SE-2025/Secure-File-Sharing-Platform/sfsp-api/services/fileService/fileHandler/NotificationHandler.go:151.75,152.33 1 1
github.com/COS301-SE-2025/Secure-File-Sharing-Platform/sfsp-api/services/fileService/fileHandler/NotificationHandler.go:152.33,159.3 3 0
github.com/COS301-SE-2025/Secure-File-Sharing-Platform/sfsp-api/services/fileService/fileHandler/NotificationHandler.go:161.2,166.61 2 1
github.com/COS301-SE-2025/Secure-File-Sharing-Platform/sfsp-api/services/fileService/fileHandler/NotificationHandler.go:166.61,173.3 3 0
github.com/COS301-SE-2025/Secure-File-Sharing-Platform/sfsp-api/services/fileService/fileHandler/NotificationHandler.go:175.2,175.38 1 1
github.com/COS301-SE-2025/Secure-File-Sharing-Platform/sfsp-api/services/fileService/fileHandler/NotificationHandler.go:175.38,182.3 3 0
github.com/COS301-SE-2025/Secure-File-Sharing-Platform/sfsp-api/services/fileService/fileHandler/NotificationHandler.go:184.2,184.85 1 1
github.com/COS301-SE-2025/Secure-File-Sharing-Platform/sfsp-api/services/fileService/fileHandler/NotificationHandler.go:184.85,191.3 3 1
github.com/COS301-SE-2025/Secure-File-Sharing-Platform/sfsp-api/services/fileService/fileHandler/NotificationHandler.go:193.2,193.15 1 1
github.com/COS301-SE-2025/Secure-File-Sharing-Platform/sfsp-api/services/fileService/fileHandler/NotificationHandler.go:193.15,200.3 3 0
github.com/COS301-SE-2025/Secure-File-Sharing-Platform/sfsp-api/services/fileService/fileHandler/NotificationHandler.go:203.2,204.16 2 1
github.com/COS301-SE-2025/Secure-File-Sharing-Platform/sfsp-api/services/fileService/fileHandler/NotificationHandler.go:204.16,212.3 4 1
github.com/COS301-SE-2025/Secure-File-Sharing-Platform/sfsp-api/services/fileService/fileHandler/NotificationHandler.go:214.2,215.23 2 1
github.com/COS301-SE-2025/Secure-File-Sharing-Platform/sfsp-api/services/fileService/fileHandler/NotificationHandler.go:215.23,222.3 3 1
github.com/COS301-SE-2025/Secure-File-Sharing-Platform/sfsp-api/services/fileService/fileHandler/NotificationHandler.go:225.2,225.30 1 1
github.com/COS301-SE-2025/Secure-File-Sharing-Platform/sfsp-api/services/fileService/fileHandler/NotificationHandler.go:225.30,235.17 3 1
github.com/COS301-SE-2025/Secure-File-Sharing-Platform/sfsp-api/services/fileService/fileHandler/NotificationHandler.go:235.17,243.4 4 0
github.com/COS301-SE-2025/Secure-File-Sharing-Platform/sfsp-api/services/fileService/fileHandler/NotificationHandler.go:246.3,252.17 2 1
github.com/COS301-SE-2025/Secure-File-Sharing-Platform/sfsp-api/services/fileService/fileHandler/NotificationHandler.go:252.17,260.4 4 0
github.com/COS301-SE-2025/Secure-File-Sharing-Platform/sfsp-api/services/fileService/fileHandler/NotificationHandler.go:263.3,272.17 4 1
github.com/COS301-SE-2025/Secure-File-Sharing-Platform/sfsp-api/services/fileService/fileHandler/NotificationHandler.go:272.17,280.4 4 0
github.com/COS301-SE-2025/Secure-File-Sharing-Platform/sfsp-api/services/fileService/fileHandler/NotificationHandler.go:283.3,298.9 3 1
github.com/COS301-SE-2025/Secure-File-Sharing-Platform/sfsp-api/services/fileService/fileHandler/NotificationHandler.go:302.71,303.33 1 0
github.com/COS301-SE-2025/Secure-File-Sharing-Platform/sfsp-api/services/fileService/fileHandler/NotificationHandler.go:303.33,310.3 3 0
github.com/COS301-SE-2025/Secure-File-Sharing-Platform/sfsp-api/services/fileService/fileHandler/NotificationHandler.go:312.2,315.61 2 0
github.com/COS301-SE-2025/Secure-File-Sharing-Platform/sfsp-api/services/fileService/fileHandler/NotificationHandler.go:315.61,322.3 3 0
github.com/COS301-SE-2025/Secure-File-Sharing-Platform/sfsp-api/services/fileService/fileHandler/NotificationHandler.go:324.2,324.18 1 0
github.com/COS301-SE-2025/Secure-File-Sharing-Platform/sfsp-api/services/fileService/fileHandler/NotificationHandler.go:324.18,331.3 3 0
github.com/COS301-SE-2025/Secure-File-Sharing-Platform/sfsp-api/services/fileService/fileHandler/NotificationHandler.go:333.2,333.15 1 0
github.com/COS301-SE-2025/Secure-File-Sharing-Platform/sfsp-api/services/fileService/fileHandler/NotificationHandler.go:333.15,340.3 3 0
github.com/COS301-SE-2025/Secure-File-Sharing-Platform/sfsp-api/services/fileService/fileHandler/NotificationHandler.go:342.2,343.16 2 0
github.com/COS301-SE-2025/Secure-File-Sharing-Platform/sfsp-api/services/fileService/fileHandler/NotificationHandler.go:343.16,351.3 4 0
github.com/COS301-SE-2025/Secure-File-Sharing-Platform/sfsp-api/services/fileService/fileHandler/NotificationHandler.go:353.2,354.23 2 0
github.com/COS301-SE-2025/Secure-File-Sharing-Platform/sfsp-api/services/fileService/fileHandler/NotificationHandler.go:354.23,361.3 3 0
github.com/COS301-SE-2025/Secure-File-Sharing-Platform/sfsp-api/services/fileService/fileHandler/NotificationHandler.go:363.2,367.4 2 0
github.com/COS301-SE-2025/Secure-File-Sharing-Platform/sfsp-api/services/fileService/fileHandler/NotificationHandler.go:370.69,371.33 1 0
github.com/COS301-SE-2025/Secure-File-Sharing-Platform/sfsp-api/services/fileService/fileHandler/NotificationHandler.go:371.33,378.3 3 0
github.com/COS301-SE-2025/Secure-File-Sharing-Platform/sfsp-api/services/fileService/fileHandler/NotificationHandler.go:380.2,389.70 2 0
github.com/COS301-SE-2025/Secure-File-Sharing-Platform/sfsp-api/services/fileService/fileHandler/NotificationHandler.go:389.70,396.3 3 0
github.com/COS301-SE-2025/Secure-File-Sharing-Platform/sfsp-api/services/fileService/fileHandler/NotificationHandler.go:398.2,399.60 1 0
github.com/COS301-SE-2025/Secure-File-Sharing-Platform/sfsp-api/services/fileService/fileHandler/NotificationHandler.go:399.60,407.3 4 0
github.com/COS301-SE-2025/Secure-File-Sharing-Platform/sfsp-api/services/fileService/fileHandler/NotificationHandler.go:409.2,409.15 1 0
github.com/COS301-SE-2025/Secure-File-Sharing-Platform/sfsp-api/services/fileService/fileHandler/NotificationHandler.go:409.15,416.3 3 0
github.com/COS301-SE-2025/Secure-File-Sharing-Platform/sfsp-api/services/fileService/fileHandler/NotificationHandler.go:418.2,425.16 3 0
github.com/COS301-SE-2025/Secure-File-Sharing-Platform/sfsp-api/services/fileService/fileHandler/NotificationHandler.go:425.16,433.3 4 0
github.com/COS301-SE-2025/Secure-File-Sharing-Platform/sfsp-api/services/fileService/fileHandler/NotificationHandler.go:435.2,440.4 2 0
github.com/COS301-SE-2025/Secure-File-Sharing-Platform/sfsp-api/services/fileService/fileHandler/deleteHandler.go:19.63,22.16 3 1
github.com/COS301-SE-2025/Secure-File-Sharing-Platform/sfsp-api/services/fileService/fileHandler/deleteHandler.go:22.16,25.3 2 1
github.com/COS301-SE-2025/Secure-File-Sharing-Platform/sfsp-api/services/fileService/fileHandler/deleteHandler.go:27.2,27.22 1 1
github.com/COS301-SE-2025/Secure-File-Sharing-Platform/sfsp-api/services/fileService/fileHandler/deleteHandler.go:27.22,31.3 3 1
github.com/COS301-SE-2025/Secure-File-Sharing-Platform/sfsp-api/services/fileService/fileHandler/deleteHandler.go:33.2,33.22 1 1
github.com/COS301-SE-2025/Secure-File-Sharing-Platform/sfsp-api/services/fileService/fileHandler/deleteHandler.go:33.22,37.3 3 1
github.com/COS301-SE-2025/Secure-File-Sharing-Platform/sfsp-api/services/fileService/fileHandler/deleteHandler.go:39.2,40.16 2 1
github.com/COS301-SE-2025/Secure-File-Sharing-Platform/sfsp-api/services/fileService/fileHandler/deleteHandler.go:40.16,44.3 3 1
github.com/COS301-SE-2025/Secure-File-Sharing-Platform/sfsp-api/services/fileService/fileHandler/deleteHandler.go:46.2,47.16 2 1
github.com/COS301-SE-2025/Secure-File-Sharing-Platform/sfsp-api/services/fileService/fileHandler/deleteHandler.go:47.16,51.3 3 1
github.com/COS301-SE-2025/Secure-File-Sharing-Platform/sfsp-api/services/fileService/fileHandler/deleteHandler.go:54.2,58.4 2 1
github.com/COS301-SE-2025/Secure-File-Sharing-Platform/sfsp-api/services/fileService/fileHandler/downloadHandler.go:42.62,44.61 2 1
github.com/COS301-SE-2025/Secure-File-Sharing-Platform/sfsp-api/services/fileService/fileHandler/downloadHandler.go:44.61,47.3 2 1
github.com/COS301-SE-2025/Secure-File-Sharing-Platform/sfsp-api/services/fileService/fileHandler/downloadHandler.go:48.2,48.44 1 1
github.com/COS301-SE-2025/Secure-File-Sharing-Platform/sfsp-api/services/fileService/fileHandler/downloadHandler.go:48.44,51.3 2 1
github.com/COS301-SE-2025/Secure-File-Sharing-Platform/sfsp-api/services/fileService/fileHandler/downloadHandler.go:53.2,55.50 3 1
github.com/COS301-SE-2025/Secure-File-Sharing-Platform/sfsp-api/services/fileService/fileHandler/downloadHandler.go:55.50,59.3 3 1
github.com/COS301-SE-2025/Secure-File-Sharing-Platform/sfsp-api/services/fileService/fileHandler/downloadHandler.go:61.2,62.16 2 1
github.com/COS301-SE-2025/Secure-File-Sharing-Platform/sfsp-api/services/fileService/fileHandler/downloadHandler.go:62.16,65.3 2 1
github.com/COS301-SE-2025/Secure-File-Sharing-Platform/sfsp-api/services/fileService/fileHandler/downloadHandler.go:67.2,68.20 2 1
github.com/COS301-SE-2025/Secure-File-Sharing-Platform/sfsp-api/services/fileService/fileHandler/downloadHandler.go:68.20,71.3 2 1
github.com/COS301-SE-2025/Secure-File-Sharing-Platform/sfsp-api/services/fileService/fileHandler/downloadHandler.go:73.2,74.16 2 1
github.com/COS301-SE-2025/Secure-File-Sharing-Platform/sfsp-api/services/fileService/fileHandler/downloadHandler.go:74.16,77.3 2 1
github.com/COS301-SE-2025/Secure-File-Sharing-Platform/sfsp-api/services/fileService/fileHandler/downloadHandler.go:79.2,86.33 3 1
github.com/COS301-SE-2025/Secure-File-Sharing-Platform/sfsp-api/services/fileService/fileHandler/downloadHandler.go:89.63,91.61 2 1
github.com/COS301-SE-2025/Secure-File-Sharing-Platform/sfsp-api/services/fileService/fileHandler/downloadHandler.go:91.61,94.3 2 1
github.com/COS301-SE-2025/Secure-File-Sharing-Platform/sfsp-api/services/fileService/fileHandler/downloadHandler.go:96.2,96.24 1 1
github.com/COS301-SE-2025/Secure-File-Sharing-Platform/sfsp-api/services/fileService/fileHandler/downloadHandler.go:96.24,99.3 2 1
github.com/COS301-SE-2025/Secure-File-Sharing-Platform/sfsp-api/services/fileService/fileHandler/downloadHandler.go:101.2,104.16 3 1
github.com/COS301-SE-2025/Secure-File-Sharing-Platform/sfsp-api/services/fileService/fileHandler/downloadHandler.go:104.16,108.3 3 1
github.com/COS301-SE-2025/Secure-File-Sharing-Platform/sfsp-api/services/fileService/fileHandler/downloadHandler.go:110.2,114.26 4 1
github.com/COS301-SE-2025/Secure-File-Sharing-Platform/sfsp-api/services/fileService/fileHandler/fileAccessHandler.go:41.66,44.61 2 1
github.com/COS301-SE-2025/Secure-File-Sharing-Platform/sfsp-api/services/fileService/fileHandler/fileAccessHandler.go:44.61,47.3 2 1
github.com/COS301-SE-2025/Secure-File-Sharing-Platform/sfsp-api/services/fileService/fileHandler/fileAccessHandler.go:49.2,49.62 1 1
github.com/COS301-SE-2025/Secure-File-Sharing-Platform/sfsp-api/services/fileService/fileHandler/fileAccessHandler.go:49.62,52.3 2 1
github.com/COS301-SE-2025/Secure-File-Sharing-Platform/sfsp-api/services/fileService/fileHandler/fileAccessHandler.go:54.2,56.16 2 1
github.com/COS301-SE-2025/Secure-File-Sharing-Platform/sfsp-api/services/fileService/fileHandler/fileAccessHandler.go:56.16,60.3 3 1
github.com/COS301-SE-2025/Secure-File-Sharing-Platform/sfsp-api/services/fileService/fileHandler/fileAccessHandler.go:62.2,64.90 3 1
github.com/COS301-SE-2025/Secure-File-Sharing-Platform/sfsp-api/services/fileService/fileHandler/fileAccessHandler.go:67.66,73.18 4 1
github.com/COS301-SE-2025/Secure-File-Sharing-Platform/sfsp-api/services/fileService/fileHandler/fileAccessHandler.go:73.18,75.3 1 1
github.com/COS301-SE-2025/Secure-File-Sharing-Platform/sfsp-api/services/fileService/fileHandler/fileAccessHandler.go:75.8,77.3 1 1
github.com/COS301-SE-2025/Secure-File-Sharing-Platform/sfsp-api/services/fileService/fileHandler/fileAccessHandler.go:79.2,79.16 1 1
github.com/COS301-SE-2025/Secure-File-Sharing-Platform/sfsp-api/services/fileService/fileHandler/fileAccessHandler.go:79.16,83.3 3 1
github.com/COS301-SE-2025/Secure-File-Sharing-Platform/sfsp-api/services/fileService/fileHandler/fileAccessHandler.go:84.2,88.18 3 1
github.com/COS301-SE-2025/Secure-File-Sharing-Platform/sfsp-api/services/fileService/fileHandler/fileAccessHandler.go:88.18,90.131 2 1
github.com/COS301-SE-2025/Secure-File-Sharing-Platform/sfsp-api/services/fileService/fileHandler/fileAccessHandler.go:90.131,92.12 2 0
github.com/COS301-SE-2025/Secure-File-Sharing-Platform/sfsp-api/services/fileService/fileHandler/fileAccessHandler.go:94.3,94.30 1 1
github.com/COS301-SE-2025/Secure-File-Sharing-Platform/sfsp-api/services/fileService/fileHandler/fileAccessHandler.go:97.2,98.33 2 1
github.com/COS301-SE-2025/Secure-File-Sharing-Platform/sfsp-api/services/fileService/fileHandler/sendHandler.go:26.62,28.61 2 1
github.com/COS301-SE-2025/Secure-File-Sharing-Platform/sfsp-api/services/fileService/fileHandler/sendHandler.go:28.61,31.3 2 1
github.com/COS301-SE-2025/Secure-File-Sharing-Platform/sfsp-api/services/fileService/fileHandler/sendHandler.go:34.2,35.16 2 1
github.com/COS301-SE-2025/Secure-File-Sharing-Platform/sfsp-api/services/fileService/fileHandler/sendHandler.go:35.16,39.3 3 1
github.com/COS301-SE-2025/Secure-File-Sharing-Platform/sfsp-api/services/fileService/fileHandler/sendHandler.go:42.2,43.79 2 1
github.com/COS301-SE-2025/Secure-File-Sharing-Platform/sfsp-api/services/fileService/fileHandler/sendHandler.go:43.79,47.3 3 1
github.com/COS301-SE-2025/Secure-File-Sharing-Platform/sfsp-api/services/fileService/fileHandler/sendHandler.go:49.2,50.19 2 1
github.com/COS301-SE-2025/Secure-File-Sharing-Platform/sfsp-api/services/fileService/fileHandler/sendHandler.go:50.19,54.6 3 0
github.com/COS301-SE-2025/Secure-File-Sharing-Platform/sfsp-api/services/fileService/fileHandler/sendHandler.go:57.2,64.16 1 1
github.com/COS301-SE-2025/Secure-File-Sharing-Platform/sfsp-api/services/fileService/fileHandler/sendHandler.go:64.16,68.3 3 1
github.com/COS301-SE-2025/Secure-File-Sharing-Platform/sfsp-api/services/fileService/fileHandler/sendHandler.go:70.2,80.16 2 1
github.com/COS301-SE-2025/Secure-File-Sharing-Platform/sfsp-api/services/fileService/fileHandler/sendHandler.go:80.16,82.3 1 0
github.com/COS301-SE-2025/Secure-File-Sharing-Platform/sfsp-api/services/fileService/fileHandler/sendHandler.go:85.2,89.39 3 1
github.com/COS301-SE-2025/Secure-File-Sharing-Platform/sfsp-api/services/fileService/fileHandler/uploadHandler.go:31.35,33.60 2 1
github.com/COS301-SE-2025/Secure-File-Sharing-Platform/sfsp-api/services/fileService/fileHandler/uploadHandler.go:33.60,35.3 1 0
github.com/COS301-SE-2025/Secure-File-Sharing-Platform/sfsp-api/services/fileService/fileHandler/uploadHandler.go:38.60,40.61 2 1
github.com/COS301-SE-2025/Secure-File-Sharing-Platform/sfsp-api/services/fileService/fileHandler/uploadHandler.go:40.61,44.3 3 1
github.com/COS301-SE-2025/Secure-File-Sharing-Platform/sfsp-api/services/fileService/fileHandler/uploadHandler.go:46.2,46.49 1 1
github.com/COS301-SE-2025/Secure-File-Sharing-Platform/sfsp-api/services/fileService/fileHandler/uploadHandler.go:46.49,50.3 3 1
github.com/COS301-SE-2025/Secure-File-Sharing-Platform/sfsp-api/services/fileService/fileHandler/uploadHandler.go:52.2,53.16 2 1
github.com/COS301-SE-2025/Secure-File-Sharing-Platform/sfsp-api/services/fileService/fileHandler/uploadHandler.go:53.16,57.3 3 1
github.com/COS301-SE-2025/Secure-File-Sharing-Platform/sfsp-api/services/fileService/fileHandler/uploadHandler.go:59.2,60.23 2 1
github.com/COS301-SE-2025/Secure-File-Sharing-Platform/sfsp-api/services/fileService/fileHandler/uploadHandler.go:60.23,63.3 2 1
github.com/COS301-SE-2025/Secure-File-Sharing-Platform/sfsp-api/services/fileService/fileHandler/uploadHandler.go:65.2,66.16 2 1
github.com/COS301-SE-2025/Secure-File-Sharing-Platform/sfsp-api/services/fileService/fileHandler/uploadHandler.go:66.16,71.3 4 1
github.com/COS301-SE-2025/Secure-File-Sharing-Platform/sfsp-api/services/fileService/fileHandler/uploadHandler.go:74.2,81.16 2 1
github.com/COS301-SE-2025/Secure-File-Sharing-Platform/sfsp-api/services/fileService/fileHandler/uploadHandler.go:81.16,86.3 4 1
github.com/COS301-SE-2025/Secure-File-Sharing-Platform/sfsp-api/services/fileService/fileHandler/uploadHandler.go:89.2,106.16 3 1
github.com/COS301-SE-2025/Secure-File-Sharing-Platform/sfsp-api/services/fileService/fileHandler/uploadHandler.go:106.16,111.3 4 1
github.com/COS301-SE-2025/Secure-File-Sharing-Platform/sfsp-api/services/fileService/fileHandler/uploadHandler.go:114.2,115.22 2 1
github.com/COS301-SE-2025/Secure-File-Sharing-Platform/sfsp-api/services/fileService/fileHandler/uploadHandler.go:115.22,117.3 1 0
github.com/COS301-SE-2025/Secure-File-Sharing-Platform/sfsp-api/services/fileService/fileHandler/uploadHandler.go:119.2,120.16 2 1
github.com/COS301-SE-2025/Secure-File-Sharing-Platform/sfsp-api/services/fileService/fileHandler/uploadHandler.go:120.16,125.3 4 1
github.com/COS301-SE-2025/Secure-File-Sharing-Platform/sfsp-api/services/fileService/fileHandler/uploadHandler.go:128.2,130.16 3 1
github.com/COS301-SE-2025/Secure-File-Sharing-Platform/sfsp-api/services/fileService/fileHandler/uploadHandler.go:130.16,133.3 1 1
github.com/COS301-SE-2025/Secure-File-Sharing-Platform/sfsp-api/services/fileService/fileHandler/uploadHandler.go:136.2,140.4 2 1
github.com/COS301-SE-2025/Secure-File-Sharing-Platform/sfsp-api/services/fileService/metadata/metadata.go:16.35,19.2 1 1
github.com/COS301-SE-2025/Secure-File-Sharing-Platform/sfsp-api/services/fileService/metadata/metadata.go:25.66,28.16 3 1
github.com/COS301-SE-2025/Secure-File-Sharing-Platform/sfsp-api/services/fileService/metadata/metadata.go:28.16,31.3 2 1
github.com/COS301-SE-2025/Secure-File-Sharing-Platform/sfsp-api/services/fileService/metadata/metadata.go:32.2,33.18 2 1
github.com/COS301-SE-2025/Secure-File-Sharing-Platform/sfsp-api/services/fileService/metadata/metadata.go:33.18,36.3 2 1
github.com/COS301-SE-2025/Secure-File-Sharing-Platform/sfsp-api/services/fileService/metadata/metadata.go:38.2,43.16 2 1
github.com/COS301-SE-2025/Secure-File-Sharing-Platform/sfsp-api/services/fileService/metadata/metadata.go:43.16,47.3 3 1
github.com/COS301-SE-2025/Secure-File-Sharing-Platform/sfsp-api/services/fileService/metadata/metadata.go:48.2,52.18 3 1
github.com/COS301-SE-2025/Secure-File-Sharing-Platform/sfsp-api/services/fileService/metadata/metadata.go:52.18,60.17 4 1
github.com/COS301-SE-2025/Secure-File-Sharing-Platform/sfsp-api/services/fileService/metadata/metadata.go:60.17,62.12 2 0
github.com/COS301-SE-2025/Secure-File-Sharing-Platform/sfsp-api/services/fileService/metadata/metadata.go:64.3,72.30 8 1
github.com/COS301-SE-2025/Secure-File-Sharing-Platform/sfsp-api/services/fileService/metadata/metadata.go:75.2,76.34 2 1
github.com/COS301-SE-2025/Secure-File-Sharing-Platform/sfsp-api/services/fileService/metadata/metadata.go:79.70,85.61 3 1
github.com/COS301-SE-2025/Secure-File-Sharing-Platform/sfsp-api/services/fileService/metadata/metadata.go:85.61,88.3 2 1
github.com/COS301-SE-2025/Secure-File-Sharing-Platform/sfsp-api/services/fileService/metadata/metadata.go:90.2,90.22 1 1
github.com/COS301-SE-2025/Secure-File-Sharing-Platform/sfsp-api/services/fileService/metadata/metadata.go:90.22,93.3 2 1
github.com/COS301-SE-2025/Secure-File-Sharing-Platform/sfsp-api/services/fileService/metadata/metadata.go:95.2,100.16 2 1
github.com/COS301-SE-2025/Secure-File-Sharing-Platform/sfsp-api/services/fileService/metadata/metadata.go:100.16,104.3 3 1
github.com/COS301-SE-2025/Secure-File-Sharing-Platform/sfsp-api/services/fileService/metadata/metadata.go:105.2,119.18 4 1
github.com/COS301-SE-2025/Secure-File-Sharing-Platform/sfsp-api/services/fileService/metadata/metadata.go:119.18,129.17 2 1
github.com/COS301-SE-2025/Secure-File-Sharing-Platform/sfsp-api/services/fileService/metadata/metadata.go:129.17,131.12 2 1
github.com/COS301-SE-2025/Secure-File-Sharing-Platform/sfsp-api/services/fileService/metadata/metadata.go:133.3,133.30 1 1
github.com/COS301-SE-2025/Secure-File-Sharing-Platform/sfsp-api/services/fileService/metadata/metadata.go:136.2,136.34 1 1
github.com/COS301-SE-2025/Secure-File-Sharing-Platform/sfsp-api/services/fileService/metadata/metadata.go:136.34,140.3 3 0
github.com/COS301-SE-2025/Secure-File-Sharing-Platform/sfsp-api/services/fileService/metadata/metadata.go:142.2,143.34 2 1
github.com/COS301-SE-2025/Secure-File-Sharing-Platform/sfsp-api/services/fileService/metadata/metadata.go:147.70,149.61 2 1
github.com/COS301-SE-2025/Secure-File-Sharing-Platform/sfsp-api/services/fileService/metadata/metadata.go:149.61,152.3 2 1
github.com/COS301-SE-2025/Secure-File-Sharing-Platform/sfsp-api/services/fileService/metadata/metadata.go:154.2,154.22 1 1
github.com/COS301-SE-2025/Secure-File-Sharing-Platform/sfsp-api/services/fileService/metadata/metadata.go:154.22,157.3 2 1
github.com/COS301-SE-2025/Secure-File-Sharing-Platform/sfsp-api/services/fileService/metadata/metadata.go:159.2,161.16 3 1
github.com/COS301-SE-2025/Secure-File-Sharing-Platform/sfsp-api/services/fileService/metadata/metadata.go:161.16,165.3 3 1
github.com/COS301-SE-2025/Secure-File-Sharing-Platform/sfsp-api/services/fileService/metadata/metadata.go:167.2,169.4 1 1
github.com/COS301-SE-2025/Secure-File-Sharing-Platform/sfsp-api/services/fileService/metadata/metadata.go:183.69,185.61 2 1
github.com/COS301-SE-2025/Secure-File-Sharing-Platform/sfsp-api/services/fileService/metadata/metadata.go:185.61,188.3 2 1
github.com/COS301-SE-2025/Secure-File-Sharing-Platform/sfsp-api/services/fileService/metadata/metadata.go:190.2,190.69 1 1
github.com/COS301-SE-2025/Secure-File-Sharing-Platform/sfsp-api/services/fileService/metadata/metadata.go:190.69,193.3 2 1
github.com/COS301-SE-2025/Secure-File-Sharing-Platform/sfsp-api/services/fileService/metadata/metadata.go:195.2,196.16 2 1
github.com/COS301-SE-2025/Secure-File-Sharing-Platform/sfsp-api/services/fileService/metadata/metadata.go:196.16,199.3 2 0
github.com/COS301-SE-2025/Secure-File-Sharing-Platform/sfsp-api/services/fileService/metadata/metadata.go:202.2,213.16 2 1
github.com/COS301-SE-2025/Secure-File-Sharing-Platform/sfsp-api/services/fileService/metadata/metadata.go:213.16,217.3 3 1
github.com/COS301-SE-2025/Secure-File-Sharing-Platform/sfsp-api/services/fileService/metadata/metadata.go:219.2,222.4 2 1
github.com/COS301-SE-2025/Secure-File-Sharing-Platform/sfsp-api/services/fileService/metadata/metadata.go:225.69,227.61 2 1
github.com/COS301-SE-2025/Secure-File-Sharing-Platform/sfsp-api/services/fileService/metadata/metadata.go:227.61,231.3 3 1
github.com/COS301-SE-2025/Secure-File-Sharing-Platform/sfsp-api/services/fileService/metadata/metadata.go:233.2,233.22 1 1
github.com/COS301-SE-2025/Secure-File-Sharing-Platform/sfsp-api/services/fileService/metadata/metadata.go:233.22,236.3 2 1
github.com/COS301-SE-2025/Secure-File-Sharing-Platform/sfsp-api/services/fileService/metadata/metadata.go:238.2,243.16 2 1
github.com/COS301-SE-2025/Secure-File-Sharing-Platform/sfsp-api/services/fileService/metadata/metadata.go:243.16,247.3 3 1
github.com/COS301-SE-2025/Secure-File-Sharing-Platform/sfsp-api/services/fileService/metadata/metadata.go:248.2,252.18 3 1
github.com/COS301-SE-2025/Secure-File-Sharing-Platform/sfsp-api/services/fileService/metadata/metadata.go:252.18,259.100 2 1
github.com/COS301-SE-2025/Secure-File-Sharing-Platform/sfsp-api/services/fileService/metadata/metadata.go:259.100,261.12 2 0
github.com/COS301-SE-2025/Secure-File-Sharing-Platform/sfsp-api/services/fileService/metadata/metadata.go:265.3,266.73 2 1
github.com/COS301-SE-2025/Secure-File-Sharing-Platform/sfsp-api/services/fileService/metadata/metadata.go:266.73,269.4 2 0
github.com/COS301-SE-2025/Secure-File-Sharing-Platform/sfsp-api/services/fileService/metadata/metadata.go:271.3,278.5 1 1
github.com/COS301-SE-2025/Secure-File-Sharing-Platform/sfsp-api/services/fileService/metadata/metadata.go:281.2,284.4 2 1
github.com/COS301-SE-2025/Secure-File-Sharing-Platform/sfsp-api/services/fileService/metadata/metadata.go:288.65,296.61 3 1
github.com/COS301-SE-2025/Secure-File-Sharing-Platform/sfsp-api/services/fileService/metadata/metadata.go:296.61,299.3 2 1
github.com/COS301-SE-2025/Secure-File-Sharing-Platform/sfsp-api/services/fileService/metadata/metadata.go:301.2,301.69 1 1
github.com/COS301-SE-2025/Secure-File-Sharing-Platform/sfsp-api/services/fileService/metadata/metadata.go:301.69,304.3 2 1
github.com/COS301-SE-2025/Secure-File-Sharing-Platform/sfsp-api/services/fileService/metadata/metadata.go:306.2,311.16 2 1
github.com/COS301-SE-2025/Secure-File-Sharing-Platform/sfsp-api/services/fileService/metadata/metadata.go:311.16,315.3 3 1
github.com/COS301-SE-2025/Secure-File-Sharing-Platform/sfsp-api/services/fileService/metadata/metadata.go:317.2,320.4 2 1
github.com/COS301-SE-2025/Secure-File-Sharing-Platform/sfsp-api/services/fileService/metadata/metadata.go:323.66,325.61 2 1
github.com/COS301-SE-2025/Secure-File-Sharing-Platform/sfsp-api/services/fileService/metadata/metadata.go:325.61,328.3 2 1
github.com/COS301-SE-2025/Secure-File-Sharing-Platform/sfsp-api/services/fileService/metadata/metadata.go:330.2,330.22 1 1
github.com/COS301-SE-2025/Secure-File-Sharing-Platform/sfsp-api/services/fileService/metadata/metadata.go:330.22,333.3 2 1
github.com/COS301-SE-2025/Secure-File-Sharing-Platform/sfsp-api/services/fileService/metadata/metadata.go:335.2,340.16 2 1
github.com/COS301-SE-2025/Secure-File-Sharing-Platform/sfsp-api/services/fileService/metadata/metadata.go:340.16,344.3 3 1
github.com/COS301-SE-2025/Secure-File-Sharing-Platform/sfsp-api/services/fileService/metadata/metadata.go:345.2,349.18 3 1
github.com/COS301-SE-2025/Secure-File-Sharing-Platform/sfsp-api/services/fileService/metadata/metadata.go:349.18,356.17 3 1
github.com/COS301-SE-2025/Secure-File-Sharing-Platform/sfsp-api/services/fileService/metadata/metadata.go:356.17,358.12 2 0
github.com/COS301-SE-2025/Secure-File-Sharing-Platform/sfsp-api/services/fileService/metadata/metadata.go:361.3,368.42 2 1
github.com/COS301-SE-2025/Secure-File-Sharing-Platform/sfsp-api/services/fileService/metadata/metadata.go:371.2,372.38 2 1
github.com/COS301-SE-2025/Secure-File-Sharing-Platform/sfsp-api/services/fileService/metadata/metadata.go:375.52,377.16 2 1
github.com/COS301-SE-2025/Secure-File-Sharing-Platform/sfsp-api/services/fileService/metadata/metadata.go:377.16,380.3 2 1
github.com/COS301-SE-2025/Secure-File-Sharing-Platform/sfsp-api/services/fileService/metadata/metadata.go:381.2,385.16 3 1
github.com/COS301-SE-2025/Secure-File-Sharing-Platform/sfsp-api/services/fileService/metadata/metadata.go:385.16,388.3 2 1
github.com/COS301-SE-2025/Secure-File-Sharing-Platform/sfsp-api/services/fileService/metadata/metadata.go:391.2,392.16 2 1
github.com/COS301-SE-2025/Secure-File-Sharing-Platform/sfsp-api/services/fileService/metadata/metadata.go:392.16,395.3 2 1
github.com/COS301-SE-2025/Secure-File-Sharing-Platform/sfsp-api/services/fileService/metadata/metadata.go:398.2,399.16 2 1
github.com/COS301-SE-2025/Secure-File-Sharing-Platform/sfsp-api/services/fileService/metadata/metadata.go:399.16,402.3 2 1
github.com/COS301-SE-2025/Secure-File-Sharing-Platform/sfsp-api/services/fileService/metadata/metadata.go:404.2,404.36 1 1
github.com/COS301-SE-2025/Secure-File-Sharing-Platform/sfsp-api/services/fileService/metadata/metadata.go:404.36,407.3 2 1
github.com/COS301-SE-2025/Secure-File-Sharing-Platform/sfsp-api/services/fileService/metadata/metadata.go:409.2,410.12 2 1
github.com/COS301-SE-2025/Secure-File-Sharing-Platform/sfsp-api/services/fileService/metadata/metadata.go:413.72,420.61 3 1
github.com/COS301-SE-2025/Secure-File-Sharing-Platform/sfsp-api/services/fileService/metadata/metadata.go:420.61,423.3 2 1
github.com/COS301-SE-2025/Secure-File-Sharing-Platform/sfsp-api/services/fileService/metadata/metadata.go:425.2,425.44 1 1
github.com/COS301-SE-2025/Secure-File-Sharing-Platform/sfsp-api/services/fileService/metadata/metadata.go:425.44,428.3 2 1
github.com/COS301-SE-2025/Secure-File-Sharing-Platform/sfsp-api/services/fileService/metadata/metadata.go:430.2,439.16 2 1
github.com/COS301-SE-2025/Secure-File-Sharing-Platform/sfsp-api/services/fileService/metadata/metadata.go:439.16,443.3 3 1
github.com/COS301-SE-2025/Secure-File-Sharing-Platform/sfsp-api/services/fileService/metadata/metadata.go:445.2,447.4 1 1
github.com/COS301-SE-2025/Secure-File-Sharing-Platform/sfsp-api/services/fileService/metadata/metadata.go:450.58,453.16 3 1
github.com/COS301-SE-2025/Secure-File-Sharing-Platform/sfsp-api/services/fileService/metadata/metadata.go:453.16,455.3 1 1
github.com/COS301-SE-2025/Secure-File-Sharing-Platform/sfsp-api/services/fileService/metadata/metadata.go:456.2,456.20 1 1
github.com/COS301-SE-2025/Secure-File-Sharing-Platform/sfsp-api/services/fileService/metadata/metadata.go:459.122,468.16 3 1
github.com/COS301-SE-2025/Secure-File-Sharing-Platform/sfsp-api/services/fileService/metadata/metadata.go:468.16,471.3 2 1
github.com/COS301-SE-2025/Secure-File-Sharing-Platform/sfsp-api/services/fileService/metadata/metadata.go:473.2,473.13 1 1
github.com/COS301-SE-2025/Secure-File-Sharing-Platform/sfsp-api/services/fileService/metadata/metadata.go:473.13,476.3 2 1
github.com/COS301-SE-2025/Secure-File-Sharing-Platform/sfsp-api/services/fileService/metadata/metadata.go:479.2,485.16 2 1
github.com/COS301-SE-2025/Secure-File-Sharing-Platform/sfsp-api/services/fileService/metadata/metadata.go:485.16,488.3 2 1
github.com/COS301-SE-2025/Secure-File-Sharing-Platform/sfsp-api/services/fileService/metadata/metadata.go:490.2,490.12 1 1
github.com/COS301-SE-2025/Secure-File-Sharing-Platform/sfsp-api/services/fileService/metadata/metadata.go:494.122,501.2 2 1
github.com/COS301-SE-2025/Secure-File-Sharing-Platform/sfsp-api/services/fileService/metadata/metadata.go:508.61,510.61 2 1
github.com/COS301-SE-2025/Secure-File-Sharing-Platform/sfsp-api/services/fileService/metadata/metadata.go:510.61,514.3 3 1
github.com/COS301-SE-2025/Secure-File-Sharing-Platform/sfsp-api/services/fileService/metadata/metadata.go:516.2,516.44 1 1
github.com/COS301-SE-2025/Secure-File-Sharing-Platform/sfsp-api/services/fileService/metadata/metadata.go:516.44,519.3 2 1
github.com/COS301-SE-2025/Secure-File-Sharing-Platform/sfsp-api/services/fileService/metadata/metadata.go:521.2,526.16 2 1
github.com/COS301-SE-2025/Secure-File-Sharing-Platform/sfsp-api/services/fileService/metadata/metadata.go:526.16,530.3 3 1
github.com/COS301-SE-2025/Secure-File-Sharing-Platform/sfsp-api/services/fileService/metadata/metadata.go:532.2,535.4 2 1
github.com/COS301-SE-2025/Secure-File-Sharing-Platform/sfsp-api/services/fileService/metadata/metadata.go:538.61,540.61 2 1
github.com/COS301-SE-2025/Secure-File-Sharing-Platform/sfsp-api/services/fileService/metadata/metadata.go:540.61,544.3 3 1
github.com/COS301-SE-2025/Secure-File-Sharing-Platform/sfsp-api/services/fileService/metadata/metadata.go:546.2,546.22 1 1
github.com/COS301-SE-2025/Secure-File-Sharing-Platform/sfsp-api/services/fileService/metadata/metadata.go:546.22,549.3 2 1
github.com/COS301-SE-2025/Secure-File-Sharing-Platform/sfsp-api/services/fileService/metadata/metadata.go:551.2,556.16 2 1
github.com/COS301-SE-2025/Secure-File-Sharing-Platform/sfsp-api/services/fileService/metadata/metadata.go:556.16,560.3 3 1
github.com/COS301-SE-2025/Secure-File-Sharing-Platform/sfsp-api/services/fileService/metadata/metadata.go:562.2,565.4 2 1
github.com/COS301-SE-2025/Secure-File-Sharing-Platform/sfsp-api/services/fileService/owncloud/OwnCloud.go:20.32,22.2 1 1
github.com/COS301-SE-2025/Secure-File-Sharing-Platform/sfsp-api/services/fileService/owncloud/OwnCloud.go:24.31,26.2 1 1
github.com/COS301-SE-2025/Secure-File-Sharing-Platform/sfsp-api/services/fileService/owncloud/OwnCloud.go:28.51,32.2 3 1
github.com/COS301-SE-2025/Secure-File-Sharing-Platform/sfsp-api/services/fileService/owncloud/OwnCloud.go:34.65,35.19 1 1
github.com/COS301-SE-2025/Secure-File-Sharing-Platform/sfsp-api/services/fileService/owncloud/OwnCloud.go:35.19,37.3 1 0
github.com/COS301-SE-2025/Secure-File-Sharing-Platform/sfsp-api/services/fileService/owncloud/OwnCloud.go:38.2,41.52 3 1
github.com/COS301-SE-2025/Secure-File-Sharing-Platform/sfsp-api/services/fileService/owncloud/OwnCloud.go:41.52,45.3 3 1
github.com/COS301-SE-2025/Secure-File-Sharing-Platform/sfsp-api/services/fileService/owncloud/OwnCloud.go:47.2,48.16 2 1
github.com/COS301-SE-2025/Secure-File-Sharing-Platform/sfsp-api/services/fileService/owncloud/OwnCloud.go:48.16,51.3 2 1
github.com/COS301-SE-2025/Secure-File-Sharing-Platform/sfsp-api/services/fileService/owncloud/OwnCloud.go:52.2,52.12 1 1
github.com/COS301-SE-2025/Secure-File-Sharing-Platform/sfsp-api/services/fileService/owncloud/OwnCloud.go:55.64,56.19 1 1
github.com/COS301-SE-2025/Secure-File-Sharing-Platform/sfsp-api/services/fileService/owncloud/OwnCloud.go:56.19,58.3 1 0
github.com/COS301-SE-2025/Secure-File-Sharing-Platform/sfsp-api/services/fileService/owncloud/OwnCloud.go:59.2,63.16 5 1
github.com/COS301-SE-2025/Secure-File-Sharing-Platform/sfsp-api/services/fileService/owncloud/OwnCloud.go:63.16,65.3 1 1
github.com/COS301-SE-2025/Secure-File-Sharing-Platform/sfsp-api/services/fileService/owncloud/OwnCloud.go:66.2,66.18 1 1
github.com/COS301-SE-2025/Secure-File-Sharing-Platform/sfsp-api/services/fileService/owncloud/OwnCloud.go:69.52,70.19 1 1
github.com/COS301-SE-2025/Secure-File-Sharing-Platform/sfsp-api/services/fileService/owncloud/OwnCloud.go:70.19,72.3 1 0
github.com/COS301-SE-2025/Secure-File-Sharing-Platform/sfsp-api/services/fileService/owncloud/OwnCloud.go:73.2,77.16 5 1
github.com/COS301-SE-2025/Secure-File-Sharing-Platform/sfsp-api/services/fileService/owncloud/OwnCloud.go:77.16,79.3 1 1
github.com/COS301-SE-2025/Secure-File-Sharing-Platform/sfsp-api/services/fileService/owncloud/OwnCloud.go:80.2,80.12 1 1
github.com/COS301-SE-2025/Secure-File-Sharing-Platform/sfsp-api/services/fileService/owncloud/OwnCloud.go:83.62,84.19 1 1
github.com/COS301-SE-2025/Secure-File-Sharing-Platform/sfsp-api/services/fileService/owncloud/OwnCloud.go:84.19,86.3 1 0
github.com/COS301-SE-2025/Secure-File-Sharing-Platform/sfsp-api/services/fileService/owncloud/OwnCloud.go:87.2,89.16 3 1
github.com/COS301-SE-2025/Secure-File-Sharing-Platform/sfsp-api/services/fileService/owncloud/OwnCloud.go:89.16,92.3 2 1
github.com/COS301-SE-2025/Secure-File-Sharing-Platform/sfsp-api/services/fileService/owncloud/OwnCloud.go:93.2,93.18 1 1
