mode: atomic
github.com/COS301-SE-2025/Secure-File-Sharing-Platform/sfsp-api/services/fileService/main.go:21.13,24.16 2 0
github.com/COS301-SE-2025/Secure-File-Sharing-Platform/sfsp-api/services/fileService/main.go:24.16,26.3 1 0
github.com/COS301-SE-2025/Secure-File-Sharing-Platform/sfsp-api/services/fileService/main.go:28.2,33.16 5 0
github.com/COS301-SE-2025/Secure-File-Sharing-Platform/sfsp-api/services/fileService/main.go:33.16,35.3 1 0
github.com/COS301-SE-2025/Secure-File-Sharing-Platform/sfsp-api/services/fileService/main.go:37.2,37.15 1 0
github.com/COS301-SE-2025/Secure-File-Sharing-Platform/sfsp-api/services/fileService/main.go:37.15,39.3 1 0
github.com/COS301-SE-2025/Secure-File-Sharing-Platform/sfsp-api/services/fileService/main.go:39.8,41.3 1 0
github.com/COS301-SE-2025/Secure-File-Sharing-Platform/sfsp-api/services/fileService/main.go:44.2,93.46 35 0
github.com/COS301-SE-2025/Secure-File-Sharing-Platform/sfsp-api/services/fileService/crypto/decrypt.go:10.68,12.25 2 0
github.com/COS301-SE-2025/Secure-File-Sharing-Platform/sfsp-api/services/fileService/crypto/decrypt.go:12.25,14.3 1 0
github.com/COS301-SE-2025/Secure-File-Sharing-Platform/sfsp-api/services/fileService/crypto/decrypt.go:17.2,18.50 2 0
github.com/COS301-SE-2025/Secure-File-Sharing-Platform/sfsp-api/services/fileService/crypto/decrypt.go:18.50,20.3 1 0
github.com/COS301-SE-2025/Secure-File-Sharing-Platform/sfsp-api/services/fileService/crypto/decrypt.go:22.2,23.16 2 0
github.com/COS301-SE-2025/Secure-File-Sharing-Platform/sfsp-api/services/fileService/crypto/decrypt.go:23.16,25.3 1 0
github.com/COS301-SE-2025/Secure-File-Sharing-Platform/sfsp-api/services/fileService/crypto/decrypt.go:27.2,28.55 2 0
github.com/COS301-SE-2025/Secure-File-Sharing-Platform/sfsp-api/services/fileService/crypto/encrypt.go:11.79,13.25 2 0
github.com/COS301-SE-2025/Secure-File-Sharing-Platform/sfsp-api/services/fileService/crypto/encrypt.go:13.25,15.3 1 0
github.com/COS301-SE-2025/Secure-File-Sharing-Platform/sfsp-api/services/fileService/crypto/encrypt.go:17.2,18.16 2 0
github.com/COS301-SE-2025/Secure-File-Sharing-Platform/sfsp-api/services/fileService/crypto/encrypt.go:18.16,20.3 1 0
github.com/COS301-SE-2025/Secure-File-Sharing-Platform/sfsp-api/services/fileService/crypto/encrypt.go:23.2,24.56 2 0
github.com/COS301-SE-2025/Secure-File-Sharing-Platform/sfsp-api/services/fileService/crypto/encrypt.go:24.56,26.3 1 0
github.com/COS301-SE-2025/Secure-File-Sharing-Platform/sfsp-api/services/fileService/crypto/encrypt.go:29.2,29.44 1 0
github.com/COS301-SE-2025/Secure-File-Sharing-Platform/sfsp-api/services/fileService/crypto/encrypt.go:29.44,31.3 1 0
github.com/COS301-SE-2025/Secure-File-Sharing-Platform/sfsp-api/services/fileService/crypto/encrypt.go:34.2,38.16 4 0
github.com/COS301-SE-2025/Secure-File-Sharing-Platform/sfsp-api/services/fileService/crypto/encrypt.go:38.16,40.3 1 0
github.com/COS301-SE-2025/Secure-File-Sharing-Platform/sfsp-api/services/fileService/crypto/encrypt.go:42.2,42.12 1 0
github.com/COS301-SE-2025/Secure-File-Sharing-Platform/sfsp-api/services/fileService/database/Mongo.go:12.51,18.19 5 0
github.com/COS301-SE-2025/Secure-File-Sharing-Platform/sfsp-api/services/fileService/database/Mongo.go:18.19,20.6 1 0
github.com/COS301-SE-2025/Secure-File-Sharing-Platform/sfsp-api/services/fileService/database/Mongo.go:22.5,22.49 1 0
github.com/COS301-SE-2025/Secure-File-Sharing-Platform/sfsp-api/services/fileService/database/Mongo.go:22.49,24.6 1 0
github.com/COS301-SE-2025/Secure-File-Sharing-Platform/sfsp-api/services/fileService/database/Mongo.go:26.5,27.23 2 0
github.com/COS301-SE-2025/Secure-File-Sharing-Platform/sfsp-api/services/fileService/database/Postgre.go:17.37,19.16 2 0
github.com/COS301-SE-2025/Secure-File-Sharing-Platform/sfsp-api/services/fileService/database/Postgre.go:19.16,21.3 1 0
github.com/COS301-SE-2025/Secure-File-Sharing-Platform/sfsp-api/services/fileService/database/Postgre.go:23.2,23.34 1 0
github.com/COS301-SE-2025/Secure-File-Sharing-Platform/sfsp-api/services/fileService/database/Postgre.go:23.34,25.3 1 0
github.com/COS301-SE-2025/Secure-File-Sharing-Platform/sfsp-api/services/fileService/database/Postgre.go:27.2,28.16 2 0
github.com/COS301-SE-2025/Secure-File-Sharing-Platform/sfsp-api/services/fileService/database/files.go:20.56,27.2 2 0
github.com/COS301-SE-2025/Secure-File-Sharing-Platform/sfsp-api/services/fileService/fileHandler/NotificationHandler.go:24.66,25.32 1 0
github.com/COS301-SE-2025/Secure-File-Sharing-Platform/sfsp-api/services/fileService/fileHandler/NotificationHandler.go:25.32,32.3 3 0
github.com/COS301-SE-2025/Secure-File-Sharing-Platform/sfsp-api/services/fileService/fileHandler/NotificationHandler.go:34.2,35.18 2 0
github.com/COS301-SE-2025/Secure-File-Sharing-Platform/sfsp-api/services/fileService/fileHandler/NotificationHandler.go:35.18,42.3 3 0
github.com/COS301-SE-2025/Secure-File-Sharing-Platform/sfsp-api/services/fileService/fileHandler/NotificationHandler.go:44.2,44.15 1 0
github.com/COS301-SE-2025/Secure-File-Sharing-Platform/sfsp-api/services/fileService/fileHandler/NotificationHandler.go:44.15,51.3 3 0
github.com/COS301-SE-2025/Secure-File-Sharing-Platform/sfsp-api/services/fileService/fileHandler/NotificationHandler.go:53.2,55.16 2 0
github.com/COS301-SE-2025/Secure-File-Sharing-Platform/sfsp-api/services/fileService/fileHandler/NotificationHandler.go:55.16,63.3 4 0
github.com/COS301-SE-2025/Secure-File-Sharing-Platform/sfsp-api/services/fileService/fileHandler/NotificationHandler.go:64.2,67.18 3 0
github.com/COS301-SE-2025/Secure-File-Sharing-Platform/sfsp-api/services/fileService/fileHandler/NotificationHandler.go:67.18,69.137 2 0
github.com/COS301-SE-2025/Secure-File-Sharing-Platform/sfsp-api/services/fileService/fileHandler/NotificationHandler.go:69.137,71.12 2 0
github.com/COS301-SE-2025/Secure-File-Sharing-Platform/sfsp-api/services/fileService/fileHandler/NotificationHandler.go:73.3,73.43 1 0
github.com/COS301-SE-2025/Secure-File-Sharing-Platform/sfsp-api/services/fileService/fileHandler/NotificationHandler.go:76.2,80.4 2 0
github.com/COS301-SE-2025/Secure-File-Sharing-Platform/sfsp-api/services/fileService/fileHandler/NotificationHandler.go:83.64,84.33 1 0
github.com/COS301-SE-2025/Secure-File-Sharing-Platform/sfsp-api/services/fileService/fileHandler/NotificationHandler.go:84.33,91.3 3 0
github.com/COS301-SE-2025/Secure-File-Sharing-Platform/sfsp-api/services/fileService/fileHandler/NotificationHandler.go:93.2,97.61 2 0
github.com/COS301-SE-2025/Secure-File-Sharing-Platform/sfsp-api/services/fileService/fileHandler/NotificationHandler.go:97.61,104.3 3 0
github.com/COS301-SE-2025/Secure-File-Sharing-Platform/sfsp-api/services/fileService/fileHandler/NotificationHandler.go:106.2,106.18 1 0
github.com/COS301-SE-2025/Secure-File-Sharing-Platform/sfsp-api/services/fileService/fileHandler/NotificationHandler.go:106.18,113.3 3 0
github.com/COS301-SE-2025/Secure-File-Sharing-Platform/sfsp-api/services/fileService/fileHandler/NotificationHandler.go:115.2,115.15 1 0
github.com/COS301-SE-2025/Secure-File-Sharing-Platform/sfsp-api/services/fileService/fileHandler/NotificationHandler.go:115.15,122.3 3 0
github.com/COS301-SE-2025/Secure-File-Sharing-Platform/sfsp-api/services/fileService/fileHandler/NotificationHandler.go:124.2,125.16 2 0
github.com/COS301-SE-2025/Secure-File-Sharing-Platform/sfsp-api/services/fileService/fileHandler/NotificationHandler.go:125.16,133.3 4 0
github.com/COS301-SE-2025/Secure-File-Sharing-Platform/sfsp-api/services/fileService/fileHandler/NotificationHandler.go:135.2,136.23 2 0
github.com/COS301-SE-2025/Secure-File-Sharing-Platform/sfsp-api/services/fileService/fileHandler/NotificationHandler.go:136.23,143.3 3 0
github.com/COS301-SE-2025/Secure-File-Sharing-Platform/sfsp-api/services/fileService/fileHandler/NotificationHandler.go:145.2,149.4 2 0
github.com/COS301-SE-2025/Secure-File-Sharing-Platform/sfsp-api/services/fileService/fileHandler/NotificationHandler.go:152.75,153.33 1 0
github.com/COS301-SE-2025/Secure-File-Sharing-Platform/sfsp-api/services/fileService/fileHandler/NotificationHandler.go:153.33,160.3 3 0
github.com/COS301-SE-2025/Secure-File-Sharing-Platform/sfsp-api/services/fileService/fileHandler/NotificationHandler.go:162.2,167.61 2 0
github.com/COS301-SE-2025/Secure-File-Sharing-Platform/sfsp-api/services/fileService/fileHandler/NotificationHandler.go:167.61,174.3 3 0
github.com/COS301-SE-2025/Secure-File-Sharing-Platform/sfsp-api/services/fileService/fileHandler/NotificationHandler.go:176.2,176.38 1 0
github.com/COS301-SE-2025/Secure-File-Sharing-Platform/sfsp-api/services/fileService/fileHandler/NotificationHandler.go:176.38,183.3 3 0
github.com/COS301-SE-2025/Secure-File-Sharing-Platform/sfsp-api/services/fileService/fileHandler/NotificationHandler.go:185.2,185.85 1 0
github.com/COS301-SE-2025/Secure-File-Sharing-Platform/sfsp-api/services/fileService/fileHandler/NotificationHandler.go:185.85,192.3 3 0
github.com/COS301-SE-2025/Secure-File-Sharing-Platform/sfsp-api/services/fileService/fileHandler/NotificationHandler.go:194.2,194.15 1 0
github.com/COS301-SE-2025/Secure-File-Sharing-Platform/sfsp-api/services/fileService/fileHandler/NotificationHandler.go:194.15,201.3 3 0
github.com/COS301-SE-2025/Secure-File-Sharing-Platform/sfsp-api/services/fileService/fileHandler/NotificationHandler.go:204.2,205.16 2 0
github.com/COS301-SE-2025/Secure-File-Sharing-Platform/sfsp-api/services/fileService/fileHandler/NotificationHandler.go:205.16,213.3 4 0
github.com/COS301-SE-2025/Secure-File-Sharing-Platform/sfsp-api/services/fileService/fileHandler/NotificationHandler.go:215.2,216.23 2 0
github.com/COS301-SE-2025/Secure-File-Sharing-Platform/sfsp-api/services/fileService/fileHandler/NotificationHandler.go:216.23,223.3 3 0
github.com/COS301-SE-2025/Secure-File-Sharing-Platform/sfsp-api/services/fileService/fileHandler/NotificationHandler.go:226.2,226.30 1 0
github.com/COS301-SE-2025/Secure-File-Sharing-Platform/sfsp-api/services/fileService/fileHandler/NotificationHandler.go:226.30,238.17 5 0
github.com/COS301-SE-2025/Secure-File-Sharing-Platform/sfsp-api/services/fileService/fileHandler/NotificationHandler.go:238.17,246.4 4 0
github.com/COS301-SE-2025/Secure-File-Sharing-Platform/sfsp-api/services/fileService/fileHandler/NotificationHandler.go:248.3,248.27 1 0
github.com/COS301-SE-2025/Secure-File-Sharing-Platform/sfsp-api/services/fileService/fileHandler/NotificationHandler.go:248.27,254.4 1 0
github.com/COS301-SE-2025/Secure-File-Sharing-Platform/sfsp-api/services/fileService/fileHandler/NotificationHandler.go:254.9,261.4 2 0
github.com/COS301-SE-2025/Secure-File-Sharing-Platform/sfsp-api/services/fileService/fileHandler/NotificationHandler.go:263.3,263.17 1 0
github.com/COS301-SE-2025/Secure-File-Sharing-Platform/sfsp-api/services/fileService/fileHandler/NotificationHandler.go:263.17,271.4 4 0
github.com/COS301-SE-2025/Secure-File-Sharing-Platform/sfsp-api/services/fileService/fileHandler/NotificationHandler.go:274.3,283.17 4 0
github.com/COS301-SE-2025/Secure-File-Sharing-Platform/sfsp-api/services/fileService/fileHandler/NotificationHandler.go:283.17,291.4 4 0
github.com/COS301-SE-2025/Secure-File-Sharing-Platform/sfsp-api/services/fileService/fileHandler/NotificationHandler.go:293.3,309.9 3 0
github.com/COS301-SE-2025/Secure-File-Sharing-Platform/sfsp-api/services/fileService/fileHandler/NotificationHandler.go:313.71,314.33 1 0
github.com/COS301-SE-2025/Secure-File-Sharing-Platform/sfsp-api/services/fileService/fileHandler/NotificationHandler.go:314.33,321.3 3 0
github.com/COS301-SE-2025/Secure-File-Sharing-Platform/sfsp-api/services/fileService/fileHandler/NotificationHandler.go:323.2,326.61 2 0
github.com/COS301-SE-2025/Secure-File-Sharing-Platform/sfsp-api/services/fileService/fileHandler/NotificationHandler.go:326.61,333.3 3 0
github.com/COS301-SE-2025/Secure-File-Sharing-Platform/sfsp-api/services/fileService/fileHandler/NotificationHandler.go:335.2,335.18 1 0
github.com/COS301-SE-2025/Secure-File-Sharing-Platform/sfsp-api/services/fileService/fileHandler/NotificationHandler.go:335.18,342.3 3 0
github.com/COS301-SE-2025/Secure-File-Sharing-Platform/sfsp-api/services/fileService/fileHandler/NotificationHandler.go:344.2,344.15 1 0
github.com/COS301-SE-2025/Secure-File-Sharing-Platform/sfsp-api/services/fileService/fileHandler/NotificationHandler.go:344.15,351.3 3 0
github.com/COS301-SE-2025/Secure-File-Sharing-Platform/sfsp-api/services/fileService/fileHandler/NotificationHandler.go:353.2,354.16 2 0
github.com/COS301-SE-2025/Secure-File-Sharing-Platform/sfsp-api/services/fileService/fileHandler/NotificationHandler.go:354.16,362.3 4 0
github.com/COS301-SE-2025/Secure-File-Sharing-Platform/sfsp-api/services/fileService/fileHandler/NotificationHandler.go:364.2,365.23 2 0
github.com/COS301-SE-2025/Secure-File-Sharing-Platform/sfsp-api/services/fileService/fileHandler/NotificationHandler.go:365.23,372.3 3 0
github.com/COS301-SE-2025/Secure-File-Sharing-Platform/sfsp-api/services/fileService/fileHandler/NotificationHandler.go:374.2,378.4 2 0
github.com/COS301-SE-2025/Secure-File-Sharing-Platform/sfsp-api/services/fileService/fileHandler/NotificationHandler.go:381.69,382.33 1 0
github.com/COS301-SE-2025/Secure-File-Sharing-Platform/sfsp-api/services/fileService/fileHandler/NotificationHandler.go:382.33,389.3 3 0
github.com/COS301-SE-2025/Secure-File-Sharing-Platform/sfsp-api/services/fileService/fileHandler/NotificationHandler.go:391.2,402.70 2 0
github.com/COS301-SE-2025/Secure-File-Sharing-Platform/sfsp-api/services/fileService/fileHandler/NotificationHandler.go:402.70,409.3 3 0
github.com/COS301-SE-2025/Secure-File-Sharing-Platform/sfsp-api/services/fileService/fileHandler/NotificationHandler.go:411.2,412.60 1 0
github.com/COS301-SE-2025/Secure-File-Sharing-Platform/sfsp-api/services/fileService/fileHandler/NotificationHandler.go:412.60,420.3 4 0
github.com/COS301-SE-2025/Secure-File-Sharing-Platform/sfsp-api/services/fileService/fileHandler/NotificationHandler.go:422.2,422.15 1 0
github.com/COS301-SE-2025/Secure-File-Sharing-Platform/sfsp-api/services/fileService/fileHandler/NotificationHandler.go:422.15,429.3 3 0
github.com/COS301-SE-2025/Secure-File-Sharing-Platform/sfsp-api/services/fileService/fileHandler/NotificationHandler.go:431.2,434.64 3 0
github.com/COS301-SE-2025/Secure-File-Sharing-Platform/sfsp-api/services/fileService/fileHandler/NotificationHandler.go:434.64,440.3 1 0
github.com/COS301-SE-2025/Secure-File-Sharing-Platform/sfsp-api/services/fileService/fileHandler/NotificationHandler.go:440.8,446.3 1 0
github.com/COS301-SE-2025/Secure-File-Sharing-Platform/sfsp-api/services/fileService/fileHandler/NotificationHandler.go:448.2,448.16 1 0
github.com/COS301-SE-2025/Secure-File-Sharing-Platform/sfsp-api/services/fileService/fileHandler/NotificationHandler.go:448.16,456.3 4 0
github.com/COS301-SE-2025/Secure-File-Sharing-Platform/sfsp-api/services/fileService/fileHandler/NotificationHandler.go:458.2,463.4 2 0
github.com/COS301-SE-2025/Secure-File-Sharing-Platform/sfsp-api/services/fileService/fileHandler/deleteHandler.go:19.63,22.16 3 0
github.com/COS301-SE-2025/Secure-File-Sharing-Platform/sfsp-api/services/fileService/fileHandler/deleteHandler.go:22.16,25.3 2 0
github.com/COS301-SE-2025/Secure-File-Sharing-Platform/sfsp-api/services/fileService/fileHandler/deleteHandler.go:27.2,27.22 1 0
github.com/COS301-SE-2025/Secure-File-Sharing-Platform/sfsp-api/services/fileService/fileHandler/deleteHandler.go:27.22,31.3 3 0
github.com/COS301-SE-2025/Secure-File-Sharing-Platform/sfsp-api/services/fileService/fileHandler/deleteHandler.go:33.2,33.22 1 0
github.com/COS301-SE-2025/Secure-File-Sharing-Platform/sfsp-api/services/fileService/fileHandler/deleteHandler.go:33.22,37.3 3 0
github.com/COS301-SE-2025/Secure-File-Sharing-Platform/sfsp-api/services/fileService/fileHandler/deleteHandler.go:39.2,40.16 2 0
github.com/COS301-SE-2025/Secure-File-Sharing-Platform/sfsp-api/services/fileService/fileHandler/deleteHandler.go:40.16,44.3 3 0
github.com/COS301-SE-2025/Secure-File-Sharing-Platform/sfsp-api/services/fileService/fileHandler/deleteHandler.go:46.2,47.16 2 0
github.com/COS301-SE-2025/Secure-File-Sharing-Platform/sfsp-api/services/fileService/fileHandler/deleteHandler.go:47.16,51.3 3 0
github.com/COS301-SE-2025/Secure-File-Sharing-Platform/sfsp-api/services/fileService/fileHandler/deleteHandler.go:54.2,58.4 2 0
github.com/COS301-SE-2025/Secure-File-Sharing-Platform/sfsp-api/services/fileService/fileHandler/downloadHandler.go:38.62,40.64 2 0
github.com/COS301-SE-2025/Secure-File-Sharing-Platform/sfsp-api/services/fileService/fileHandler/downloadHandler.go:40.64,43.6 2 0
github.com/COS301-SE-2025/Secure-File-Sharing-Platform/sfsp-api/services/fileService/fileHandler/downloadHandler.go:45.5,45.45 1 0
github.com/COS301-SE-2025/Secure-File-Sharing-Platform/sfsp-api/services/fileService/fileHandler/downloadHandler.go:45.45,48.6 2 0
github.com/COS301-SE-2025/Secure-File-Sharing-Platform/sfsp-api/services/fileService/fileHandler/downloadHandler.go:49.5,56.19 4 0
github.com/COS301-SE-2025/Secure-File-Sharing-Platform/sfsp-api/services/fileService/fileHandler/downloadHandler.go:56.19,60.6 3 0
github.com/COS301-SE-2025/Secure-File-Sharing-Platform/sfsp-api/services/fileService/fileHandler/downloadHandler.go:62.5,66.19 3 0
github.com/COS301-SE-2025/Secure-File-Sharing-Platform/sfsp-api/services/fileService/fileHandler/downloadHandler.go:66.19,70.6 3 0
github.com/COS301-SE-2025/Secure-File-Sharing-Platform/sfsp-api/services/fileService/fileHandler/downloadHandler.go:71.5,89.57 12 0
github.com/COS301-SE-2025/Secure-File-Sharing-Platform/sfsp-api/services/fileService/fileHandler/downloadHandler.go:89.57,92.6 2 0
github.com/COS301-SE-2025/Secure-File-Sharing-Platform/sfsp-api/services/fileService/fileHandler/downloadHandler.go:95.5,96.33 2 0
github.com/COS301-SE-2025/Secure-File-Sharing-Platform/sfsp-api/services/fileService/fileHandler/downloadHandler.go:96.33,98.6 1 0
github.com/COS301-SE-2025/Secure-File-Sharing-Platform/sfsp-api/services/fileService/fileHandler/downloadHandler.go:98.11,100.6 1 0
github.com/COS301-SE-2025/Secure-File-Sharing-Platform/sfsp-api/services/fileService/fileHandler/downloadHandler.go:110.63,112.64 2 0
github.com/COS301-SE-2025/Secure-File-Sharing-Platform/sfsp-api/services/fileService/fileHandler/downloadHandler.go:112.64,115.6 2 0
github.com/COS301-SE-2025/Secure-File-Sharing-Platform/sfsp-api/services/fileService/fileHandler/downloadHandler.go:117.5,117.27 1 0
github.com/COS301-SE-2025/Secure-File-Sharing-Platform/sfsp-api/services/fileService/fileHandler/downloadHandler.go:117.27,120.6 2 0
github.com/COS301-SE-2025/Secure-File-Sharing-Platform/sfsp-api/services/fileService/fileHandler/downloadHandler.go:122.5,125.19 3 0
github.com/COS301-SE-2025/Secure-File-Sharing-Platform/sfsp-api/services/fileService/fileHandler/downloadHandler.go:125.19,129.6 3 0
github.com/COS301-SE-2025/Secure-File-Sharing-Platform/sfsp-api/services/fileService/fileHandler/downloadHandler.go:130.5,138.46 6 0
github.com/COS301-SE-2025/Secure-File-Sharing-Platform/sfsp-api/services/fileService/fileHandler/downloadHandler.go:138.46,141.6 2 0
github.com/COS301-SE-2025/Secure-File-Sharing-Platform/sfsp-api/services/fileService/fileHandler/downloadHandler.go:143.5,144.111 2 0
github.com/COS301-SE-2025/Secure-File-Sharing-Platform/sfsp-api/services/fileService/fileHandler/fileAccessHandler.go:12.66,20.61 3 0
github.com/COS301-SE-2025/Secure-File-Sharing-Platform/sfsp-api/services/fileService/fileHandler/fileAccessHandler.go:20.61,23.3 2 0
github.com/COS301-SE-2025/Secure-File-Sharing-Platform/sfsp-api/services/fileService/fileHandler/fileAccessHandler.go:24.2,24.62 1 0
github.com/COS301-SE-2025/Secure-File-Sharing-Platform/sfsp-api/services/fileService/fileHandler/fileAccessHandler.go:24.62,27.3 2 0
github.com/COS301-SE-2025/Secure-File-Sharing-Platform/sfsp-api/services/fileService/fileHandler/fileAccessHandler.go:28.2,29.16 2 0
github.com/COS301-SE-2025/Secure-File-Sharing-Platform/sfsp-api/services/fileService/fileHandler/fileAccessHandler.go:29.16,33.3 3 0
github.com/COS301-SE-2025/Secure-File-Sharing-Platform/sfsp-api/services/fileService/fileHandler/fileAccessHandler.go:34.2,36.90 3 0
github.com/COS301-SE-2025/Secure-File-Sharing-Platform/sfsp-api/services/fileService/fileHandler/fileAccessHandler.go:39.66,43.18 4 0
github.com/COS301-SE-2025/Secure-File-Sharing-Platform/sfsp-api/services/fileService/fileHandler/fileAccessHandler.go:43.18,45.3 1 0
github.com/COS301-SE-2025/Secure-File-Sharing-Platform/sfsp-api/services/fileService/fileHandler/fileAccessHandler.go:45.8,47.3 1 0
github.com/COS301-SE-2025/Secure-File-Sharing-Platform/sfsp-api/services/fileService/fileHandler/fileAccessHandler.go:48.2,48.16 1 0
github.com/COS301-SE-2025/Secure-File-Sharing-Platform/sfsp-api/services/fileService/fileHandler/fileAccessHandler.go:48.16,52.3 3 0
github.com/COS301-SE-2025/Secure-File-Sharing-Platform/sfsp-api/services/fileService/fileHandler/fileAccessHandler.go:53.2,55.18 3 0
github.com/COS301-SE-2025/Secure-File-Sharing-Platform/sfsp-api/services/fileService/fileHandler/fileAccessHandler.go:55.18,58.89 3 0
github.com/COS301-SE-2025/Secure-File-Sharing-Platform/sfsp-api/services/fileService/fileHandler/fileAccessHandler.go:58.89,60.12 2 0
github.com/COS301-SE-2025/Secure-File-Sharing-Platform/sfsp-api/services/fileService/fileHandler/fileAccessHandler.go:62.3,69.5 1 0
github.com/COS301-SE-2025/Secure-File-Sharing-Platform/sfsp-api/services/fileService/fileHandler/fileAccessHandler.go:71.2,72.33 2 0
github.com/COS301-SE-2025/Secure-File-Sharing-Platform/sfsp-api/services/fileService/fileHandler/folderHandler.go:23.66,34.61 4 0
github.com/COS301-SE-2025/Secure-File-Sharing-Platform/sfsp-api/services/fileService/fileHandler/folderHandler.go:34.61,37.3 2 0
github.com/COS301-SE-2025/Secure-File-Sharing-Platform/sfsp-api/services/fileService/fileHandler/folderHandler.go:38.2,38.46 1 0
github.com/COS301-SE-2025/Secure-File-Sharing-Platform/sfsp-api/services/fileService/fileHandler/folderHandler.go:38.46,41.3 2 0
github.com/COS301-SE-2025/Secure-File-Sharing-Platform/sfsp-api/services/fileService/fileHandler/folderHandler.go:44.2,45.26 2 0
github.com/COS301-SE-2025/Secure-File-Sharing-Platform/sfsp-api/services/fileService/fileHandler/folderHandler.go:45.26,47.6 1 0
github.com/COS301-SE-2025/Secure-File-Sharing-Platform/sfsp-api/services/fileService/fileHandler/folderHandler.go:47.11,49.5 1 0
github.com/COS301-SE-2025/Secure-File-Sharing-Platform/sfsp-api/services/fileService/fileHandler/folderHandler.go:52.2,66.16 3 0
github.com/COS301-SE-2025/Secure-File-Sharing-Platform/sfsp-api/services/fileService/fileHandler/folderHandler.go:66.16,70.3 3 0
github.com/COS301-SE-2025/Secure-File-Sharing-Platform/sfsp-api/services/fileService/fileHandler/folderHandler.go:72.2,76.4 2 0
github.com/COS301-SE-2025/Secure-File-Sharing-Platform/sfsp-api/services/fileService/fileHandler/sendByViewHandler.go:18.64,22.19 3 0
github.com/COS301-SE-2025/Secure-File-Sharing-Platform/sfsp-api/services/fileService/fileHandler/sendByViewHandler.go:22.19,26.6 3 0
github.com/COS301-SE-2025/Secure-File-Sharing-Platform/sfsp-api/services/fileService/fileHandler/sendByViewHandler.go:28.5,35.80 7 0
github.com/COS301-SE-2025/Secure-File-Sharing-Platform/sfsp-api/services/fileService/fileHandler/sendByViewHandler.go:35.80,38.6 2 0
github.com/COS301-SE-2025/Secure-File-Sharing-Platform/sfsp-api/services/fileService/fileHandler/sendByViewHandler.go:40.5,41.19 2 0
github.com/COS301-SE-2025/Secure-File-Sharing-Platform/sfsp-api/services/fileService/fileHandler/sendByViewHandler.go:41.19,44.6 2 0
github.com/COS301-SE-2025/Secure-File-Sharing-Platform/sfsp-api/services/fileService/fileHandler/sendByViewHandler.go:45.5,46.19 2 0
github.com/COS301-SE-2025/Secure-File-Sharing-Platform/sfsp-api/services/fileService/fileHandler/sendByViewHandler.go:46.19,49.6 2 0
github.com/COS301-SE-2025/Secure-File-Sharing-Platform/sfsp-api/services/fileService/fileHandler/sendByViewHandler.go:51.5,53.19 3 0
github.com/COS301-SE-2025/Secure-File-Sharing-Platform/sfsp-api/services/fileService/fileHandler/sendByViewHandler.go:53.19,54.33 1 0
github.com/COS301-SE-2025/Secure-File-Sharing-Platform/sfsp-api/services/fileService/fileHandler/sendByViewHandler.go:54.33,57.10 2 0
github.com/COS301-SE-2025/Secure-File-Sharing-Platform/sfsp-api/services/fileService/fileHandler/sendByViewHandler.go:58.9,60.15 3 0
github.com/COS301-SE-2025/Secure-File-Sharing-Platform/sfsp-api/services/fileService/fileHandler/sendByViewHandler.go:63.5,63.26 1 0
github.com/COS301-SE-2025/Secure-File-Sharing-Platform/sfsp-api/services/fileService/fileHandler/sendByViewHandler.go:63.26,66.6 2 0
github.com/COS301-SE-2025/Secure-File-Sharing-Platform/sfsp-api/services/fileService/fileHandler/sendByViewHandler.go:68.5,69.19 2 0
github.com/COS301-SE-2025/Secure-File-Sharing-Platform/sfsp-api/services/fileService/fileHandler/sendByViewHandler.go:69.19,73.6 3 0
github.com/COS301-SE-2025/Secure-File-Sharing-Platform/sfsp-api/services/fileService/fileHandler/sendByViewHandler.go:74.5,77.82 3 0
github.com/COS301-SE-2025/Secure-File-Sharing-Platform/sfsp-api/services/fileService/fileHandler/sendByViewHandler.go:77.82,81.6 3 0
github.com/COS301-SE-2025/Secure-File-Sharing-Platform/sfsp-api/services/fileService/fileHandler/sendByViewHandler.go:83.5,83.36 1 0
github.com/COS301-SE-2025/Secure-File-Sharing-Platform/sfsp-api/services/fileService/fileHandler/sendByViewHandler.go:83.36,90.6 3 0
github.com/COS301-SE-2025/Secure-File-Sharing-Platform/sfsp-api/services/fileService/fileHandler/sendByViewHandler.go:92.5,97.15 5 0
github.com/COS301-SE-2025/Secure-File-Sharing-Platform/sfsp-api/services/fileService/fileHandler/sendByViewHandler.go:97.15,100.42 2 0
github.com/COS301-SE-2025/Secure-File-Sharing-Platform/sfsp-api/services/fileService/fileHandler/sendByViewHandler.go:100.42,103.27 3 0
github.com/COS301-SE-2025/Secure-File-Sharing-Platform/sfsp-api/services/fileService/fileHandler/sendByViewHandler.go:103.27,107.14 3 0
github.com/COS301-SE-2025/Secure-File-Sharing-Platform/sfsp-api/services/fileService/fileHandler/sendByViewHandler.go:109.13,109.67 1 0
github.com/COS301-SE-2025/Secure-File-Sharing-Platform/sfsp-api/services/fileService/fileHandler/sendByViewHandler.go:109.67,114.14 4 0
github.com/COS301-SE-2025/Secure-File-Sharing-Platform/sfsp-api/services/fileService/fileHandler/sendByViewHandler.go:115.13,116.47 2 0
github.com/COS301-SE-2025/Secure-File-Sharing-Platform/sfsp-api/services/fileService/fileHandler/sendByViewHandler.go:119.9,119.83 1 0
github.com/COS301-SE-2025/Secure-File-Sharing-Platform/sfsp-api/services/fileService/fileHandler/sendByViewHandler.go:122.5,122.93 1 0
github.com/COS301-SE-2025/Secure-File-Sharing-Platform/sfsp-api/services/fileService/fileHandler/sendByViewHandler.go:122.93,126.6 3 0
github.com/COS301-SE-2025/Secure-File-Sharing-Platform/sfsp-api/services/fileService/fileHandler/sendByViewHandler.go:128.5,135.16 4 0
github.com/COS301-SE-2025/Secure-File-Sharing-Platform/sfsp-api/services/fileService/fileHandler/sendByViewHandler.go:136.14,142.23 2 0
github.com/COS301-SE-2025/Secure-File-Sharing-Platform/sfsp-api/services/fileService/fileHandler/sendByViewHandler.go:142.23,146.10 3 0
github.com/COS301-SE-2025/Secure-File-Sharing-Platform/sfsp-api/services/fileService/fileHandler/sendByViewHandler.go:147.9,147.29 1 0
github.com/COS301-SE-2025/Secure-File-Sharing-Platform/sfsp-api/services/fileService/fileHandler/sendByViewHandler.go:148.24,154.23 2 0
github.com/COS301-SE-2025/Secure-File-Sharing-Platform/sfsp-api/services/fileService/fileHandler/sendByViewHandler.go:154.23,158.10 3 0
github.com/COS301-SE-2025/Secure-File-Sharing-Platform/sfsp-api/services/fileService/fileHandler/sendByViewHandler.go:159.13,162.15 3 0
github.com/COS301-SE-2025/Secure-File-Sharing-Platform/sfsp-api/services/fileService/fileHandler/sendByViewHandler.go:165.5,166.19 2 0
github.com/COS301-SE-2025/Secure-File-Sharing-Platform/sfsp-api/services/fileService/fileHandler/sendByViewHandler.go:166.19,168.6 1 0
github.com/COS301-SE-2025/Secure-File-Sharing-Platform/sfsp-api/services/fileService/fileHandler/sendByViewHandler.go:170.5,175.19 2 0
github.com/COS301-SE-2025/Secure-File-Sharing-Platform/sfsp-api/services/fileService/fileHandler/sendByViewHandler.go:175.19,177.6 1 0
github.com/COS301-SE-2025/Secure-File-Sharing-Platform/sfsp-api/services/fileService/fileHandler/sendByViewHandler.go:179.5,184.84 3 0
github.com/COS301-SE-2025/Secure-File-Sharing-Platform/sfsp-api/services/fileService/fileHandler/sendByViewHandler.go:187.70,194.61 2 0
github.com/COS301-SE-2025/Secure-File-Sharing-Platform/sfsp-api/services/fileService/fileHandler/sendByViewHandler.go:194.61,197.3 2 0
github.com/COS301-SE-2025/Secure-File-Sharing-Platform/sfsp-api/services/fileService/fileHandler/sendByViewHandler.go:199.2,199.67 1 0
github.com/COS301-SE-2025/Secure-File-Sharing-Platform/sfsp-api/services/fileService/fileHandler/sendByViewHandler.go:199.67,202.3 2 0
github.com/COS301-SE-2025/Secure-File-Sharing-Platform/sfsp-api/services/fileService/fileHandler/sendByViewHandler.go:204.2,206.16 3 0
github.com/COS301-SE-2025/Secure-File-Sharing-Platform/sfsp-api/services/fileService/fileHandler/sendByViewHandler.go:206.16,207.27 1 0
github.com/COS301-SE-2025/Secure-File-Sharing-Platform/sfsp-api/services/fileService/fileHandler/sendByViewHandler.go:207.27,210.4 2 0
github.com/COS301-SE-2025/Secure-File-Sharing-Platform/sfsp-api/services/fileService/fileHandler/sendByViewHandler.go:211.3,212.9 2 0
github.com/COS301-SE-2025/Secure-File-Sharing-Platform/sfsp-api/services/fileService/fileHandler/sendByViewHandler.go:215.2,215.27 1 0
github.com/COS301-SE-2025/Secure-File-Sharing-Platform/sfsp-api/services/fileService/fileHandler/sendByViewHandler.go:215.27,218.3 2 0
github.com/COS301-SE-2025/Secure-File-Sharing-Platform/sfsp-api/services/fileService/fileHandler/sendByViewHandler.go:221.2,227.16 2 0
github.com/COS301-SE-2025/Secure-File-Sharing-Platform/sfsp-api/services/fileService/fileHandler/sendByViewHandler.go:227.16,231.3 3 0
github.com/COS301-SE-2025/Secure-File-Sharing-Platform/sfsp-api/services/fileService/fileHandler/sendByViewHandler.go:233.2,234.23 2 0
github.com/COS301-SE-2025/Secure-File-Sharing-Platform/sfsp-api/services/fileService/fileHandler/sendByViewHandler.go:234.23,237.3 2 0
github.com/COS301-SE-2025/Secure-File-Sharing-Platform/sfsp-api/services/fileService/fileHandler/sendByViewHandler.go:239.2,243.16 2 0
github.com/COS301-SE-2025/Secure-File-Sharing-Platform/sfsp-api/services/fileService/fileHandler/sendByViewHandler.go:243.16,245.3 1 0
github.com/COS301-SE-2025/Secure-File-Sharing-Platform/sfsp-api/services/fileService/fileHandler/sendByViewHandler.go:247.2,250.4 2 0
github.com/COS301-SE-2025/Secure-File-Sharing-Platform/sfsp-api/services/fileService/fileHandler/sendByViewHandler.go:253.72,258.61 2 0
github.com/COS301-SE-2025/Secure-File-Sharing-Platform/sfsp-api/services/fileService/fileHandler/sendByViewHandler.go:258.61,261.3 2 0
github.com/COS301-SE-2025/Secure-File-Sharing-Platform/sfsp-api/services/fileService/fileHandler/sendByViewHandler.go:263.2,263.22 1 0
github.com/COS301-SE-2025/Secure-File-Sharing-Platform/sfsp-api/services/fileService/fileHandler/sendByViewHandler.go:263.22,266.3 2 0
github.com/COS301-SE-2025/Secure-File-Sharing-Platform/sfsp-api/services/fileService/fileHandler/sendByViewHandler.go:268.2,278.16 2 0
github.com/COS301-SE-2025/Secure-File-Sharing-Platform/sfsp-api/services/fileService/fileHandler/sendByViewHandler.go:278.16,282.3 3 0
github.com/COS301-SE-2025/Secure-File-Sharing-Platform/sfsp-api/services/fileService/fileHandler/sendByViewHandler.go:283.2,286.18 3 0
github.com/COS301-SE-2025/Secure-File-Sharing-Platform/sfsp-api/services/fileService/fileHandler/sendByViewHandler.go:286.18,299.17 3 0
github.com/COS301-SE-2025/Secure-File-Sharing-Platform/sfsp-api/services/fileService/fileHandler/sendByViewHandler.go:299.17,301.12 2 0
github.com/COS301-SE-2025/Secure-File-Sharing-Platform/sfsp-api/services/fileService/fileHandler/sendByViewHandler.go:304.3,316.26 2 0
github.com/COS301-SE-2025/Secure-File-Sharing-Platform/sfsp-api/services/fileService/fileHandler/sendByViewHandler.go:316.26,318.4 1 0
github.com/COS301-SE-2025/Secure-File-Sharing-Platform/sfsp-api/services/fileService/fileHandler/sendByViewHandler.go:320.3,320.30 1 0
github.com/COS301-SE-2025/Secure-File-Sharing-Platform/sfsp-api/services/fileService/fileHandler/sendByViewHandler.go:323.2,324.34 2 0
github.com/COS301-SE-2025/Secure-File-Sharing-Platform/sfsp-api/services/fileService/fileHandler/sendByViewHandler.go:327.68,333.61 2 0
github.com/COS301-SE-2025/Secure-File-Sharing-Platform/sfsp-api/services/fileService/fileHandler/sendByViewHandler.go:333.61,336.3 2 0
github.com/COS301-SE-2025/Secure-File-Sharing-Platform/sfsp-api/services/fileService/fileHandler/sendByViewHandler.go:338.2,345.16 2 0
github.com/COS301-SE-2025/Secure-File-Sharing-Platform/sfsp-api/services/fileService/fileHandler/sendByViewHandler.go:345.16,349.3 3 0
github.com/COS301-SE-2025/Secure-File-Sharing-Platform/sfsp-api/services/fileService/fileHandler/sendByViewHandler.go:350.2,353.18 3 0
github.com/COS301-SE-2025/Secure-File-Sharing-Platform/sfsp-api/services/fileService/fileHandler/sendByViewHandler.go:353.18,357.71 3 0
github.com/COS301-SE-2025/Secure-File-Sharing-Platform/sfsp-api/services/fileService/fileHandler/sendByViewHandler.go:357.71,359.12 2 0
github.com/COS301-SE-2025/Secure-File-Sharing-Platform/sfsp-api/services/fileService/fileHandler/sendByViewHandler.go:362.3,367.5 1 0
github.com/COS301-SE-2025/Secure-File-Sharing-Platform/sfsp-api/services/fileService/fileHandler/sendByViewHandler.go:370.2,371.33 2 0
github.com/COS301-SE-2025/Secure-File-Sharing-Platform/sfsp-api/services/fileService/fileHandler/sendByViewHandler.go:375.70,381.64 2 0
github.com/COS301-SE-2025/Secure-File-Sharing-Platform/sfsp-api/services/fileService/fileHandler/sendByViewHandler.go:381.64,384.6 2 0
github.com/COS301-SE-2025/Secure-File-Sharing-Platform/sfsp-api/services/fileService/fileHandler/sendByViewHandler.go:386.5,386.45 1 0
github.com/COS301-SE-2025/Secure-File-Sharing-Platform/sfsp-api/services/fileService/fileHandler/sendByViewHandler.go:386.45,389.6 2 0
github.com/COS301-SE-2025/Secure-File-Sharing-Platform/sfsp-api/services/fileService/fileHandler/sendByViewHandler.go:391.5,401.19 5 0
github.com/COS301-SE-2025/Secure-File-Sharing-Platform/sfsp-api/services/fileService/fileHandler/sendByViewHandler.go:401.19,402.33 1 0
github.com/COS301-SE-2025/Secure-File-Sharing-Platform/sfsp-api/services/fileService/fileHandler/sendByViewHandler.go:402.33,404.10 1 0
github.com/COS301-SE-2025/Secure-File-Sharing-Platform/sfsp-api/services/fileService/fileHandler/sendByViewHandler.go:404.15,407.10 2 0
github.com/COS301-SE-2025/Secure-File-Sharing-Platform/sfsp-api/services/fileService/fileHandler/sendByViewHandler.go:408.9,408.15 1 0
github.com/COS301-SE-2025/Secure-File-Sharing-Platform/sfsp-api/services/fileService/fileHandler/sendByViewHandler.go:411.5,411.34 1 0
github.com/COS301-SE-2025/Secure-File-Sharing-Platform/sfsp-api/services/fileService/fileHandler/sendByViewHandler.go:411.34,414.6 2 0
github.com/COS301-SE-2025/Secure-File-Sharing-Platform/sfsp-api/services/fileService/fileHandler/sendByViewHandler.go:416.5,416.36 1 0
github.com/COS301-SE-2025/Secure-File-Sharing-Platform/sfsp-api/services/fileService/fileHandler/sendByViewHandler.go:416.36,419.6 2 0
github.com/COS301-SE-2025/Secure-File-Sharing-Platform/sfsp-api/services/fileService/fileHandler/sendByViewHandler.go:421.5,427.19 6 0
github.com/COS301-SE-2025/Secure-File-Sharing-Platform/sfsp-api/services/fileService/fileHandler/sendByViewHandler.go:427.19,431.6 3 0
github.com/COS301-SE-2025/Secure-File-Sharing-Platform/sfsp-api/services/fileService/fileHandler/sendByViewHandler.go:432.5,438.19 3 0
github.com/COS301-SE-2025/Secure-File-Sharing-Platform/sfsp-api/services/fileService/fileHandler/sendByViewHandler.go:438.19,440.6 1 0
github.com/COS301-SE-2025/Secure-File-Sharing-Platform/sfsp-api/services/fileService/fileHandler/sendByViewHandler.go:443.5,452.46 8 0
github.com/COS301-SE-2025/Secure-File-Sharing-Platform/sfsp-api/services/fileService/fileHandler/sendByViewHandler.go:452.46,455.6 2 0
github.com/COS301-SE-2025/Secure-File-Sharing-Platform/sfsp-api/services/fileService/fileHandler/sendByViewHandler.go:457.5,458.71 2 0
github.com/COS301-SE-2025/Secure-File-Sharing-Platform/sfsp-api/services/fileService/fileHandler/sendHandler.go:22.62,26.19 3 0
github.com/COS301-SE-2025/Secure-File-Sharing-Platform/sfsp-api/services/fileService/fileHandler/sendHandler.go:26.19,30.6 3 0
github.com/COS301-SE-2025/Secure-File-Sharing-Platform/sfsp-api/services/fileService/fileHandler/sendHandler.go:32.5,39.80 7 0
github.com/COS301-SE-2025/Secure-File-Sharing-Platform/sfsp-api/services/fileService/fileHandler/sendHandler.go:39.80,42.6 2 0
github.com/COS301-SE-2025/Secure-File-Sharing-Platform/sfsp-api/services/fileService/fileHandler/sendHandler.go:44.5,45.19 2 0
github.com/COS301-SE-2025/Secure-File-Sharing-Platform/sfsp-api/services/fileService/fileHandler/sendHandler.go:45.19,48.6 2 0
github.com/COS301-SE-2025/Secure-File-Sharing-Platform/sfsp-api/services/fileService/fileHandler/sendHandler.go:49.5,50.19 2 0
github.com/COS301-SE-2025/Secure-File-Sharing-Platform/sfsp-api/services/fileService/fileHandler/sendHandler.go:50.19,53.6 2 0
github.com/COS301-SE-2025/Secure-File-Sharing-Platform/sfsp-api/services/fileService/fileHandler/sendHandler.go:56.5,57.19 2 0
github.com/COS301-SE-2025/Secure-File-Sharing-Platform/sfsp-api/services/fileService/fileHandler/sendHandler.go:57.19,61.6 3 0
github.com/COS301-SE-2025/Secure-File-Sharing-Platform/sfsp-api/services/fileService/fileHandler/sendHandler.go:62.5,66.82 3 0
github.com/COS301-SE-2025/Secure-File-Sharing-Platform/sfsp-api/services/fileService/fileHandler/sendHandler.go:66.82,70.6 3 0
github.com/COS301-SE-2025/Secure-File-Sharing-Platform/sfsp-api/services/fileService/fileHandler/sendHandler.go:73.5,73.36 1 0
github.com/COS301-SE-2025/Secure-File-Sharing-Platform/sfsp-api/services/fileService/fileHandler/sendHandler.go:73.36,80.6 3 0
github.com/COS301-SE-2025/Secure-File-Sharing-Platform/sfsp-api/services/fileService/fileHandler/sendHandler.go:83.5,86.15 3 0
github.com/COS301-SE-2025/Secure-File-Sharing-Platform/sfsp-api/services/fileService/fileHandler/sendHandler.go:86.15,89.42 2 0
github.com/COS301-SE-2025/Secure-File-Sharing-Platform/sfsp-api/services/fileService/fileHandler/sendHandler.go:89.42,92.27 3 0
github.com/COS301-SE-2025/Secure-File-Sharing-Platform/sfsp-api/services/fileService/fileHandler/sendHandler.go:92.27,96.14 3 0
github.com/COS301-SE-2025/Secure-File-Sharing-Platform/sfsp-api/services/fileService/fileHandler/sendHandler.go:98.13,98.67 1 0
github.com/COS301-SE-2025/Secure-File-Sharing-Platform/sfsp-api/services/fileService/fileHandler/sendHandler.go:98.67,103.14 4 0
github.com/COS301-SE-2025/Secure-File-Sharing-Platform/sfsp-api/services/fileService/fileHandler/sendHandler.go:104.13,105.47 2 0
github.com/COS301-SE-2025/Secure-File-Sharing-Platform/sfsp-api/services/fileService/fileHandler/sendHandler.go:108.9,108.69 1 0
github.com/COS301-SE-2025/Secure-File-Sharing-Platform/sfsp-api/services/fileService/fileHandler/sendHandler.go:112.5,113.84 2 0
github.com/COS301-SE-2025/Secure-File-Sharing-Platform/sfsp-api/services/fileService/fileHandler/sendHandler.go:113.84,117.6 3 0
github.com/COS301-SE-2025/Secure-File-Sharing-Platform/sfsp-api/services/fileService/fileHandler/sendHandler.go:120.5,128.19 2 0
github.com/COS301-SE-2025/Secure-File-Sharing-Platform/sfsp-api/services/fileService/fileHandler/sendHandler.go:128.19,132.6 3 0
github.com/COS301-SE-2025/Secure-File-Sharing-Platform/sfsp-api/services/fileService/fileHandler/sendHandler.go:134.5,140.19 1 0
github.com/COS301-SE-2025/Secure-File-Sharing-Platform/sfsp-api/services/fileService/fileHandler/sendHandler.go:140.19,142.6 1 0
github.com/COS301-SE-2025/Secure-File-Sharing-Platform/sfsp-api/services/fileService/fileHandler/sendHandler.go:145.5,150.56 3 0
github.com/COS301-SE-2025/Secure-File-Sharing-Platform/sfsp-api/services/fileService/fileHandler/uploadHandler.go:31.35,34.2 1 0
github.com/COS301-SE-2025/Secure-File-Sharing-Platform/sfsp-api/services/fileService/fileHandler/uploadHandler.go:41.56,45.2 3 0
github.com/COS301-SE-2025/Secure-File-Sharing-Platform/sfsp-api/services/fileService/fileHandler/uploadHandler.go:51.60,55.58 2 0
github.com/COS301-SE-2025/Secure-File-Sharing-Platform/sfsp-api/services/fileService/fileHandler/uploadHandler.go:55.58,59.6 3 0
github.com/COS301-SE-2025/Secure-File-Sharing-Platform/sfsp-api/services/fileService/fileHandler/uploadHandler.go:62.5,73.25 12 0
github.com/COS301-SE-2025/Secure-File-Sharing-Platform/sfsp-api/services/fileService/fileHandler/uploadHandler.go:73.25,75.6 1 0
github.com/COS301-SE-2025/Secure-File-Sharing-Platform/sfsp-api/services/fileService/fileHandler/uploadHandler.go:77.5,81.72 2 0
github.com/COS301-SE-2025/Secure-File-Sharing-Platform/sfsp-api/services/fileService/fileHandler/uploadHandler.go:81.72,85.6 3 0
github.com/COS301-SE-2025/Secure-File-Sharing-Platform/sfsp-api/services/fileService/fileHandler/uploadHandler.go:87.5,87.20 1 0
github.com/COS301-SE-2025/Secure-File-Sharing-Platform/sfsp-api/services/fileService/fileHandler/uploadHandler.go:87.20,89.6 1 0
github.com/COS301-SE-2025/Secure-File-Sharing-Platform/sfsp-api/services/fileService/fileHandler/uploadHandler.go:92.5,93.19 2 0
github.com/COS301-SE-2025/Secure-File-Sharing-Platform/sfsp-api/services/fileService/fileHandler/uploadHandler.go:93.19,96.6 2 0
github.com/COS301-SE-2025/Secure-File-Sharing-Platform/sfsp-api/services/fileService/fileHandler/uploadHandler.go:97.5,98.19 2 0
github.com/COS301-SE-2025/Secure-File-Sharing-Platform/sfsp-api/services/fileService/fileHandler/uploadHandler.go:98.19,101.6 2 0
github.com/COS301-SE-2025/Secure-File-Sharing-Platform/sfsp-api/services/fileService/fileHandler/uploadHandler.go:104.5,105.22 2 0
github.com/COS301-SE-2025/Secure-File-Sharing-Platform/sfsp-api/services/fileService/fileHandler/uploadHandler.go:105.22,106.70 1 0
github.com/COS301-SE-2025/Secure-File-Sharing-Platform/sfsp-api/services/fileService/fileHandler/uploadHandler.go:106.70,110.10 3 0
github.com/COS301-SE-2025/Secure-File-Sharing-Platform/sfsp-api/services/fileService/fileHandler/uploadHandler.go:114.5,115.19 2 0
github.com/COS301-SE-2025/Secure-File-Sharing-Platform/sfsp-api/services/fileService/fileHandler/uploadHandler.go:115.19,119.6 3 0
github.com/COS301-SE-2025/Secure-File-Sharing-Platform/sfsp-api/services/fileService/fileHandler/uploadHandler.go:120.5,125.21 4 0
github.com/COS301-SE-2025/Secure-File-Sharing-Platform/sfsp-api/services/fileService/fileHandler/uploadHandler.go:125.21,126.28 1 0
github.com/COS301-SE-2025/Secure-File-Sharing-Platform/sfsp-api/services/fileService/fileHandler/uploadHandler.go:126.28,134.27 3 0
github.com/COS301-SE-2025/Secure-File-Sharing-Platform/sfsp-api/services/fileService/fileHandler/uploadHandler.go:134.27,138.14 3 0
github.com/COS301-SE-2025/Secure-File-Sharing-Platform/sfsp-api/services/fileService/fileHandler/uploadHandler.go:139.13,139.70 1 0
github.com/COS301-SE-2025/Secure-File-Sharing-Platform/sfsp-api/services/fileService/fileHandler/uploadHandler.go:140.15,144.10 3 0
github.com/COS301-SE-2025/Secure-File-Sharing-Platform/sfsp-api/services/fileService/fileHandler/uploadHandler.go:148.5,150.85 3 0
github.com/COS301-SE-2025/Secure-File-Sharing-Platform/sfsp-api/services/fileService/fileHandler/uploadHandler.go:150.85,154.6 3 0
github.com/COS301-SE-2025/Secure-File-Sharing-Platform/sfsp-api/services/fileService/fileHandler/uploadHandler.go:157.5,157.36 1 0
github.com/COS301-SE-2025/Secure-File-Sharing-Platform/sfsp-api/services/fileService/fileHandler/uploadHandler.go:157.36,165.6 3 0
github.com/COS301-SE-2025/Secure-File-Sharing-Platform/sfsp-api/services/fileService/fileHandler/uploadHandler.go:168.5,172.19 3 0
github.com/COS301-SE-2025/Secure-File-Sharing-Platform/sfsp-api/services/fileService/fileHandler/uploadHandler.go:172.19,176.6 3 0
github.com/COS301-SE-2025/Secure-File-Sharing-Platform/sfsp-api/services/fileService/fileHandler/uploadHandler.go:177.5,182.38 4 0
github.com/COS301-SE-2025/Secure-File-Sharing-Platform/sfsp-api/services/fileService/fileHandler/uploadHandler.go:182.38,187.23 4 0
github.com/COS301-SE-2025/Secure-File-Sharing-Platform/sfsp-api/services/fileService/fileHandler/uploadHandler.go:187.23,191.10 3 0
github.com/COS301-SE-2025/Secure-File-Sharing-Platform/sfsp-api/services/fileService/fileHandler/uploadHandler.go:193.9,193.66 1 0
github.com/COS301-SE-2025/Secure-File-Sharing-Platform/sfsp-api/services/fileService/fileHandler/uploadHandler.go:193.66,198.10 4 0
github.com/COS301-SE-2025/Secure-File-Sharing-Platform/sfsp-api/services/fileService/fileHandler/uploadHandler.go:199.9,202.43 2 0
github.com/COS301-SE-2025/Secure-File-Sharing-Platform/sfsp-api/services/fileService/fileHandler/uploadHandler.go:205.5,212.19 5 0
github.com/COS301-SE-2025/Secure-File-Sharing-Platform/sfsp-api/services/fileService/fileHandler/uploadHandler.go:212.19,214.6 1 0
github.com/COS301-SE-2025/Secure-File-Sharing-Platform/sfsp-api/services/fileService/fileHandler/uploadHandler.go:214.11,216.6 1 0
github.com/COS301-SE-2025/Secure-File-Sharing-Platform/sfsp-api/services/fileService/fileHandler/uploadHandler.go:218.5,223.7 3 0
github.com/COS301-SE-2025/Secure-File-Sharing-Platform/sfsp-api/services/fileService/fileHandler/uploadHandler.go:236.65,241.64 3 0
github.com/COS301-SE-2025/Secure-File-Sharing-Platform/sfsp-api/services/fileService/fileHandler/uploadHandler.go:241.64,245.6 3 0
github.com/COS301-SE-2025/Secure-File-Sharing-Platform/sfsp-api/services/fileService/fileHandler/uploadHandler.go:247.5,252.47 5 0
github.com/COS301-SE-2025/Secure-File-Sharing-Platform/sfsp-api/services/fileService/fileHandler/uploadHandler.go:252.47,255.6 2 0
github.com/COS301-SE-2025/Secure-File-Sharing-Platform/sfsp-api/services/fileService/fileHandler/uploadHandler.go:258.5,265.19 4 0
github.com/COS301-SE-2025/Secure-File-Sharing-Platform/sfsp-api/services/fileService/fileHandler/uploadHandler.go:265.19,269.6 3 0
github.com/COS301-SE-2025/Secure-File-Sharing-Platform/sfsp-api/services/fileService/fileHandler/uploadHandler.go:271.5,276.7 3 0
github.com/COS301-SE-2025/Secure-File-Sharing-Platform/sfsp-api/services/fileService/metadata/metadata.go:17.35,20.2 1 0
github.com/COS301-SE-2025/Secure-File-Sharing-Platform/sfsp-api/services/fileService/metadata/metadata.go:26.66,32.16 6 0
github.com/COS301-SE-2025/Secure-File-Sharing-Platform/sfsp-api/services/fileService/metadata/metadata.go:32.16,35.3 2 0
github.com/COS301-SE-2025/Secure-File-Sharing-Platform/sfsp-api/services/fileService/metadata/metadata.go:36.2,37.18 2 0
github.com/COS301-SE-2025/Secure-File-Sharing-Platform/sfsp-api/services/fileService/metadata/metadata.go:37.18,40.3 2 0
github.com/COS301-SE-2025/Secure-File-Sharing-Platform/sfsp-api/services/fileService/metadata/metadata.go:42.2,48.16 3 0
github.com/COS301-SE-2025/Secure-File-Sharing-Platform/sfsp-api/services/fileService/metadata/metadata.go:48.16,52.3 3 0
github.com/COS301-SE-2025/Secure-File-Sharing-Platform/sfsp-api/services/fileService/metadata/metadata.go:53.2,59.18 5 0
github.com/COS301-SE-2025/Secure-File-Sharing-Platform/sfsp-api/services/fileService/metadata/metadata.go:59.18,67.17 3 0
github.com/COS301-SE-2025/Secure-File-Sharing-Platform/sfsp-api/services/fileService/metadata/metadata.go:67.17,69.12 2 0
github.com/COS301-SE-2025/Secure-File-Sharing-Platform/sfsp-api/services/fileService/metadata/metadata.go:72.3,82.10 2 0
github.com/COS301-SE-2025/Secure-File-Sharing-Platform/sfsp-api/services/fileService/metadata/metadata.go:85.2,85.34 1 0
github.com/COS301-SE-2025/Secure-File-Sharing-Platform/sfsp-api/services/fileService/metadata/metadata.go:85.34,89.3 3 0
github.com/COS301-SE-2025/Secure-File-Sharing-Platform/sfsp-api/services/fileService/metadata/metadata.go:91.2,94.34 3 0
github.com/COS301-SE-2025/Secure-File-Sharing-Platform/sfsp-api/services/fileService/metadata/metadata.go:97.70,103.61 3 0
github.com/COS301-SE-2025/Secure-File-Sharing-Platform/sfsp-api/services/fileService/metadata/metadata.go:103.61,106.3 2 0
github.com/COS301-SE-2025/Secure-File-Sharing-Platform/sfsp-api/services/fileService/metadata/metadata.go:108.2,108.22 1 0
github.com/COS301-SE-2025/Secure-File-Sharing-Platform/sfsp-api/services/fileService/metadata/metadata.go:108.22,111.3 2 0
github.com/COS301-SE-2025/Secure-File-Sharing-Platform/sfsp-api/services/fileService/metadata/metadata.go:113.2,118.16 2 0
github.com/COS301-SE-2025/Secure-File-Sharing-Platform/sfsp-api/services/fileService/metadata/metadata.go:118.16,122.3 3 0
github.com/COS301-SE-2025/Secure-File-Sharing-Platform/sfsp-api/services/fileService/metadata/metadata.go:123.2,137.18 4 0
github.com/COS301-SE-2025/Secure-File-Sharing-Platform/sfsp-api/services/fileService/metadata/metadata.go:137.18,147.17 2 0
github.com/COS301-SE-2025/Secure-File-Sharing-Platform/sfsp-api/services/fileService/metadata/metadata.go:147.17,149.12 2 0
github.com/COS301-SE-2025/Secure-File-Sharing-Platform/sfsp-api/services/fileService/metadata/metadata.go:151.3,151.30 1 0
github.com/COS301-SE-2025/Secure-File-Sharing-Platform/sfsp-api/services/fileService/metadata/metadata.go:154.2,154.34 1 0
github.com/COS301-SE-2025/Secure-File-Sharing-Platform/sfsp-api/services/fileService/metadata/metadata.go:154.34,158.3 3 0
github.com/COS301-SE-2025/Secure-File-Sharing-Platform/sfsp-api/services/fileService/metadata/metadata.go:160.2,161.34 2 0
github.com/COS301-SE-2025/Secure-File-Sharing-Platform/sfsp-api/services/fileService/metadata/metadata.go:164.70,166.61 2 0
github.com/COS301-SE-2025/Secure-File-Sharing-Platform/sfsp-api/services/fileService/metadata/metadata.go:166.61,169.3 2 0
github.com/COS301-SE-2025/Secure-File-Sharing-Platform/sfsp-api/services/fileService/metadata/metadata.go:171.2,171.22 1 0
github.com/COS301-SE-2025/Secure-File-Sharing-Platform/sfsp-api/services/fileService/metadata/metadata.go:171.22,174.3 2 0
github.com/COS301-SE-2025/Secure-File-Sharing-Platform/sfsp-api/services/fileService/metadata/metadata.go:176.2,178.16 3 0
github.com/COS301-SE-2025/Secure-File-Sharing-Platform/sfsp-api/services/fileService/metadata/metadata.go:178.16,182.3 3 0
github.com/COS301-SE-2025/Secure-File-Sharing-Platform/sfsp-api/services/fileService/metadata/metadata.go:184.2,186.4 1 0
github.com/COS301-SE-2025/Secure-File-Sharing-Platform/sfsp-api/services/fileService/metadata/metadata.go:199.69,201.61 2 0
github.com/COS301-SE-2025/Secure-File-Sharing-Platform/sfsp-api/services/fileService/metadata/metadata.go:201.61,204.3 2 0
github.com/COS301-SE-2025/Secure-File-Sharing-Platform/sfsp-api/services/fileService/metadata/metadata.go:206.2,206.69 1 0
github.com/COS301-SE-2025/Secure-File-Sharing-Platform/sfsp-api/services/fileService/metadata/metadata.go:206.69,209.3 2 0
github.com/COS301-SE-2025/Secure-File-Sharing-Platform/sfsp-api/services/fileService/metadata/metadata.go:211.2,212.16 2 0
github.com/COS301-SE-2025/Secure-File-Sharing-Platform/sfsp-api/services/fileService/metadata/metadata.go:212.16,215.3 2 0
github.com/COS301-SE-2025/Secure-File-Sharing-Platform/sfsp-api/services/fileService/metadata/metadata.go:218.2,229.16 2 0
github.com/COS301-SE-2025/Secure-File-Sharing-Platform/sfsp-api/services/fileService/metadata/metadata.go:229.16,233.3 3 0
github.com/COS301-SE-2025/Secure-File-Sharing-Platform/sfsp-api/services/fileService/metadata/metadata.go:235.2,238.4 2 0
github.com/COS301-SE-2025/Secure-File-Sharing-Platform/sfsp-api/services/fileService/metadata/metadata.go:241.69,243.61 2 0
github.com/COS301-SE-2025/Secure-File-Sharing-Platform/sfsp-api/services/fileService/metadata/metadata.go:243.61,247.3 3 0
github.com/COS301-SE-2025/Secure-File-Sharing-Platform/sfsp-api/services/fileService/metadata/metadata.go:249.2,249.22 1 0
github.com/COS301-SE-2025/Secure-File-Sharing-Platform/sfsp-api/services/fileService/metadata/metadata.go:249.22,252.3 2 0
github.com/COS301-SE-2025/Secure-File-Sharing-Platform/sfsp-api/services/fileService/metadata/metadata.go:254.2,259.16 2 0
github.com/COS301-SE-2025/Secure-File-Sharing-Platform/sfsp-api/services/fileService/metadata/metadata.go:259.16,263.3 3 0
github.com/COS301-SE-2025/Secure-File-Sharing-Platform/sfsp-api/services/fileService/metadata/metadata.go:264.2,268.18 3 0
github.com/COS301-SE-2025/Secure-File-Sharing-Platform/sfsp-api/services/fileService/metadata/metadata.go:268.18,275.100 2 0
github.com/COS301-SE-2025/Secure-File-Sharing-Platform/sfsp-api/services/fileService/metadata/metadata.go:275.100,277.12 2 0
github.com/COS301-SE-2025/Secure-File-Sharing-Platform/sfsp-api/services/fileService/metadata/metadata.go:281.3,282.73 2 0
github.com/COS301-SE-2025/Secure-File-Sharing-Platform/sfsp-api/services/fileService/metadata/metadata.go:282.73,285.4 2 0
github.com/COS301-SE-2025/Secure-File-Sharing-Platform/sfsp-api/services/fileService/metadata/metadata.go:287.3,294.5 1 0
github.com/COS301-SE-2025/Secure-File-Sharing-Platform/sfsp-api/services/fileService/metadata/metadata.go:297.2,300.4 2 0
github.com/COS301-SE-2025/Secure-File-Sharing-Platform/sfsp-api/services/fileService/metadata/metadata.go:303.65,311.61 3 0
github.com/COS301-SE-2025/Secure-File-Sharing-Platform/sfsp-api/services/fileService/metadata/metadata.go:311.61,314.3 2 0
github.com/COS301-SE-2025/Secure-File-Sharing-Platform/sfsp-api/services/fileService/metadata/metadata.go:316.2,316.69 1 0
github.com/COS301-SE-2025/Secure-File-Sharing-Platform/sfsp-api/services/fileService/metadata/metadata.go:316.69,319.3 2 0
github.com/COS301-SE-2025/Secure-File-Sharing-Platform/sfsp-api/services/fileService/metadata/metadata.go:321.2,326.16 2 0
github.com/COS301-SE-2025/Secure-File-Sharing-Platform/sfsp-api/services/fileService/metadata/metadata.go:326.16,330.3 3 0
github.com/COS301-SE-2025/Secure-File-Sharing-Platform/sfsp-api/services/fileService/metadata/metadata.go:332.2,335.4 2 0
github.com/COS301-SE-2025/Secure-File-Sharing-Platform/sfsp-api/services/fileService/metadata/metadata.go:338.66,340.61 2 0
github.com/COS301-SE-2025/Secure-File-Sharing-Platform/sfsp-api/services/fileService/metadata/metadata.go:340.61,343.3 2 0
github.com/COS301-SE-2025/Secure-File-Sharing-Platform/sfsp-api/services/fileService/metadata/metadata.go:345.2,345.22 1 0
github.com/COS301-SE-2025/Secure-File-Sharing-Platform/sfsp-api/services/fileService/metadata/metadata.go:345.22,348.3 2 0
github.com/COS301-SE-2025/Secure-File-Sharing-Platform/sfsp-api/services/fileService/metadata/metadata.go:350.2,355.16 2 0
github.com/COS301-SE-2025/Secure-File-Sharing-Platform/sfsp-api/services/fileService/metadata/metadata.go:355.16,359.3 3 0
github.com/COS301-SE-2025/Secure-File-Sharing-Platform/sfsp-api/services/fileService/metadata/metadata.go:360.2,364.18 3 0
github.com/COS301-SE-2025/Secure-File-Sharing-Platform/sfsp-api/services/fileService/metadata/metadata.go:364.18,371.17 3 0
github.com/COS301-SE-2025/Secure-File-Sharing-Platform/sfsp-api/services/fileService/metadata/metadata.go:371.17,373.12 2 0
github.com/COS301-SE-2025/Secure-File-Sharing-Platform/sfsp-api/services/fileService/metadata/metadata.go:376.3,383.42 2 0
github.com/COS301-SE-2025/Secure-File-Sharing-Platform/sfsp-api/services/fileService/metadata/metadata.go:386.2,387.38 2 0
github.com/COS301-SE-2025/Secure-File-Sharing-Platform/sfsp-api/services/fileService/metadata/metadata.go:390.52,392.16 2 0
github.com/COS301-SE-2025/Secure-File-Sharing-Platform/sfsp-api/services/fileService/metadata/metadata.go:392.16,395.3 2 0
github.com/COS301-SE-2025/Secure-File-Sharing-Platform/sfsp-api/services/fileService/metadata/metadata.go:396.2,400.16 3 0
github.com/COS301-SE-2025/Secure-File-Sharing-Platform/sfsp-api/services/fileService/metadata/metadata.go:400.16,403.3 2 0
github.com/COS301-SE-2025/Secure-File-Sharing-Platform/sfsp-api/services/fileService/metadata/metadata.go:406.2,407.16 2 0
github.com/COS301-SE-2025/Secure-File-Sharing-Platform/sfsp-api/services/fileService/metadata/metadata.go:407.16,410.3 2 0
github.com/COS301-SE-2025/Secure-File-Sharing-Platform/sfsp-api/services/fileService/metadata/metadata.go:413.2,414.16 2 0
github.com/COS301-SE-2025/Secure-File-Sharing-Platform/sfsp-api/services/fileService/metadata/metadata.go:414.16,417.3 2 0
github.com/COS301-SE-2025/Secure-File-Sharing-Platform/sfsp-api/services/fileService/metadata/metadata.go:419.2,419.36 1 0
github.com/COS301-SE-2025/Secure-File-Sharing-Platform/sfsp-api/services/fileService/metadata/metadata.go:419.36,422.3 2 0
github.com/COS301-SE-2025/Secure-File-Sharing-Platform/sfsp-api/services/fileService/metadata/metadata.go:424.2,425.12 2 0
github.com/COS301-SE-2025/Secure-File-Sharing-Platform/sfsp-api/services/fileService/metadata/metadata.go:428.72,435.61 3 0
github.com/COS301-SE-2025/Secure-File-Sharing-Platform/sfsp-api/services/fileService/metadata/metadata.go:435.61,438.3 2 0
github.com/COS301-SE-2025/Secure-File-Sharing-Platform/sfsp-api/services/fileService/metadata/metadata.go:440.2,440.44 1 0
github.com/COS301-SE-2025/Secure-File-Sharing-Platform/sfsp-api/services/fileService/metadata/metadata.go:440.44,443.3 2 0
github.com/COS301-SE-2025/Secure-File-Sharing-Platform/sfsp-api/services/fileService/metadata/metadata.go:445.2,454.16 2 0
github.com/COS301-SE-2025/Secure-File-Sharing-Platform/sfsp-api/services/fileService/metadata/metadata.go:454.16,458.3 3 0
github.com/COS301-SE-2025/Secure-File-Sharing-Platform/sfsp-api/services/fileService/metadata/metadata.go:460.2,462.4 1 0
github.com/COS301-SE-2025/Secure-File-Sharing-Platform/sfsp-api/services/fileService/metadata/metadata.go:465.58,468.16 3 0
github.com/COS301-SE-2025/Secure-File-Sharing-Platform/sfsp-api/services/fileService/metadata/metadata.go:468.16,470.3 1 0
github.com/COS301-SE-2025/Secure-File-Sharing-Platform/sfsp-api/services/fileService/metadata/metadata.go:471.2,471.20 1 0
github.com/COS301-SE-2025/Secure-File-Sharing-Platform/sfsp-api/services/fileService/metadata/metadata.go:474.132,483.16 3 0
github.com/COS301-SE-2025/Secure-File-Sharing-Platform/sfsp-api/services/fileService/metadata/metadata.go:483.16,486.3 2 0
github.com/COS301-SE-2025/Secure-File-Sharing-Platform/sfsp-api/services/fileService/metadata/metadata.go:488.2,488.13 1 0
github.com/COS301-SE-2025/Secure-File-Sharing-Platform/sfsp-api/services/fileService/metadata/metadata.go:488.13,491.3 2 0
github.com/COS301-SE-2025/Secure-File-Sharing-Platform/sfsp-api/services/fileService/metadata/metadata.go:494.2,502.16 3 0
github.com/COS301-SE-2025/Secure-File-Sharing-Platform/sfsp-api/services/fileService/metadata/metadata.go:502.16,505.3 2 0
github.com/COS301-SE-2025/Secure-File-Sharing-Platform/sfsp-api/services/fileService/metadata/metadata.go:507.2,507.28 1 0
github.com/COS301-SE-2025/Secure-File-Sharing-Platform/sfsp-api/services/fileService/metadata/metadata.go:510.97,512.72 2 0
github.com/COS301-SE-2025/Secure-File-Sharing-Platform/sfsp-api/services/fileService/metadata/metadata.go:512.72,514.3 1 0
github.com/COS301-SE-2025/Secure-File-Sharing-Platform/sfsp-api/services/fileService/metadata/metadata.go:516.2,519.18 3 0
github.com/COS301-SE-2025/Secure-File-Sharing-Platform/sfsp-api/services/fileService/metadata/metadata.go:519.18,521.3 1 0
github.com/COS301-SE-2025/Secure-File-Sharing-Platform/sfsp-api/services/fileService/metadata/metadata.go:523.2,529.16 2 0
github.com/COS301-SE-2025/Secure-File-Sharing-Platform/sfsp-api/services/fileService/metadata/metadata.go:529.16,531.3 1 0
github.com/COS301-SE-2025/Secure-File-Sharing-Platform/sfsp-api/services/fileService/metadata/metadata.go:533.2,533.12 1 0
github.com/COS301-SE-2025/Secure-File-Sharing-Platform/sfsp-api/services/fileService/metadata/metadata.go:541.61,543.61 2 0
github.com/COS301-SE-2025/Secure-File-Sharing-Platform/sfsp-api/services/fileService/metadata/metadata.go:543.61,547.3 3 0
github.com/COS301-SE-2025/Secure-File-Sharing-Platform/sfsp-api/services/fileService/metadata/metadata.go:549.2,549.44 1 0
github.com/COS301-SE-2025/Secure-File-Sharing-Platform/sfsp-api/services/fileService/metadata/metadata.go:549.44,552.3 2 0
github.com/COS301-SE-2025/Secure-File-Sharing-Platform/sfsp-api/services/fileService/metadata/metadata.go:554.2,559.16 2 0
github.com/COS301-SE-2025/Secure-File-Sharing-Platform/sfsp-api/services/fileService/metadata/metadata.go:559.16,563.3 3 0
github.com/COS301-SE-2025/Secure-File-Sharing-Platform/sfsp-api/services/fileService/metadata/metadata.go:565.2,568.4 2 0
github.com/COS301-SE-2025/Secure-File-Sharing-Platform/sfsp-api/services/fileService/metadata/metadata.go:571.61,573.61 2 0
github.com/COS301-SE-2025/Secure-File-Sharing-Platform/sfsp-api/services/fileService/metadata/metadata.go:573.61,577.3 3 0
github.com/COS301-SE-2025/Secure-File-Sharing-Platform/sfsp-api/services/fileService/metadata/metadata.go:579.2,579.22 1 0
github.com/COS301-SE-2025/Secure-File-Sharing-Platform/sfsp-api/services/fileService/metadata/metadata.go:579.22,582.3 2 0
github.com/COS301-SE-2025/Secure-File-Sharing-Platform/sfsp-api/services/fileService/metadata/metadata.go:584.2,589.16 2 0
github.com/COS301-SE-2025/Secure-File-Sharing-Platform/sfsp-api/services/fileService/metadata/metadata.go:589.16,593.3 3 0
github.com/COS301-SE-2025/Secure-File-Sharing-Platform/sfsp-api/services/fileService/metadata/metadata.go:595.2,598.4 2 0
github.com/COS301-SE-2025/Secure-File-Sharing-Platform/sfsp-api/services/fileService/metadata/metadata.go:601.68,608.61 3 0
github.com/COS301-SE-2025/Secure-File-Sharing-Platform/sfsp-api/services/fileService/metadata/metadata.go:608.61,612.3 3 0
github.com/COS301-SE-2025/Secure-File-Sharing-Platform/sfsp-api/services/fileService/metadata/metadata.go:614.2,614.47 1 0
github.com/COS301-SE-2025/Secure-File-Sharing-Platform/sfsp-api/services/fileService/metadata/metadata.go:614.47,617.3 2 0
github.com/COS301-SE-2025/Secure-File-Sharing-Platform/sfsp-api/services/fileService/metadata/metadata.go:619.2,624.16 2 0
github.com/COS301-SE-2025/Secure-File-Sharing-Platform/sfsp-api/services/fileService/metadata/metadata.go:624.16,628.3 3 0
github.com/COS301-SE-2025/Secure-File-Sharing-Platform/sfsp-api/services/fileService/metadata/metadata.go:630.2,633.4 2 0
github.com/COS301-SE-2025/Secure-File-Sharing-Platform/sfsp-api/services/fileService/metadata/metadata.go:636.68,643.61 3 0
github.com/COS301-SE-2025/Secure-File-Sharing-Platform/sfsp-api/services/fileService/metadata/metadata.go:643.61,647.3 3 0
github.com/COS301-SE-2025/Secure-File-Sharing-Platform/sfsp-api/services/fileService/metadata/metadata.go:649.2,649.43 1 0
github.com/COS301-SE-2025/Secure-File-Sharing-Platform/sfsp-api/services/fileService/metadata/metadata.go:649.43,652.3 2 0
github.com/COS301-SE-2025/Secure-File-Sharing-Platform/sfsp-api/services/fileService/metadata/metadata.go:654.2,659.16 2 0
github.com/COS301-SE-2025/Secure-File-Sharing-Platform/sfsp-api/services/fileService/metadata/metadata.go:659.16,663.3 3 0
github.com/COS301-SE-2025/Secure-File-Sharing-Platform/sfsp-api/services/fileService/metadata/metadata.go:665.2,668.4 2 0
github.com/COS301-SE-2025/Secure-File-Sharing-Platform/sfsp-api/services/fileService/main.go:21.13,24.16 2 0
github.com/COS301-SE-2025/Secure-File-Sharing-Platform/sfsp-api/services/fileService/main.go:24.16,26.3 1 0
github.com/COS301-SE-2025/Secure-File-Sharing-Platform/sfsp-api/services/fileService/main.go:28.2,33.16 5 0
github.com/COS301-SE-2025/Secure-File-Sharing-Platform/sfsp-api/services/fileService/main.go:33.16,35.3 1 0
github.com/COS301-SE-2025/Secure-File-Sharing-Platform/sfsp-api/services/fileService/main.go:37.2,37.15 1 0
github.com/COS301-SE-2025/Secure-File-Sharing-Platform/sfsp-api/services/fileService/main.go:37.15,39.3 1 0
github.com/COS301-SE-2025/Secure-File-Sharing-Platform/sfsp-api/services/fileService/main.go:39.8,41.3 1 0
github.com/COS301-SE-2025/Secure-File-Sharing-Platform/sfsp-api/services/fileService/main.go:44.2,93.46 35 0
github.com/COS301-SE-2025/Secure-File-Sharing-Platform/sfsp-api/services/fileService/crypto/decrypt.go:10.68,12.25 2 0
github.com/COS301-SE-2025/Secure-File-Sharing-Platform/sfsp-api/services/fileService/crypto/decrypt.go:12.25,14.3 1 0
github.com/COS301-SE-2025/Secure-File-Sharing-Platform/sfsp-api/services/fileService/crypto/decrypt.go:17.2,18.50 2 0
github.com/COS301-SE-2025/Secure-File-Sharing-Platform/sfsp-api/services/fileService/crypto/decrypt.go:18.50,20.3 1 0
github.com/COS301-SE-2025/Secure-File-Sharing-Platform/sfsp-api/services/fileService/crypto/decrypt.go:22.2,23.16 2 0
github.com/COS301-SE-2025/Secure-File-Sharing-Platform/sfsp-api/services/fileService/crypto/decrypt.go:23.16,25.3 1 0
github.com/COS301-SE-2025/Secure-File-Sharing-Platform/sfsp-api/services/fileService/crypto/decrypt.go:27.2,28.55 2 0
github.com/COS301-SE-2025/Secure-File-Sharing-Platform/sfsp-api/services/fileService/crypto/encrypt.go:11.79,13.25 2 0
github.com/COS301-SE-2025/Secure-File-Sharing-Platform/sfsp-api/services/fileService/crypto/encrypt.go:13.25,15.3 1 0
github.com/COS301-SE-2025/Secure-File-Sharing-Platform/sfsp-api/services/fileService/crypto/encrypt.go:17.2,18.16 2 0
github.com/COS301-SE-2025/Secure-File-Sharing-Platform/sfsp-api/services/fileService/crypto/encrypt.go:18.16,20.3 1 0
github.com/COS301-SE-2025/Secure-File-Sharing-Platform/sfsp-api/services/fileService/crypto/encrypt.go:23.2,24.56 2 0
github.com/COS301-SE-2025/Secure-File-Sharing-Platform/sfsp-api/services/fileService/crypto/encrypt.go:24.56,26.3 1 0
github.com/COS301-SE-2025/Secure-File-Sharing-Platform/sfsp-api/services/fileService/crypto/encrypt.go:29.2,29.44 1 0
github.com/COS301-SE-2025/Secure-File-Sharing-Platform/sfsp-api/services/fileService/crypto/encrypt.go:29.44,31.3 1 0
github.com/COS301-SE-2025/Secure-File-Sharing-Platform/sfsp-api/services/fileService/crypto/encrypt.go:34.2,38.16 4 0
github.com/COS301-SE-2025/Secure-File-Sharing-Platform/sfsp-api/services/fileService/crypto/encrypt.go:38.16,40.3 1 0
github.com/COS301-SE-2025/Secure-File-Sharing-Platform/sfsp-api/services/fileService/crypto/encrypt.go:42.2,42.12 1 0
github.com/COS301-SE-2025/Secure-File-Sharing-Platform/sfsp-api/services/fileService/database/Mongo.go:12.51,18.19 5 0
github.com/COS301-SE-2025/Secure-File-Sharing-Platform/sfsp-api/services/fileService/database/Mongo.go:18.19,20.6 1 0
github.com/COS301-SE-2025/Secure-File-Sharing-Platform/sfsp-api/services/fileService/database/Mongo.go:22.5,22.49 1 0
github.com/COS301-SE-2025/Secure-File-Sharing-Platform/sfsp-api/services/fileService/database/Mongo.go:22.49,24.6 1 0
github.com/COS301-SE-2025/Secure-File-Sharing-Platform/sfsp-api/services/fileService/database/Mongo.go:26.5,27.23 2 0
github.com/COS301-SE-2025/Secure-File-Sharing-Platform/sfsp-api/services/fileService/database/Postgre.go:17.37,19.16 2 0
github.com/COS301-SE-2025/Secure-File-Sharing-Platform/sfsp-api/services/fileService/database/Postgre.go:19.16,21.3 1 0
github.com/COS301-SE-2025/Secure-File-Sharing-Platform/sfsp-api/services/fileService/database/Postgre.go:23.2,23.34 1 0
github.com/COS301-SE-2025/Secure-File-Sharing-Platform/sfsp-api/services/fileService/database/Postgre.go:23.34,25.3 1 0
github.com/COS301-SE-2025/Secure-File-Sharing-Platform/sfsp-api/services/fileService/database/Postgre.go:27.2,28.16 2 0
github.com/COS301-SE-2025/Secure-File-Sharing-Platform/sfsp-api/services/fileService/database/files.go:20.56,27.2 2 0
github.com/COS301-SE-2025/Secure-File-Sharing-Platform/sfsp-api/services/fileService/fileHandler/NotificationHandler.go:24.66,25.32 1 0
github.com/COS301-SE-2025/Secure-File-Sharing-Platform/sfsp-api/services/fileService/fileHandler/NotificationHandler.go:25.32,32.3 3 0
github.com/COS301-SE-2025/Secure-File-Sharing-Platform/sfsp-api/services/fileService/fileHandler/NotificationHandler.go:34.2,35.18 2 0
github.com/COS301-SE-2025/Secure-File-Sharing-Platform/sfsp-api/services/fileService/fileHandler/NotificationHandler.go:35.18,42.3 3 0
github.com/COS301-SE-2025/Secure-File-Sharing-Platform/sfsp-api/services/fileService/fileHandler/NotificationHandler.go:44.2,44.15 1 0
github.com/COS301-SE-2025/Secure-File-Sharing-Platform/sfsp-api/services/fileService/fileHandler/NotificationHandler.go:44.15,51.3 3 0
github.com/COS301-SE-2025/Secure-File-Sharing-Platform/sfsp-api/services/fileService/fileHandler/NotificationHandler.go:53.2,55.16 2 0
github.com/COS301-SE-2025/Secure-File-Sharing-Platform/sfsp-api/services/fileService/fileHandler/NotificationHandler.go:55.16,63.3 4 0
github.com/COS301-SE-2025/Secure-File-Sharing-Platform/sfsp-api/services/fileService/fileHandler/NotificationHandler.go:64.2,67.18 3 0
github.com/COS301-SE-2025/Secure-File-Sharing-Platform/sfsp-api/services/fileService/fileHandler/NotificationHandler.go:67.18,69.137 2 0
github.com/COS301-SE-2025/Secure-File-Sharing-Platform/sfsp-api/services/fileService/fileHandler/NotificationHandler.go:69.137,71.12 2 0
github.com/COS301-SE-2025/Secure-File-Sharing-Platform/sfsp-api/services/fileService/fileHandler/NotificationHandler.go:73.3,73.43 1 0
github.com/COS301-SE-2025/Secure-File-Sharing-Platform/sfsp-api/services/fileService/fileHandler/NotificationHandler.go:76.2,80.4 2 0
github.com/COS301-SE-2025/Secure-File-Sharing-Platform/sfsp-api/services/fileService/fileHandler/NotificationHandler.go:83.64,84.33 1 0
github.com/COS301-SE-2025/Secure-File-Sharing-Platform/sfsp-api/services/fileService/fileHandler/NotificationHandler.go:84.33,91.3 3 0
github.com/COS301-SE-2025/Secure-File-Sharing-Platform/sfsp-api/services/fileService/fileHandler/NotificationHandler.go:93.2,97.61 2 0
github.com/COS301-SE-2025/Secure-File-Sharing-Platform/sfsp-api/services/fileService/fileHandler/NotificationHandler.go:97.61,104.3 3 0
github.com/COS301-SE-2025/Secure-File-Sharing-Platform/sfsp-api/services/fileService/fileHandler/NotificationHandler.go:106.2,106.18 1 0
github.com/COS301-SE-2025/Secure-File-Sharing-Platform/sfsp-api/services/fileService/fileHandler/NotificationHandler.go:106.18,113.3 3 0
github.com/COS301-SE-2025/Secure-File-Sharing-Platform/sfsp-api/services/fileService/fileHandler/NotificationHandler.go:115.2,115.15 1 0
github.com/COS301-SE-2025/Secure-File-Sharing-Platform/sfsp-api/services/fileService/fileHandler/NotificationHandler.go:115.15,122.3 3 0
github.com/COS301-SE-2025/Secure-File-Sharing-Platform/sfsp-api/services/fileService/fileHandler/NotificationHandler.go:124.2,125.16 2 0
github.com/COS301-SE-2025/Secure-File-Sharing-Platform/sfsp-api/services/fileService/fileHandler/NotificationHandler.go:125.16,133.3 4 0
github.com/COS301-SE-2025/Secure-File-Sharing-Platform/sfsp-api/services/fileService/fileHandler/NotificationHandler.go:135.2,136.23 2 0
github.com/COS301-SE-2025/Secure-File-Sharing-Platform/sfsp-api/services/fileService/fileHandler/NotificationHandler.go:136.23,143.3 3 0
github.com/COS301-SE-2025/Secure-File-Sharing-Platform/sfsp-api/services/fileService/fileHandler/NotificationHandler.go:145.2,149.4 2 0
github.com/COS301-SE-2025/Secure-File-Sharing-Platform/sfsp-api/services/fileService/fileHandler/NotificationHandler.go:152.75,153.33 1 0
github.com/COS301-SE-2025/Secure-File-Sharing-Platform/sfsp-api/services/fileService/fileHandler/NotificationHandler.go:153.33,160.3 3 0
github.com/COS301-SE-2025/Secure-File-Sharing-Platform/sfsp-api/services/fileService/fileHandler/NotificationHandler.go:162.2,167.61 2 0
github.com/COS301-SE-2025/Secure-File-Sharing-Platform/sfsp-api/services/fileService/fileHandler/NotificationHandler.go:167.61,174.3 3 0
github.com/COS301-SE-2025/Secure-File-Sharing-Platform/sfsp-api/services/fileService/fileHandler/NotificationHandler.go:176.2,176.38 1 0
github.com/COS301-SE-2025/Secure-File-Sharing-Platform/sfsp-api/services/fileService/fileHandler/NotificationHandler.go:176.38,183.3 3 0
github.com/COS301-SE-2025/Secure-File-Sharing-Platform/sfsp-api/services/fileService/fileHandler/NotificationHandler.go:185.2,185.85 1 0
github.com/COS301-SE-2025/Secure-File-Sharing-Platform/sfsp-api/services/fileService/fileHandler/NotificationHandler.go:185.85,192.3 3 0
github.com/COS301-SE-2025/Secure-File-Sharing-Platform/sfsp-api/services/fileService/fileHandler/NotificationHandler.go:194.2,194.15 1 0
github.com/COS301-SE-2025/Secure-File-Sharing-Platform/sfsp-api/services/fileService/fileHandler/NotificationHandler.go:194.15,201.3 3 0
github.com/COS301-SE-2025/Secure-File-Sharing-Platform/sfsp-api/services/fileService/fileHandler/NotificationHandler.go:204.2,205.16 2 0
github.com/COS301-SE-2025/Secure-File-Sharing-Platform/sfsp-api/services/fileService/fileHandler/NotificationHandler.go:205.16,213.3 4 0
github.com/COS301-SE-2025/Secure-File-Sharing-Platform/sfsp-api/services/fileService/fileHandler/NotificationHandler.go:215.2,216.23 2 0
github.com/COS301-SE-2025/Secure-File-Sharing-Platform/sfsp-api/services/fileService/fileHandler/NotificationHandler.go:216.23,223.3 3 0
github.com/COS301-SE-2025/Secure-File-Sharing-Platform/sfsp-api/services/fileService/fileHandler/NotificationHandler.go:226.2,226.30 1 0
github.com/COS301-SE-2025/Secure-File-Sharing-Platform/sfsp-api/services/fileService/fileHandler/NotificationHandler.go:226.30,238.17 5 0
github.com/COS301-SE-2025/Secure-File-Sharing-Platform/sfsp-api/services/fileService/fileHandler/NotificationHandler.go:238.17,246.4 4 0
github.com/COS301-SE-2025/Secure-File-Sharing-Platform/sfsp-api/services/fileService/fileHandler/NotificationHandler.go:248.3,248.27 1 0
github.com/COS301-SE-2025/Secure-File-Sharing-Platform/sfsp-api/services/fileService/fileHandler/NotificationHandler.go:248.27,254.4 1 0
github.com/COS301-SE-2025/Secure-File-Sharing-Platform/sfsp-api/services/fileService/fileHandler/NotificationHandler.go:254.9,261.4 2 0
github.com/COS301-SE-2025/Secure-File-Sharing-Platform/sfsp-api/services/fileService/fileHandler/NotificationHandler.go:263.3,263.17 1 0
github.com/COS301-SE-2025/Secure-File-Sharing-Platform/sfsp-api/services/fileService/fileHandler/NotificationHandler.go:263.17,271.4 4 0
github.com/COS301-SE-2025/Secure-File-Sharing-Platform/sfsp-api/services/fileService/fileHandler/NotificationHandler.go:274.3,283.17 4 0
github.com/COS301-SE-2025/Secure-File-Sharing-Platform/sfsp-api/services/fileService/fileHandler/NotificationHandler.go:283.17,291.4 4 0
github.com/COS301-SE-2025/Secure-File-Sharing-Platform/sfsp-api/services/fileService/fileHandler/NotificationHandler.go:293.3,309.9 3 0
github.com/COS301-SE-2025/Secure-File-Sharing-Platform/sfsp-api/services/fileService/fileHandler/NotificationHandler.go:313.71,314.33 1 0
github.com/COS301-SE-2025/Secure-File-Sharing-Platform/sfsp-api/services/fileService/fileHandler/NotificationHandler.go:314.33,321.3 3 0
github.com/COS301-SE-2025/Secure-File-Sharing-Platform/sfsp-api/services/fileService/fileHandler/NotificationHandler.go:323.2,326.61 2 0
github.com/COS301-SE-2025/Secure-File-Sharing-Platform/sfsp-api/services/fileService/fileHandler/NotificationHandler.go:326.61,333.3 3 0
github.com/COS301-SE-2025/Secure-File-Sharing-Platform/sfsp-api/services/fileService/fileHandler/NotificationHandler.go:335.2,335.18 1 0
github.com/COS301-SE-2025/Secure-File-Sharing-Platform/sfsp-api/services/fileService/fileHandler/NotificationHandler.go:335.18,342.3 3 0
github.com/COS301-SE-2025/Secure-File-Sharing-Platform/sfsp-api/services/fileService/fileHandler/NotificationHandler.go:344.2,344.15 1 0
github.com/COS301-SE-2025/Secure-File-Sharing-Platform/sfsp-api/services/fileService/fileHandler/NotificationHandler.go:344.15,351.3 3 0
github.com/COS301-SE-2025/Secure-File-Sharing-Platform/sfsp-api/services/fileService/fileHandler/NotificationHandler.go:353.2,354.16 2 0
github.com/COS301-SE-2025/Secure-File-Sharing-Platform/sfsp-api/services/fileService/fileHandler/NotificationHandler.go:354.16,362.3 4 0
github.com/COS301-SE-2025/Secure-File-Sharing-Platform/sfsp-api/services/fileService/fileHandler/NotificationHandler.go:364.2,365.23 2 0
github.com/COS301-SE-2025/Secure-File-Sharing-Platform/sfsp-api/services/fileService/fileHandler/NotificationHandler.go:365.23,372.3 3 0
github.com/COS301-SE-2025/Secure-File-Sharing-Platform/sfsp-api/services/fileService/fileHandler/NotificationHandler.go:374.2,378.4 2 0
github.com/COS301-SE-2025/Secure-File-Sharing-Platform/sfsp-api/services/fileService/fileHandler/NotificationHandler.go:381.69,382.33 1 0
github.com/COS301-SE-2025/Secure-File-Sharing-Platform/sfsp-api/services/fileService/fileHandler/NotificationHandler.go:382.33,389.3 3 0
github.com/COS301-SE-2025/Secure-File-Sharing-Platform/sfsp-api/services/fileService/fileHandler/NotificationHandler.go:391.2,402.70 2 0
github.com/COS301-SE-2025/Secure-File-Sharing-Platform/sfsp-api/services/fileService/fileHandler/NotificationHandler.go:402.70,409.3 3 0
github.com/COS301-SE-2025/Secure-File-Sharing-Platform/sfsp-api/services/fileService/fileHandler/NotificationHandler.go:411.2,412.60 1 0
github.com/COS301-SE-2025/Secure-File-Sharing-Platform/sfsp-api/services/fileService/fileHandler/NotificationHandler.go:412.60,420.3 4 0
github.com/COS301-SE-2025/Secure-File-Sharing-Platform/sfsp-api/services/fileService/fileHandler/NotificationHandler.go:422.2,422.15 1 0
github.com/COS301-SE-2025/Secure-File-Sharing-Platform/sfsp-api/services/fileService/fileHandler/NotificationHandler.go:422.15,429.3 3 0
github.com/COS301-SE-2025/Secure-File-Sharing-Platform/sfsp-api/services/fileService/fileHandler/NotificationHandler.go:431.2,434.64 3 0
github.com/COS301-SE-2025/Secure-File-Sharing-Platform/sfsp-api/services/fileService/fileHandler/NotificationHandler.go:434.64,440.3 1 0
github.com/COS301-SE-2025/Secure-File-Sharing-Platform/sfsp-api/services/fileService/fileHandler/NotificationHandler.go:440.8,446.3 1 0
github.com/COS301-SE-2025/Secure-File-Sharing-Platform/sfsp-api/services/fileService/fileHandler/NotificationHandler.go:448.2,448.16 1 0
github.com/COS301-SE-2025/Secure-File-Sharing-Platform/sfsp-api/services/fileService/fileHandler/NotificationHandler.go:448.16,456.3 4 0
github.com/COS301-SE-2025/Secure-File-Sharing-Platform/sfsp-api/services/fileService/fileHandler/NotificationHandler.go:458.2,463.4 2 0
github.com/COS301-SE-2025/Secure-File-Sharing-Platform/sfsp-api/services/fileService/fileHandler/deleteHandler.go:19.63,22.16 3 0
github.com/COS301-SE-2025/Secure-File-Sharing-Platform/sfsp-api/services/fileService/fileHandler/deleteHandler.go:22.16,25.3 2 0
github.com/COS301-SE-2025/Secure-File-Sharing-Platform/sfsp-api/services/fileService/fileHandler/deleteHandler.go:27.2,27.22 1 0
github.com/COS301-SE-2025/Secure-File-Sharing-Platform/sfsp-api/services/fileService/fileHandler/deleteHandler.go:27.22,31.3 3 0
github.com/COS301-SE-2025/Secure-File-Sharing-Platform/sfsp-api/services/fileService/fileHandler/deleteHandler.go:33.2,33.22 1 0
github.com/COS301-SE-2025/Secure-File-Sharing-Platform/sfsp-api/services/fileService/fileHandler/deleteHandler.go:33.22,37.3 3 0
github.com/COS301-SE-2025/Secure-File-Sharing-Platform/sfsp-api/services/fileService/fileHandler/deleteHandler.go:39.2,40.16 2 0
github.com/COS301-SE-2025/Secure-File-Sharing-Platform/sfsp-api/services/fileService/fileHandler/deleteHandler.go:40.16,44.3 3 0
github.com/COS301-SE-2025/Secure-File-Sharing-Platform/sfsp-api/services/fileService/fileHandler/deleteHandler.go:46.2,47.16 2 0
github.com/COS301-SE-2025/Secure-File-Sharing-Platform/sfsp-api/services/fileService/fileHandler/deleteHandler.go:47.16,51.3 3 0
github.com/COS301-SE-2025/Secure-File-Sharing-Platform/sfsp-api/services/fileService/fileHandler/deleteHandler.go:54.2,58.4 2 0
github.com/COS301-SE-2025/Secure-File-Sharing-Platform/sfsp-api/services/fileService/fileHandler/downloadHandler.go:38.62,40.64 2 0
github.com/COS301-SE-2025/Secure-File-Sharing-Platform/sfsp-api/services/fileService/fileHandler/downloadHandler.go:40.64,43.6 2 0
[...]
github.com/COS301-SE-2025/Secure-File-Sharing-Platform/sfsp-api/services/fileService/metadata/metadata.go:48.16,52.3 3 1
github.com/COS301-SE-2025/Secure-File-Sharing-Platform/sfsp-api/services/fileService/metadata/metadata.go:53.2,59.18 5 3
github.com/COS301-SE-2025/Secure-File-Sharing-Platform/sfsp-api/services/fileService/metadata/metadata.go:59.18,67.17 3 3
github.com/COS301-SE-2025/Secure-File-Sharing-Platform/sfsp-api/services/fileService/metadata/metadata.go:67.17,69.12 2 1
github.com/COS301-SE-2025/Secure-File-Sharing-Platform/sfsp-api/services/fileService/metadata/metadata.go:72.3,82.10 2 2
github.com/COS301-SE-2025/Secure-File-Sharing-Platform/sfsp-api/services/fileService/metadata/metadata.go:85.2,85.34 1 3
github.com/COS301-SE-2025/Secure-File-Sharing-Platform/sfsp-api/services/fileService/metadata/metadata.go:85.34,89.3 3 1
github.com/COS301-SE-2025/Secure-File-Sharing-Platform/sfsp-api/services/fileService/metadata/metadata.go:91.2,94.34 3 2
github.com/COS301-SE-2025/Secure-File-Sharing-Platform/sfsp-api/services/fileService/metadata/metadata.go:97.70,103.61 3 3
github.com/COS301-SE-2025/Secure-File-Sharing-Platform/sfsp-api/services/fileService/metadata/metadata.go:103.61,106.3 2 1
github.com/COS301-SE-2025/Secure-File-Sharing-Platform/sfsp-api/services/fileService/metadata/metadata.go:108.2,108.22 1 2
github.com/COS301-SE-2025/Secure-File-Sharing-Platform/sfsp-api/services/fileService/metadata/metadata.go:108.22,111.3 2 1
github.com/COS301-SE-2025/Secure-File-Sharing-Platform/sfsp-api/services/fileService/metadata/metadata.go:113.2,118.16 2 1
github.com/COS301-SE-2025/Secure-File-Sharing-Platform/sfsp-api/services/fileService/metadata/metadata.go:118.16,122.3 3 0
github.com/COS301-SE-2025/Secure-File-Sharing-Platform/sfsp-api/services/fileService/metadata/metadata.go:123.2,137.18 4 1
github.com/COS301-SE-2025/Secure-File-Sharing-Platform/sfsp-api/services/fileService/metadata/metadata.go:137.18,147.17 2 1
github.com/COS301-SE-2025/Secure-File-Sharing-Platform/sfsp-api/services/fileService/metadata/metadata.go:147.17,149.12 2 0
github.com/COS301-SE-2025/Secure-File-Sharing-Platform/sfsp-api/services/fileService/metadata/metadata.go:151.3,151.30 1 1
github.com/COS301-SE-2025/Secure-File-Sharing-Platform/sfsp-api/services/fileService/metadata/metadata.go:154.2,154.34 1 1
github.com/COS301-SE-2025/Secure-File-Sharing-Platform/sfsp-api/services/fileService/metadata/metadata.go:154.34,158.3 3 0
github.com/COS301-SE-2025/Secure-File-Sharing-Platform/sfsp-api/services/fileService/metadata/metadata.go:160.2,161.34 2 1
github.com/COS301-SE-2025/Secure-File-Sharing-Platform/sfsp-api/services/fileService/metadata/metadata.go:164.70,166.61 2 4
github.com/COS301-SE-2025/Secure-File-Sharing-Platform/sfsp-api/services/fileService/metadata/metadata.go:166.61,169.3 2 1
github.com/COS301-SE-2025/Secure-File-Sharing-Platform/sfsp-api/services/fileService/metadata/metadata.go:171.2,171.22 1 3
github.com/COS301-SE-2025/Secure-File-Sharing-Platform/sfsp-api/services/fileService/metadata/metadata.go:171.22,174.3 2 1
github.com/COS301-SE-2025/Secure-File-Sharing-Platform/sfsp-api/services/fileService/metadata/metadata.go:176.2,178.16 3 2
github.com/COS301-SE-2025/Secure-File-Sharing-Platform/sfsp-api/services/fileService/metadata/metadata.go:178.16,182.3 3 1
github.com/COS301-SE-2025/Secure-File-Sharing-Platform/sfsp-api/services/fileService/metadata/metadata.go:184.2,186.4 1 1
github.com/COS301-SE-2025/Secure-File-Sharing-Platform/sfsp-api/services/fileService/metadata/metadata.go:199.69,201.61 2 4
github.com/COS301-SE-2025/Secure-File-Sharing-Platform/sfsp-api/services/fileService/metadata/metadata.go:201.61,204.3 2 1
github.com/COS301-SE-2025/Secure-File-Sharing-Platform/sfsp-api/services/fileService/metadata/metadata.go:206.2,206.69 1 3
github.com/COS301-SE-2025/Secure-File-Sharing-Platform/sfsp-api/services/fileService/metadata/metadata.go:206.69,209.3 2 1
github.com/COS301-SE-2025/Secure-File-Sharing-Platform/sfsp-api/services/fileService/metadata/metadata.go:211.2,212.16 2 2
github.com/COS301-SE-2025/Secure-File-Sharing-Platform/sfsp-api/services/fileService/metadata/metadata.go:212.16,215.3 2 0
github.com/COS301-SE-2025/Secure-File-Sharing-Platform/sfsp-api/services/fileService/metadata/metadata.go:218.2,229.16 2 2
github.com/COS301-SE-2025/Secure-File-Sharing-Platform/sfsp-api/services/fileService/metadata/metadata.go:229.16,233.3 3 1
github.com/COS301-SE-2025/Secure-File-Sharing-Platform/sfsp-api/services/fileService/metadata/metadata.go:235.2,238.4 2 1
github.com/COS301-SE-2025/Secure-File-Sharing-Platform/sfsp-api/services/fileService/metadata/metadata.go:241.69,243.61 2 5
github.com/COS301-SE-2025/Secure-File-Sharing-Platform/sfsp-api/services/fileService/metadata/metadata.go:243.61,247.3 3 1
github.com/COS301-SE-2025/Secure-File-Sharing-Platform/sfsp-api/services/fileService/metadata/metadata.go:249.2,249.22 1 4
github.com/COS301-SE-2025/Secure-File-Sharing-Platform/sfsp-api/services/fileService/metadata/metadata.go:249.22,252.3 2 1
github.com/COS301-SE-2025/Secure-File-Sharing-Platform/sfsp-api/services/fileService/metadata/metadata.go:254.2,259.16 2 3
github.com/COS301-SE-2025/Secure-File-Sharing-Platform/sfsp-api/services/fileService/metadata/metadata.go:259.16,263.3 3 1
github.com/COS301-SE-2025/Secure-File-Sharing-Platform/sfsp-api/services/fileService/metadata/metadata.go:264.2,268.18 3 2
github.com/COS301-SE-2025/Secure-File-Sharing-Platform/sfsp-api/services/fileService/metadata/metadata.go:268.18,275.100 2 2
github.com/COS301-SE-2025/Secure-File-Sharing-Platform/sfsp-api/services/fileService/metadata/metadata.go:275.100,277.12 2 0
github.com/COS301-SE-2025/Secure-File-Sharing-Platform/sfsp-api/services/fileService/metadata/metadata.go:281.3,282.73 2 2
github.com/COS301-SE-2025/Secure-File-Sharing-Platform/sfsp-api/services/fileService/metadata/metadata.go:282.73,285.4 2 1
github.com/COS301-SE-2025/Secure-File-Sharing-Platform/sfsp-api/services/fileService/metadata/metadata.go:287.3,294.5 1 2
github.com/COS301-SE-2025/Secure-File-Sharing-Platform/sfsp-api/services/fileService/metadata/metadata.go:297.2,300.4 2 2
github.com/COS301-SE-2025/Secure-File-Sharing-Platform/sfsp-api/services/fileService/metadata/metadata.go:303.65,311.61 3 4
github.com/COS301-SE-2025/Secure-File-Sharing-Platform/sfsp-api/services/fileService/metadata/metadata.go:311.61,314.3 2 1
github.com/COS301-SE-2025/Secure-File-Sharing-Platform/sfsp-api/services/fileService/metadata/metadata.go:316.2,316.69 1 3
github.com/COS301-SE-2025/Secure-File-Sharing-Platform/sfsp-api/services/fileService/metadata/metadata.go:316.69,319.3 2 1
github.com/COS301-SE-2025/Secure-File-Sharing-Platform/sfsp-api/services/fileService/metadata/metadata.go:321.2,326.16 2 2
github.com/COS301-SE-2025/Secure-File-Sharing-Platform/sfsp-api/services/fileService/metadata/metadata.go:326.16,330.3 3 1
github.com/COS301-SE-2025/Secure-File-Sharing-Platform/sfsp-api/services/fileService/metadata/metadata.go:332.2,335.4 2 1
github.com/COS301-SE-2025/Secure-File-Sharing-Platform/sfsp-api/services/fileService/metadata/metadata.go:338.66,340.61 2 4
github.com/COS301-SE-2025/Secure-File-Sharing-Platform/sfsp-api/services/fileService/metadata/metadata.go:340.61,343.3 2 1
github.com/COS301-SE-2025/Secure-File-Sharing-Platform/sfsp-api/services/fileService/metadata/metadata.go:345.2,345.22 1 3
github.com/COS301-SE-2025/Secure-File-Sharing-Platform/sfsp-api/services/fileService/metadata/metadata.go:345.22,348.3 2 1
github.com/COS301-SE-2025/Secure-File-Sharing-Platform/sfsp-api/services/fileService/metadata/metadata.go:350.2,355.16 2 2
github.com/COS301-SE-2025/Secure-File-Sharing-Platform/sfsp-api/services/fileService/metadata/metadata.go:355.16,359.3 3 1
github.com/COS301-SE-2025/Secure-File-Sharing-Platform/sfsp-api/services/fileService/metadata/metadata.go:360.2,364.18 3 1
github.com/COS301-SE-2025/Secure-File-Sharing-Platform/sfsp-api/services/fileService/metadata/metadata.go:364.18,371.17 3 1
github.com/COS301-SE-2025/Secure-File-Sharing-Platform/sfsp-api/services/fileService/metadata/metadata.go:371.17,373.12 2 0
github.com/COS301-SE-2025/Secure-File-Sharing-Platform/sfsp-api/services/fileService/metadata/metadata.go:376.3,383.42 2 1
github.com/COS301-SE-2025/Secure-File-Sharing-Platform/sfsp-api/services/fileService/metadata/metadata.go:386.2,387.38 2 1
github.com/COS301-SE-2025/Secure-File-Sharing-Platform/sfsp-api/services/fileService/metadata/metadata.go:390.52,392.16 2 6
github.com/COS301-SE-2025/Secure-File-Sharing-Platform/sfsp-api/services/fileService/metadata/metadata.go:392.16,395.3 2 1
github.com/COS301-SE-2025/Secure-File-Sharing-Platform/sfsp-api/services/fileService/metadata/metadata.go:396.2,400.16 3 5
github.com/COS301-SE-2025/Secure-File-Sharing-Platform/sfsp-api/services/fileService/metadata/metadata.go:400.16,403.3 2 1
github.com/COS301-SE-2025/Secure-File-Sharing-Platform/sfsp-api/services/fileService/metadata/metadata.go:406.2,407.16 2 4
github.com/COS301-SE-2025/Secure-File-Sharing-Platform/sfsp-api/services/fileService/metadata/metadata.go:407.16,410.3 2 1
github.com/COS301-SE-2025/Secure-File-Sharing-Platform/sfsp-api/services/fileService/metadata/metadata.go:413.2,414.16 2 3
github.com/COS301-SE-2025/Secure-File-Sharing-Platform/sfsp-api/services/fileService/metadata/metadata.go:414.16,417.3 2 1
github.com/COS301-SE-2025/Secure-File-Sharing-Platform/sfsp-api/services/fileService/metadata/metadata.go:419.2,419.36 1 2
github.com/COS301-SE-2025/Secure-File-Sharing-Platform/sfsp-api/services/fileService/metadata/metadata.go:419.36,422.3 2 1
github.com/COS301-SE-2025/Secure-File-Sharing-Platform/sfsp-api/services/fileService/metadata/metadata.go:424.2,425.12 2 1
github.com/COS301-SE-2025/Secure-File-Sharing-Platform/sfsp-api/services/fileService/metadata/metadata.go:428.72,435.61 3 2
github.com/COS301-SE-2025/Secure-File-Sharing-Platform/sfsp-api/services/fileService/metadata/metadata.go:435.61,438.3 2 0
github.com/COS301-SE-2025/Secure-File-Sharing-Platform/sfsp-api/services/fileService/metadata/metadata.go:440.2,440.44 1 2
github.com/COS301-SE-2025/Secure-File-Sharing-Platform/sfsp-api/services/fileService/metadata/metadata.go:440.44,443.3 2 0
github.com/COS301-SE-2025/Secure-File-Sharing-Platform/sfsp-api/services/fileService/metadata/metadata.go:445.2,454.16 2 2
github.com/COS301-SE-2025/Secure-File-Sharing-Platform/sfsp-api/services/fileService/metadata/metadata.go:454.16,458.3 3 1
github.com/COS301-SE-2025/Secure-File-Sharing-Platform/sfsp-api/services/fileService/metadata/metadata.go:460.2,462.4 1 1
github.com/COS301-SE-2025/Secure-File-Sharing-Platform/sfsp-api/services/fileService/metadata/metadata.go:465.58,468.16 3 2
github.com/COS301-SE-2025/Secure-File-Sharing-Platform/sfsp-api/services/fileService/metadata/metadata.go:468.16,470.3 1 1
github.com/COS301-SE-2025/Secure-File-Sharing-Platform/sfsp-api/services/fileService/metadata/metadata.go:471.2,471.20 1 1
github.com/COS301-SE-2025/Secure-File-Sharing-Platform/sfsp-api/services/fileService/metadata/metadata.go:474.132,483.16 3 0
github.com/COS301-SE-2025/Secure-File-Sharing-Platform/sfsp-api/services/fileService/metadata/metadata.go:483.16,486.3 2 0
github.com/COS301-SE-2025/Secure-File-Sharing-Platform/sfsp-api/services/fileService/metadata/metadata.go:488.2,488.13 1 0
github.com/COS301-SE-2025/Secure-File-Sharing-Platform/sfsp-api/services/fileService/metadata/metadata.go:488.13,491.3 2 0
github.com/COS301-SE-2025/Secure-File-Sharing-Platform/sfsp-api/services/fileService/metadata/metadata.go:494.2,502.16 3 0
github.com/COS301-SE-2025/Secure-File-Sharing-Platform/sfsp-api/services/fileService/metadata/metadata.go:502.16,505.3 2 0
github.com/COS301-SE-2025/Secure-File-Sharing-Platform/sfsp-api/services/fileService/metadata/metadata.go:507.2,507.28 1 0
github.com/COS301-SE-2025/Secure-File-Sharing-Platform/sfsp-api/services/fileService/metadata/metadata.go:510.97,512.72 2 0
github.com/COS301-SE-2025/Secure-File-Sharing-Platform/sfsp-api/services/fileService/metadata/metadata.go:512.72,514.3 1 0
github.com/COS301-SE-2025/Secure-File-Sharing-Platform/sfsp-api/services/fileService/metadata/metadata.go:516.2,519.18 3 0
github.com/COS301-SE-2025/Secure-File-Sharing-Platform/sfsp-api/services/fileService/metadata/metadata.go:519.18,521.3 1 0
github.com/COS301-SE-2025/Secure-File-Sharing-Platform/sfsp-api/services/fileService/metadata/metadata.go:523.2,529.16 2 0
github.com/COS301-SE-2025/Secure-File-Sharing-Platform/sfsp-api/services/fileService/metadata/metadata.go:529.16,531.3 1 0
github.com/COS301-SE-2025/Secure-File-Sharing-Platform/sfsp-api/services/fileService/metadata/metadata.go:533.2,533.12 1 0
github.com/COS301-SE-2025/Secure-File-Sharing-Platform/sfsp-api/services/fileService/metadata/metadata.go:541.61,543.61 2 4
github.com/COS301-SE-2025/Secure-File-Sharing-Platform/sfsp-api/services/fileService/metadata/metadata.go:543.61,547.3 3 1
github.com/COS301-SE-2025/Secure-File-Sharing-Platform/sfsp-api/services/fileService/metadata/metadata.go:549.2,549.44 1 3
github.com/COS301-SE-2025/Secure-File-Sharing-Platform/sfsp-api/services/fileService/metadata/metadata.go:549.44,552.3 2 1
github.com/COS301-SE-2025/Secure-File-Sharing-Platform/sfsp-api/services/fileService/metadata/metadata.go:554.2,559.16 2 2
github.com/COS301-SE-2025/Secure-File-Sharing-Platform/sfsp-api/services/fileService/metadata/metadata.go:559.16,563.3 3 1
github.com/COS301-SE-2025/Secure-File-Sharing-Platform/sfsp-api/services/fileService/metadata/metadata.go:565.2,568.4 2 1
github.com/COS301-SE-2025/Secure-File-Sharing-Platform/sfsp-api/services/fileService/metadata/metadata.go:571.61,573.61 2 2
github.com/COS301-SE-2025/Secure-File-Sharing-Platform/sfsp-api/services/fileService/metadata/metadata.go:573.61,577.3 3 0
github.com/COS301-SE-2025/Secure-File-Sharing-Platform/sfsp-api/services/fileService/metadata/metadata.go:579.2,579.22 1 2
github.com/COS301-SE-2025/Secure-File-Sharing-Platform/sfsp-api/services/fileService/metadata/metadata.go:579.22,582.3 2 0
github.com/COS301-SE-2025/Secure-File-Sharing-Platform/sfsp-api/services/fileService/metadata/metadata.go:584.2,589.16 2 2
github.com/COS301-SE-2025/Secure-File-Sharing-Platform/sfsp-api/services/fileService/metadata/metadata.go:589.16,593.3 3 1
github.com/COS301-SE-2025/Secure-File-Sharing-Platform/sfsp-api/services/fileService/metadata/metadata.go:595.2,598.4 2 1
github.com/COS301-SE-2025/Secure-File-Sharing-Platform/sfsp-api/services/fileService/metadata/metadata.go:601.68,608.61 3 2
github.com/COS301-SE-2025/Secure-File-Sharing-Platform/sfsp-api/services/fileService/metadata/metadata.go:608.61,612.3 3 0
github.com/COS301-SE-2025/Secure-File-Sharing-Platform/sfsp-api/services/fileService/metadata/metadata.go:614.2,614.47 1 2
github.com/COS301-SE-2025/Secure-File-Sharing-Platform/sfsp-api/services/fileService/metadata/metadata.go:614.47,617.3 2 0
github.com/COS301-SE-2025/Secure-File-Sharing-Platform/sfsp-api/services/fileService/metadata/metadata.go:619.2,624.16 2 2
github.com/COS301-SE-2025/Secure-File-Sharing-Platform/sfsp-api/services/fileService/metadata/metadata.go:624.16,628.3 3 1
github.com/COS301-SE-2025/Secure-File-Sharing-Platform/sfsp-api/services/fileService/metadata/metadata.go:630.2,633.4 2 1
github.com/COS301-SE-2025/Secure-File-Sharing-Platform/sfsp-api/services/fileService/metadata/metadata.go:636.68,643.61 3 2
github.com/COS301-SE-2025/Secure-File-Sharing-Platform/sfsp-api/services/fileService/metadata/metadata.go:643.61,647.3 3 0
github.com/COS301-SE-2025/Secure-File-Sharing-Platform/sfsp-api/services/fileService/metadata/metadata.go:649.2,649.43 1 2
github.com/COS301-SE-2025/Secure-File-Sharing-Platform/sfsp-api/services/fileService/metadata/metadata.go:649.43,652.3 2 0
github.com/COS301-SE-2025/Secure-File-Sharing-Platform/sfsp-api/services/fileService/metadata/metadata.go:654.2,659.16 2 2
github.com/COS301-SE-2025/Secure-File-Sharing-Platform/sfsp-api/services/fileService/metadata/metadata.go:659.16,663.3 3 1
github.com/COS301-SE-2025/Secure-File-Sharing-Platform/sfsp-api/services/fileService/metadata/metadata.go:665.2,668.4 2 1
github.com/COS301-SE-2025/Secure-File-Sharing-Platform/sfsp-api/services/fileService/owncloud/OwnCloud.go:23.32,25.2 1 34
github.com/COS301-SE-2025/Secure-File-Sharing-Platform/sfsp-api/services/fileService/owncloud/OwnCloud.go:31.72,33.2 1 0
github.com/COS301-SE-2025/Secure-File-Sharing-Platform/sfsp-api/services/fileService/owncloud/OwnCloud.go:34.82,36.2 1 0
github.com/COS301-SE-2025/Secure-File-Sharing-Platform/sfsp-api/services/fileService/owncloud/OwnCloud.go:37.90,39.2 1 0
github.com/COS301-SE-2025/Secure-File-Sharing-Platform/sfsp-api/services/fileService/owncloud/OwnCloud.go:40.60,42.2 1 0
github.com/COS301-SE-2025/Secure-File-Sharing-Platform/sfsp-api/services/fileService/owncloud/OwnCloud.go:43.73,45.2 1 0
github.com/COS301-SE-2025/Secure-File-Sharing-Platform/sfsp-api/services/fileService/owncloud/OwnCloud.go:46.52,48.2 1 0
github.com/COS301-SE-2025/Secure-File-Sharing-Platform/sfsp-api/services/fileService/owncloud/OwnCloud.go:50.51,56.2 3 0
github.com/COS301-SE-2025/Secure-File-Sharing-Platform/sfsp-api/services/fileService/owncloud/OwnCloud.go:58.76,67.62 4 0
github.com/COS301-SE-2025/Secure-File-Sharing-Platform/sfsp-api/services/fileService/owncloud/OwnCloud.go:67.62,69.6 1 0
github.com/COS301-SE-2025/Secure-File-Sharing-Platform/sfsp-api/services/fileService/owncloud/OwnCloud.go:72.5,72.70 1 0
github.com/COS301-SE-2025/Secure-File-Sharing-Platform/sfsp-api/services/fileService/owncloud/OwnCloud.go:72.70,74.6 1 0
github.com/COS301-SE-2025/Secure-File-Sharing-Platform/sfsp-api/services/fileService/owncloud/OwnCloud.go:76.5,76.15 1 0
github.com/COS301-SE-2025/Secure-File-Sharing-Platform/sfsp-api/services/fileService/owncloud/OwnCloud.go:80.76,87.62 4 4
github.com/COS301-SE-2025/Secure-File-Sharing-Platform/sfsp-api/services/fileService/owncloud/OwnCloud.go:87.62,89.6 1 1
github.com/COS301-SE-2025/Secure-File-Sharing-Platform/sfsp-api/services/fileService/owncloud/OwnCloud.go:92.5,95.15 2 3
github.com/COS301-SE-2025/Secure-File-Sharing-Platform/sfsp-api/services/fileService/owncloud/OwnCloud.go:95.15,98.23 3 3
github.com/COS301-SE-2025/Secure-File-Sharing-Platform/sfsp-api/services/fileService/owncloud/OwnCloud.go:98.23,102.10 3 0
github.com/COS301-SE-2025/Secure-File-Sharing-Platform/sfsp-api/services/fileService/owncloud/OwnCloud.go:103.9,103.69 1 3
github.com/COS301-SE-2025/Secure-File-Sharing-Platform/sfsp-api/services/fileService/owncloud/OwnCloud.go:107.5,107.19 1 3
github.com/COS301-SE-2025/Secure-File-Sharing-Platform/sfsp-api/services/fileService/owncloud/OwnCloud.go:110.69,113.2 2 0
github.com/COS301-SE-2025/Secure-File-Sharing-Platform/sfsp-api/services/fileService/owncloud/OwnCloud.go:115.71,120.2 4 0
github.com/COS301-SE-2025/Secure-File-Sharing-Platform/sfsp-api/services/fileService/owncloud/OwnCloud.go:122.52,127.16 5 0
github.com/COS301-SE-2025/Secure-File-Sharing-Platform/sfsp-api/services/fileService/owncloud/OwnCloud.go:127.16,129.3 1 0
github.com/COS301-SE-2025/Secure-File-Sharing-Platform/sfsp-api/services/fileService/owncloud/OwnCloud.go:130.2,130.12 1 0
github.com/COS301-SE-2025/Secure-File-Sharing-Platform/sfsp-api/services/fileService/owncloud/OwnCloud.go:133.50,137.16 4 0
github.com/COS301-SE-2025/Secure-File-Sharing-Platform/sfsp-api/services/fileService/owncloud/OwnCloud.go:137.16,139.3 1 0
github.com/COS301-SE-2025/Secure-File-Sharing-Platform/sfsp-api/services/fileService/owncloud/OwnCloud.go:140.2,140.12 1 0
github.com/COS301-SE-2025/Secure-File-Sharing-Platform/sfsp-api/services/fileService/owncloud/OwnCloud.go:143.75,147.16 4 1
github.com/COS301-SE-2025/Secure-File-Sharing-Platform/sfsp-api/services/fileService/owncloud/OwnCloud.go:147.16,150.3 2 0
github.com/COS301-SE-2025/Secure-File-Sharing-Platform/sfsp-api/services/fileService/owncloud/OwnCloud.go:152.2,152.20 1 1
