<?xml version="1.0" encoding="UTF-8"?>
<coverage generated="1759087358405" clover="3.2.0">
  <project timestamp="1759087358405" name="All files">
    <metrics statements="498" coveredstatements="396" conditionals="264" coveredconditionals="188" methods="189" coveredmethods="134" elements="951" coveredelements="718" complexity="0" loc="498" ncloc="498" packages="6" files="6" classes="6"/>
    <package name="ui">
      <metrics statements="105" coveredstatements="88" conditionals="57" coveredconditionals="46" methods="16" coveredmethods="15"/>
      <file name="App.jsx" path="C:\Users\jessi\Videos\CapStone\Secure-File-Sharing-Platform\sfsp-admin\src\ui\App.jsx">
        <metrics statements="105" coveredstatements="88" conditionals="57" coveredconditionals="46" methods="16" coveredmethods="15"/>
        <line num="9" count="80" type="stmt"/>
        <line num="10" count="80" type="stmt"/>
        <line num="11" count="80" type="stmt"/>
        <line num="16" count="80" type="stmt"/>
        <line num="17" count="80" type="stmt"/>
        <line num="18" count="80" type="stmt"/>
        <line num="19" count="80" type="stmt"/>
        <line num="20" count="80" type="stmt"/>
        <line num="23" count="80" type="stmt"/>
        <line num="25" count="80" type="stmt"/>
        <line num="26" count="18" type="stmt"/>
        <line num="27" count="18" type="cond" truecount="1" falsecount="1"/>
        <line num="28" count="18" type="stmt"/>
        <line num="29" count="18" type="stmt"/>
        <line num="30" count="18" type="stmt"/>
        <line num="34" count="80" type="cond" truecount="2" falsecount="0"/>
        <line num="35" count="4" type="stmt"/>
        <line num="36" count="4" type="stmt"/>
        <line num="39" count="80" type="stmt"/>
        <line num="40" count="1" type="stmt"/>
        <line num="41" count="1" type="stmt"/>
        <line num="45" count="80" type="stmt"/>
        <line num="46" count="2" type="stmt"/>
        <line num="48" count="2" type="cond" truecount="1" falsecount="1"/>
        <line num="49" count="0" type="cond" truecount="0" falsecount="2"/>
        <line num="50" count="0" type="stmt"/>
        <line num="51" count="0" type="stmt"/>
        <line num="52" count="0" type="cond" truecount="0" falsecount="2"/>
        <line num="53" count="0" type="stmt"/>
        <line num="54" count="0" type="stmt"/>
        <line num="55" count="0" type="stmt"/>
        <line num="57" count="0" type="stmt"/>
        <line num="60" count="2" type="cond" truecount="4" falsecount="0"/>
        <line num="61" count="1" type="stmt"/>
        <line num="62" count="1" type="stmt"/>
        <line num="65" count="2" type="cond" truecount="4" falsecount="0"/>
        <line num="66" count="1" type="stmt"/>
        <line num="67" count="1" type="stmt"/>
        <line num="71" count="80" type="cond" truecount="0" falsecount="1"/>
        <line num="72" count="1" type="stmt"/>
        <line num="73" count="1" type="stmt"/>
        <line num="74" count="1" type="stmt"/>
        <line num="76" count="1" type="cond" truecount="2" falsecount="0"/>
        <line num="77" count="6" type="stmt"/>
        <line num="80" count="1" type="stmt"/>
        <line num="81" count="1" type="stmt"/>
        <line num="84" count="80" type="stmt"/>
        <line num="85" count="9" type="stmt"/>
        <line num="86" count="9" type="cond" truecount="3" falsecount="1"/>
        <line num="87" count="0" type="stmt"/>
        <line num="88" count="0" type="stmt"/>
        <line num="91" count="9" type="stmt"/>
        <line num="92" count="9" type="stmt"/>
        <line num="93" count="9" type="stmt"/>
        <line num="102" count="8" type="stmt"/>
        <line num="104" count="8" type="cond" truecount="1" falsecount="1"/>
        <line num="105" count="0" type="stmt"/>
        <line num="106" count="0" type="stmt"/>
        <line num="112" count="0" type="stmt"/>
        <line num="115" count="0" type="stmt"/>
        <line num="118" count="8" type="stmt"/>
        <line num="119" count="8" type="stmt"/>
        <line num="120" count="8" type="stmt"/>
        <line num="122" count="8" type="stmt"/>
        <line num="132" count="8" type="stmt"/>
        <line num="133" count="8" type="cond" truecount="2" falsecount="0"/>
        <line num="134" count="1" type="stmt"/>
        <line num="135" count="1" type="stmt"/>
        <line num="138" count="7" type="stmt"/>
        <line num="140" count="1" type="stmt"/>
        <line num="141" count="1" type="stmt"/>
        <line num="143" count="9" type="stmt"/>
        <line num="147" count="80" type="stmt"/>
        <line num="148" count="3" type="stmt"/>
        <line num="149" count="3" type="stmt"/>
        <line num="151" count="3" type="cond" truecount="1" falsecount="1"/>
        <line num="152" count="0" type="stmt"/>
        <line num="153" count="0" type="stmt"/>
        <line num="156" count="3" type="stmt"/>
        <line num="157" count="3" type="stmt"/>
        <line num="158" count="3" type="stmt"/>
        <line num="159" count="3" type="stmt"/>
        <line num="161" count="3" type="stmt"/>
        <line num="170" count="2" type="stmt"/>
        <line num="172" count="2" type="cond" truecount="2" falsecount="0"/>
        <line num="173" count="1" type="stmt"/>
        <line num="174" count="1" type="stmt"/>
        <line num="177" count="1" type="stmt"/>
        <line num="179" count="1" type="stmt"/>
        <line num="180" count="1" type="stmt"/>
        <line num="182" count="3" type="stmt"/>
        <line num="187" count="80" type="stmt"/>
        <line num="250" count="9" type="stmt"/>
        <line num="265" count="9" type="stmt"/>
        <line num="282" count="192" type="stmt"/>
        <line num="288" count="384" type="stmt"/>
        <line num="291" count="18" type="stmt"/>
        <line num="292" count="18" type="stmt"/>
        <line num="293" count="18" type="stmt"/>
        <line num="294" count="18" type="stmt"/>
        <line num="295" count="18" type="cond" truecount="4" falsecount="0"/>
        <line num="298" count="2" type="cond" truecount="3" falsecount="1"/>
        <line num="299" count="0" type="stmt"/>
        <line num="301" count="2" type="stmt"/>
        <line num="303" count="1" type="stmt"/>
      </file>
    </package>
    <package name="ui.blockedUsers">
      <metrics statements="50" coveredstatements="44" conditionals="25" coveredconditionals="16" methods="16" coveredmethods="15"/>
      <file name="blockedUsers.jsx" path="C:\Users\jessi\Videos\CapStone\Secure-File-Sharing-Platform\sfsp-admin\src\ui\blockedUsers\blockedUsers.jsx">
        <metrics statements="50" coveredstatements="44" conditionals="25" coveredconditionals="16" methods="16" coveredmethods="15"/>
        <line num="5" count="1" type="stmt"/>
        <line num="6" count="8" type="stmt"/>
        <line num="7" count="8" type="stmt"/>
        <line num="8" count="8" type="stmt"/>
        <line num="9" count="8" type="stmt"/>
        <line num="16" count="8" type="stmt"/>
        <line num="17" count="3" type="stmt"/>
        <line num="18" count="3" type="stmt"/>
        <line num="19" count="3" type="stmt"/>
        <line num="20" count="3" type="stmt"/>
        <line num="21" count="3" type="cond" truecount="1" falsecount="1"/>
        <line num="22" count="3" type="stmt"/>
        <line num="25" count="0" type="stmt"/>
        <line num="29" count="3" type="stmt"/>
        <line num="30" count="3" type="stmt"/>
        <line num="31" count="3" type="stmt"/>
        <line num="32" count="3" type="stmt"/>
        <line num="33" count="3" type="cond" truecount="1" falsecount="1"/>
        <line num="34" count="3" type="stmt"/>
        <line num="37" count="0" type="stmt"/>
        <line num="41" count="3" type="stmt"/>
        <line num="42" count="3" type="stmt"/>
        <line num="51" count="8" type="stmt"/>
        <line num="52" count="7" type="cond" truecount="1" falsecount="1"/>
        <line num="53" count="7" type="stmt"/>
        <line num="61" count="8" type="stmt"/>
        <line num="62" count="1" type="stmt"/>
        <line num="63" count="1" type="stmt"/>
        <line num="68" count="1" type="stmt"/>
        <line num="70" count="1" type="cond" truecount="1" falsecount="1"/>
        <line num="71" count="2" type="stmt"/>
        <line num="73" count="1" type="stmt"/>
        <line num="79" count="1" type="stmt"/>
        <line num="80" count="1" type="stmt"/>
        <line num="83" count="0" type="stmt"/>
        <line num="87" count="8" type="stmt"/>
        <line num="88" count="6" type="cond" truecount="2" falsecount="2"/>
        <line num="89" count="2" type="stmt"/>
        <line num="90" count="4" type="stmt"/>
        <line num="91" count="0" type="stmt"/>
        <line num="92" count="0" type="stmt"/>
        <line num="96" count="8" type="stmt"/>
        <line num="97" count="6" type="cond" truecount="2" falsecount="0"/>
        <line num="98" count="4" type="cond" truecount="2" falsecount="2"/>
        <line num="99" count="0" type="stmt"/>
        <line num="102" count="8" type="stmt"/>
        <line num="159" count="1" type="stmt"/>
        <line num="178" count="6" type="stmt"/>
        <line num="187" count="12" type="stmt"/>
        <line num="213" count="1" type="stmt"/>
      </file>
    </package>
    <package name="ui.components.sidebar">
      <metrics statements="23" coveredstatements="18" conditionals="26" coveredconditionals="21" methods="15" coveredmethods="9"/>
      <file name="Sidebar.jsx" path="C:\Users\jessi\Videos\CapStone\Secure-File-Sharing-Platform\sfsp-admin\src\ui\components\sidebar\Sidebar.jsx">
        <metrics statements="23" coveredstatements="18" conditionals="26" coveredconditionals="21" methods="15" coveredmethods="9"/>
        <line num="15" count="1" type="stmt"/>
        <line num="23" count="8" type="stmt"/>
        <line num="24" count="8" type="stmt"/>
        <line num="25" count="8" type="stmt"/>
        <line num="28" count="8" type="cond" truecount="1" falsecount="1"/>
        <line num="29" count="8" type="stmt"/>
        <line num="31" count="16" type="stmt"/>
        <line num="36" count="8" type="stmt"/>
        <line num="37" count="2" type="stmt"/>
        <line num="38" count="2" type="stmt"/>
        <line num="39" count="2" type="stmt"/>
        <line num="42" count="8" type="cond" truecount="1" falsecount="1"/>
        <line num="43" count="8" type="cond" truecount="1" falsecount="1"/>
        <line num="45" count="8" type="stmt"/>
        <line num="53" count="3" type="stmt"/>
        <line num="66" count="0" type="stmt"/>
        <line num="78" count="32" type="stmt"/>
        <line num="82" count="32" type="cond" truecount="1" falsecount="1"/>
        <line num="96" count="1" type="stmt"/>
        <line num="129" count="0" type="stmt"/>
        <line num="143" count="0" type="stmt"/>
        <line num="144" count="0" type="stmt"/>
        <line num="156" count="0" type="stmt"/>
      </file>
    </package>
    <package name="ui.dashboard">
      <metrics statements="74" coveredstatements="48" conditionals="30" coveredconditionals="21" methods="34" coveredmethods="16"/>
      <file name="Dashboard.jsx" path="C:\Users\jessi\Videos\CapStone\Secure-File-Sharing-Platform\sfsp-admin\src\ui\dashboard\Dashboard.jsx">
        <metrics statements="74" coveredstatements="48" conditionals="30" coveredconditionals="21" methods="34" coveredmethods="16"/>
        <line num="14" count="20" type="stmt"/>
        <line num="15" count="20" type="stmt"/>
        <line num="16" count="20" type="stmt"/>
        <line num="17" count="20" type="stmt"/>
        <line num="18" count="20" type="stmt"/>
        <line num="23" count="20" type="stmt"/>
        <line num="24" count="20" type="stmt"/>
        <line num="28" count="20" type="stmt"/>
        <line num="29" count="20" type="stmt"/>
        <line num="31" count="20" type="stmt"/>
        <line num="32" count="26" type="cond" truecount="3" falsecount="0"/>
        <line num="33" count="7" type="stmt"/>
        <line num="34" count="8" type="stmt"/>
        <line num="35" count="11" type="stmt"/>
        <line num="39" count="20" type="stmt"/>
        <line num="40" count="7" type="stmt"/>
        <line num="41" count="7" type="stmt"/>
        <line num="42" count="7" type="stmt"/>
        <line num="43" count="7" type="stmt"/>
        <line num="44" count="7" type="cond" truecount="1" falsecount="1"/>
        <line num="45" count="7" type="stmt"/>
        <line num="52" count="0" type="stmt"/>
        <line num="55" count="7" type="stmt"/>
        <line num="58" count="20" type="stmt"/>
        <line num="59" count="7" type="stmt"/>
        <line num="60" count="7" type="stmt"/>
        <line num="61" count="7" type="stmt"/>
        <line num="62" count="6" type="stmt"/>
        <line num="63" count="6" type="cond" truecount="1" falsecount="1"/>
        <line num="65" count="1" type="stmt"/>
        <line num="68" count="7" type="stmt"/>
        <line num="71" count="20" type="stmt"/>
        <line num="72" count="2" type="cond" truecount="2" falsecount="0"/>
        <line num="74" count="1" type="cond" truecount="1" falsecount="1"/>
        <line num="75" count="1" type="stmt"/>
        <line num="76" count="1" type="stmt"/>
        <line num="81" count="0" type="stmt"/>
        <line num="82" count="0" type="cond" truecount="0" falsecount="2"/>
        <line num="83" count="0" type="stmt"/>
        <line num="84" count="0" type="stmt"/>
        <line num="85" count="0" type="stmt"/>
        <line num="88" count="1" type="stmt"/>
        <line num="92" count="20" type="stmt"/>
        <line num="93" count="2" type="stmt"/>
        <line num="96" count="20" type="stmt"/>
        <line num="97" count="0" type="stmt"/>
        <line num="98" count="0" type="stmt"/>
        <line num="101" count="0" type="stmt"/>
        <line num="102" count="0" type="cond" truecount="0" falsecount="2"/>
        <line num="103" count="0" type="stmt"/>
        <line num="106" count="0" type="stmt"/>
        <line num="110" count="24" type="stmt"/>
        <line num="112" count="20" type="stmt"/>
        <line num="120" count="0" type="stmt"/>
        <line num="158" count="2" type="stmt"/>
        <line num="166" count="24" type="stmt"/>
        <line num="176" count="0" type="stmt"/>
        <line num="188" count="0" type="stmt"/>
        <line num="189" count="0" type="stmt"/>
        <line num="190" count="0" type="stmt"/>
        <line num="197" count="0" type="stmt"/>
        <line num="198" count="2" type="stmt"/>
        <line num="204" count="1" type="stmt"/>
        <line num="209" count="0" type="stmt"/>
        <line num="215" count="0" type="stmt"/>
        <line num="223" count="0" type="stmt"/>
        <line num="231" count="0" type="stmt"/>
        <line num="232" count="0" type="stmt"/>
        <line num="240" count="0" type="stmt"/>
        <line num="248" count="0" type="stmt"/>
        <line num="249" count="1" type="stmt"/>
        <line num="256" count="2" type="stmt"/>
        <line num="261" count="0" type="stmt"/>
        <line num="269" count="1" type="stmt"/>
      </file>
    </package>
    <package name="ui.reports">
      <metrics statements="78" coveredstatements="45" conditionals="56" coveredconditionals="34" methods="40" coveredmethods="22"/>
      <file name="Reports.jsx" path="C:\Users\jessi\Videos\CapStone\Secure-File-Sharing-Platform\sfsp-admin\src\ui\reports\Reports.jsx">
        <metrics statements="78" coveredstatements="45" conditionals="56" coveredconditionals="34" methods="40" coveredmethods="22"/>
        <line num="5" count="1" type="stmt"/>
        <line num="6" count="17" type="stmt"/>
        <line num="7" count="17" type="stmt"/>
        <line num="8" count="17" type="stmt"/>
        <line num="9" count="17" type="stmt"/>
        <line num="10" count="17" type="stmt"/>
        <line num="11" count="17" type="stmt"/>
        <line num="13" count="17" type="stmt"/>
        <line num="14" count="17" type="stmt"/>
        <line num="15" count="17" type="stmt"/>
        <line num="16" count="17" type="stmt"/>
        <line num="17" count="17" type="stmt"/>
        <line num="19" count="17" type="stmt"/>
        <line num="20" count="7" type="stmt"/>
        <line num="21" count="7" type="stmt"/>
        <line num="22" count="7" type="cond" truecount="1" falsecount="1"/>
        <line num="24" count="7" type="stmt"/>
        <line num="25" count="7" type="stmt"/>
        <line num="26" count="7" type="cond" truecount="1" falsecount="1"/>
        <line num="28" count="7" type="stmt"/>
        <line num="29" count="7" type="stmt"/>
        <line num="30" count="7" type="cond" truecount="1" falsecount="1"/>
        <line num="33" count="17" type="stmt"/>
        <line num="34" count="6" type="cond" truecount="5" falsecount="3"/>
        <line num="45" count="17" type="stmt"/>
        <line num="46" count="6" type="cond" truecount="1" falsecount="4"/>
        <line num="47" count="6" type="stmt"/>
        <line num="48" count="0" type="stmt"/>
        <line num="49" count="0" type="stmt"/>
        <line num="50" count="0" type="stmt"/>
        <line num="51" count="0" type="stmt"/>
        <line num="55" count="17" type="stmt"/>
        <line num="56" count="6" type="cond" truecount="1" falsecount="4"/>
        <line num="57" count="0" type="stmt"/>
        <line num="58" count="0" type="stmt"/>
        <line num="59" count="0" type="stmt"/>
        <line num="60" count="6" type="stmt"/>
        <line num="61" count="0" type="stmt"/>
        <line num="65" count="17" type="stmt"/>
        <line num="66" count="6" type="cond" truecount="1" falsecount="1"/>
        <line num="67" count="0" type="cond" truecount="0" falsecount="2"/>
        <line num="68" count="0" type="cond" truecount="0" falsecount="2"/>
        <line num="69" count="0" type="stmt"/>
        <line num="72" count="17" type="stmt"/>
        <line num="73" count="0" type="stmt"/>
        <line num="78" count="0" type="stmt"/>
        <line num="80" count="0" type="cond" truecount="0" falsecount="2"/>
        <line num="84" count="17" type="stmt"/>
        <line num="96" count="1" type="stmt"/>
        <line num="103" count="0" type="stmt"/>
        <line num="104" count="1" type="stmt"/>
        <line num="111" count="0" type="stmt"/>
        <line num="118" count="0" type="stmt"/>
        <line num="122" count="0" type="stmt"/>
        <line num="131" count="0" type="stmt"/>
        <line num="139" count="0" type="stmt"/>
        <line num="151" count="0" type="stmt"/>
        <line num="153" count="0" type="stmt"/>
        <line num="154" count="0" type="stmt"/>
        <line num="155" count="0" type="stmt"/>
        <line num="156" count="0" type="stmt"/>
        <line num="157" count="0" type="stmt"/>
        <line num="158" count="0" type="stmt"/>
        <line num="164" count="1" type="stmt"/>
        <line num="203" count="1" type="stmt"/>
        <line num="216" count="1" type="stmt"/>
        <line num="236" count="6" type="cond" truecount="2" falsecount="0"/>
        <line num="238" count="6" type="stmt"/>
        <line num="245" count="0" type="stmt"/>
        <line num="250" count="6" type="stmt"/>
        <line num="257" count="0" type="stmt"/>
        <line num="270" count="0" type="stmt"/>
        <line num="282" count="1" type="stmt"/>
        <line num="285" count="0" type="stmt"/>
        <line num="286" count="0" type="stmt"/>
        <line num="298" count="0" type="stmt"/>
        <line num="299" count="1" type="stmt"/>
        <line num="311" count="1" type="stmt"/>
      </file>
    </package>
    <package name="ui.users">
      <metrics statements="168" coveredstatements="153" conditionals="70" coveredconditionals="50" methods="68" coveredmethods="57"/>
      <file name="Users.jsx" path="C:\Users\jessi\Videos\CapStone\Secure-File-Sharing-Platform\sfsp-admin\src\ui\users\Users.jsx">
        <metrics statements="168" coveredstatements="153" conditionals="70" coveredconditionals="50" methods="68" coveredmethods="57"/>
        <line num="5" count="1" type="stmt"/>
        <line num="6" count="74" type="stmt"/>
        <line num="7" count="74" type="stmt"/>
        <line num="8" count="74" type="stmt"/>
        <line num="9" count="74" type="stmt"/>
        <line num="10" count="74" type="stmt"/>
        <line num="11" count="74" type="stmt"/>
        <line num="12" count="74" type="stmt"/>
        <line num="13" count="74" type="stmt"/>
        <line num="14" count="74" type="stmt"/>
        <line num="15" count="74" type="stmt"/>
        <line num="16" count="74" type="stmt"/>
        <line num="17" count="74" type="stmt"/>
        <line num="18" count="74" type="stmt"/>
        <line num="19" count="74" type="stmt"/>
        <line num="20" count="74" type="stmt"/>
        <line num="21" count="74" type="stmt"/>
        <line num="22" count="74" type="stmt"/>
        <line num="23" count="74" type="stmt"/>
        <line num="25" count="74" type="stmt"/>
        <line num="26" count="17" type="stmt"/>
        <line num="27" count="17" type="stmt"/>
        <line num="28" count="17" type="stmt"/>
        <line num="29" count="16" type="stmt"/>
        <line num="31" count="16" type="cond" truecount="1" falsecount="1"/>
        <line num="32" count="32" type="stmt"/>
        <line num="36" count="16" type="stmt"/>
        <line num="39" count="1" type="stmt"/>
        <line num="43" count="17" type="stmt"/>
        <line num="48" count="74" type="stmt"/>
        <line num="49" count="17" type="stmt"/>
        <line num="50" count="17" type="stmt"/>
        <line num="51" count="17" type="stmt"/>
        <line num="52" count="17" type="stmt"/>
        <line num="54" count="16" type="cond" truecount="1" falsecount="1"/>
        <line num="55" count="16" type="stmt"/>
        <line num="56" count="16" type="stmt"/>
        <line num="59" count="1" type="stmt"/>
        <line num="63" count="17" type="stmt"/>
        <line num="67" count="74" type="stmt"/>
        <line num="68" count="113" type="cond" truecount="3" falsecount="0"/>
        <line num="73" count="74" type="stmt"/>
        <line num="74" count="3" type="stmt"/>
        <line num="75" count="3" type="stmt"/>
        <line num="81" count="2" type="stmt"/>
        <line num="83" count="2" type="cond" truecount="2" falsecount="0"/>
        <line num="84" count="2" type="stmt"/>
        <line num="85" count="1" type="stmt"/>
        <line num="86" count="1" type="cond" truecount="1" falsecount="1"/>
        <line num="87" count="1" type="stmt"/>
        <line num="89" count="1" type="cond" truecount="1" falsecount="1"/>
        <line num="92" count="2" type="stmt"/>
        <line num="94" count="1" type="stmt"/>
        <line num="95" count="1" type="stmt"/>
        <line num="96" count="1" type="stmt"/>
        <line num="101" count="74" type="stmt"/>
        <line num="102" count="1" type="stmt"/>
        <line num="103" count="1" type="stmt"/>
        <line num="106" count="74" type="stmt"/>
        <line num="107" count="1" type="stmt"/>
        <line num="108" count="1" type="stmt"/>
        <line num="111" count="74" type="stmt"/>
        <line num="112" count="3" type="stmt"/>
        <line num="113" count="3" type="stmt"/>
        <line num="114" count="3" type="stmt"/>
        <line num="115" count="3" type="stmt"/>
        <line num="116" count="3" type="stmt"/>
        <line num="119" count="74" type="stmt"/>
        <line num="120" count="3" type="cond" truecount="2" falsecount="0"/>
        <line num="121" count="1" type="stmt"/>
        <line num="122" count="1" type="stmt"/>
        <line num="123" count="1" type="stmt"/>
        <line num="126" count="2" type="stmt"/>
        <line num="127" count="2" type="stmt"/>
        <line num="138" count="1" type="stmt"/>
        <line num="139" count="1" type="cond" truecount="1" falsecount="1"/>
        <line num="140" count="1" type="stmt"/>
        <line num="141" count="1" type="stmt"/>
        <line num="142" count="2" type="cond" truecount="2" falsecount="0"/>
        <line num="144" count="1" type="stmt"/>
        <line num="146" count="0" type="cond" truecount="0" falsecount="2"/>
        <line num="148" count="1" type="stmt"/>
        <line num="150" count="1" type="stmt"/>
        <line num="151" count="1" type="stmt"/>
        <line num="152" count="1" type="stmt"/>
        <line num="156" count="74" type="stmt"/>
        <line num="157" count="3" type="cond" truecount="4" falsecount="0"/>
        <line num="158" count="1" type="stmt"/>
        <line num="159" count="1" type="stmt"/>
        <line num="160" count="1" type="stmt"/>
        <line num="163" count="2" type="stmt"/>
        <line num="164" count="2" type="stmt"/>
        <line num="174" count="1" type="stmt"/>
        <line num="176" count="1" type="cond" truecount="1" falsecount="1"/>
        <line num="177" count="1" type="stmt"/>
        <line num="178" count="1" type="stmt"/>
        <line num="179" count="2" type="cond" truecount="1" falsecount="1"/>
        <line num="184" count="1" type="stmt"/>
        <line num="185" count="1" type="stmt"/>
        <line num="186" count="1" type="stmt"/>
        <line num="187" count="1" type="stmt"/>
        <line num="188" count="1" type="stmt"/>
        <line num="189" count="1" type="stmt"/>
        <line num="191" count="0" type="cond" truecount="0" falsecount="2"/>
        <line num="192" count="0" type="stmt"/>
        <line num="193" count="0" type="stmt"/>
        <line num="194" count="0" type="stmt"/>
        <line num="195" count="0" type="stmt"/>
        <line num="198" count="1" type="stmt"/>
        <line num="199" count="1" type="stmt"/>
        <line num="200" count="1" type="stmt"/>
        <line num="201" count="1" type="stmt"/>
        <line num="202" count="1" type="stmt"/>
        <line num="203" count="1" type="stmt"/>
        <line num="207" count="74" type="stmt"/>
        <line num="208" count="2" type="stmt"/>
        <line num="209" count="2" type="stmt"/>
        <line num="215" count="1" type="stmt"/>
        <line num="216" count="1" type="cond" truecount="1" falsecount="1"/>
        <line num="217" count="1" type="stmt"/>
        <line num="218" count="1" type="stmt"/>
        <line num="219" count="2" type="cond" truecount="2" falsecount="0"/>
        <line num="221" count="1" type="stmt"/>
        <line num="222" count="1" type="stmt"/>
        <line num="225" count="1" type="stmt"/>
        <line num="229" count="112" type="cond" truecount="2" falsecount="0"/>
        <line num="231" count="74" type="stmt"/>
        <line num="265" count="6" type="stmt"/>
        <line num="271" count="1" type="stmt"/>
        <line num="272" count="3" type="stmt"/>
        <line num="282" count="2" type="stmt"/>
        <line num="289" count="2" type="stmt"/>
        <line num="300" count="28" type="stmt"/>
        <line num="302" count="12" type="stmt"/>
        <line num="310" count="0" type="stmt"/>
        <line num="322" count="2" type="stmt"/>
        <line num="348" count="1" type="stmt"/>
        <line num="364" count="112" type="stmt"/>
        <line num="373" count="55" type="stmt"/>
        <line num="396" count="1" type="stmt"/>
        <line num="399" count="1" type="stmt"/>
        <line num="402" count="3" type="stmt"/>
        <line num="405" count="3" type="stmt"/>
        <line num="417" count="0" type="stmt"/>
        <line num="418" count="1" type="stmt"/>
        <line num="436" count="1" type="stmt"/>
        <line num="443" count="0" type="stmt"/>
        <line num="444" count="1" type="stmt"/>
        <line num="451" count="1" type="stmt"/>
        <line num="457" count="1" type="stmt"/>
        <line num="463" count="1" type="stmt"/>
        <line num="464" count="1" type="stmt"/>
        <line num="475" count="1" type="stmt"/>
        <line num="476" count="1" type="cond" truecount="1" falsecount="1"/>
        <line num="477" count="1" type="stmt"/>
        <line num="478" count="1" type="stmt"/>
        <line num="479" count="1" type="stmt"/>
        <line num="480" count="1" type="stmt"/>
        <line num="481" count="1" type="stmt"/>
        <line num="483" count="0" type="stmt"/>
        <line num="486" count="0" type="stmt"/>
        <line num="487" count="0" type="stmt"/>
        <line num="493" count="0" type="stmt"/>
        <line num="503" count="0" type="stmt"/>
        <line num="504" count="3" type="stmt"/>
        <line num="512" count="2" type="stmt"/>
        <line num="517" count="1" type="stmt"/>
        <line num="525" count="0" type="stmt"/>
      </file>
    </package>
  </project>
</coverage>
