{"C:\\Users\\jessi\\Videos\\CapStone\\Secure-File-Sharing-Platform\\sfsp-admin\\src\\ui\\App.jsx": {"path":"C:\\Users\\jessi\\Videos\\CapStone\\Secure-File-Sharing-Platform\\sfsp-admin\\src\\ui\\App.jsx","statementMap":{"0":{"start":{"line":9,"column":19},"end":{"line":9,"column":32}},"1":{"start":{"line":10,"column":26},"end":{"line":10,"column":49}},"2":{"start":{"line":11,"column":40},"end":{"line":15,"column":4}},"3":{"start":{"line":16,"column":36},"end":{"line":16,"column":51}},"4":{"start":{"line":17,"column":20},"end":{"line":17,"column":30}},"5":{"start":{"line":18,"column":19},"end":{"line":18,"column":31}},"6":{"start":{"line":19,"column":22},"end":{"line":19,"column":34}},"7":{"start":{"line":20,"column":28},"end":{"line":20,"column":63}},"8":{"start":{"line":23,"column":28},"end":{"line":23,"column":42}},"9":{"start":{"line":25,"column":21},"end":{"line":32,"column":3}},"10":{"start":{"line":26,"column":18},"end":{"line":26,"column":42}},"11":{"start":{"line":27,"column":4},"end":{"line":31,"column":5}},"12":{"start":{"line":28,"column":6},"end":{"line":28,"column":20}},"13":{"start":{"line":29,"column":21},"end":{"line":29,"column":39}},"14":{"start":{"line":30,"column":6},"end":{"line":30,"column":46}},"15":{"start":{"line":34,"column":20},"end":{"line":37,"column":3}},"16":{"start":{"line":35,"column":4},"end":{"line":35,"column":32}},"17":{"start":{"line":36,"column":4},"end":{"line":36,"column":68}},"18":{"start":{"line":36,"column":21},"end":{"line":36,"column":56}},"19":{"start":{"line":39,"column":34},"end":{"line":42,"column":3}},"20":{"start":{"line":40,"column":4},"end":{"line":40,"column":27}},"21":{"start":{"line":41,"column":4},"end":{"line":41,"column":70}},"22":{"start":{"line":45,"column":27},"end":{"line":69,"column":3}},"23":{"start":{"line":46,"column":19},"end":{"line":46,"column":39}},"24":{"start":{"line":48,"column":4},"end":{"line":58,"column":5}},"25":{"start":{"line":49,"column":6},"end":{"line":56,"column":7}},"26":{"start":{"line":50,"column":8},"end":{"line":50,"column":27}},"27":{"start":{"line":51,"column":8},"end":{"line":51,"column":56}},"28":{"start":{"line":52,"column":13},"end":{"line":56,"column":7}},"29":{"start":{"line":53,"column":8},"end":{"line":53,"column":30}},"30":{"start":{"line":54,"column":8},"end":{"line":54,"column":31}},"31":{"start":{"line":55,"column":8},"end":{"line":55,"column":56}},"32":{"start":{"line":57,"column":6},"end":{"line":57,"column":25}},"33":{"start":{"line":60,"column":4},"end":{"line":63,"column":5}},"34":{"start":{"line":61,"column":6},"end":{"line":61,"column":28}},"35":{"start":{"line":62,"column":6},"end":{"line":62,"column":25}},"36":{"start":{"line":65,"column":4},"end":{"line":68,"column":5}},"37":{"start":{"line":66,"column":6},"end":{"line":66,"column":28}},"38":{"start":{"line":67,"column":6},"end":{"line":67,"column":25}},"39":{"start":{"line":71,"column":25},"end":{"line":82,"column":3}},"40":{"start":{"line":72,"column":4},"end":{"line":72,"column":23}},"41":{"start":{"line":73,"column":18},"end":{"line":73,"column":71}},"42":{"start":{"line":74,"column":19},"end":{"line":74,"column":39}},"43":{"start":{"line":76,"column":4},"end":{"line":78,"column":5}},"44":{"start":{"line":76,"column":17},"end":{"line":76,"column":18}},"45":{"start":{"line":77,"column":6},"end":{"line":77,"column":40}},"46":{"start":{"line":80,"column":4},"end":{"line":80,"column":52}},"47":{"start":{"line":81,"column":4},"end":{"line":81,"column":55}},"48":{"start":{"line":84,"column":34},"end":{"line":145,"column":3}},"49":{"start":{"line":85,"column":4},"end":{"line":85,"column":23}},"50":{"start":{"line":86,"column":4},"end":{"line":89,"column":5}},"51":{"start":{"line":87,"column":6},"end":{"line":87,"column":58}},"52":{"start":{"line":88,"column":6},"end":{"line":88,"column":13}},"53":{"start":{"line":91,"column":4},"end":{"line":91,"column":23}},"54":{"start":{"line":92,"column":4},"end":{"line":144,"column":5}},"55":{"start":{"line":93,"column":18},"end":{"line":100,"column":8}},"56":{"start":{"line":102,"column":19},"end":{"line":102,"column":35}},"57":{"start":{"line":104,"column":6},"end":{"line":116,"column":7}},"58":{"start":{"line":105,"column":8},"end":{"line":105,"column":39}},"59":{"start":{"line":106,"column":8},"end":{"line":110,"column":11}},"60":{"start":{"line":112,"column":8},"end":{"line":112,"column":28}},"61":{"start":{"line":115,"column":8},"end":{"line":115,"column":15}},"62":{"start":{"line":118,"column":6},"end":{"line":118,"column":32}},"63":{"start":{"line":119,"column":6},"end":{"line":119,"column":67}},"64":{"start":{"line":120,"column":6},"end":{"line":120,"column":53}},"65":{"start":{"line":122,"column":21},"end":{"line":130,"column":8}},"66":{"start":{"line":132,"column":22},"end":{"line":132,"column":41}},"67":{"start":{"line":133,"column":6},"end":{"line":136,"column":7}},"68":{"start":{"line":134,"column":8},"end":{"line":134,"column":63}},"69":{"start":{"line":135,"column":8},"end":{"line":135,"column":15}},"70":{"start":{"line":138,"column":6},"end":{"line":138,"column":21}},"71":{"start":{"line":140,"column":6},"end":{"line":140,"column":41}},"72":{"start":{"line":141,"column":6},"end":{"line":141,"column":53}},"73":{"start":{"line":143,"column":6},"end":{"line":143,"column":26}},"74":{"start":{"line":147,"column":26},"end":{"line":184,"column":3}},"75":{"start":{"line":148,"column":4},"end":{"line":148,"column":23}},"76":{"start":{"line":149,"column":20},"end":{"line":149,"column":44}},"77":{"start":{"line":151,"column":4},"end":{"line":154,"column":5}},"78":{"start":{"line":152,"column":6},"end":{"line":152,"column":54}},"79":{"start":{"line":153,"column":6},"end":{"line":153,"column":13}},"80":{"start":{"line":156,"column":4},"end":{"line":156,"column":23}},"81":{"start":{"line":157,"column":4},"end":{"line":183,"column":5}},"82":{"start":{"line":158,"column":20},"end":{"line":158,"column":49}},"83":{"start":{"line":159,"column":19},"end":{"line":159,"column":59}},"84":{"start":{"line":161,"column":18},"end":{"line":168,"column":8}},"85":{"start":{"line":170,"column":19},"end":{"line":170,"column":35}},"86":{"start":{"line":172,"column":6},"end":{"line":175,"column":7}},"87":{"start":{"line":173,"column":8},"end":{"line":173,"column":60}},"88":{"start":{"line":174,"column":8},"end":{"line":174,"column":15}},"89":{"start":{"line":177,"column":6},"end":{"line":177,"column":51}},"90":{"start":{"line":179,"column":6},"end":{"line":179,"column":53}},"91":{"start":{"line":180,"column":6},"end":{"line":180,"column":59}},"92":{"start":{"line":182,"column":6},"end":{"line":182,"column":26}},"93":{"start":{"line":187,"column":2},"end":{"line":318,"column":4}},"94":{"start":{"line":250,"column":37},"end":{"line":250,"column":94}},"95":{"start":{"line":265,"column":39},"end":{"line":265,"column":99}},"96":{"start":{"line":282,"column":22},"end":{"line":304,"column":24}},"97":{"start":{"line":288,"column":38},"end":{"line":288,"column":63}},"98":{"start":{"line":291,"column":38},"end":{"line":291,"column":75}},"99":{"start":{"line":292,"column":41},"end":{"line":292,"column":61}},"100":{"start":{"line":293,"column":26},"end":{"line":293,"column":42}},"101":{"start":{"line":294,"column":26},"end":{"line":294,"column":74}},"102":{"start":{"line":295,"column":26},"end":{"line":295,"column":62}},"103":{"start":{"line":295,"column":44},"end":{"line":295,"column":62}},"104":{"start":{"line":298,"column":26},"end":{"line":300,"column":27}},"105":{"start":{"line":299,"column":28},"end":{"line":299,"column":47}},"106":{"start":{"line":301,"column":26},"end":{"line":301,"column":49}},"107":{"start":{"line":303,"column":40},"end":{"line":303,"column":60}}},"fnMap":{"0":{"name":"App","decl":{"start":{"line":8,"column":9},"end":{"line":8,"column":12}},"loc":{"start":{"line":8,"column":15},"end":{"line":319,"column":1}},"line":8},"1":{"name":"(anonymous_1)","decl":{"start":{"line":25,"column":21},"end":{"line":25,"column":22}},"loc":{"start":{"line":25,"column":32},"end":{"line":32,"column":3}},"line":25},"2":{"name":"(anonymous_2)","decl":{"start":{"line":34,"column":20},"end":{"line":34,"column":21}},"loc":{"start":{"line":34,"column":66},"end":{"line":37,"column":3}},"line":34},"3":{"name":"(anonymous_3)","decl":{"start":{"line":36,"column":15},"end":{"line":36,"column":16}},"loc":{"start":{"line":36,"column":21},"end":{"line":36,"column":56}},"line":36},"4":{"name":"(anonymous_4)","decl":{"start":{"line":39,"column":34},"end":{"line":39,"column":35}},"loc":{"start":{"line":39,"column":40},"end":{"line":42,"column":3}},"line":39},"5":{"name":"(anonymous_5)","decl":{"start":{"line":45,"column":27},"end":{"line":45,"column":28}},"loc":{"start":{"line":45,"column":41},"end":{"line":69,"column":3}},"line":45},"6":{"name":"(anonymous_6)","decl":{"start":{"line":71,"column":25},"end":{"line":71,"column":26}},"loc":{"start":{"line":71,"column":48},"end":{"line":82,"column":3}},"line":71},"7":{"name":"(anonymous_7)","decl":{"start":{"line":84,"column":34},"end":{"line":84,"column":35}},"loc":{"start":{"line":84,"column":47},"end":{"line":145,"column":3}},"line":84},"8":{"name":"(anonymous_8)","decl":{"start":{"line":147,"column":26},"end":{"line":147,"column":27}},"loc":{"start":{"line":147,"column":39},"end":{"line":184,"column":3}},"line":147},"9":{"name":"(anonymous_9)","decl":{"start":{"line":250,"column":30},"end":{"line":250,"column":31}},"loc":{"start":{"line":250,"column":37},"end":{"line":250,"column":94}},"line":250},"10":{"name":"(anonymous_10)","decl":{"start":{"line":265,"column":32},"end":{"line":265,"column":33}},"loc":{"start":{"line":265,"column":39},"end":{"line":265,"column":99}},"line":265},"11":{"name":"(anonymous_11)","decl":{"start":{"line":281,"column":39},"end":{"line":281,"column":40}},"loc":{"start":{"line":282,"column":22},"end":{"line":304,"column":24}},"line":282},"12":{"name":"(anonymous_12)","decl":{"start":{"line":288,"column":29},"end":{"line":288,"column":30}},"loc":{"start":{"line":288,"column":38},"end":{"line":288,"column":63}},"line":288},"13":{"name":"(anonymous_13)","decl":{"start":{"line":290,"column":34},"end":{"line":290,"column":35}},"loc":{"start":{"line":290,"column":41},"end":{"line":296,"column":25}},"line":290},"14":{"name":"(anonymous_14)","decl":{"start":{"line":297,"column":35},"end":{"line":297,"column":36}},"loc":{"start":{"line":297,"column":42},"end":{"line":302,"column":25}},"line":297},"15":{"name":"(anonymous_15)","decl":{"start":{"line":303,"column":33},"end":{"line":303,"column":34}},"loc":{"start":{"line":303,"column":40},"end":{"line":303,"column":60}},"line":303}},"branchMap":{"0":{"loc":{"start":{"line":27,"column":4},"end":{"line":31,"column":5}},"type":"if","locations":[{"start":{"line":27,"column":4},"end":{"line":31,"column":5}},{"start":{},"end":{}}],"line":27},"1":{"loc":{"start":{"line":34,"column":30},"end":{"line":34,"column":44}},"type":"default-arg","locations":[{"start":{"line":34,"column":37},"end":{"line":34,"column":44}}],"line":34},"2":{"loc":{"start":{"line":34,"column":46},"end":{"line":34,"column":61}},"type":"default-arg","locations":[{"start":{"line":34,"column":57},"end":{"line":34,"column":61}}],"line":34},"3":{"loc":{"start":{"line":48,"column":4},"end":{"line":58,"column":5}},"type":"if","locations":[{"start":{"line":48,"column":4},"end":{"line":58,"column":5}},{"start":{},"end":{}}],"line":48},"4":{"loc":{"start":{"line":49,"column":6},"end":{"line":56,"column":7}},"type":"if","locations":[{"start":{"line":49,"column":6},"end":{"line":56,"column":7}},{"start":{"line":52,"column":13},"end":{"line":56,"column":7}}],"line":49},"5":{"loc":{"start":{"line":52,"column":13},"end":{"line":56,"column":7}},"type":"if","locations":[{"start":{"line":52,"column":13},"end":{"line":56,"column":7}},{"start":{},"end":{}}],"line":52},"6":{"loc":{"start":{"line":60,"column":4},"end":{"line":63,"column":5}},"type":"if","locations":[{"start":{"line":60,"column":4},"end":{"line":63,"column":5}},{"start":{},"end":{}}],"line":60},"7":{"loc":{"start":{"line":60,"column":8},"end":{"line":60,"column":42}},"type":"binary-expr","locations":[{"start":{"line":60,"column":8},"end":{"line":60,"column":29}},{"start":{"line":60,"column":33},"end":{"line":60,"column":42}}],"line":60},"8":{"loc":{"start":{"line":65,"column":4},"end":{"line":68,"column":5}},"type":"if","locations":[{"start":{"line":65,"column":4},"end":{"line":68,"column":5}},{"start":{},"end":{}}],"line":65},"9":{"loc":{"start":{"line":65,"column":8},"end":{"line":65,"column":43}},"type":"binary-expr","locations":[{"start":{"line":65,"column":8},"end":{"line":65,"column":30}},{"start":{"line":65,"column":34},"end":{"line":65,"column":43}}],"line":65},"10":{"loc":{"start":{"line":71,"column":29},"end":{"line":71,"column":43}},"type":"default-arg","locations":[{"start":{"line":71,"column":42},"end":{"line":71,"column":43}}],"line":71},"11":{"loc":{"start":{"line":76,"column":20},"end":{"line":76,"column":58}},"type":"binary-expr","locations":[{"start":{"line":76,"column":20},"end":{"line":76,"column":36}},{"start":{"line":76,"column":40},"end":{"line":76,"column":58}}],"line":76},"12":{"loc":{"start":{"line":86,"column":4},"end":{"line":89,"column":5}},"type":"if","locations":[{"start":{"line":86,"column":4},"end":{"line":89,"column":5}},{"start":{},"end":{}}],"line":86},"13":{"loc":{"start":{"line":86,"column":8},"end":{"line":86,"column":51}},"type":"binary-expr","locations":[{"start":{"line":86,"column":8},"end":{"line":86,"column":26}},{"start":{"line":86,"column":30},"end":{"line":86,"column":51}}],"line":86},"14":{"loc":{"start":{"line":104,"column":6},"end":{"line":116,"column":7}},"type":"if","locations":[{"start":{"line":104,"column":6},"end":{"line":116,"column":7}},{"start":{},"end":{}}],"line":104},"15":{"loc":{"start":{"line":133,"column":6},"end":{"line":136,"column":7}},"type":"if","locations":[{"start":{"line":133,"column":6},"end":{"line":136,"column":7}},{"start":{},"end":{}}],"line":133},"16":{"loc":{"start":{"line":151,"column":4},"end":{"line":154,"column":5}},"type":"if","locations":[{"start":{"line":151,"column":4},"end":{"line":154,"column":5}},{"start":{},"end":{}}],"line":151},"17":{"loc":{"start":{"line":172,"column":6},"end":{"line":175,"column":7}},"type":"if","locations":[{"start":{"line":172,"column":6},"end":{"line":175,"column":7}},{"start":{},"end":{}}],"line":172},"18":{"loc":{"start":{"line":190,"column":7},"end":{"line":194,"column":7}},"type":"binary-expr","locations":[{"start":{"line":190,"column":7},"end":{"line":190,"column":20}},{"start":{"line":191,"column":8},"end":{"line":193,"column":14}}],"line":190},"19":{"loc":{"start":{"line":222,"column":13},"end":{"line":226,"column":13}},"type":"binary-expr","locations":[{"start":{"line":222,"column":13},"end":{"line":222,"column":27}},{"start":{"line":223,"column":14},"end":{"line":225,"column":23}}],"line":222},"20":{"loc":{"start":{"line":229,"column":42},"end":{"line":229,"column":77}},"type":"cond-expr","locations":[{"start":{"line":229,"column":67},"end":{"line":229,"column":69}},{"start":{"line":229,"column":72},"end":{"line":229,"column":77}}],"line":229},"21":{"loc":{"start":{"line":231,"column":17},"end":{"line":233,"column":71}},"type":"cond-expr","locations":[{"start":{"line":232,"column":20},"end":{"line":232,"column":63}},{"start":{"line":233,"column":20},"end":{"line":233,"column":71}}],"line":231},"22":{"loc":{"start":{"line":239,"column":13},"end":{"line":313,"column":13}},"type":"cond-expr","locations":[{"start":{"line":240,"column":14},"end":{"line":274,"column":21}},{"start":{"line":276,"column":14},"end":{"line":312,"column":21}}],"line":239},"23":{"loc":{"start":{"line":272,"column":19},"end":{"line":272,"column":58}},"type":"cond-expr","locations":[{"start":{"line":272,"column":31},"end":{"line":272,"column":45}},{"start":{"line":272,"column":48},"end":{"line":272,"column":58}}],"line":272},"24":{"loc":{"start":{"line":295,"column":26},"end":{"line":295,"column":62}},"type":"if","locations":[{"start":{"line":295,"column":26},"end":{"line":295,"column":62}},{"start":{},"end":{}}],"line":295},"25":{"loc":{"start":{"line":295,"column":30},"end":{"line":295,"column":42}},"type":"binary-expr","locations":[{"start":{"line":295,"column":30},"end":{"line":295,"column":33}},{"start":{"line":295,"column":37},"end":{"line":295,"column":42}}],"line":295},"26":{"loc":{"start":{"line":298,"column":26},"end":{"line":300,"column":27}},"type":"if","locations":[{"start":{"line":298,"column":26},"end":{"line":300,"column":27}},{"start":{},"end":{}}],"line":298},"27":{"loc":{"start":{"line":298,"column":30},"end":{"line":298,"column":118}},"type":"binary-expr","locations":[{"start":{"line":298,"column":30},"end":{"line":298,"column":50}},{"start":{"line":298,"column":54},"end":{"line":298,"column":118}}],"line":298},"28":{"loc":{"start":{"line":309,"column":64},"end":{"line":309,"column":114}},"type":"binary-expr","locations":[{"start":{"line":309,"column":64},"end":{"line":309,"column":73}},{"start":{"line":309,"column":77},"end":{"line":309,"column":114}}],"line":309},"29":{"loc":{"start":{"line":310,"column":19},"end":{"line":310,"column":69}},"type":"cond-expr","locations":[{"start":{"line":310,"column":31},"end":{"line":310,"column":50}},{"start":{"line":310,"column":53},"end":{"line":310,"column":69}}],"line":310}},"s":{"0":80,"1":80,"2":80,"3":80,"4":80,"5":80,"6":80,"7":80,"8":80,"9":80,"10":18,"11":18,"12":18,"13":18,"14":18,"15":80,"16":4,"17":4,"18":0,"19":80,"20":1,"21":1,"22":80,"23":2,"24":2,"25":0,"26":0,"27":0,"28":0,"29":0,"30":0,"31":0,"32":0,"33":2,"34":1,"35":1,"36":2,"37":1,"38":1,"39":80,"40":1,"41":1,"42":1,"43":1,"44":1,"45":6,"46":1,"47":1,"48":80,"49":9,"50":9,"51":0,"52":0,"53":9,"54":9,"55":9,"56":8,"57":8,"58":0,"59":0,"60":0,"61":0,"62":8,"63":8,"64":8,"65":8,"66":8,"67":8,"68":1,"69":1,"70":7,"71":1,"72":1,"73":9,"74":80,"75":3,"76":3,"77":3,"78":0,"79":0,"80":3,"81":3,"82":3,"83":3,"84":3,"85":2,"86":2,"87":1,"88":1,"89":1,"90":1,"91":1,"92":3,"93":80,"94":9,"95":9,"96":192,"97":384,"98":18,"99":18,"100":18,"101":18,"102":18,"103":15,"104":2,"105":0,"106":2,"107":1},"f":{"0":80,"1":18,"2":4,"3":0,"4":1,"5":2,"6":1,"7":9,"8":3,"9":9,"10":9,"11":192,"12":384,"13":18,"14":2,"15":1},"b":{"0":[18,0],"1":[4],"2":[4],"3":[0,2],"4":[0,0],"5":[0,0],"6":[1,1],"7":[2,1],"8":[1,1],"9":[2,1],"10":[0],"11":[7,6],"12":[0,9],"13":[9,9],"14":[0,8],"15":[1,7],"16":[0,3],"17":[1,1],"18":[80,4],"19":[80,32],"20":[48,32],"21":[48,32],"22":[48,32],"23":[17,31],"24":[15,3],"25":[18,18],"26":[0,2],"27":[2,2],"28":[32,29],"29":[3,29]},"_coverageSchema":"1a1c01bbd47fc00a2c39e90264f33305004495a9","hash":"478de2bf893a6b058423441ac3ab145d2b2c2fb5"}
,"C:\\Users\\jessi\\Videos\\CapStone\\Secure-File-Sharing-Platform\\sfsp-admin\\src\\ui\\blockedUsers\\blockedUsers.jsx": {"path":"C:\\Users\\jessi\\Videos\\CapStone\\Secure-File-Sharing-Platform\\sfsp-admin\\src\\ui\\blockedUsers\\blockedUsers.jsx","statementMap":{"0":{"start":{"line":5,"column":21},"end":{"line":227,"column":1}},"1":{"start":{"line":6,"column":40},"end":{"line":6,"column":52}},"2":{"start":{"line":7,"column":44},"end":{"line":7,"column":56}},"3":{"start":{"line":8,"column":44},"end":{"line":8,"column":56}},"4":{"start":{"line":9,"column":30},"end":{"line":14,"column":6}},"5":{"start":{"line":16,"column":4},"end":{"line":43,"column":11}},"6":{"start":{"line":17,"column":34},"end":{"line":27,"column":9}},"7":{"start":{"line":18,"column":12},"end":{"line":26,"column":13}},"8":{"start":{"line":19,"column":28},"end":{"line":19,"column":88}},"9":{"start":{"line":20,"column":29},"end":{"line":20,"column":45}},"10":{"start":{"line":21,"column":16},"end":{"line":23,"column":17}},"11":{"start":{"line":22,"column":20},"end":{"line":22,"column":48}},"12":{"start":{"line":25,"column":16},"end":{"line":25,"column":69}},"13":{"start":{"line":29,"column":27},"end":{"line":39,"column":9}},"14":{"start":{"line":30,"column":12},"end":{"line":38,"column":13}},"15":{"start":{"line":31,"column":28},"end":{"line":31,"column":94}},"16":{"start":{"line":32,"column":29},"end":{"line":32,"column":45}},"17":{"start":{"line":33,"column":16},"end":{"line":35,"column":17}},"18":{"start":{"line":34,"column":20},"end":{"line":34,"column":35}},"19":{"start":{"line":37,"column":16},"end":{"line":37,"column":69}},"20":{"start":{"line":41,"column":8},"end":{"line":41,"column":28}},"21":{"start":{"line":42,"column":8},"end":{"line":42,"column":21}},"22":{"start":{"line":51,"column":26},"end":{"line":58,"column":6}},"23":{"start":{"line":52,"column":23},"end":{"line":52,"column":54}},"24":{"start":{"line":53,"column":8},"end":{"line":57,"column":10}},"25":{"start":{"line":61,"column":30},"end":{"line":85,"column":5}},"26":{"start":{"line":62,"column":8},"end":{"line":84,"column":9}},"27":{"start":{"line":63,"column":24},"end":{"line":67,"column":14}},"28":{"start":{"line":68,"column":25},"end":{"line":68,"column":41}},"29":{"start":{"line":70,"column":12},"end":{"line":81,"column":13}},"30":{"start":{"line":71,"column":16},"end":{"line":71,"column":75}},"31":{"start":{"line":71,"column":40},"end":{"line":71,"column":73}},"32":{"start":{"line":71,"column":57},"end":{"line":71,"column":72}},"33":{"start":{"line":73,"column":16},"end":{"line":77,"column":20}},"34":{"start":{"line":73,"column":34},"end":{"line":77,"column":17}},"35":{"start":{"line":79,"column":16},"end":{"line":79,"column":82}},"36":{"start":{"line":80,"column":16},"end":{"line":80,"column":60}},"37":{"start":{"line":80,"column":33},"end":{"line":80,"column":52}},"38":{"start":{"line":83,"column":12},"end":{"line":83,"column":58}},"39":{"start":{"line":87,"column":29},"end":{"line":94,"column":5}},"40":{"start":{"line":88,"column":8},"end":{"line":93,"column":9}},"41":{"start":{"line":89,"column":25},"end":{"line":89,"column":48}},"42":{"start":{"line":90,"column":27},"end":{"line":90,"column":52}},"43":{"start":{"line":91,"column":24},"end":{"line":91,"column":46}},"44":{"start":{"line":92,"column":21},"end":{"line":92,"column":43}},"45":{"start":{"line":96,"column":26},"end":{"line":100,"column":5}},"46":{"start":{"line":97,"column":8},"end":{"line":97,"column":79}},"47":{"start":{"line":97,"column":37},"end":{"line":97,"column":79}},"48":{"start":{"line":98,"column":8},"end":{"line":98,"column":102}},"49":{"start":{"line":98,"column":67},"end":{"line":98,"column":102}},"50":{"start":{"line":99,"column":8},"end":{"line":99,"column":42}},"51":{"start":{"line":102,"column":4},"end":{"line":226,"column":6}},"52":{"start":{"line":159,"column":45},"end":{"line":159,"column":74}},"53":{"start":{"line":178,"column":28},"end":{"line":220,"column":33}},"54":{"start":{"line":187,"column":62},"end":{"line":187,"column":66}},"55":{"start":{"line":213,"column":55},"end":{"line":213,"column":124}}},"fnMap":{"0":{"name":"(anonymous_0)","decl":{"start":{"line":5,"column":21},"end":{"line":5,"column":22}},"loc":{"start":{"line":5,"column":27},"end":{"line":227,"column":1}},"line":5},"1":{"name":"(anonymous_1)","decl":{"start":{"line":16,"column":14},"end":{"line":16,"column":15}},"loc":{"start":{"line":16,"column":20},"end":{"line":43,"column":5}},"line":16},"2":{"name":"(anonymous_2)","decl":{"start":{"line":17,"column":34},"end":{"line":17,"column":35}},"loc":{"start":{"line":17,"column":46},"end":{"line":27,"column":9}},"line":17},"3":{"name":"(anonymous_3)","decl":{"start":{"line":29,"column":27},"end":{"line":29,"column":28}},"loc":{"start":{"line":29,"column":39},"end":{"line":39,"column":9}},"line":29},"4":{"name":"(anonymous_4)","decl":{"start":{"line":51,"column":46},"end":{"line":51,"column":47}},"loc":{"start":{"line":51,"column":56},"end":{"line":58,"column":5}},"line":51},"5":{"name":"(anonymous_5)","decl":{"start":{"line":61,"column":30},"end":{"line":61,"column":31}},"loc":{"start":{"line":61,"column":72},"end":{"line":85,"column":5}},"line":61},"6":{"name":"(anonymous_6)","decl":{"start":{"line":71,"column":32},"end":{"line":71,"column":33}},"loc":{"start":{"line":71,"column":40},"end":{"line":71,"column":73}},"line":71},"7":{"name":"(anonymous_7)","decl":{"start":{"line":71,"column":52},"end":{"line":71,"column":53}},"loc":{"start":{"line":71,"column":57},"end":{"line":71,"column":72}},"line":71},"8":{"name":"(anonymous_8)","decl":{"start":{"line":73,"column":25},"end":{"line":73,"column":26}},"loc":{"start":{"line":73,"column":34},"end":{"line":77,"column":17}},"line":73},"9":{"name":"(anonymous_9)","decl":{"start":{"line":80,"column":27},"end":{"line":80,"column":28}},"loc":{"start":{"line":80,"column":33},"end":{"line":80,"column":52}},"line":80},"10":{"name":"(anonymous_10)","decl":{"start":{"line":87,"column":29},"end":{"line":87,"column":30}},"loc":{"start":{"line":87,"column":43},"end":{"line":94,"column":5}},"line":87},"11":{"name":"(anonymous_11)","decl":{"start":{"line":96,"column":26},"end":{"line":96,"column":27}},"loc":{"start":{"line":96,"column":38},"end":{"line":100,"column":5}},"line":96},"12":{"name":"(anonymous_12)","decl":{"start":{"line":159,"column":38},"end":{"line":159,"column":39}},"loc":{"start":{"line":159,"column":45},"end":{"line":159,"column":74}},"line":159},"13":{"name":"(anonymous_13)","decl":{"start":{"line":177,"column":43},"end":{"line":177,"column":44}},"loc":{"start":{"line":178,"column":28},"end":{"line":220,"column":33}},"line":178},"14":{"name":"(anonymous_14)","decl":{"start":{"line":187,"column":57},"end":{"line":187,"column":58}},"loc":{"start":{"line":187,"column":62},"end":{"line":187,"column":66}},"line":187},"15":{"name":"(anonymous_15)","decl":{"start":{"line":213,"column":49},"end":{"line":213,"column":50}},"loc":{"start":{"line":213,"column":55},"end":{"line":213,"column":124}},"line":213}},"branchMap":{"0":{"loc":{"start":{"line":21,"column":16},"end":{"line":23,"column":17}},"type":"if","locations":[{"start":{"line":21,"column":16},"end":{"line":23,"column":17}},{"start":{},"end":{}}],"line":21},"1":{"loc":{"start":{"line":33,"column":16},"end":{"line":35,"column":17}},"type":"if","locations":[{"start":{"line":33,"column":16},"end":{"line":35,"column":17}},{"start":{},"end":{}}],"line":33},"2":{"loc":{"start":{"line":52,"column":23},"end":{"line":52,"column":54}},"type":"binary-expr","locations":[{"start":{"line":52,"column":23},"end":{"line":52,"column":48}},{"start":{"line":52,"column":52},"end":{"line":52,"column":54}}],"line":52},"3":{"loc":{"start":{"line":54,"column":12},"end":{"line":56,"column":67}},"type":"binary-expr","locations":[{"start":{"line":54,"column":12},"end":{"line":54,"column":75}},{"start":{"line":55,"column":12},"end":{"line":55,"column":72}},{"start":{"line":56,"column":12},"end":{"line":56,"column":67}}],"line":54},"4":{"loc":{"start":{"line":70,"column":12},"end":{"line":81,"column":13}},"type":"if","locations":[{"start":{"line":70,"column":12},"end":{"line":81,"column":13}},{"start":{},"end":{}}],"line":70},"5":{"loc":{"start":{"line":88,"column":8},"end":{"line":93,"column":9}},"type":"switch","locations":[{"start":{"line":89,"column":12},"end":{"line":89,"column":48}},{"start":{"line":90,"column":12},"end":{"line":90,"column":52}},{"start":{"line":91,"column":12},"end":{"line":91,"column":46}},{"start":{"line":92,"column":12},"end":{"line":92,"column":43}}],"line":88},"6":{"loc":{"start":{"line":97,"column":8},"end":{"line":97,"column":79}},"type":"if","locations":[{"start":{"line":97,"column":8},"end":{"line":97,"column":79}},{"start":{},"end":{}}],"line":97},"7":{"loc":{"start":{"line":98,"column":8},"end":{"line":98,"column":102}},"type":"if","locations":[{"start":{"line":98,"column":8},"end":{"line":98,"column":102}},{"start":{},"end":{}}],"line":98},"8":{"loc":{"start":{"line":98,"column":12},"end":{"line":98,"column":65}},"type":"binary-expr","locations":[{"start":{"line":98,"column":12},"end":{"line":98,"column":37}},{"start":{"line":98,"column":41},"end":{"line":98,"column":65}}],"line":98},"9":{"loc":{"start":{"line":104,"column":13},"end":{"line":104,"column":72}},"type":"binary-expr","locations":[{"start":{"line":104,"column":13},"end":{"line":104,"column":25}},{"start":{"line":104,"column":29},"end":{"line":104,"column":72}}],"line":104},"10":{"loc":{"start":{"line":181,"column":41},"end":{"line":191,"column":41}},"type":"cond-expr","locations":[{"start":{"line":182,"column":44},"end":{"line":182,"column":101}},{"start":{"line":184,"column":44},"end":{"line":190,"column":50}}],"line":181}},"s":{"0":1,"1":8,"2":8,"3":8,"4":8,"5":8,"6":3,"7":3,"8":3,"9":3,"10":3,"11":3,"12":0,"13":3,"14":3,"15":3,"16":3,"17":3,"18":3,"19":0,"20":3,"21":3,"22":8,"23":7,"24":7,"25":8,"26":1,"27":1,"28":1,"29":1,"30":1,"31":1,"32":2,"33":1,"34":1,"35":1,"36":1,"37":0,"38":0,"39":8,"40":6,"41":2,"42":4,"43":0,"44":0,"45":8,"46":6,"47":2,"48":4,"49":4,"50":0,"51":8,"52":1,"53":6,"54":12,"55":1},"f":{"0":8,"1":3,"2":3,"3":3,"4":7,"5":1,"6":1,"7":2,"8":1,"9":0,"10":6,"11":6,"12":1,"13":6,"14":12,"15":1},"b":{"0":[3,0],"1":[3,0],"2":[7,0],"3":[7,1,1],"4":[1,0],"5":[2,4,0,0],"6":[2,4],"7":[4,0],"8":[4,0],"9":[8,1],"10":[0,6]},"_coverageSchema":"1a1c01bbd47fc00a2c39e90264f33305004495a9","hash":"ba1956fccc063a8905def2ff180d39957b0a1679"}
,"C:\\Users\\jessi\\Videos\\CapStone\\Secure-File-Sharing-Platform\\sfsp-admin\\src\\ui\\components\\sidebar\\Sidebar.jsx": {"path":"C:\\Users\\jessi\\Videos\\CapStone\\Secure-File-Sharing-Platform\\sfsp-admin\\src\\ui\\components\\sidebar\\Sidebar.jsx","statementMap":{"0":{"start":{"line":15,"column":24},"end":{"line":20,"column":1}},"1":{"start":{"line":23,"column":36},"end":{"line":23,"column":51}},"2":{"start":{"line":24,"column":19},"end":{"line":24,"column":32}},"3":{"start":{"line":25,"column":50},"end":{"line":25,"column":65}},"4":{"start":{"line":28,"column":4},"end":{"line":28,"column":25}},"5":{"start":{"line":28,"column":15},"end":{"line":28,"column":25}},"6":{"start":{"line":29,"column":4},"end":{"line":33,"column":21}},"7":{"start":{"line":31,"column":18},"end":{"line":31,"column":22}},"8":{"start":{"line":36,"column":23},"end":{"line":40,"column":3}},"9":{"start":{"line":37,"column":4},"end":{"line":37,"column":36}},"10":{"start":{"line":38,"column":4},"end":{"line":38,"column":37}},"11":{"start":{"line":39,"column":4},"end":{"line":39,"column":18}},"12":{"start":{"line":42,"column":19},"end":{"line":42,"column":49}},"13":{"start":{"line":43,"column":16},"end":{"line":43,"column":54}},"14":{"start":{"line":45,"column":2},"end":{"line":165,"column":4}},"15":{"start":{"line":53,"column":25},"end":{"line":53,"column":54}},"16":{"start":{"line":53,"column":48},"end":{"line":53,"column":53}},"17":{"start":{"line":66,"column":27},"end":{"line":66,"column":56}},"18":{"start":{"line":66,"column":50},"end":{"line":66,"column":55}},"19":{"start":{"line":78,"column":12},"end":{"line":87,"column":22}},"20":{"start":{"line":82,"column":16},"end":{"line":82,"column":57}},"21":{"start":{"line":96,"column":25},"end":{"line":96,"column":75}},"22":{"start":{"line":129,"column":31},"end":{"line":129,"column":56}},"23":{"start":{"line":143,"column":55},"end":{"line":143,"column":81}},"24":{"start":{"line":144,"column":49},"end":{"line":144,"column":68}},"25":{"start":{"line":156,"column":31},"end":{"line":156,"column":57}}},"fnMap":{"0":{"name":"Sidebar","decl":{"start":{"line":22,"column":24},"end":{"line":22,"column":31}},"loc":{"start":{"line":22,"column":42},"end":{"line":166,"column":1}},"line":22},"1":{"name":"getInitials","decl":{"start":{"line":27,"column":11},"end":{"line":27,"column":22}},"loc":{"start":{"line":27,"column":29},"end":{"line":34,"column":3}},"line":27},"2":{"name":"(anonymous_2)","decl":{"start":{"line":31,"column":11},"end":{"line":31,"column":12}},"loc":{"start":{"line":31,"column":18},"end":{"line":31,"column":22}},"line":31},"3":{"name":"(anonymous_3)","decl":{"start":{"line":36,"column":23},"end":{"line":36,"column":24}},"loc":{"start":{"line":36,"column":29},"end":{"line":40,"column":3}},"line":36},"4":{"name":"(anonymous_4)","decl":{"start":{"line":53,"column":19},"end":{"line":53,"column":20}},"loc":{"start":{"line":53,"column":25},"end":{"line":53,"column":54}},"line":53},"5":{"name":"(anonymous_5)","decl":{"start":{"line":53,"column":38},"end":{"line":53,"column":39}},"loc":{"start":{"line":53,"column":48},"end":{"line":53,"column":53}},"line":53},"6":{"name":"(anonymous_6)","decl":{"start":{"line":66,"column":21},"end":{"line":66,"column":22}},"loc":{"start":{"line":66,"column":27},"end":{"line":66,"column":56}},"line":66},"7":{"name":"(anonymous_7)","decl":{"start":{"line":66,"column":40},"end":{"line":66,"column":41}},"loc":{"start":{"line":66,"column":50},"end":{"line":66,"column":55}},"line":66},"8":{"name":"(anonymous_8)","decl":{"start":{"line":77,"column":31},"end":{"line":77,"column":32}},"loc":{"start":{"line":78,"column":12},"end":{"line":87,"column":22}},"line":78},"9":{"name":"(anonymous_9)","decl":{"start":{"line":81,"column":25},"end":{"line":81,"column":26}},"loc":{"start":{"line":82,"column":16},"end":{"line":82,"column":57}},"line":82},"10":{"name":"(anonymous_10)","decl":{"start":{"line":96,"column":19},"end":{"line":96,"column":20}},"loc":{"start":{"line":96,"column":25},"end":{"line":96,"column":75}},"line":96},"11":{"name":"(anonymous_11)","decl":{"start":{"line":129,"column":25},"end":{"line":129,"column":26}},"loc":{"start":{"line":129,"column":31},"end":{"line":129,"column":56}},"line":129},"12":{"name":"(anonymous_12)","decl":{"start":{"line":143,"column":49},"end":{"line":143,"column":50}},"loc":{"start":{"line":143,"column":55},"end":{"line":143,"column":81}},"line":143},"13":{"name":"(anonymous_13)","decl":{"start":{"line":144,"column":42},"end":{"line":144,"column":43}},"loc":{"start":{"line":144,"column":49},"end":{"line":144,"column":68}},"line":144},"14":{"name":"(anonymous_14)","decl":{"start":{"line":156,"column":25},"end":{"line":156,"column":26}},"loc":{"start":{"line":156,"column":31},"end":{"line":156,"column":57}},"line":156}},"branchMap":{"0":{"loc":{"start":{"line":28,"column":4},"end":{"line":28,"column":25}},"type":"if","locations":[{"start":{"line":28,"column":4},"end":{"line":28,"column":25}},{"start":{},"end":{}}],"line":28},"1":{"loc":{"start":{"line":42,"column":19},"end":{"line":42,"column":49}},"type":"binary-expr","locations":[{"start":{"line":42,"column":19},"end":{"line":42,"column":33}},{"start":{"line":42,"column":37},"end":{"line":42,"column":49}}],"line":42},"2":{"loc":{"start":{"line":43,"column":16},"end":{"line":43,"column":54}},"type":"binary-expr","locations":[{"start":{"line":43,"column":16},"end":{"line":43,"column":27}},{"start":{"line":43,"column":31},"end":{"line":43,"column":54}}],"line":43},"3":{"loc":{"start":{"line":46,"column":33},"end":{"line":46,"column":61}},"type":"cond-expr","locations":[{"start":{"line":46,"column":45},"end":{"line":46,"column":56}},{"start":{"line":46,"column":59},"end":{"line":46,"column":61}}],"line":46},"4":{"loc":{"start":{"line":56,"column":9},"end":{"line":61,"column":9}},"type":"binary-expr","locations":[{"start":{"line":56,"column":9},"end":{"line":56,"column":19}},{"start":{"line":57,"column":10},"end":{"line":60,"column":16}}],"line":56},"5":{"loc":{"start":{"line":63,"column":9},"end":{"line":70,"column":9}},"type":"binary-expr","locations":[{"start":{"line":63,"column":9},"end":{"line":63,"column":19}},{"start":{"line":64,"column":10},"end":{"line":69,"column":19}}],"line":63},"6":{"loc":{"start":{"line":75,"column":9},"end":{"line":75,"column":66}},"type":"binary-expr","locations":[{"start":{"line":75,"column":9},"end":{"line":75,"column":19}},{"start":{"line":75,"column":23},"end":{"line":75,"column":66}}],"line":75},"7":{"loc":{"start":{"line":82,"column":16},"end":{"line":82,"column":57}},"type":"cond-expr","locations":[{"start":{"line":82,"column":27},"end":{"line":82,"column":44}},{"start":{"line":82,"column":47},"end":{"line":82,"column":57}}],"line":82},"8":{"loc":{"start":{"line":86,"column":15},"end":{"line":86,"column":54}},"type":"binary-expr","locations":[{"start":{"line":86,"column":15},"end":{"line":86,"column":25}},{"start":{"line":86,"column":29},"end":{"line":86,"column":54}}],"line":86},"9":{"loc":{"start":{"line":94,"column":9},"end":{"line":94,"column":69}},"type":"binary-expr","locations":[{"start":{"line":94,"column":9},"end":{"line":94,"column":19}},{"start":{"line":94,"column":23},"end":{"line":94,"column":69}}],"line":94},"10":{"loc":{"start":{"line":100,"column":11},"end":{"line":100,"column":50}},"type":"binary-expr","locations":[{"start":{"line":100,"column":11},"end":{"line":100,"column":21}},{"start":{"line":100,"column":25},"end":{"line":100,"column":50}}],"line":100},"11":{"loc":{"start":{"line":106,"column":9},"end":{"line":139,"column":9}},"type":"cond-expr","locations":[{"start":{"line":107,"column":10},"end":{"line":114,"column":16}},{"start":{"line":116,"column":10},"end":{"line":138,"column":16}}],"line":106},"12":{"loc":{"start":{"line":142,"column":7},"end":{"line":163,"column":7}},"type":"binary-expr","locations":[{"start":{"line":142,"column":7},"end":{"line":142,"column":23}},{"start":{"line":143,"column":8},"end":{"line":162,"column":14}}],"line":142}},"s":{"0":1,"1":8,"2":8,"3":8,"4":8,"5":0,"6":8,"7":16,"8":8,"9":2,"10":2,"11":2,"12":8,"13":8,"14":8,"15":3,"16":3,"17":0,"18":0,"19":32,"20":32,"21":1,"22":0,"23":0,"24":0,"25":0},"f":{"0":8,"1":8,"2":16,"3":2,"4":3,"5":3,"6":0,"7":0,"8":32,"9":32,"10":1,"11":0,"12":0,"13":0,"14":0},"b":{"0":[0,8],"1":[8,0],"2":[8,0],"3":[2,6],"4":[8,6],"5":[8,6],"6":[8,6],"7":[0,32],"8":[32,24],"9":[8,6],"10":[8,6],"11":[2,6],"12":[8,0]},"_coverageSchema":"1a1c01bbd47fc00a2c39e90264f33305004495a9","hash":"559d4a6209ae26e986aa777d934b498ce61cc04a"}
,"C:\\Users\\jessi\\Videos\\CapStone\\Secure-File-Sharing-Platform\\sfsp-admin\\src\\ui\\dashboard\\Dashboard.jsx": {"path":"C:\\Users\\jessi\\Videos\\CapStone\\Secure-File-Sharing-Platform\\sfsp-admin\\src\\ui\\dashboard\\Dashboard.jsx","statementMap":{"0":{"start":{"line":14,"column":28},"end":{"line":14,"column":40}},"1":{"start":{"line":15,"column":44},"end":{"line":15,"column":56}},"2":{"start":{"line":16,"column":36},"end":{"line":16,"column":51}},"3":{"start":{"line":17,"column":40},"end":{"line":17,"column":55}},"4":{"start":{"line":18,"column":48},"end":{"line":22,"column":4}},"5":{"start":{"line":23,"column":36},"end":{"line":23,"column":81}},"6":{"start":{"line":24,"column":19},"end":{"line":24,"column":32}},"7":{"start":{"line":28,"column":15},"end":{"line":28,"column":55}},"8":{"start":{"line":29,"column":22},"end":{"line":29,"column":32}},"9":{"start":{"line":31,"column":27},"end":{"line":37,"column":3}},"10":{"start":{"line":32,"column":4},"end":{"line":36,"column":5}},"11":{"start":{"line":33,"column":19},"end":{"line":33,"column":35}},"12":{"start":{"line":34,"column":21},"end":{"line":34,"column":38}},"13":{"start":{"line":35,"column":15},"end":{"line":35,"column":32}},"14":{"start":{"line":39,"column":2},"end":{"line":56,"column":9}},"15":{"start":{"line":40,"column":23},"end":{"line":54,"column":5}},"16":{"start":{"line":41,"column":6},"end":{"line":53,"column":7}},"17":{"start":{"line":42,"column":20},"end":{"line":42,"column":82}},"18":{"start":{"line":43,"column":21},"end":{"line":43,"column":37}},"19":{"start":{"line":44,"column":8},"end":{"line":50,"column":9}},"20":{"start":{"line":45,"column":10},"end":{"line":49,"column":13}},"21":{"start":{"line":52,"column":8},"end":{"line":52,"column":53}},"22":{"start":{"line":55,"column":4},"end":{"line":55,"column":17}},"23":{"start":{"line":58,"column":2},"end":{"line":69,"column":9}},"24":{"start":{"line":59,"column":31},"end":{"line":67,"column":5}},"25":{"start":{"line":60,"column":6},"end":{"line":66,"column":7}},"26":{"start":{"line":61,"column":20},"end":{"line":61,"column":80}},"27":{"start":{"line":62,"column":21},"end":{"line":62,"column":37}},"28":{"start":{"line":63,"column":8},"end":{"line":63,"column":63}},"29":{"start":{"line":63,"column":26},"end":{"line":63,"column":63}},"30":{"start":{"line":65,"column":8},"end":{"line":65,"column":61}},"31":{"start":{"line":68,"column":4},"end":{"line":68,"column":25}},"32":{"start":{"line":71,"column":32},"end":{"line":90,"column":3}},"33":{"start":{"line":72,"column":4},"end":{"line":72,"column":40}},"34":{"start":{"line":72,"column":33},"end":{"line":72,"column":40}},"35":{"start":{"line":74,"column":20},"end":{"line":74,"column":141}},"36":{"start":{"line":75,"column":4},"end":{"line":89,"column":5}},"37":{"start":{"line":76,"column":18},"end":{"line":80,"column":8}},"38":{"start":{"line":81,"column":19},"end":{"line":81,"column":35}},"39":{"start":{"line":82,"column":6},"end":{"line":86,"column":7}},"40":{"start":{"line":83,"column":8},"end":{"line":83,"column":63}},"41":{"start":{"line":83,"column":33},"end":{"line":83,"column":61}},"42":{"start":{"line":84,"column":8},"end":{"line":84,"column":74}},"43":{"start":{"line":85,"column":8},"end":{"line":85,"column":28}},"44":{"start":{"line":88,"column":6},"end":{"line":88,"column":56}},"45":{"start":{"line":92,"column":36},"end":{"line":94,"column":3}},"46":{"start":{"line":93,"column":4},"end":{"line":93,"column":25}},"47":{"start":{"line":96,"column":35},"end":{"line":108,"column":3}},"48":{"start":{"line":97,"column":4},"end":{"line":107,"column":5}},"49":{"start":{"line":98,"column":18},"end":{"line":100,"column":8}},"50":{"start":{"line":101,"column":19},"end":{"line":101,"column":35}},"51":{"start":{"line":102,"column":6},"end":{"line":104,"column":7}},"52":{"start":{"line":103,"column":8},"end":{"line":103,"column":64}},"53":{"start":{"line":103,"column":33},"end":{"line":103,"column":62}},"54":{"start":{"line":103,"column":50},"end":{"line":103,"column":61}},"55":{"start":{"line":106,"column":6},"end":{"line":106,"column":59}},"56":{"start":{"line":110,"column":28},"end":{"line":110,"column":77}},"57":{"start":{"line":110,"column":54},"end":{"line":110,"column":76}},"58":{"start":{"line":112,"column":2},"end":{"line":275,"column":4}},"59":{"start":{"line":120,"column":53},"end":{"line":120,"column":103}},"60":{"start":{"line":158,"column":57},"end":{"line":158,"column":75}},"61":{"start":{"line":166,"column":14},"end":{"line":178,"column":20}},"62":{"start":{"line":176,"column":62},"end":{"line":176,"column":107}},"63":{"start":{"line":188,"column":59},"end":{"line":188,"column":77}},"64":{"start":{"line":189,"column":59},"end":{"line":189,"column":85}},"65":{"start":{"line":190,"column":59},"end":{"line":190,"column":79}},"66":{"start":{"line":197,"column":55},"end":{"line":197,"column":74}},"67":{"start":{"line":198,"column":47},"end":{"line":198,"column":66}},"68":{"start":{"line":204,"column":29},"end":{"line":204,"column":95}},"69":{"start":{"line":209,"column":29},"end":{"line":209,"column":93}},"70":{"start":{"line":215,"column":29},"end":{"line":215,"column":97}},"71":{"start":{"line":223,"column":37},"end":{"line":223,"column":56}},"72":{"start":{"line":231,"column":55},"end":{"line":231,"column":104}},"73":{"start":{"line":232,"column":47},"end":{"line":232,"column":66}},"74":{"start":{"line":240,"column":37},"end":{"line":240,"column":86}},"75":{"start":{"line":248,"column":55},"end":{"line":248,"column":76}},"76":{"start":{"line":249,"column":47},"end":{"line":249,"column":66}},"77":{"start":{"line":256,"column":18},"end":{"line":264,"column":23}},"78":{"start":{"line":261,"column":66},"end":{"line":261,"column":96}},"79":{"start":{"line":269,"column":37},"end":{"line":269,"column":58}}},"fnMap":{"0":{"name":"Dashboard","decl":{"start":{"line":13,"column":9},"end":{"line":13,"column":18}},"loc":{"start":{"line":13,"column":21},"end":{"line":276,"column":1}},"line":13},"1":{"name":"(anonymous_1)","decl":{"start":{"line":31,"column":27},"end":{"line":31,"column":28}},"loc":{"start":{"line":31,"column":41},"end":{"line":37,"column":3}},"line":31},"2":{"name":"(anonymous_2)","decl":{"start":{"line":39,"column":12},"end":{"line":39,"column":13}},"loc":{"start":{"line":39,"column":18},"end":{"line":56,"column":3}},"line":39},"3":{"name":"(anonymous_3)","decl":{"start":{"line":40,"column":23},"end":{"line":40,"column":24}},"loc":{"start":{"line":40,"column":35},"end":{"line":54,"column":5}},"line":40},"4":{"name":"(anonymous_4)","decl":{"start":{"line":58,"column":12},"end":{"line":58,"column":13}},"loc":{"start":{"line":58,"column":18},"end":{"line":69,"column":3}},"line":58},"5":{"name":"(anonymous_5)","decl":{"start":{"line":59,"column":31},"end":{"line":59,"column":32}},"loc":{"start":{"line":59,"column":43},"end":{"line":67,"column":5}},"line":59},"6":{"name":"(anonymous_6)","decl":{"start":{"line":71,"column":32},"end":{"line":71,"column":33}},"loc":{"start":{"line":71,"column":44},"end":{"line":90,"column":3}},"line":71},"7":{"name":"(anonymous_7)","decl":{"start":{"line":83,"column":25},"end":{"line":83,"column":26}},"loc":{"start":{"line":83,"column":33},"end":{"line":83,"column":61}},"line":83},"8":{"name":"(anonymous_8)","decl":{"start":{"line":92,"column":36},"end":{"line":92,"column":37}},"loc":{"start":{"line":92,"column":42},"end":{"line":94,"column":3}},"line":92},"9":{"name":"(anonymous_9)","decl":{"start":{"line":96,"column":35},"end":{"line":96,"column":36}},"loc":{"start":{"line":96,"column":49},"end":{"line":108,"column":3}},"line":96},"10":{"name":"(anonymous_10)","decl":{"start":{"line":103,"column":25},"end":{"line":103,"column":26}},"loc":{"start":{"line":103,"column":33},"end":{"line":103,"column":62}},"line":103},"11":{"name":"(anonymous_11)","decl":{"start":{"line":103,"column":45},"end":{"line":103,"column":46}},"loc":{"start":{"line":103,"column":50},"end":{"line":103,"column":61}},"line":103},"12":{"name":"(anonymous_12)","decl":{"start":{"line":110,"column":49},"end":{"line":110,"column":50}},"loc":{"start":{"line":110,"column":54},"end":{"line":110,"column":76}},"line":110},"13":{"name":"(anonymous_13)","decl":{"start":{"line":120,"column":47},"end":{"line":120,"column":48}},"loc":{"start":{"line":120,"column":53},"end":{"line":120,"column":103}},"line":120},"14":{"name":"(anonymous_14)","decl":{"start":{"line":158,"column":51},"end":{"line":158,"column":52}},"loc":{"start":{"line":158,"column":57},"end":{"line":158,"column":75}},"line":158},"15":{"name":"(anonymous_15)","decl":{"start":{"line":165,"column":31},"end":{"line":165,"column":32}},"loc":{"start":{"line":166,"column":14},"end":{"line":178,"column":20}},"line":166},"16":{"name":"(anonymous_16)","decl":{"start":{"line":176,"column":56},"end":{"line":176,"column":57}},"loc":{"start":{"line":176,"column":62},"end":{"line":176,"column":107}},"line":176},"17":{"name":"(anonymous_17)","decl":{"start":{"line":188,"column":53},"end":{"line":188,"column":54}},"loc":{"start":{"line":188,"column":59},"end":{"line":188,"column":77}},"line":188},"18":{"name":"(anonymous_18)","decl":{"start":{"line":189,"column":53},"end":{"line":189,"column":54}},"loc":{"start":{"line":189,"column":59},"end":{"line":189,"column":85}},"line":189},"19":{"name":"(anonymous_19)","decl":{"start":{"line":190,"column":53},"end":{"line":190,"column":54}},"loc":{"start":{"line":190,"column":59},"end":{"line":190,"column":79}},"line":190},"20":{"name":"(anonymous_20)","decl":{"start":{"line":197,"column":49},"end":{"line":197,"column":50}},"loc":{"start":{"line":197,"column":55},"end":{"line":197,"column":74}},"line":197},"21":{"name":"(anonymous_21)","decl":{"start":{"line":198,"column":42},"end":{"line":198,"column":43}},"loc":{"start":{"line":198,"column":47},"end":{"line":198,"column":66}},"line":198},"22":{"name":"(anonymous_22)","decl":{"start":{"line":204,"column":24},"end":{"line":204,"column":25}},"loc":{"start":{"line":204,"column":29},"end":{"line":204,"column":95}},"line":204},"23":{"name":"(anonymous_23)","decl":{"start":{"line":209,"column":24},"end":{"line":209,"column":25}},"loc":{"start":{"line":209,"column":29},"end":{"line":209,"column":93}},"line":209},"24":{"name":"(anonymous_24)","decl":{"start":{"line":215,"column":24},"end":{"line":215,"column":25}},"loc":{"start":{"line":215,"column":29},"end":{"line":215,"column":97}},"line":215},"25":{"name":"(anonymous_25)","decl":{"start":{"line":223,"column":31},"end":{"line":223,"column":32}},"loc":{"start":{"line":223,"column":37},"end":{"line":223,"column":56}},"line":223},"26":{"name":"(anonymous_26)","decl":{"start":{"line":231,"column":49},"end":{"line":231,"column":50}},"loc":{"start":{"line":231,"column":55},"end":{"line":231,"column":104}},"line":231},"27":{"name":"(anonymous_27)","decl":{"start":{"line":232,"column":42},"end":{"line":232,"column":43}},"loc":{"start":{"line":232,"column":47},"end":{"line":232,"column":66}},"line":232},"28":{"name":"(anonymous_28)","decl":{"start":{"line":240,"column":31},"end":{"line":240,"column":32}},"loc":{"start":{"line":240,"column":37},"end":{"line":240,"column":86}},"line":240},"29":{"name":"(anonymous_29)","decl":{"start":{"line":248,"column":49},"end":{"line":248,"column":50}},"loc":{"start":{"line":248,"column":55},"end":{"line":248,"column":76}},"line":248},"30":{"name":"(anonymous_30)","decl":{"start":{"line":249,"column":42},"end":{"line":249,"column":43}},"loc":{"start":{"line":249,"column":47},"end":{"line":249,"column":66}},"line":249},"31":{"name":"(anonymous_31)","decl":{"start":{"line":255,"column":39},"end":{"line":255,"column":40}},"loc":{"start":{"line":256,"column":18},"end":{"line":264,"column":23}},"line":256},"32":{"name":"(anonymous_32)","decl":{"start":{"line":261,"column":60},"end":{"line":261,"column":61}},"loc":{"start":{"line":261,"column":66},"end":{"line":261,"column":96}},"line":261},"33":{"name":"(anonymous_33)","decl":{"start":{"line":269,"column":31},"end":{"line":269,"column":32}},"loc":{"start":{"line":269,"column":37},"end":{"line":269,"column":58}},"line":269}},"branchMap":{"0":{"loc":{"start":{"line":32,"column":4},"end":{"line":36,"column":5}},"type":"switch","locations":[{"start":{"line":33,"column":6},"end":{"line":33,"column":35}},{"start":{"line":34,"column":6},"end":{"line":34,"column":38}},{"start":{"line":35,"column":6},"end":{"line":35,"column":32}}],"line":32},"1":{"loc":{"start":{"line":44,"column":8},"end":{"line":50,"column":9}},"type":"if","locations":[{"start":{"line":44,"column":8},"end":{"line":50,"column":9}},{"start":{},"end":{}}],"line":44},"2":{"loc":{"start":{"line":63,"column":8},"end":{"line":63,"column":63}},"type":"if","locations":[{"start":{"line":63,"column":8},"end":{"line":63,"column":63}},{"start":{},"end":{}}],"line":63},"3":{"loc":{"start":{"line":72,"column":4},"end":{"line":72,"column":40}},"type":"if","locations":[{"start":{"line":72,"column":4},"end":{"line":72,"column":40}},{"start":{},"end":{}}],"line":72},"4":{"loc":{"start":{"line":74,"column":67},"end":{"line":74,"column":139}},"type":"cond-expr","locations":[{"start":{"line":74,"column":104},"end":{"line":74,"column":116}},{"start":{"line":74,"column":119},"end":{"line":74,"column":139}}],"line":74},"5":{"loc":{"start":{"line":82,"column":6},"end":{"line":86,"column":7}},"type":"if","locations":[{"start":{"line":82,"column":6},"end":{"line":86,"column":7}},{"start":{},"end":{}}],"line":82},"6":{"loc":{"start":{"line":102,"column":6},"end":{"line":104,"column":7}},"type":"if","locations":[{"start":{"line":102,"column":6},"end":{"line":104,"column":7}},{"start":{},"end":{}}],"line":102},"7":{"loc":{"start":{"line":130,"column":39},"end":{"line":130,"column":59}},"type":"binary-expr","locations":[{"start":{"line":130,"column":39},"end":{"line":130,"column":54}},{"start":{"line":130,"column":58},"end":{"line":130,"column":59}}],"line":130},"8":{"loc":{"start":{"line":137,"column":39},"end":{"line":137,"column":59}},"type":"binary-expr","locations":[{"start":{"line":137,"column":39},"end":{"line":137,"column":54}},{"start":{"line":137,"column":58},"end":{"line":137,"column":59}}],"line":137},"9":{"loc":{"start":{"line":144,"column":39},"end":{"line":144,"column":59}},"type":"binary-expr","locations":[{"start":{"line":144,"column":39},"end":{"line":144,"column":54}},{"start":{"line":144,"column":58},"end":{"line":144,"column":59}}],"line":144},"10":{"loc":{"start":{"line":196,"column":7},"end":{"line":227,"column":7}},"type":"binary-expr","locations":[{"start":{"line":196,"column":7},"end":{"line":196,"column":16}},{"start":{"line":197,"column":8},"end":{"line":226,"column":14}}],"line":196},"11":{"loc":{"start":{"line":230,"column":7},"end":{"line":244,"column":7}},"type":"binary-expr","locations":[{"start":{"line":230,"column":7},"end":{"line":230,"column":21}},{"start":{"line":230,"column":25},"end":{"line":230,"column":47}},{"start":{"line":231,"column":8},"end":{"line":243,"column":14}}],"line":230},"12":{"loc":{"start":{"line":247,"column":7},"end":{"line":273,"column":7}},"type":"binary-expr","locations":[{"start":{"line":247,"column":7},"end":{"line":247,"column":18}},{"start":{"line":248,"column":8},"end":{"line":272,"column":14}}],"line":247},"13":{"loc":{"start":{"line":251,"column":13},"end":{"line":267,"column":13}},"type":"cond-expr","locations":[{"start":{"line":252,"column":14},"end":{"line":252,"column":52}},{"start":{"line":254,"column":14},"end":{"line":266,"column":19}}],"line":251}},"s":{"0":20,"1":20,"2":20,"3":20,"4":20,"5":20,"6":20,"7":20,"8":20,"9":20,"10":26,"11":7,"12":8,"13":11,"14":20,"15":7,"16":7,"17":7,"18":7,"19":7,"20":7,"21":0,"22":7,"23":20,"24":7,"25":7,"26":7,"27":6,"28":6,"29":6,"30":1,"31":7,"32":20,"33":2,"34":1,"35":1,"36":1,"37":1,"38":0,"39":0,"40":0,"41":0,"42":0,"43":0,"44":1,"45":20,"46":2,"47":20,"48":0,"49":0,"50":0,"51":0,"52":0,"53":0,"54":0,"55":0,"56":20,"57":24,"58":20,"59":0,"60":2,"61":24,"62":0,"63":0,"64":0,"65":0,"66":0,"67":2,"68":1,"69":0,"70":0,"71":0,"72":0,"73":0,"74":0,"75":0,"76":1,"77":2,"78":0,"79":1},"f":{"0":20,"1":26,"2":7,"3":7,"4":7,"5":7,"6":2,"7":0,"8":2,"9":0,"10":0,"11":0,"12":24,"13":0,"14":2,"15":24,"16":0,"17":0,"18":0,"19":0,"20":0,"21":2,"22":1,"23":0,"24":0,"25":0,"26":0,"27":0,"28":0,"29":0,"30":1,"31":2,"32":0,"33":1},"b":{"0":[7,8,11],"1":[7,0],"2":[6,0],"3":[1,1],"4":[1,0],"5":[0,0],"6":[0,0],"7":[20,7],"8":[20,7],"9":[20,7],"10":[20,3],"11":[20,0,0],"12":[20,2],"13":[1,1]},"_coverageSchema":"1a1c01bbd47fc00a2c39e90264f33305004495a9","hash":"c447689eca677ff6a2115f5111b11682c454ec77"}
,"C:\\Users\\jessi\\Videos\\CapStone\\Secure-File-Sharing-Platform\\sfsp-admin\\src\\ui\\reports\\Reports.jsx": {"path":"C:\\Users\\jessi\\Videos\\CapStone\\Secure-File-Sharing-Platform\\sfsp-admin\\src\\ui\\reports\\Reports.jsx","statementMap":{"0":{"start":{"line":5,"column":16},"end":{"line":319,"column":1}},"1":{"start":{"line":6,"column":34},"end":{"line":6,"column":46}},"2":{"start":{"line":7,"column":30},"end":{"line":7,"column":42}},"3":{"start":{"line":8,"column":32},"end":{"line":8,"column":44}},"4":{"start":{"line":9,"column":40},"end":{"line":9,"column":52}},"5":{"start":{"line":10,"column":44},"end":{"line":10,"column":59}},"6":{"start":{"line":11,"column":48},"end":{"line":11,"column":62}},"7":{"start":{"line":13,"column":56},"end":{"line":13,"column":71}},"8":{"start":{"line":14,"column":46},"end":{"line":14,"column":58}},"9":{"start":{"line":15,"column":50},"end":{"line":15,"column":62}},"10":{"start":{"line":16,"column":42},"end":{"line":16,"column":57}},"11":{"start":{"line":17,"column":34},"end":{"line":17,"column":46}},"12":{"start":{"line":19,"column":4},"end":{"line":31,"column":11}},"13":{"start":{"line":20,"column":8},"end":{"line":22,"column":55}},"14":{"start":{"line":21,"column":25},"end":{"line":21,"column":35}},"15":{"start":{"line":22,"column":26},"end":{"line":22,"column":53}},"16":{"start":{"line":24,"column":8},"end":{"line":26,"column":53}},"17":{"start":{"line":25,"column":25},"end":{"line":25,"column":35}},"18":{"start":{"line":26,"column":26},"end":{"line":26,"column":51}},"19":{"start":{"line":28,"column":8},"end":{"line":30,"column":54}},"20":{"start":{"line":29,"column":25},"end":{"line":29,"column":35}},"21":{"start":{"line":30,"column":26},"end":{"line":30,"column":52}},"22":{"start":{"line":33,"column":28},"end":{"line":42,"column":5}},"23":{"start":{"line":34,"column":8},"end":{"line":41,"column":99}},"24":{"start":{"line":45,"column":27},"end":{"line":53,"column":5}},"25":{"start":{"line":46,"column":8},"end":{"line":52,"column":9}},"26":{"start":{"line":47,"column":28},"end":{"line":47,"column":51}},"27":{"start":{"line":48,"column":33},"end":{"line":48,"column":55}},"28":{"start":{"line":49,"column":29},"end":{"line":49,"column":52}},"29":{"start":{"line":50,"column":29},"end":{"line":50,"column":51}},"30":{"start":{"line":51,"column":21},"end":{"line":51,"column":44}},"31":{"start":{"line":55,"column":29},"end":{"line":63,"column":5}},"32":{"start":{"line":56,"column":8},"end":{"line":62,"column":9}},"33":{"start":{"line":57,"column":29},"end":{"line":57,"column":51}},"34":{"start":{"line":58,"column":25},"end":{"line":58,"column":48}},"35":{"start":{"line":59,"column":27},"end":{"line":59,"column":49}},"36":{"start":{"line":60,"column":24},"end":{"line":60,"column":47}},"37":{"start":{"line":61,"column":21},"end":{"line":61,"column":44}},"38":{"start":{"line":65,"column":24},"end":{"line":70,"column":5}},"39":{"start":{"line":66,"column":8},"end":{"line":66,"column":69}},"40":{"start":{"line":66,"column":36},"end":{"line":66,"column":69}},"41":{"start":{"line":67,"column":8},"end":{"line":67,"column":84}},"42":{"start":{"line":67,"column":42},"end":{"line":67,"column":84}},"43":{"start":{"line":68,"column":8},"end":{"line":68,"column":71}},"44":{"start":{"line":68,"column":39},"end":{"line":68,"column":71}},"45":{"start":{"line":69,"column":8},"end":{"line":69,"column":42}},"46":{"start":{"line":72,"column":25},"end":{"line":82,"column":5}},"47":{"start":{"line":73,"column":8},"end":{"line":81,"column":15}},"48":{"start":{"line":78,"column":25},"end":{"line":78,"column":35}},"49":{"start":{"line":80,"column":16},"end":{"line":80,"column":76}},"50":{"start":{"line":80,"column":45},"end":{"line":80,"column":72}},"51":{"start":{"line":84,"column":4},"end":{"line":318,"column":6}},"52":{"start":{"line":96,"column":70},"end":{"line":96,"column":97}},"53":{"start":{"line":103,"column":62},"end":{"line":103,"column":90}},"54":{"start":{"line":104,"column":59},"end":{"line":104,"column":78}},"55":{"start":{"line":111,"column":49},"end":{"line":111,"column":81}},"56":{"start":{"line":118,"column":49},"end":{"line":118,"column":83}},"57":{"start":{"line":122,"column":73},"end":{"line":122,"column":103}},"58":{"start":{"line":131,"column":49},"end":{"line":131,"column":75}},"59":{"start":{"line":139,"column":36},"end":{"line":159,"column":43}},"60":{"start":{"line":151,"column":53},"end":{"line":151,"column":63}},"61":{"start":{"line":153,"column":44},"end":{"line":153,"column":80}},"62":{"start":{"line":154,"column":44},"end":{"line":154,"column":73}},"63":{"start":{"line":155,"column":44},"end":{"line":155,"column":65}},"64":{"start":{"line":156,"column":44},"end":{"line":156,"column":67}},"65":{"start":{"line":157,"column":44},"end":{"line":157,"column":66}},"66":{"start":{"line":158,"column":44},"end":{"line":158,"column":59}},"67":{"start":{"line":164,"column":74},"end":{"line":164,"column":102}},"68":{"start":{"line":203,"column":91},"end":{"line":203,"column":122}},"69":{"start":{"line":216,"column":45},"end":{"line":216,"column":74}},"70":{"start":{"line":236,"column":47},"end":{"line":236,"column":107}},"71":{"start":{"line":238,"column":28},"end":{"line":291,"column":30}},"72":{"start":{"line":245,"column":61},"end":{"line":245,"column":114}},"73":{"start":{"line":250,"column":48},"end":{"line":250,"column":116}},"74":{"start":{"line":257,"column":61},"end":{"line":257,"column":112}},"75":{"start":{"line":270,"column":61},"end":{"line":270,"column":114}},"76":{"start":{"line":282,"column":84},"end":{"line":282,"column":109}},"77":{"start":{"line":285,"column":95},"end":{"line":285,"column":142}},"78":{"start":{"line":286,"column":94},"end":{"line":286,"column":141}},"79":{"start":{"line":298,"column":66},"end":{"line":298,"column":89}},"80":{"start":{"line":299,"column":63},"end":{"line":299,"column":82}},"81":{"start":{"line":311,"column":55},"end":{"line":311,"column":78}}},"fnMap":{"0":{"name":"(anonymous_0)","decl":{"start":{"line":5,"column":16},"end":{"line":5,"column":17}},"loc":{"start":{"line":5,"column":22},"end":{"line":319,"column":1}},"line":5},"1":{"name":"(anonymous_1)","decl":{"start":{"line":19,"column":14},"end":{"line":19,"column":15}},"loc":{"start":{"line":19,"column":20},"end":{"line":31,"column":5}},"line":19},"2":{"name":"(anonymous_2)","decl":{"start":{"line":21,"column":18},"end":{"line":21,"column":19}},"loc":{"start":{"line":21,"column":25},"end":{"line":21,"column":35}},"line":21},"3":{"name":"(anonymous_3)","decl":{"start":{"line":22,"column":18},"end":{"line":22,"column":19}},"loc":{"start":{"line":22,"column":26},"end":{"line":22,"column":53}},"line":22},"4":{"name":"(anonymous_4)","decl":{"start":{"line":25,"column":18},"end":{"line":25,"column":19}},"loc":{"start":{"line":25,"column":25},"end":{"line":25,"column":35}},"line":25},"5":{"name":"(anonymous_5)","decl":{"start":{"line":26,"column":18},"end":{"line":26,"column":19}},"loc":{"start":{"line":26,"column":26},"end":{"line":26,"column":51}},"line":26},"6":{"name":"(anonymous_6)","decl":{"start":{"line":29,"column":18},"end":{"line":29,"column":19}},"loc":{"start":{"line":29,"column":25},"end":{"line":29,"column":35}},"line":29},"7":{"name":"(anonymous_7)","decl":{"start":{"line":30,"column":18},"end":{"line":30,"column":19}},"loc":{"start":{"line":30,"column":26},"end":{"line":30,"column":52}},"line":30},"8":{"name":"(anonymous_8)","decl":{"start":{"line":33,"column":43},"end":{"line":33,"column":44}},"loc":{"start":{"line":34,"column":8},"end":{"line":41,"column":99}},"line":34},"9":{"name":"(anonymous_9)","decl":{"start":{"line":45,"column":27},"end":{"line":45,"column":28}},"loc":{"start":{"line":45,"column":39},"end":{"line":53,"column":5}},"line":45},"10":{"name":"(anonymous_10)","decl":{"start":{"line":55,"column":29},"end":{"line":55,"column":30}},"loc":{"start":{"line":55,"column":43},"end":{"line":63,"column":5}},"line":55},"11":{"name":"(anonymous_11)","decl":{"start":{"line":65,"column":24},"end":{"line":65,"column":25}},"loc":{"start":{"line":65,"column":34},"end":{"line":70,"column":5}},"line":65},"12":{"name":"(anonymous_12)","decl":{"start":{"line":72,"column":25},"end":{"line":72,"column":26}},"loc":{"start":{"line":72,"column":42},"end":{"line":82,"column":5}},"line":72},"13":{"name":"(anonymous_13)","decl":{"start":{"line":78,"column":18},"end":{"line":78,"column":19}},"loc":{"start":{"line":78,"column":25},"end":{"line":78,"column":35}},"line":78},"14":{"name":"(anonymous_14)","decl":{"start":{"line":79,"column":18},"end":{"line":79,"column":19}},"loc":{"start":{"line":79,"column":26},"end":{"line":81,"column":13}},"line":79},"15":{"name":"(anonymous_15)","decl":{"start":{"line":80,"column":39},"end":{"line":80,"column":40}},"loc":{"start":{"line":80,"column":45},"end":{"line":80,"column":72}},"line":80},"16":{"name":"(anonymous_16)","decl":{"start":{"line":96,"column":64},"end":{"line":96,"column":65}},"loc":{"start":{"line":96,"column":70},"end":{"line":96,"column":97}},"line":96},"17":{"name":"(anonymous_17)","decl":{"start":{"line":103,"column":56},"end":{"line":103,"column":57}},"loc":{"start":{"line":103,"column":62},"end":{"line":103,"column":90}},"line":103},"18":{"name":"(anonymous_18)","decl":{"start":{"line":104,"column":52},"end":{"line":104,"column":53}},"loc":{"start":{"line":104,"column":59},"end":{"line":104,"column":78}},"line":104},"19":{"name":"(anonymous_19)","decl":{"start":{"line":111,"column":42},"end":{"line":111,"column":43}},"loc":{"start":{"line":111,"column":49},"end":{"line":111,"column":81}},"line":111},"20":{"name":"(anonymous_20)","decl":{"start":{"line":118,"column":42},"end":{"line":118,"column":43}},"loc":{"start":{"line":118,"column":49},"end":{"line":118,"column":83}},"line":118},"21":{"name":"(anonymous_21)","decl":{"start":{"line":122,"column":66},"end":{"line":122,"column":67}},"loc":{"start":{"line":122,"column":73},"end":{"line":122,"column":103}},"line":122},"22":{"name":"(anonymous_22)","decl":{"start":{"line":131,"column":42},"end":{"line":131,"column":43}},"loc":{"start":{"line":131,"column":49},"end":{"line":131,"column":75}},"line":131},"23":{"name":"(anonymous_23)","decl":{"start":{"line":138,"column":41},"end":{"line":138,"column":42}},"loc":{"start":{"line":138,"column":47},"end":{"line":160,"column":33}},"line":138},"24":{"name":"(anonymous_24)","decl":{"start":{"line":151,"column":46},"end":{"line":151,"column":47}},"loc":{"start":{"line":151,"column":53},"end":{"line":151,"column":63}},"line":151},"25":{"name":"(anonymous_25)","decl":{"start":{"line":152,"column":46},"end":{"line":152,"column":47}},"loc":{"start":{"line":152,"column":54},"end":{"line":159,"column":41}},"line":152},"26":{"name":"(anonymous_26)","decl":{"start":{"line":164,"column":68},"end":{"line":164,"column":69}},"loc":{"start":{"line":164,"column":74},"end":{"line":164,"column":102}},"line":164},"27":{"name":"(anonymous_27)","decl":{"start":{"line":203,"column":84},"end":{"line":203,"column":85}},"loc":{"start":{"line":203,"column":91},"end":{"line":203,"column":122}},"line":203},"28":{"name":"(anonymous_28)","decl":{"start":{"line":216,"column":38},"end":{"line":216,"column":39}},"loc":{"start":{"line":216,"column":45},"end":{"line":216,"column":74}},"line":216},"29":{"name":"(anonymous_29)","decl":{"start":{"line":235,"column":45},"end":{"line":235,"column":46}},"loc":{"start":{"line":235,"column":55},"end":{"line":292,"column":25}},"line":235},"30":{"name":"(anonymous_30)","decl":{"start":{"line":245,"column":54},"end":{"line":245,"column":55}},"loc":{"start":{"line":245,"column":61},"end":{"line":245,"column":114}},"line":245},"31":{"name":"(anonymous_31)","decl":{"start":{"line":249,"column":56},"end":{"line":249,"column":57}},"loc":{"start":{"line":250,"column":48},"end":{"line":250,"column":116}},"line":250},"32":{"name":"(anonymous_32)","decl":{"start":{"line":257,"column":54},"end":{"line":257,"column":55}},"loc":{"start":{"line":257,"column":61},"end":{"line":257,"column":112}},"line":257},"33":{"name":"(anonymous_33)","decl":{"start":{"line":270,"column":54},"end":{"line":270,"column":55}},"loc":{"start":{"line":270,"column":61},"end":{"line":270,"column":114}},"line":270},"34":{"name":"(anonymous_34)","decl":{"start":{"line":282,"column":78},"end":{"line":282,"column":79}},"loc":{"start":{"line":282,"column":84},"end":{"line":282,"column":109}},"line":282},"35":{"name":"(anonymous_35)","decl":{"start":{"line":285,"column":89},"end":{"line":285,"column":90}},"loc":{"start":{"line":285,"column":95},"end":{"line":285,"column":142}},"line":285},"36":{"name":"(anonymous_36)","decl":{"start":{"line":286,"column":88},"end":{"line":286,"column":89}},"loc":{"start":{"line":286,"column":94},"end":{"line":286,"column":141}},"line":286},"37":{"name":"(anonymous_37)","decl":{"start":{"line":298,"column":60},"end":{"line":298,"column":61}},"loc":{"start":{"line":298,"column":66},"end":{"line":298,"column":89}},"line":298},"38":{"name":"(anonymous_38)","decl":{"start":{"line":299,"column":56},"end":{"line":299,"column":57}},"loc":{"start":{"line":299,"column":63},"end":{"line":299,"column":82}},"line":299},"39":{"name":"(anonymous_39)","decl":{"start":{"line":311,"column":49},"end":{"line":311,"column":50}},"loc":{"start":{"line":311,"column":55},"end":{"line":311,"column":78}},"line":311}},"branchMap":{"0":{"loc":{"start":{"line":22,"column":37},"end":{"line":22,"column":52}},"type":"binary-expr","locations":[{"start":{"line":22,"column":37},"end":{"line":22,"column":46}},{"start":{"line":22,"column":50},"end":{"line":22,"column":52}}],"line":22},"1":{"loc":{"start":{"line":26,"column":35},"end":{"line":26,"column":50}},"type":"binary-expr","locations":[{"start":{"line":26,"column":35},"end":{"line":26,"column":44}},{"start":{"line":26,"column":48},"end":{"line":26,"column":50}}],"line":26},"2":{"loc":{"start":{"line":30,"column":36},"end":{"line":30,"column":51}},"type":"binary-expr","locations":[{"start":{"line":30,"column":36},"end":{"line":30,"column":45}},{"start":{"line":30,"column":49},"end":{"line":30,"column":51}}],"line":30},"3":{"loc":{"start":{"line":34,"column":8},"end":{"line":41,"column":99}},"type":"binary-expr","locations":[{"start":{"line":34,"column":8},"end":{"line":34,"column":14}},{"start":{"line":35,"column":13},"end":{"line":35,"column":74}},{"start":{"line":36,"column":16},"end":{"line":36,"column":86}},{"start":{"line":37,"column":16},"end":{"line":37,"column":77}},{"start":{"line":38,"column":16},"end":{"line":38,"column":79}},{"start":{"line":39,"column":16},"end":{"line":39,"column":81}},{"start":{"line":41,"column":9},"end":{"line":41,"column":31}},{"start":{"line":41,"column":35},"end":{"line":41,"column":98}}],"line":34},"4":{"loc":{"start":{"line":46,"column":8},"end":{"line":52,"column":9}},"type":"switch","locations":[{"start":{"line":47,"column":12},"end":{"line":47,"column":51}},{"start":{"line":48,"column":12},"end":{"line":48,"column":55}},{"start":{"line":49,"column":12},"end":{"line":49,"column":52}},{"start":{"line":50,"column":12},"end":{"line":50,"column":51}},{"start":{"line":51,"column":12},"end":{"line":51,"column":44}}],"line":46},"5":{"loc":{"start":{"line":56,"column":8},"end":{"line":62,"column":9}},"type":"switch","locations":[{"start":{"line":57,"column":12},"end":{"line":57,"column":51}},{"start":{"line":58,"column":12},"end":{"line":58,"column":48}},{"start":{"line":59,"column":12},"end":{"line":59,"column":49}},{"start":{"line":60,"column":12},"end":{"line":60,"column":47}},{"start":{"line":61,"column":12},"end":{"line":61,"column":44}}],"line":56},"6":{"loc":{"start":{"line":66,"column":8},"end":{"line":66,"column":69}},"type":"if","locations":[{"start":{"line":66,"column":8},"end":{"line":66,"column":69}},{"start":{},"end":{}}],"line":66},"7":{"loc":{"start":{"line":67,"column":8},"end":{"line":67,"column":84}},"type":"if","locations":[{"start":{"line":67,"column":8},"end":{"line":67,"column":84}},{"start":{},"end":{}}],"line":67},"8":{"loc":{"start":{"line":68,"column":8},"end":{"line":68,"column":71}},"type":"if","locations":[{"start":{"line":68,"column":8},"end":{"line":68,"column":71}},{"start":{},"end":{}}],"line":68},"9":{"loc":{"start":{"line":80,"column":45},"end":{"line":80,"column":72}},"type":"cond-expr","locations":[{"start":{"line":80,"column":59},"end":{"line":80,"column":68}},{"start":{"line":80,"column":71},"end":{"line":80,"column":72}}],"line":80},"10":{"loc":{"start":{"line":102,"column":13},"end":{"line":168,"column":13}},"type":"binary-expr","locations":[{"start":{"line":102,"column":13},"end":{"line":102,"column":31}},{"start":{"line":103,"column":16},"end":{"line":167,"column":22}}],"line":102},"11":{"loc":{"start":{"line":174,"column":47},"end":{"line":174,"column":65}},"type":"binary-expr","locations":[{"start":{"line":174,"column":47},"end":{"line":174,"column":60}},{"start":{"line":174,"column":64},"end":{"line":174,"column":65}}],"line":174},"12":{"loc":{"start":{"line":178,"column":47},"end":{"line":178,"column":69}},"type":"binary-expr","locations":[{"start":{"line":178,"column":47},"end":{"line":178,"column":64}},{"start":{"line":178,"column":68},"end":{"line":178,"column":69}}],"line":178},"13":{"loc":{"start":{"line":182,"column":47},"end":{"line":182,"column":66}},"type":"binary-expr","locations":[{"start":{"line":182,"column":47},"end":{"line":182,"column":61}},{"start":{"line":182,"column":65},"end":{"line":182,"column":66}}],"line":182},"14":{"loc":{"start":{"line":186,"column":47},"end":{"line":186,"column":66}},"type":"binary-expr","locations":[{"start":{"line":186,"column":47},"end":{"line":186,"column":61}},{"start":{"line":186,"column":65},"end":{"line":186,"column":66}}],"line":186},"15":{"loc":{"start":{"line":190,"column":47},"end":{"line":190,"column":66}},"type":"binary-expr","locations":[{"start":{"line":190,"column":47},"end":{"line":190,"column":61}},{"start":{"line":190,"column":65},"end":{"line":190,"column":66}}],"line":190},"16":{"loc":{"start":{"line":236,"column":47},"end":{"line":236,"column":107}},"type":"binary-expr","locations":[{"start":{"line":236,"column":47},"end":{"line":236,"column":75}},{"start":{"line":236,"column":79},"end":{"line":236,"column":107}}],"line":236},"17":{"loc":{"start":{"line":244,"column":51},"end":{"line":244,"column":72}},"type":"binary-expr","locations":[{"start":{"line":244,"column":51},"end":{"line":244,"column":66}},{"start":{"line":244,"column":70},"end":{"line":244,"column":72}}],"line":244},"18":{"loc":{"start":{"line":283,"column":41},"end":{"line":288,"column":41}},"type":"binary-expr","locations":[{"start":{"line":283,"column":41},"end":{"line":283,"column":52}},{"start":{"line":284,"column":44},"end":{"line":287,"column":47}}],"line":283},"19":{"loc":{"start":{"line":297,"column":17},"end":{"line":315,"column":17}},"type":"binary-expr","locations":[{"start":{"line":297,"column":17},"end":{"line":297,"column":31}},{"start":{"line":298,"column":20},"end":{"line":314,"column":26}}],"line":297},"20":{"loc":{"start":{"line":304,"column":63},"end":{"line":304,"column":102}},"type":"binary-expr","locations":[{"start":{"line":304,"column":63},"end":{"line":304,"column":86}},{"start":{"line":304,"column":90},"end":{"line":304,"column":102}}],"line":304},"21":{"loc":{"start":{"line":308,"column":59},"end":{"line":308,"column":114}},"type":"binary-expr","locations":[{"start":{"line":308,"column":59},"end":{"line":308,"column":78}},{"start":{"line":308,"column":82},"end":{"line":308,"column":114}}],"line":308}},"s":{"0":1,"1":17,"2":17,"3":17,"4":17,"5":17,"6":17,"7":17,"8":17,"9":17,"10":17,"11":17,"12":17,"13":7,"14":7,"15":7,"16":7,"17":7,"18":7,"19":7,"20":7,"21":7,"22":17,"23":6,"24":17,"25":6,"26":6,"27":0,"28":0,"29":0,"30":0,"31":17,"32":6,"33":0,"34":0,"35":0,"36":6,"37":0,"38":17,"39":6,"40":6,"41":0,"42":0,"43":0,"44":0,"45":0,"46":17,"47":0,"48":0,"49":0,"50":0,"51":17,"52":1,"53":0,"54":1,"55":0,"56":0,"57":0,"58":0,"59":0,"60":0,"61":0,"62":0,"63":0,"64":0,"65":0,"66":0,"67":1,"68":1,"69":1,"70":6,"71":6,"72":0,"73":6,"74":0,"75":0,"76":1,"77":0,"78":0,"79":0,"80":1,"81":1},"f":{"0":17,"1":7,"2":7,"3":7,"4":7,"5":7,"6":7,"7":7,"8":6,"9":6,"10":6,"11":6,"12":0,"13":0,"14":0,"15":0,"16":1,"17":0,"18":1,"19":0,"20":0,"21":0,"22":0,"23":0,"24":0,"25":0,"26":1,"27":1,"28":1,"29":6,"30":0,"31":6,"32":0,"33":0,"34":1,"35":0,"36":0,"37":0,"38":1,"39":1},"b":{"0":[7,0],"1":[7,0],"2":[7,0],"3":[6,6,1,0,0,0,6,1],"4":[6,0,0,0,0],"5":[0,0,0,6,0],"6":[6,0],"7":[0,0],"8":[0,0],"9":[0,0],"10":[17,1],"11":[17,11],"12":[17,17],"13":[17,17],"14":[17,17],"15":[17,11],"16":[6,6],"17":[6,6],"18":[6,6],"19":[17,1],"20":[1,1],"21":[1,0]},"_coverageSchema":"1a1c01bbd47fc00a2c39e90264f33305004495a9","hash":"45c46bb2b8ca02310885a3edb1290379a4d1ca21"}
,"C:\\Users\\jessi\\Videos\\CapStone\\Secure-File-Sharing-Platform\\sfsp-admin\\src\\ui\\users\\Users.jsx": {"path":"C:\\Users\\jessi\\Videos\\CapStone\\Secure-File-Sharing-Platform\\sfsp-admin\\src\\ui\\users\\Users.jsx","statementMap":{"0":{"start":{"line":5,"column":14},"end":{"line":533,"column":1}},"1":{"start":{"line":6,"column":40},"end":{"line":6,"column":52}},"2":{"start":{"line":7,"column":54},"end":{"line":7,"column":69}},"3":{"start":{"line":8,"column":52},"end":{"line":8,"column":64}},"4":{"start":{"line":9,"column":46},"end":{"line":9,"column":58}},"5":{"start":{"line":10,"column":44},"end":{"line":10,"column":56}},"6":{"start":{"line":11,"column":46},"end":{"line":11,"column":61}},"7":{"start":{"line":12,"column":52},"end":{"line":12,"column":67}},"8":{"start":{"line":13,"column":44},"end":{"line":13,"column":58}},"9":{"start":{"line":14,"column":40},"end":{"line":14,"column":51}},"10":{"start":{"line":15,"column":50},"end":{"line":15,"column":61}},"11":{"start":{"line":16,"column":30},"end":{"line":16,"column":42}},"12":{"start":{"line":17,"column":48},"end":{"line":17,"column":63}},"13":{"start":{"line":18,"column":42},"end":{"line":18,"column":54}},"14":{"start":{"line":19,"column":46},"end":{"line":19,"column":61}},"15":{"start":{"line":20,"column":42},"end":{"line":20,"column":56}},"16":{"start":{"line":21,"column":46},"end":{"line":21,"column":58}},"17":{"start":{"line":22,"column":48},"end":{"line":22,"column":60}},"18":{"start":{"line":23,"column":42},"end":{"line":23,"column":54}},"19":{"start":{"line":25,"column":4},"end":{"line":44,"column":11}},"20":{"start":{"line":26,"column":27},"end":{"line":41,"column":9}},"21":{"start":{"line":27,"column":12},"end":{"line":40,"column":13}},"22":{"start":{"line":28,"column":28},"end":{"line":28,"column":80}},"23":{"start":{"line":29,"column":29},"end":{"line":29,"column":45}},"24":{"start":{"line":31,"column":16},"end":{"line":37,"column":17}},"25":{"start":{"line":32,"column":43},"end":{"line":35,"column":23}},"26":{"start":{"line":32,"column":64},"end":{"line":35,"column":21}},"27":{"start":{"line":36,"column":20},"end":{"line":36,"column":45}},"28":{"start":{"line":39,"column":16},"end":{"line":39,"column":61}},"29":{"start":{"line":43,"column":8},"end":{"line":43,"column":21}},"30":{"start":{"line":48,"column":4},"end":{"line":64,"column":11}},"31":{"start":{"line":49,"column":28},"end":{"line":61,"column":9}},"32":{"start":{"line":50,"column":12},"end":{"line":60,"column":13}},"33":{"start":{"line":51,"column":28},"end":{"line":51,"column":86}},"34":{"start":{"line":52,"column":29},"end":{"line":52,"column":45}},"35":{"start":{"line":54,"column":16},"end":{"line":57,"column":17}},"36":{"start":{"line":55,"column":20},"end":{"line":55,"column":51}},"37":{"start":{"line":56,"column":20},"end":{"line":56,"column":56}},"38":{"start":{"line":59,"column":16},"end":{"line":59,"column":67}},"39":{"start":{"line":63,"column":8},"end":{"line":63,"column":22}},"40":{"start":{"line":67,"column":26},"end":{"line":71,"column":5}},"41":{"start":{"line":68,"column":8},"end":{"line":70,"column":70}},"42":{"start":{"line":73,"column":29},"end":{"line":98,"column":5}},"43":{"start":{"line":74,"column":8},"end":{"line":97,"column":9}},"44":{"start":{"line":75,"column":24},"end":{"line":79,"column":14}},"45":{"start":{"line":81,"column":25},"end":{"line":81,"column":41}},"46":{"start":{"line":83,"column":12},"end":{"line":90,"column":13}},"47":{"start":{"line":84,"column":16},"end":{"line":84,"column":68}},"48":{"start":{"line":84,"column":33},"end":{"line":84,"column":66}},"49":{"start":{"line":84,"column":50},"end":{"line":84,"column":65}},"50":{"start":{"line":85,"column":16},"end":{"line":85,"column":48}},"51":{"start":{"line":85,"column":38},"end":{"line":85,"column":46}},"52":{"start":{"line":86,"column":16},"end":{"line":86,"column":75}},"53":{"start":{"line":86,"column":38},"end":{"line":86,"column":75}},"54":{"start":{"line":86,"column":65},"end":{"line":86,"column":73}},"55":{"start":{"line":87,"column":16},"end":{"line":87,"column":80}},"56":{"start":{"line":89,"column":16},"end":{"line":89,"column":73}},"57":{"start":{"line":92,"column":12},"end":{"line":92,"column":56}},"58":{"start":{"line":92,"column":29},"end":{"line":92,"column":48}},"59":{"start":{"line":94,"column":12},"end":{"line":94,"column":57}},"60":{"start":{"line":95,"column":12},"end":{"line":95,"column":53}},"61":{"start":{"line":96,"column":12},"end":{"line":96,"column":56}},"62":{"start":{"line":96,"column":29},"end":{"line":96,"column":48}},"63":{"start":{"line":101,"column":30},"end":{"line":104,"column":5}},"64":{"start":{"line":102,"column":8},"end":{"line":102,"column":30}},"65":{"start":{"line":103,"column":8},"end":{"line":103,"column":34}},"66":{"start":{"line":106,"column":27},"end":{"line":109,"column":5}},"67":{"start":{"line":107,"column":8},"end":{"line":107,"column":30}},"68":{"start":{"line":108,"column":8},"end":{"line":108,"column":31}},"69":{"start":{"line":111,"column":28}
[...]
e":122,"column":48}},"line":122},"19":{"name":"(anonymous_19)","decl":{"start":{"line":141,"column":25},"end":{"line":141,"column":26}},"loc":{"start":{"line":142,"column":20},"end":{"line":142,"column":123}},"line":142},"20":{"name":"(anonymous_20)","decl":{"start":{"line":142,"column":29},"end":{"line":142,"column":30}},"loc":{"start":{"line":142,"column":34},"end":{"line":142,"column":122}},"line":142},"21":{"name":"(anonymous_21)","decl":{"start":{"line":148,"column":23},"end":{"line":148,"column":24}},"loc":{"start":{"line":148,"column":29},"end":{"line":148,"column":48}},"line":148},"22":{"name":"(anonymous_22)","decl":{"start":{"line":152,"column":23},"end":{"line":152,"column":24}},"loc":{"start":{"line":152,"column":29},"end":{"line":152,"column":48}},"line":152},"23":{"name":"(anonymous_23)","decl":{"start":{"line":156,"column":30},"end":{"line":156,"column":31}},"loc":{"start":{"line":156,"column":42},"end":{"line":205,"column":5}},"line":156},"24":{"name":"(anonymous_24)","decl":{"start":{"line":159,"column":23},"end":{"line":159,"column":24}},"loc":{"start":{"line":159,"column":29},"end":{"line":159,"column":48}},"line":159},"25":{"name":"(anonymous_25)","decl":{"start":{"line":177,"column":25},"end":{"line":177,"column":26}},"loc":{"start":{"line":178,"column":20},"end":{"line":182,"column":21}},"line":178},"26":{"name":"(anonymous_26)","decl":{"start":{"line":178,"column":29},"end":{"line":178,"column":30}},"loc":{"start":{"line":179,"column":24},"end":{"line":181,"column":31}},"line":179},"27":{"name":"(anonymous_27)","decl":{"start":{"line":188,"column":35},"end":{"line":188,"column":36}},"loc":{"start":{"line":188,"column":43},"end":{"line":188,"column":51}},"line":188},"28":{"name":"(anonymous_28)","decl":{"start":{"line":189,"column":27},"end":{"line":189,"column":28}},"loc":{"start":{"line":189,"column":33},"end":{"line":189,"column":52}},"line":189},"29":{"name":"(anonymous_29)","decl":{"start":{"line":192,"column":27},"end":{"line":192,"column":28}},"loc":{"start":{"line":192,"column":33},"end":{"line":192,"column":52}},"line":192},"30":{"name":"(anonymous_30)","decl":{"start":{"line":200,"column":23},"end":{"line":200,"column":24}},"loc":{"start":{"line":200,"column":29},"end":{"line":200,"column":48}},"line":200},"31":{"name":"(anonymous_31)","decl":{"start":{"line":207,"column":29},"end":{"line":207,"column":30}},"loc":{"start":{"line":207,"column":56},"end":{"line":227,"column":5}},"line":207},"32":{"name":"(anonymous_32)","decl":{"start":{"line":218,"column":25},"end":{"line":218,"column":26}},"loc":{"start":{"line":219,"column":20},"end":{"line":219,"column":94}},"line":219},"33":{"name":"(anonymous_33)","decl":{"start":{"line":219,"column":29},"end":{"line":219,"column":30}},"loc":{"start":{"line":219,"column":38},"end":{"line":219,"column":92}},"line":219},"34":{"name":"(anonymous_34)","decl":{"start":{"line":221,"column":27},"end":{"line":221,"column":28}},"loc":{"start":{"line":221,"column":33},"end":{"line":221,"column":52}},"line":221},"35":{"name":"(anonymous_35)","decl":{"start":{"line":222,"column":35},"end":{"line":222,"column":36}},"loc":{"start":{"line":222,"column":43},"end":{"line":222,"column":51}},"line":222},"36":{"name":"(anonymous_36)","decl":{"start":{"line":229,"column":25},"end":{"line":229,"column":26}},"loc":{"start":{"line":229,"column":35},"end":{"line":229,"column":83}},"line":229},"37":{"name":"(anonymous_37)","decl":{"start":{"line":265,"column":37},"end":{"line":265,"column":38}},"loc":{"start":{"line":265,"column":43},"end":{"line":265,"column":69}},"line":265},"38":{"name":"(anonymous_38)","decl":{"start":{"line":271,"column":57},"end":{"line":271,"column":58}},"loc":{"start":{"line":271,"column":63},"end":{"line":271,"column":90}},"line":271},"39":{"name":"(anonymous_39)","decl":{"start":{"line":272,"column":52},"end":{"line":272,"column":53}},"loc":{"start":{"line":272,"column":59},"end":{"line":272,"column":78}},"line":272},"40":{"name":"(anonymous_40)","decl":{"start":{"line":282,"column":42},"end":{"line":282,"column":43}},"loc":{"start":{"line":282,"column":49},"end":{"line":282,"column":84}},"line":282},"41":{"name":"(anonymous_41)","decl":{"start":{"line":289,"column":42},"end":{"line":289,"column":43}},"loc":{"start":{"line":289,"column":49},"end":{"line":289,"column":81}},"line":289},"42":{"name":"(anonymous_42)","decl":{"start":{"line":300,"column":44},"end":{"line":300,"column":45}},"loc":{"start":{"line":300,"column":54},"end":{"line":300,"column":75}},"line":300},"43":{"name":"(anonymous_43)","decl":{"start":{"line":301,"column":41},"end":{"line":301,"column":42}},"loc":{"start":{"line":302,"column":40},"end":{"line":328,"column":46}},"line":302},"44":{"name":"(anonymous_44)","decl":{"start":{"line":310,"column":65},"end":{"line":310,"column":66}},"loc":{"start":{"line":310,"column":72},"end":{"line":310,"column":76}},"line":310},"45":{"name":"(anonymous_45)","decl":{"start":{"line":322,"column":58},"end":{"line":322,"column":59}},"loc":{"start":{"line":322,"column":65},"end":{"line":322,"column":107}},"line":322},"46":{"name":"(anonymous_46)","decl":{"start":{"line":348,"column":38},"end":{"line":348,"column":39}},"loc":{"start":{"line":348,"column":45},"end":{"line":348,"column":74}},"line":348},"47":{"name":"(anonymous_47)","decl":{"start":{"line":363,"column":43},"end":{"line":363,"column":44}},"loc":{"start":{"line":364,"column":28},"end":{"line":409,"column":33}},"line":364},"48":{"name":"(anonymous_48)","decl":{"start":{"line":373,"column":57},"end":{"line":373,"column":58}},"loc":{"start":{"line":373,"column":62},"end":{"line":373,"column":66}},"line":373},"49":{"name":"(anonymous_49)","decl":{"start":{"line":396,"column":74},"end":{"line":396,"column":75}},"loc":{"start":{"line":396,"column":80},"end":{"line":396,"column":100}},"line":396},"50":{"name":"(anonymous_50)","decl":{"start":{"line":399,"column":77},"end":{"line":399,"column":78}},"loc":{"start":{"line":399,"column":83},"end":{"line":399,"column":106}},"line":399},"51":{"name":"(anonymous_51)","decl":{"start":{"line":402,"column":76},"end":{"line":402,"column":77}},"loc":{"start":{"line":402,"column":82},"end":{"line":402,"column":133}},"line":402},"52":{"name":"(anonymous_52)","decl":{"start":{"line":405,"column":75},"end":{"line":405,"column":76}},"loc":{"start":{"line":405,"column":81},"end":{"line":405,"column":120}},"line":405},"53":{"name":"(anonymous_53)","decl":{"start":{"line":417,"column":57},"end":{"line":417,"column":58}},"loc":{"start":{"line":417,"column":63},"end":{"line":417,"column":86}},"line":417},"54":{"name":"(anonymous_54)","decl":{"start":{"line":418,"column":52},"end":{"line":418,"column":53}},"loc":{"start":{"line":418,"column":59},"end":{"line":418,"column":78}},"line":418},"55":{"name":"(anonymous_55)","decl":{"start":{"line":436,"column":63},"end":{"line":436,"column":64}},"loc":{"start":{"line":436,"column":69},"end":{"line":436,"column":92}},"line":436},"56":{"name":"(anonymous_56)","decl":{"start":{"line":443,"column":57},"end":{"line":443,"column":58}},"loc":{"start":{"line":443,"column":63},"end":{"line":443,"column":89}},"line":443},"57":{"name":"(anonymous_57)","decl":{"start":{"line":444,"column":52},"end":{"line":444,"column":53}},"loc":{"start":{"line":444,"column":59},"end":{"line":444,"column":78}},"line":444},"58":{"name":"(anonymous_58)","decl":{"start":{"line":451,"column":38},"end":{"line":451,"column":39}},"loc":{"start":{"line":451,"column":45},"end":{"line":451,"column":78}},"line":451},"59":{"name":"(anonymous_59)","decl":{"start":{"line":457,"column":38},"end":{"line":457,"column":39}},"loc":{"start":{"line":457,"column":45},"end":{"line":457,"column":75}},"line":457},"60":{"name":"(anonymous_60)","decl":{"start":{"line":462,"column":41},"end":{"line":462,"column":42}},"loc":{"start":{"line":462,"column":53},"end":{"line":489,"column":33}},"line":462},"61":{"name":"(anonymous_61)","decl":{"start":{"line":478,"column":55},"end":{"line":478,"column":56}},"loc":{"start":{"line":478,"column":61},"end":{"line":478,"column":80}},"line":478},"62":{"name":"(anonymous_62)","decl":{"start":{"line":493,"column":68},"end":{"line":493,"column":69}},"loc":{"start":{"line":493,"column":74},"end":{"line":493,"column":100}},"line":493},"63":{"name":"(anonymous_63)","decl":{"start":{"line":503,"column":57},"end":{"line":503,"column":58}},"loc":{"start":{"line":503,"column":63},"end":{"line":503,"column":87}},"line":503},"64":{"name":"(anonymous_64)","decl":{"start":{"line":504,"column":52},"end":{"line":504,"column":53}},"loc":{"start":{"line":504,"column":59},"end":{"line":504,"column":78}},"line":504},"65":{"name":"(anonymous_65)","decl":{"start":{"line":512,"column":38},"end":{"line":512,"column":39}},"loc":{"start":{"line":512,"column":45},"end":{"line":512,"column":75}},"line":512},"66":{"name":"(anonymous_66)","decl":{"start":{"line":517,"column":84},"end":{"line":517,"column":85}},"loc":{"start":{"line":517,"column":91},"end":{"line":517,"column":123}},"line":517},"67":{"name":"(anonymous_67)","decl":{"start":{"line":525,"column":68},"end":{"line":525,"column":69}},"loc":{"start":{"line":525,"column":74},"end":{"line":525,"column":98}},"line":525}},"branchMap":{"0":{"loc":{"start":{"line":31,"column":16},"end":{"line":37,"column":17}},"type":"if","locations":[{"start":{"line":31,"column":16},"end":{"line":37,"column":17}},{"start":{},"end":{}}],"line":31},"1":{"loc":{"start":{"line":54,"column":16},"end":{"line":57,"column":17}},"type":"if","locations":[{"start":{"line":54,"column":16},"end":{"line":57,"column":17}},{"start":{},"end":{}}],"line":54},"2":{"loc":{"start":{"line":68,"column":8},"end":{"line":70,"column":70}},"type":"binary-expr","locations":[{"start":{"line":68,"column":8},"end":{"line":68,"column":67}},{"start":{"line":69,"column":8},"end":{"line":69,"column":66}},{"start":{"line":70,"column":8},"end":{"line":70,"column":70}}],"line":68},"3":{"loc":{"start":{"line":83,"column":12},"end":{"line":90,"column":13}},"type":"if","locations":[{"start":{"line":83,"column":12},"end":{"line":90,"column":13}},{"start":{"line":88,"column":19},"end":{"line":90,"column":13}}],"line":83},"4":{"loc":{"start":{"line":86,"column":16},"end":{"line":86,"column":75}},"type":"if","locations":[{"start":{"line":86,"column":16},"end":{"line":86,"column":75}},{"start":{},"end":{}}],"line":86},"5":{"loc":{"start":{"line":89,"column":32},"end":{"line":89,"column":71}},"type":"binary-expr","locations":[{"start":{"line":89,"column":32},"end":{"line":89,"column":44}},{"start":{"line":89,"column":48},"end":{"line":89,"column":71}}],"line":89},"6":{"loc":{"start":{"line":120,"column":8},"end":{"line":124,"column":9}},"type":"if","locations":[{"start":{"line":120,"column":8},"end":{"line":124,"column":9}},{"start":{},"end":{}}],"line":120},"7":{"loc":{"start":{"line":139,"column":12},"end":{"line":147,"column":13}},"type":"if","locations":[{"start":{"line":139,"column":12},"end":{"line":147,"column":13}},{"start":{"line":145,"column":19},"end":{"line":147,"column":13}}],"line":139},"8":{"loc":{"start":{"line":142,"column":34},"end":{"line":142,"column":122}},"type":"cond-expr","locations":[{"start":{"line":142,"column":57},"end":{"line":142,"column":118}},{"start":{"line":142,"column":121},"end":{"line":142,"column":122}}],"line":142},"9":{"loc":{"start":{"line":146,"column":32},"end":{"line":146,"column":70}},"type":"binary-expr","locations":[{"start":{"line":146,"column":32},"end":{"line":146,"column":44}},{"start":{"line":146,"column":48},"end":{"line":146,"column":70}}],"line":146},"10":{"loc":{"start":{"line":157,"column":8},"end":{"line":161,"column":9}},"type":"if","locations":[{"start":{"line":157,"column":8},"end":{"line":161,"column":9}},{"start":{},"end":{}}],"line":157},"11":{"loc":{"start":{"line":157,"column":12},"end":{"line":157,"column":47}},"type":"binary-expr","locations":[{"start":{"line":157,"column":12},"end":{"line":157,"column":29}},{"start":{"line":157,"column":33},"end":{"line":157,"column":47}}],"line":157},"12":{"loc":{"start":{"line":176,"column":12},"end":{"line":196,"column":13}},"type":"if","locations":[{"start":{"line":176,"column":12},"end":{"line":196,"column":13}},{"start":{"line":190,"column":19},"end":{"line":196,"column":13}}],"line":176},"13":{"loc":{"start":{"line":179,"column":24},"end":{"line":181,"column":31}},"type":"cond-expr","locations":[{"start":{"line":180,"column":30},"end":{"line":180,"column":88}},{"start":{"line":181,"column":30},"end":{"line":181,"column":31}}],"line":179},"14":{"loc":{"start":{"line":180,"column":54},"end":{"line":180,"column":86}},"type":"binary-expr","locations":[{"start":{"line":180,"column":54},"end":{"line":180,"column":74}},{"start":{"line":180,"column":78},"end":{"line":180,"column":86}}],"line":180},"15":{"loc":{"start":{"line":191,"column":32},"end":{"line":191,"column":72}},"type":"binary-expr","locations":[{"start":{"line":191,"column":32},"end":{"line":191,"column":44}},{"start":{"line":191,"column":48},"end":{"line":191,"column":72}}],"line":191},"16":{"loc":{"start":{"line":216,"column":12},"end":{"line":223,"column":13}},"type":"if","locations":[{"start":{"line":216,"column":12},"end":{"line":223,"column":13}},{"start":{},"end":{}}],"line":216},"17":{"loc":{"start":{"line":219,"column":38},"end":{"line":219,"column":92}},"type":"cond-expr","locations":[{"start":{"line":219,"column":59},"end":{"line":219,"column":85}},{"start":{"line":219,"column":88},"end":{"line":219,"column":92}}],"line":219},"18":{"loc":{"start":{"line":229,"column":35},"end":{"line":229,"column":83}},"type":"cond-expr","locations":[{"start":{"line":229,"column":54},"end":{"line":229,"column":66}},{"start":{"line":229,"column":69},"end":{"line":229,"column":83}}],"line":229},"19":{"loc":{"start":{"line":233,"column":13},"end":{"line":233,"column":72}},"type":"binary-expr","locations":[{"start":{"line":233,"column":13},"end":{"line":233,"column":25}},{"start":{"line":233,"column":29},"end":{"line":233,"column":72}}],"line":233},"20":{"loc":{"start":{"line":270,"column":13},"end":{"line":334,"column":13}},"type":"binary-expr","locations":[{"start":{"line":270,"column":13},"end":{"line":270,"column":30}},{"start":{"line":271,"column":16},"end":{"line":333,"column":22}}],"line":270},"21":{"loc":{"start":{"line":304,"column":49},"end":{"line":313,"column":49}},"type":"cond-expr","locations":[{"start":{"line":305,"column":52},"end":{"line":305,"column":110}},{"start":{"line":307,"column":52},"end":{"line":312,"column":58}}],"line":304},"22":{"loc":{"start":{"line":315,"column":79},"end":{"line":315,"column":107}},"type":"binary-expr","locations":[{"start":{"line":315,"column":79},"end":{"line":315,"column":89}},{"start":{"line":315,"column":93},"end":{"line":315,"column":107}}],"line":315},"23":{"loc":{"start":{"line":367,"column":41},"end":{"line":377,"column":41}},"type":"cond-expr","locations":[{"start":{"line":368,"column":44},"end":{"line":368,"column":101}},{"start":{"line":370,"column":44},"end":{"line":376,"column":50}}],"line":367},"24":{"loc":{"start":{"line":389,"column":37},"end":{"line":393,"column":37}},"type":"cond-expr","locations":[{"start":{"line":390,"column":40},"end":{"line":390,"column":81}},{"start":{"line":392,"column":40},"end":{"line":392,"column":79}}],"line":389},"25":{"loc":{"start":{"line":416,"column":13},"end":{"line":439,"column":13}},"type":"binary-expr","locations":[{"start":{"line":416,"column":13},"end":{"line":416,"column":26}},{"start":{"line":416,"column":30},"end":{"line":416,"column":42}},{"start":{"line":417,"column":16},"end":{"line":438,"column":22}}],"line":416},"26":{"loc":{"start":{"line":424,"column":55},"end":{"line":424,"column":91}},"type":"cond-expr","locations":[{"start":{"line":424,"column":79},"end":{"line":424,"column":84}},{"start":{"line":424,"column":87},"end":{"line":424,"column":91}}],"line":424},"27":{"loc":{"start":{"line":425,"column":53},"end":{"line":425,"column":82}},"type":"binary-expr","locations":[{"start":{"line":425,"column":53},"end":{"line":425,"column":72}},{"start":{"line":425,"column":76},"end":{"line":425,"column":82}}],"line":425},"28":{"loc":{"start":{"line":426,"column":53},"end":{"line":426,"column":87}},"type":"cond-expr","locations":[{"start":{"line":426,"column":75},"end":{"line":426,"column":80}},{"start":{"line":426,"column":83},"end":{"line":426,"column":87}}],"line":426},"29":{"loc":{"start":{"line":427,"column":25},"end":{"line":435,"column":25}},"type":"binary-expr","locations":[{"start":{"line":427,"column":25},"end":{"line":427,"column":45}},{"start":{"line":427,"column":49},"end":{"line":427,"column":74}},{"start":{"line":428,"column":28},"end":{"line":434,"column":34}}],"line":427},"30":{"loc":{"start":{"line":442,"column":13},"end":{"line":499,"column":13}},"type":"binary-expr","locations":[{"start":{"line":442,"column":13},"end":{"line":442,"column":29}},{"start":{"line":442,"column":33},"end":{"line":442,"column":45}},{"start":{"line":443,"column":16},"end":{"line":498,"column":22}}],"line":442},"31":{"loc":{"start":{"line":476,"column":40},"end":{"line":484,"column":41}},"type":"if","locations":[{"start":{"line":476,"column":40},"end":{"line":484,"column":41}},{"start":{"line":482,"column":47},"end":{"line":484,"column":41}}],"line":476},"32":{"loc":{"start":{"line":502,"column":13},"end":{"line":529,"column":13}},"type":"binary-expr","locations":[{"start":{"line":502,"column":13},"end":{"line":502,"column":27}},{"start":{"line":503,"column":16},"end":{"line":528,"column":22}}],"line":502}},"s":{"0":1,"1":74,"2":74,"3":74,"4":74,"5":74,"6":74,"7":74,"8":74,"9":74,"10":74,"11":74,"12":74,"13":74,"14":74,"15":74,"16":74,"17":74,"18":74,"19":74,"20":17,"21":17,"22":17,"23":16,"24":16,"25":16,"26":32,"27":16,"28":1,"29":17,"30":74,"31":17,"32":17,"33":17,"34":17,"35":16,"36":16,"37":16,"38":1,"39":17,"40":74,"41":113,"42":74,"43":3,"44":3,"45":2,"46":2,"47":1,"48":1,"49":2,"50":1,"51":1,"52":1,"53":0,"54":0,"55":1,"56":1,"57":2,"58":0,"59":1,"60":1,"61":1,"62":1,"63":74,"64":1,"65":1,"66":74,"67":1,"68":1,"69":74,"70":3,"71":3,"72":3,"73":3,"74":3,"75":74,"76":3,"77":1,"78":1,"79":1,"80":1,"81":2,"82":2,"83":1,"84":1,"85":1,"86":1,"87":1,"88":2,"89":1,"90":0,"91":1,"92":0,"93":1,"94":1,"95":1,"96":1,"97":74,"98":3,"99":1,"100":1,"101":1,"102":1,"103":2,"104":2,"105":1,"106":1,"107":1,"108":1,"109":2,"110":1,"111":1,"112":1,"113":1,"114":1,"115":1,"116":1,"117":1,"118":0,"119":0,"120":0,"121":0,"122":0,"123":0,"124":1,"125":1,"126":1,"127":0,"128":1,"129":1,"130":1,"131":74,"132":2,"133":2,"134":1,"135":1,"136":1,"137":1,"138":1,"139":2,"140":1,"141":1,"142":1,"143":1,"144":1,"145":74,"146":112,"147":74,"148":6,"149":1,"150":3,"151":2,"152":2,"153":28,"154":12,"155":0,"156":2,"157":1,"158":112,"159":55,"160":1,"161":1,"162":3,"163":3,"164":0,"165":1,"166":1,"167":0,"168":1,"169":1,"170":1,"171":1,"172":1,"173":1,"174":1,"175":1,"176":1,"177":1,"178":1,"179":1,"180":1,"181":0,"182":0,"183":0,"184":0,"185":0,"186":3,"187":2,"188":1,"189":0},"f":{"0":74,"1":17,"2":17,"3":32,"4":17,"5":17,"6":113,"7":3,"8":1,"9":2,"10":1,"11":0,"12":0,"13":1,"14":1,"15":1,"16":3,"17":3,"18":1,"19":1,"20":2,"21":0,"22":1,"23":3,"24":1,"25":1,"26":2,"27":1,"28":1,"29":0,"30":0,"31":2,"32":1,"33":2,"34":1,"35":1,"36":112,"37":6,"38":1,"39":3,"40":2,"41":2,"42":28,"43":12,"44":0,"45":2,"46":1,"47":112,"48":55,"49":1,"50":1,"51":3,"52":3,"53":0,"54":1,"55":1,"56":0,"57":1,"58":1,"59":1,"60":1,"61":1,"62":0,"63":0,"64":3,"65":2,"66":1,"67":0},"b":{"0":[16,0],"1":[16,0],"2":[113,1,1],"3":[1,1],"4":[0,1],"5":[1,0],"6":[1,2],"7":[1,0],"8":[1,1],"9":[0,0],"10":[1,2],"11":[3,2],"12":[1,0],"13":[0,2],"14":[0,0],"15":[0,0],"16":[1,0],"17":[1,1],"18":[55,57],"19":[74,11],"20":[74,14],"21":[12,0],"22":[12,12],"23":[57,55],"24":[55,57],"25":[74,1,1],"26":[0,1],"27":[1,1],"28":[1,0],"29":[1,0,0],"30":[74,3,3],"31":[1,0],"32":[74,10]},"_coverageSchema":"1a1c01bbd47fc00a2c39e90264f33305004495a9","hash":"73568c9c5066e554ecb14e8e456c7a0930c956d2"}
}
