TN:
SF:src\api\api_config.js
FN:21,(anonymous_0)
FN:27,(anonymous_1)
FN:33,(anonymous_2)
FN:43,(anonymous_3)
FN:53,(anonymous_4)
FN:75,(anonymous_5)
FN:79,(anonymous_6)
FN:83,(anonymous_7)
FNF:8
FNH:3
FNDA:0,(anonymous_0)
FNDA:0,(anonymous_1)
FNDA:0,(anonymous_2)
FNDA:20,(anonymous_3)
FNDA:20,(anonymous_4)
FNDA:20,(anonymous_5)
FNDA:0,(anonymous_6)
FNDA:0,(anonymous_7)
DA:2,1
DA:3,1
DA:4,1
DA:11,1
DA:21,1
DA:22,0
DA:23,0
DA:24,0
DA:27,1
DA:28,0
DA:29,0
DA:30,0
DA:33,1
DA:34,0
DA:35,0
DA:36,0
DA:43,1
DA:44,20
DA:45,20
DA:46,20
DA:53,1
DA:54,20
DA:55,20
DA:61,20
DA:62,18
DA:64,18
DA:65,0
DA:68,18
DA:75,1
DA:76,20
DA:79,1
DA:80,0
DA:83,1
DA:84,0
LF:34
LH:22
BRDA:53,0,0,0
BRDA:57,1,0,20
BRDA:57,1,1,0
BRDA:58,2,0,0
BRDA:58,2,1,20
BRDA:64,3,0,0
BRDA:64,3,1,18
BRDA:65,4,0,0
BRDA:65,4,1,0
BRDA:75,5,0,0
BRDA:79,6,0,0
BRDA:83,7,0,0
BRF:12
BRH:3
end_of_record
TN:
SF:src\ui\App.jsx
FN:9,App
FN:26,(anonymous_1)
FN:35,(anonymous_2)
FN:37,(anonymous_3)
FN:40,(anonymous_4)
FN:46,(anonymous_5)
FN:72,(anonymous_6)
FN:85,(anonymous_7)
FN:148,(anonymous_8)
FN:251,(anonymous_9)
FN:266,(anonymous_10)
FN:282,(anonymous_11)
FN:289,(anonymous_12)
FN:291,(anonymous_13)
FN:298,(anonymous_14)
FN:304,(anonymous_15)
FNF:16
FNH:15
FNDA:72,App
FNDA:18,(anonymous_1)
FNDA:4,(anonymous_2)
FNDA:0,(anonymous_3)
FNDA:1,(anonymous_4)
FNDA:2,(anonymous_5)
FNDA:1,(anonymous_6)
FNDA:9,(anonymous_7)
FNDA:3,(anonymous_8)
FNDA:9,(anonymous_9)
FNDA:9,(anonymous_10)
FNDA:192,(anonymous_11)
FNDA:384,(anonymous_12)
FNDA:18,(anonymous_13)
FNDA:2,(anonymous_14)
FNDA:1,(anonymous_15)
DA:10,72
DA:11,72
DA:12,72
DA:17,72
DA:18,72
DA:19,72
DA:20,72
DA:21,72
DA:24,72
DA:26,72
DA:27,18
DA:28,18
DA:29,18
DA:30,18
DA:31,18
DA:35,72
DA:36,4
DA:37,4
DA:40,72
DA:41,1
DA:42,1
DA:46,72
DA:47,2
DA:49,2
DA:50,0
DA:51,0
DA:52,0
DA:53,0
DA:54,0
DA:55,0
DA:56,0
DA:58,0
DA:61,2
DA:62,1
DA:63,1
DA:66,2
DA:67,1
DA:68,1
DA:72,72
DA:73,1
DA:74,1
DA:75,1
DA:77,1
DA:78,6
DA:81,1
DA:82,1
DA:85,72
DA:86,9
DA:87,9
DA:88,0
DA:89,0
DA:92,9
DA:93,9
DA:94,9
DA:103,8
DA:105,8
DA:106,0
DA:107,0
DA:113,0
DA:116,0
DA:119,8
DA:120,8
DA:121,8
DA:123,8
DA:133,8
DA:134,8
DA:135,1
DA:136,1
DA:139,7
DA:141,1
DA:142,1
DA:144,9
DA:148,72
DA:149,3
DA:150,3
DA:152,3
DA:153,0
DA:154,0
DA:157,3
DA:158,3
DA:159,3
DA:160,3
DA:162,3
DA:171,2
DA:173,2
DA:174,1
DA:175,1
DA:178,1
DA:180,1
DA:181,1
DA:183,3
DA:188,72
DA:251,9
DA:266,9
DA:283,192
DA:289,384
DA:292,18
DA:293,18
DA:294,18
DA:295,18
DA:296,18
DA:299,2
DA:300,0
DA:302,2
DA:304,1
LF:105
LH:88
BRDA:28,0,0,18
BRDA:28,0,1,0
BRDA:35,1,0,4
BRDA:35,2,0,4
BRDA:49,3,0,0
BRDA:49,3,1,2
BRDA:50,4,0,0
BRDA:50,4,1,0
BRDA:53,5,0,0
BRDA:53,5,1,0
BRDA:61,6,0,1
BRDA:61,6,1,1
BRDA:61,7,0,2
BRDA:61,7,1,1
BRDA:66,8,0,1
BRDA:66,8,1,1
BRDA:66,9,0,2
BRDA:66,9,1,1
BRDA:72,10,0,0
BRDA:77,11,0,7
BRDA:77,11,1,6
BRDA:87,12,0,0
BRDA:87,12,1,9
BRDA:87,13,0,9
BRDA:87,13,1,9
BRDA:105,14,0,0
BRDA:105,14,1,8
BRDA:134,15,0,1
BRDA:134,15,1,7
BRDA:152,16,0,0
BRDA:152,16,1,3
BRDA:173,17,0,1
BRDA:173,17,1,1
BRDA:191,18,0,72
BRDA:191,18,1,4
BRDA:223,19,0,72
BRDA:223,19,1,32
BRDA:230,20,0,40
BRDA:230,20,1,32
BRDA:232,21,0,40
BRDA:232,21,1,32
BRDA:240,22,0,40
BRDA:240,22,1,32
BRDA:273,23,0,9
BRDA:273,23,1,31
BRDA:296,24,0,15
BRDA:296,24,1,3
BRDA:296,25,0,18
BRDA:296,25,1,18
BRDA:299,26,0,0
BRDA:299,26,1,2
BRDA:299,27,0,2
BRDA:299,27,1,2
BRDA:310,28,0,32
BRDA:310,28,1,29
BRDA:311,29,0,3
BRDA:311,29,1,29
BRF:57
BRH:46
end_of_record
TN:
SF:src\ui\blockedUsers\blockedUsers.jsx
FN:6,(anonymous_0)
FN:17,(anonymous_1)
FN:18,(anonymous_2)
FN:30,(anonymous_3)
FN:52,(anonymous_4)
FN:62,(anonymous_5)
FN:72,(anonymous_6)
FN:72,(anonymous_7)
FN:74,(anonymous_8)
FN:81,(anonymous_9)
FN:88,(anonymous_10)
FN:97,(anonymous_11)
FN:160,(anonymous_12)
FN:178,(anonymous_13)
FN:188,(anonymous_14)
FN:214,(anonymous_15)
FNF:16
FNH:16
FNDA:14,(anonymous_0)
FNDA:5,(anonymous_1)
FNDA:5,(anonymous_2)
FNDA:5,(anonymous_3)
FNDA:16,(anonymous_4)
FNDA:3,(anonymous_5)
FNDA:1,(anonymous_6)
FNDA:2,(anonymous_7)
FNDA:1,(anonymous_8)
FNDA:1,(anonymous_9)
FNDA:14,(anonymous_10)
FNDA:14,(anonymous_11)
FNDA:2,(anonymous_12)
FNDA:14,(anonymous_13)
FNDA:6,(anonymous_14)
FNDA:3,(anonymous_15)
DA:6,1
DA:7,14
DA:8,14
DA:9,14
DA:10,14
DA:17,14
DA:18,5
DA:19,5
DA:20,5
DA:21,5
DA:22,5
DA:23,5
DA:26,0
DA:30,5
DA:31,5
DA:32,5
DA:33,5
DA:34,5
DA:35,5
DA:38,0
DA:42,5
DA:43,5
DA:52,14
DA:53,16
DA:54,16
DA:62,14
DA:63,3
DA:64,3
DA:69,2
DA:71,2
DA:72,2
DA:74,1
DA:80,1
DA:81,1
DA:84,1
DA:88,14
DA:89,14
DA:90,6
DA:91,8
DA:92,0
DA:93,0
DA:97,14
DA:98,14
DA:99,8
DA:100,0
DA:103,14
DA:160,2
DA:179,14
DA:188,6
DA:214,3
LF:50
LH:45
BRDA:22,0,0,5
BRDA:22,0,1,0
BRDA:34,1,0,5
BRDA:34,1,1,0
BRDA:53,2,0,16
BRDA:53,2,1,0
BRDA:55,3,0,16
BRDA:55,3,1,3
BRDA:55,3,2,3
BRDA:71,4,0,1
BRDA:71,4,1,1
BRDA:89,5,0,6
BRDA:89,5,1,8
BRDA:89,5,2,0
BRDA:89,5,3,0
BRDA:98,6,0,6
BRDA:98,6,1,8
BRDA:99,7,0,8
BRDA:99,7,1,0
BRDA:99,8,0,8
BRDA:99,8,1,0
BRDA:105,9,0,14
BRDA:105,9,1,1
BRDA:182,10,0,8
BRDA:182,10,1,6
BRF:25
BRH:18
end_of_record
TN:
SF:src\ui\components\sidebar\Sidebar.jsx
FN:22,Sidebar
FN:27,getInitials
FN:31,(anonymous_2)
FN:36,(anonymous_3)
FN:53,(anonymous_4)
FN:53,(anonymous_5)
FN:66,(anonymous_6)
FN:66,(anonymous_7)
FN:77,(anonymous_8)
FN:81,(anonymous_9)
FN:96,(anonymous_10)
FN:129,(anonymous_11)
FN:143,(anonymous_12)
FN:144,(anonymous_13)
FN:156,(anonymous_14)
FNF:15
FNH:9
FNDA:8,Sidebar
FNDA:8,getInitials
FNDA:16,(anonymous_2)
FNDA:2,(anonymous_3)
FNDA:3,(anonymous_4)
FNDA:3,(anonymous_5)
FNDA:0,(anonymous_6)
FNDA:0,(anonymous_7)
FNDA:32,(anonymous_8)
FNDA:32,(anonymous_9)
FNDA:1,(anonymous_10)
FNDA:0,(anonymous_11)
FNDA:0,(anonymous_12)
FNDA:0,(anonymous_13)
FNDA:0,(anonymous_14)
DA:15,1
DA:23,8
DA:24,8
DA:25,8
DA:28,8
DA:29,8
DA:31,16
DA:36,8
DA:37,2
DA:38,2
DA:39,2
DA:42,8
DA:43,8
DA:45,8
DA:53,3
DA:66,0
DA:78,32
DA:82,32
DA:96,1
DA:129,0
DA:143,0
DA:144,0
DA:156,0
LF:23
LH:18
BRDA:28,0,0,0
BRDA:28,0,1,8
BRDA:42,1,0,8
BRDA:42,1,1,0
BRDA:43,2,0,8
BRDA:43,2,1,0
BRDA:46,3,0,2
BRDA:46,3,1,6
BRDA:56,4,0,8
BRDA:56,4,1,6
BRDA:63,5,0,8
BRDA:63,5,1,6
BRDA:75,6,0,8
BRDA:75,6,1,6
BRDA:82,7,0,0
BRDA:82,7,1,32
BRDA:86,8,0,32
BRDA:86,8,1,24
BRDA:94,9,0,8
BRDA:94,9,1,6
BRDA:100,10,0,8
BRDA:100,10,1,6
BRDA:106,11,0,2
BRDA:106,11,1,6
BRDA:142,12,0,8
BRDA:142,12,1,0
BRF:26
BRH:21
end_of_record
TN:
SF:src\ui\dashboard\Dashboard.jsx
FN:7,Dashboard
FN:25,(anonymous_1)
FN:33,(anonymous_2)
FN:34,(anonymous_3)
FN:52,(anonymous_4)
FN:53,(anonymous_5)
FN:65,(anonymous_6)
FN:77,(anonymous_7)
FN:86,(anonymous_8)
FN:90,(anonymous_9)
FN:97,(anonymous_10)
FN:97,(anonymous_11)
FN:104,(anonymous_12)
FN:114,(anonymous_13)
FN:152,(anonymous_14)
FN:159,(anonymous_15)
FN:170,(anonymous_16)
FN:182,(anonymous_17)
FN:183,(anonymous_18)
FN:184,(anonymous_19)
FN:191,(anonymous_20)
FN:192,(anonymous_21)
FN:198,(anonymous_22)
FN:203,(anonymous_23)
FN:209,(anonymous_24)
FN:217,(anonymous_25)
FN:225,(anonymous_26)
FN:226,(anonymous_27)
FN:234,(anonymous_28)
FN:242,(anonymous_29)
FN:243,(anonymous_30)
FN:249,(anonymous_31)
FN:255,(anonymous_32)
FN:263,(anonymous_33)
FNF:34
FNH:16
FNDA:22,Dashboard
FNDA:29,(anonymous_1)
FNDA:8,(anonymous_2)
FNDA:8,(anonymous_3)
FNDA:8,(anonymous_4)
FNDA:8,(anonymous_5)
FNDA:2,(anonymous_6)
FNDA:0,(anonymous_7)
FNDA:2,(anonymous_8)
FNDA:0,(anonymous_9)
FNDA:0,(anonymous_10)
FNDA:0,(anonymous_11)
FNDA:27,(anonymous_12)
FNDA:0,(anonymous_13)
FNDA:2,(anonymous_14)
FNDA:27,(anonymous_15)
FNDA:0,(anonymous_16)
FNDA:0,(anonymous_17)
FNDA:0,(anonymous_18)
FNDA:0,(anonymous_19)
FNDA:0,(anonymous_20)
FNDA:2,(anonymous_21)
FNDA:1,(anonymous_22)
FNDA:0,(anonymous_23)
FNDA:0,(anonymous_24)
FNDA:0,(anonymous_25)
FNDA:0,(anonymous_26)
FNDA:0,(anonymous_27)
FNDA:0,(anonymous_28)
FNDA:0,(anonymous_29)
FNDA:1,(anonymous_30)
FNDA:2,(anonymous_31)
FNDA:0,(anonymous_32)
FNDA:1,(anonymous_33)
DA:8,22
DA:9,22
DA:10,22
DA:11,22
DA:12,22
DA:17,22
DA:18,22
DA:22,22
DA:23,22
DA:25,22
DA:26,29
DA:27,8
DA:28,9
DA:29,12
DA:33,22
DA:34,8
DA:35,8
DA:36,8
DA:37,7
DA:38,7
DA:39,7
DA:46,1
DA:49,8
DA:52,22
DA:53,8
DA:54,8
DA:55,8
DA:56,8
DA:57,8
DA:59,0
DA:62,8
DA:65,22
DA:66,2
DA:68,1
DA:69,1
DA:70,1
DA:75,0
DA:76,0
DA:77,0
DA:78,0
DA:79,0
DA:82,1
DA:86,22
DA:87,2
DA:90,22
DA:91,0
DA:92,0
DA:95,0
DA:96,0
DA:97,0
DA:100,0
DA:104,27
DA:106,22
DA:114,0
DA:152,2
DA:160,27
DA:170,0
DA:182,0
DA:183,0
DA:184,0
DA:191,0
DA:192,2
DA:198,1
DA:203,0
DA:209,0
DA:217,0
DA:225,0
DA:226,0
DA:234,0
DA:242,0
DA:243,1
DA:250,2
DA:255,0
DA:263,1
LF:74
LH:48
BRDA:26,0,0,8
BRDA:26,0,1,9
BRDA:26,0,2,12
BRDA:38,1,0,7
BRDA:38,1,1,0
BRDA:57,2,0,8
BRDA:57,2,1,0
BRDA:66,3,0,1
BRDA:66,3,1,1
BRDA:68,4,0,1
BRDA:68,4,1,0
BRDA:76,5,0,0
BRDA:76,5,1,0
BRDA:96,6,0,0
BRDA:96,6,1,0
BRDA:124,7,0,22
BRDA:124,7,1,9
BRDA:131,8,0,22
BRDA:131,8,1,9
BRDA:138,9,0,22
BRDA:138,9,1,9
BRDA:190,10,0,22
BRDA:190,10,1,3
BRDA:224,11,0,22
BRDA:224,11,1,0
BRDA:224,11,2,0
BRDA:241,12,0,22
BRDA:241,12,1,2
BRDA:245,13,0,1
BRDA:245,13,1,1
BRF:30
BRH:21
end_of_record
TN:
SF:src\ui\reports\Reports.jsx
FN:6,(anonymous_0)
FN:20,(anonymous_1)
FN:22,(anonymous_2)
FN:23,(anonymous_3)
FN:26,(anonymous_4)
FN:27,(anonymous_5)
FN:30,(anonymous_6)
FN:31,(anonymous_7)
FN:34,(anonymous_8)
FN:46,(anonymous_9)
FN:56,(anonymous_10)
FN:66,(anonymous_11)
FN:73,(anonymous_12)
FN:79,(anonymous_13)
FN:80,(anonymous_14)
FN:81,(anonymous_15)
FN:97,(anonymous_16)
FN:104,(anonymous_17)
FN:105,(anonymous_18)
FN:112,(anonymous_19)
FN:119,(anonymous_20)
FN:123,(anonymous_21)
FN:132,(anonymous_22)
FN:139,(anonymous_23)
FN:152,(anonymous_24)
FN:153,(anonymous_25)
FN:165,(anonymous_26)
FN:204,(anonymous_27)
FN:217,(anonymous_28)
FN:236,(anonymous_29)
FN:246,(anonymous_30)
FN:250,(anonymous_31)
FN:258,(anonymous_32)
FN:271,(anonymous_33)
FN:283,(anonymous_34)
FN:286,(anonymous_35)
FN:287,(anonymous_36)
FN:299,(anonymous_37)
FN:300,(anonymous_38)
FN:312,(anonymous_39)
FNF:40
FNH:22
FNDA:18,(anonymous_0)
FNDA:7,(anonymous_1)
FNDA:7,(anonymous_2)
FNDA:7,(anonymous_3)
FNDA:7,(anonymous_4)
FNDA:7,(anonymous_5)
FNDA:7,(anonymous_6)
FNDA:7,(anonymous_7)
FNDA:11,(anonymous_8)
FNDA:11,(anonymous_9)
FNDA:11,(anonymous_10)
FNDA:11,(anonymous_11)
FNDA:0,(anonymous_12)
FNDA:0,(anonymous_13)
FNDA:0,(anonymous_14)
FNDA:0,(anonymous_15)
FNDA:1,(anonymous_16)
FNDA:0,(anonymous_17)
FNDA:1,(anonymous_18)
FNDA:0,(anonymous_19)
FNDA:0,(anonymous_20)
FNDA:0,(anonymous_21)
FNDA:0,(anonymous_22)
FNDA:0,(anonymous_23)
FNDA:0,(anonymous_24)
FNDA:0,(anonymous_25)
FNDA:1,(anonymous_26)
FNDA:1,(anonymous_27)
FNDA:1,(anonymous_28)
FNDA:11,(anonymous_29)
FNDA:0,(anonymous_30)
FNDA:11,(anonymous_31)
FNDA:0,(anonymous_32)
FNDA:0,(anonymous_33)
FNDA:1,(anonymous_34)
FNDA:0,(anonymous_35)
FNDA:0,(anonymous_36)
FNDA:0,(anonymous_37)
FNDA:1,(anonymous_38)
FNDA:1,(anonymous_39)
DA:6,1
DA:7,18
DA:8,18
DA:9,18
DA:10,18
DA:11,18
DA:12,18
DA:14,18
DA:15,18
DA:16,18
DA:17,18
DA:18,18
DA:20,18
DA:21,7
DA:22,7
DA:23,7
DA:25,7
DA:26,7
DA:27,7
DA:29,7
DA:30,7
DA:31,7
DA:34,18
DA:35,11
DA:46,18
DA:47,11
DA:48,11
DA:49,0
DA:50,0
DA:51,0
DA:52,0
DA:56,18
DA:57,11
DA:58,0
DA:59,0
DA:60,0
DA:61,11
DA:62,0
DA:66,18
DA:67,11
DA:68,0
DA:69,0
DA:70,0
DA:73,18
DA:74,0
DA:79,0
DA:81,0
DA:85,18
DA:97,1
DA:104,0
DA:105,1
DA:112,0
DA:119,0
DA:123,0
DA:132,0
DA:140,0
DA:152,0
DA:154,0
DA:155,0
DA:156,0
DA:157,0
DA:158,0
DA:159,0
DA:165,1
DA:204,1
DA:217,1
DA:237,11
DA:239,11
DA:246,0
DA:251,11
DA:258,0
DA:271,0
DA:283,1
DA:286,0
DA:287,0
DA:299,0
DA:300,1
DA:312,1
LF:78
LH:45
BRDA:23,0,0,7
BRDA:23,0,1,0
BRDA:27,1,0,7
BRDA:27,1,1,0
BRDA:31,2,0,7
BRDA:31,2,1,0
BRDA:35,3,0,11
BRDA:35,3,1,11
BRDA:35,3,2,1
BRDA:35,3,3,0
BRDA:35,3,4,0
BRDA:35,3,5,0
BRDA:35,3,6,11
BRDA:35,3,7,1
BRDA:47,4,0,11
BRDA:47,4,1,0
BRDA:47,4,2,0
BRDA:47,4,3,0
BRDA:47,4,4,0
BRDA:57,5,0,0
BRDA:57,5,1,0
BRDA:57,5,2,0
BRDA:57,5,3,11
BRDA:57,5,4,0
BRDA:67,6,0,11
BRDA:67,6,1,0
BRDA:68,7,0,0
BRDA:68,7,1,0
BRDA:69,8,0,0
BRDA:69,8,1,0
BRDA:81,9,0,0
BRDA:81,9,1,0
BRDA:103,10,0,18
BRDA:103,10,1,1
BRDA:175,11,0,18
BRDA:175,11,1,7
BRDA:179,12,0,18
BRDA:179,12,1,18
BRDA:183,13,0,18
BRDA:183,13,1,18
BRDA:187,14,0,18
BRDA:187,14,1,18
BRDA:191,15,0,18
BRDA:191,15,1,7
BRDA:237,16,0,11
BRDA:237,16,1,11
BRDA:245,17,0,11
BRDA:245,17,1,11
BRDA:284,18,0,11
BRDA:284,18,1,11
BRDA:298,19,0,18
BRDA:298,19,1,1
BRDA:305,20,0,1
BRDA:305,20,1,1
BRDA:309,21,0,1
BRDA:309,21,1,0
BRF:56
BRH:34
end_of_record
TN:
SF:src\ui\users\Users.jsx
FN:6,(anonymous_0)
FN:26,(anonymous_1)
FN:27,(anonymous_2)
FN:33,(anonymous_3)
FN:49,(anonymous_4)
FN:50,(anonymous_5)
FN:68,(anonymous_6)
FN:74,(anonymous_7)
FN:85,(anonymous_8)
FN:85,(anonymous_9)
FN:86,(anonymous_10)
FN:87,(anonymous_11)
FN:93,(anonymous_12)
FN:97,(anonymous_13)
FN:102,(anonymous_14)
FN:107,(anonymous_15)
FN:112,(anonymous_16)
FN:120,(anonymous_17)
FN:123,(anonymous_18)
FN:142,(anonymous_19)
FN:143,(anonymous_20)
FN:149,(anonymous_21)
FN:153,(anonymous_22)
FN:157,(anonymous_23)
FN:160,(anonymous_24)
FN:178,(anonymous_25)
FN:179,(anonymous_26)
FN:189,(anonymous_27)
FN:190,(anonymous_28)
FN:193,(anonymous_29)
FN:201,(anonymous_30)
FN:208,(anonymous_31)
FN:219,(anonymous_32)
FN:220,(anonymous_33)
FN:222,(anonymous_34)
FN:223,(anonymous_35)
FN:230,(anonymous_36)
FN:266,(anonymous_37)
FN:272,(anonymous_38)
FN:273,(anonymous_39)
FN:283,(anonymous_40)
FN:290,(anonymous_41)
FN:301,(anonymous_42)
FN:302,(anonymous_43)
FN:311,(anonymous_44)
FN:323,(anonymous_45)
FN:349,(anonymous_46)
FN:364,(anonymous_47)
FN:374,(anonymous_48)
FN:397,(anonymous_49)
FN:400,(anonymous_50)
FN:403,(anonymous_51)
FN:406,(anonymous_52)
FN:418,(anonymous_53)
FN:419,(anonymous_54)
FN:437,(anonymous_55)
FN:444,(anonymous_56)
FN:445,(anonymous_57)
FN:452,(anonymous_58)
FN:458,(anonymous_59)
FN:463,(anonymous_60)
FN:479,(anonymous_61)
FN:494,(anonymous_62)
FN:504,(anonymous_63)
FN:505,(anonymous_64)
FN:513,(anonymous_65)
FN:518,(anonymous_66)
FN:526,(anonymous_67)
FNF:68
FNH:60
FNDA:73,(anonymous_0)
FNDA:15,(anonymous_1)
FNDA:15,(anonymous_2)
FNDA:30,(anonymous_3)
FNDA:15,(anonymous_4)
FNDA:15,(anonymous_5)
FNDA:115,(anonymous_6)
FNDA:3,(anonymous_7)
FNDA:1,(anonymous_8)
FNDA:2,(anonymous_9)
FNDA:1,(anonymous_10)
FNDA:0,(anonymous_11)
FNDA:1,(anonymous_12)
FNDA:1,(anonymous_13)
FNDA:1,(anonymous_14)
FNDA:1,(anonymous_15)
FNDA:3,(anonymous_16)
FNDA:3,(anonymous_17)
FNDA:1,(anonymous_18)
FNDA:1,(anonymous_19)
FNDA:2,(anonymous_20)
FNDA:1,(anonymous_21)
FNDA:1,(anonymous_22)
FNDA:3,(anonymous_23)
FNDA:1,(anonymous_24)
FNDA:1,(anonymous_25)
FNDA:2,(anonymous_26)
FNDA:1,(anonymous_27)
FNDA:1,(anonymous_28)
FNDA:0,(anonymous_29)
FNDA:1,(anonymous_30)
FNDA:1,(anonymous_31)
FNDA:1,(anonymous_32)
FNDA:2,(anonymous_33)
FNDA:1,(anonymous_34)
FNDA:1,(anonymous_35)
FNDA:114,(anonymous_36)
FNDA:5,(anonymous_37)
FNDA:1,(anonymous_38)
FNDA:3,(anonymous_39)
FNDA:2,(anonymous_40)
FNDA:2,(anonymous_41)
FNDA:26,(anonymous_42)
FNDA:11,(anonymous_43)
FNDA:0,(anonymous_44)
FNDA:1,(anonymous_45)
FNDA:1,(anonymous_46)
FNDA:114,(anonymous_47)
FNDA:56,(anonymous_48)
FNDA:1,(anonymous_49)
FNDA:1,(anonymous_50)
FNDA:3,(anonymous_51)
FNDA:3,(anonymous_52)
FNDA:0,(anonymous_53)
FNDA:1,(anonymous_54)
FNDA:1,(anonymous_55)
FNDA:0,(anonymous_56)
FNDA:1,(anonymous_57)
FNDA:1,(anonymous_58)
FNDA:1,(anonymous_59)
FNDA:1,(anonymous_60)
FNDA:1,(anonymous_61)
FNDA:0,(anonymous_62)
FNDA:0,(anonymous_63)
FNDA:3,(anonymous_64)
FNDA:2,(anonymous_65)
FNDA:1,(anonymous_66)
FNDA:0,(anonymous_67)
DA:6,1
DA:7,73
DA:8,73
DA:9,73
DA:10,73
DA:11,73
DA:12,73
DA:13,73
DA:14,73
DA:15,73
DA:16,73
DA:17,73
DA:18,73
DA:19,73
DA:20,73
DA:21,73
DA:22,73
DA:23,73
DA:24,73
DA:26,73
DA:27,15
DA:28,15
DA:29,15
DA:30,15
DA:32,15
DA:33,30
DA:37,15
DA:40,0
DA:44,15
DA:49,73
DA:50,15
DA:51,15
DA:52,15
DA:53,15
DA:55,15
DA:56,15
DA:57,15
DA:60,0
DA:64,15
DA:68,73
DA:69,115
DA:74,73
DA:75,3
DA:76,3
DA:82,2
DA:84,2
DA:85,2
DA:86,1
DA:87,1
DA:88,1
DA:90,1
DA:93,2
DA:95,1
DA:96,1
DA:97,1
DA:102,73
DA:103,1
DA:104,1
DA:107,73
DA:108,1
DA:109,1
DA:112,73
DA:113,3
DA:114,3
DA:115,3
DA:116,3
DA:117,3
DA:120,73
DA:121,3
DA:122,1
DA:123,1
DA:124,1
DA:127,2
DA:128,2
DA:139,1
DA:140,1
DA:141,1
DA:142,1
DA:143,2
DA:145,1
DA:147,0
DA:149,1
DA:151,1
DA:152,1
DA:153,1
DA:157,73
DA:158,3
DA:159,1
DA:160,1
DA:161,1
DA:164,2
DA:165,2
DA:175,1
DA:177,1
DA:178,1
DA:179,1
DA:180,2
DA:185,1
DA:186,1
DA:187,1
DA:188,1
DA:189,1
DA:190,1
DA:192,0
DA:193,0
DA:194,0
DA:195,0
DA:196,0
DA:199,1
DA:200,1
DA:201,1
DA:202,1
DA:203,1
DA:204,1
DA:208,73
DA:209,1
DA:210,1
DA:216,1
DA:217,1
DA:218,1
DA:219,1
DA:220,2
DA:222,1
DA:223,1
DA:226,0
DA:230,114
DA:232,73
DA:266,5
DA:272,1
DA:273,3
DA:283,2
DA:290,2
DA:301,26
DA:303,11
DA:311,0
DA:323,1
DA:349,1
DA:365,114
DA:374,56
DA:397,1
DA:400,1
DA:403,3
DA:406,3
DA:418,0
DA:419,1
DA:437,1
DA:444,0
DA:445,1
DA:452,1
DA:458,1
DA:464,1
DA:465,1
DA:476,1
DA:477,1
DA:478,1
DA:479,1
DA:480,1
DA:481,1
DA:482,1
DA:484,0
DA:487,0
DA:488,0
DA:494,0
DA:504,0
DA:505,3
DA:513,2
DA:518,1
DA:526,0
LF:168
LH:150
BRDA:32,0,0,15
BRDA:32,0,1,0
BRDA:55,1,0,15
BRDA:55,1,1,0
BRDA:69,2,0,115
BRDA:69,2,1,1
BRDA:69,2,2,1
BRDA:84,3,0,1
BRDA:84,3,1,1
BRDA:87,4,0,0
BRDA:87,4,1,1
BRDA:90,5,0,1
BRDA:90,5,1,0
BRDA:121,6,0,1
BRDA:121,6,1,2
BRDA:140,7,0,1
BRDA:140,7,1,0
BRDA:143,8,0,1
BRDA:143,8,1,1
BRDA:147,9,0,0
BRDA:147,9,1,0
BRDA:158,10,0,1
BRDA:158,10,1,2
BRDA:158,11,0,3
BRDA:158,11,1,2
BRDA:177,12,0,1
BRDA:177,12,1,0
BRDA:180,13,0,0
BRDA:180,13,1,2
BRDA:181,14,0,0
BRDA:181,14,1,0
BRDA:192,15,0,0
BRDA:192,15,1,0
BRDA:217,16,0,1
BRDA:217,16,1,0
BRDA:220,17,0,1
BRDA:220,17,1,1
BRDA:230,18,0,56
BRDA:230,18,1,58
BRDA:234,19,0,73
BRDA:234,19,1,11
BRDA:271,20,0,73
BRDA:271,20,1,13
BRDA:305,21,0,11
BRDA:305,21,1,0
BRDA:316,22,0,11
BRDA:316,22,1,11
BRDA:368,23,0,58
BRDA:368,23,1,56
BRDA:390,24,0,56
BRDA:390,24,1,58
BRDA:417,25,0,73
BRDA:417,25,1,1
BRDA:417,25,2,1
BRDA:425,26,0,0
BRDA:425,26,1,1
BRDA:426,27,0,1
BRDA:426,27,1,1
BRDA:427,28,0,1
BRDA:427,28,1,0
BRDA:428,29,0,1
BRDA:428,29,1,0
BRDA:428,29,2,0
BRDA:443,30,0,73
BRDA:443,30,1,3
BRDA:443,30,2,3
BRDA:477,31,0,1
BRDA:477,31,1,0
BRDA:503,32,0,73
BRDA:503,32,1,10
BRF:70
BRH:50
end_of_record
