TN:
SF:src\ui\App.jsx
FN:8,App
FN:25,(anonymous_1)
FN:34,(anonymous_2)
FN:36,(anonymous_3)
FN:39,(anonymous_4)
FN:45,(anonymous_5)
FN:71,(anonymous_6)
FN:84,(anonymous_7)
FN:147,(anonymous_8)
FN:250,(anonymous_9)
FN:265,(anonymous_10)
FN:281,(anonymous_11)
FN:288,(anonymous_12)
FN:290,(anonymous_13)
FN:297,(anonymous_14)
FN:303,(anonymous_15)
FNF:16
FNH:15
FNDA:80,App
FNDA:18,(anonymous_1)
FNDA:4,(anonymous_2)
FNDA:0,(anonymous_3)
FNDA:1,(anonymous_4)
FNDA:2,(anonymous_5)
FNDA:1,(anonymous_6)
FNDA:9,(anonymous_7)
FNDA:3,(anonymous_8)
FNDA:9,(anonymous_9)
FNDA:9,(anonymous_10)
FNDA:192,(anonymous_11)
FNDA:384,(anonymous_12)
FNDA:18,(anonymous_13)
FNDA:2,(anonymous_14)
FNDA:1,(anonymous_15)
DA:9,80
DA:10,80
DA:11,80
DA:16,80
DA:17,80
DA:18,80
DA:19,80
DA:20,80
DA:23,80
DA:25,80
DA:26,18
DA:27,18
DA:28,18
DA:29,18
DA:30,18
DA:34,80
DA:35,4
DA:36,4
DA:39,80
DA:40,1
DA:41,1
DA:45,80
DA:46,2
DA:48,2
DA:49,0
DA:50,0
DA:51,0
DA:52,0
DA:53,0
DA:54,0
DA:55,0
DA:57,0
DA:60,2
DA:61,1
DA:62,1
DA:65,2
DA:66,1
DA:67,1
DA:71,80
DA:72,1
DA:73,1
DA:74,1
DA:76,1
DA:77,6
DA:80,1
DA:81,1
DA:84,80
DA:85,9
DA:86,9
DA:87,0
DA:88,0
DA:91,9
DA:92,9
DA:93,9
DA:102,8
DA:104,8
DA:105,0
DA:106,0
DA:112,0
DA:115,0
DA:118,8
DA:119,8
DA:120,8
DA:122,8
DA:132,8
DA:133,8
DA:134,1
DA:135,1
DA:138,7
DA:140,1
DA:141,1
DA:143,9
DA:147,80
DA:148,3
DA:149,3
DA:151,3
DA:152,0
DA:153,0
DA:156,3
DA:157,3
DA:158,3
DA:159,3
DA:161,3
DA:170,2
DA:172,2
DA:173,1
DA:174,1
DA:177,1
DA:179,1
DA:180,1
DA:182,3
DA:187,80
DA:250,9
DA:265,9
DA:282,192
DA:288,384
DA:291,18
DA:292,18
DA:293,18
DA:294,18
DA:295,18
DA:298,2
DA:299,0
DA:301,2
DA:303,1
LF:105
LH:88
BRDA:27,0,0,18
BRDA:27,0,1,0
BRDA:34,1,0,4
BRDA:34,2,0,4
BRDA:48,3,0,0
BRDA:48,3,1,2
BRDA:49,4,0,0
BRDA:49,4,1,0
BRDA:52,5,0,0
BRDA:52,5,1,0
BRDA:60,6,0,1
BRDA:60,6,1,1
BRDA:60,7,0,2
BRDA:60,7,1,1
BRDA:65,8,0,1
BRDA:65,8,1,1
BRDA:65,9,0,2
BRDA:65,9,1,1
BRDA:71,10,0,0
BRDA:76,11,0,7
BRDA:76,11,1,6
BRDA:86,12,0,0
BRDA:86,12,1,9
BRDA:86,13,0,9
BRDA:86,13,1,9
BRDA:104,14,0,0
BRDA:104,14,1,8
BRDA:133,15,0,1
BRDA:133,15,1,7
BRDA:151,16,0,0
BRDA:151,16,1,3
BRDA:172,17,0,1
BRDA:172,17,1,1
BRDA:190,18,0,80
BRDA:190,18,1,4
BRDA:222,19,0,80
BRDA:222,19,1,32
BRDA:229,20,0,48
BRDA:229,20,1,32
BRDA:231,21,0,48
BRDA:231,21,1,32
BRDA:239,22,0,48
BRDA:239,22,1,32
BRDA:272,23,0,17
BRDA:272,23,1,31
BRDA:295,24,0,15
BRDA:295,24,1,3
BRDA:295,25,0,18
BRDA:295,25,1,18
BRDA:298,26,0,0
BRDA:298,26,1,2
BRDA:298,27,0,2
BRDA:298,27,1,2
BRDA:309,28,0,32
BRDA:309,28,1,29
BRDA:310,29,0,3
BRDA:310,29,1,29
BRF:57
BRH:46
end_of_record
TN:
SF:src\ui\blockedUsers\blockedUsers.jsx
FN:5,(anonymous_0)
FN:16,(anonymous_1)
FN:17,(anonymous_2)
FN:29,(anonymous_3)
FN:51,(anonymous_4)
FN:61,(anonymous_5)
FN:71,(anonymous_6)
FN:71,(anonymous_7)
FN:73,(anonymous_8)
FN:80,(anonymous_9)
FN:87,(anonymous_10)
FN:96,(anonymous_11)
FN:159,(anonymous_12)
FN:177,(anonymous_13)
FN:187,(anonymous_14)
FN:213,(anonymous_15)
FNF:16
FNH:15
FNDA:8,(anonymous_0)
FNDA:3,(anonymous_1)
FNDA:3,(anonymous_2)
FNDA:3,(anonymous_3)
FNDA:7,(anonymous_4)
FNDA:1,(anonymous_5)
FNDA:1,(anonymous_6)
FNDA:2,(anonymous_7)
FNDA:1,(anonymous_8)
FNDA:0,(anonymous_9)
FNDA:6,(anonymous_10)
FNDA:6,(anonymous_11)
FNDA:1,(anonymous_12)
FNDA:6,(anonymous_13)
FNDA:12,(anonymous_14)
FNDA:1,(anonymous_15)
DA:5,1
DA:6,8
DA:7,8
DA:8,8
DA:9,8
DA:16,8
DA:17,3
DA:18,3
DA:19,3
DA:20,3
DA:21,3
DA:22,3
DA:25,0
DA:29,3
DA:30,3
DA:31,3
DA:32,3
DA:33,3
DA:34,3
DA:37,0
DA:41,3
DA:42,3
DA:51,8
DA:52,7
DA:53,7
DA:61,8
DA:62,1
DA:63,1
DA:68,1
DA:70,1
DA:71,2
DA:73,1
DA:79,1
DA:80,1
DA:83,0
DA:87,8
DA:88,6
DA:89,2
DA:90,4
DA:91,0
DA:92,0
DA:96,8
DA:97,6
DA:98,4
DA:99,0
DA:102,8
DA:159,1
DA:178,6
DA:187,12
DA:213,1
LF:50
LH:44
BRDA:21,0,0,3
BRDA:21,0,1,0
BRDA:33,1,0,3
BRDA:33,1,1,0
BRDA:52,2,0,7
BRDA:52,2,1,0
BRDA:54,3,0,7
BRDA:54,3,1,1
BRDA:54,3,2,1
BRDA:70,4,0,1
BRDA:70,4,1,0
BRDA:88,5,0,2
BRDA:88,5,1,4
BRDA:88,5,2,0
BRDA:88,5,3,0
BRDA:97,6,0,2
BRDA:97,6,1,4
BRDA:98,7,0,4
BRDA:98,7,1,0
BRDA:98,8,0,4
BRDA:98,8,1,0
BRDA:104,9,0,8
BRDA:104,9,1,1
BRDA:181,10,0,0
BRDA:181,10,1,6
BRF:25
BRH:16
end_of_record
TN:
SF:src\ui\components\sidebar\Sidebar.jsx
FN:22,Sidebar
FN:27,getInitials
FN:31,(anonymous_2)
FN:36,(anonymous_3)
FN:53,(anonymous_4)
FN:53,(anonymous_5)
FN:66,(anonymous_6)
FN:66,(anonymous_7)
FN:77,(anonymous_8)
FN:81,(anonymous_9)
FN:96,(anonymous_10)
FN:129,(anonymous_11)
FN:143,(anonymous_12)
FN:144,(anonymous_13)
FN:156,(anonymous_14)
FNF:15
FNH:9
FNDA:8,Sidebar
FNDA:8,getInitials
FNDA:16,(anonymous_2)
FNDA:2,(anonymous_3)
FNDA:3,(anonymous_4)
FNDA:3,(anonymous_5)
FNDA:0,(anonymous_6)
FNDA:0,(anonymous_7)
FNDA:32,(anonymous_8)
FNDA:32,(anonymous_9)
FNDA:1,(anonymous_10)
FNDA:0,(anonymous_11)
FNDA:0,(anonymous_12)
FNDA:0,(anonymous_13)
FNDA:0,(anonymous_14)
DA:15,1
DA:23,8
DA:24,8
DA:25,8
DA:28,8
DA:29,8
DA:31,16
DA:36,8
DA:37,2
DA:38,2
DA:39,2
DA:42,8
DA:43,8
DA:45,8
DA:53,3
DA:66,0
DA:78,32
DA:82,32
DA:96,1
DA:129,0
DA:143,0
DA:144,0
DA:156,0
LF:23
LH:18
BRDA:28,0,0,0
BRDA:28,0,1,8
BRDA:42,1,0,8
BRDA:42,1,1,0
BRDA:43,2,0,8
BRDA:43,2,1,0
BRDA:46,3,0,2
BRDA:46,3,1,6
BRDA:56,4,0,8
BRDA:56,4,1,6
BRDA:63,5,0,8
BRDA:63,5,1,6
BRDA:75,6,0,8
BRDA:75,6,1,6
BRDA:82,7,0,0
BRDA:82,7,1,32
BRDA:86,8,0,32
BRDA:86,8,1,24
BRDA:94,9,0,8
BRDA:94,9,1,6
BRDA:100,10,0,8
BRDA:100,10,1,6
BRDA:106,11,0,2
BRDA:106,11,1,6
BRDA:142,12,0,8
BRDA:142,12,1,0
BRF:26
BRH:21
end_of_record
TN:
SF:src\ui\dashboard\Dashboard.jsx
FN:13,Dashboard
FN:31,(anonymous_1)
FN:39,(anonymous_2)
FN:40,(anonymous_3)
FN:58,(anonymous_4)
FN:59,(anonymous_5)
FN:71,(anonymous_6)
FN:83,(anonymous_7)
FN:92,(anonymous_8)
FN:96,(anonymous_9)
FN:103,(anonymous_10)
FN:103,(anonymous_11)
FN:110,(anonymous_12)
FN:120,(anonymous_13)
FN:158,(anonymous_14)
FN:165,(anonymous_15)
FN:176,(anonymous_16)
FN:188,(anonymous_17)
FN:189,(anonymous_18)
FN:190,(anonymous_19)
FN:197,(anonymous_20)
FN:198,(anonymous_21)
FN:204,(anonymous_22)
FN:209,(anonymous_23)
FN:215,(anonymous_24)
FN:223,(anonymous_25)
FN:231,(anonymous_26)
FN:232,(anonymous_27)
FN:240,(anonymous_28)
FN:248,(anonymous_29)
FN:249,(anonymous_30)
FN:255,(anonymous_31)
FN:261,(anonymous_32)
FN:269,(anonymous_33)
FNF:34
FNH:16
FNDA:20,Dashboard
FNDA:26,(anonymous_1)
FNDA:7,(anonymous_2)
FNDA:7,(anonymous_3)
FNDA:7,(anonymous_4)
FNDA:7,(anonymous_5)
FNDA:2,(anonymous_6)
FNDA:0,(anonymous_7)
FNDA:2,(anonymous_8)
FNDA:0,(anonymous_9)
FNDA:0,(anonymous_10)
FNDA:0,(anonymous_11)
FNDA:24,(anonymous_12)
FNDA:0,(anonymous_13)
FNDA:2,(anonymous_14)
FNDA:24,(anonymous_15)
FNDA:0,(anonymous_16)
FNDA:0,(anonymous_17)
FNDA:0,(anonymous_18)
FNDA:0,(anonymous_19)
FNDA:0,(anonymous_20)
FNDA:2,(anonymous_21)
FNDA:1,(anonymous_22)
FNDA:0,(anonymous_23)
FNDA:0,(anonymous_24)
FNDA:0,(anonymous_25)
FNDA:0,(anonymous_26)
FNDA:0,(anonymous_27)
FNDA:0,(anonymous_28)
FNDA:0,(anonymous_29)
FNDA:1,(anonymous_30)
FNDA:2,(anonymous_31)
FNDA:0,(anonymous_32)
FNDA:1,(anonymous_33)
DA:14,20
DA:15,20
DA:16,20
DA:17,20
DA:18,20
DA:23,20
DA:24,20
DA:28,20
DA:29,20
DA:31,20
DA:32,26
DA:33,7
DA:34,8
DA:35,11
DA:39,20
DA:40,7
DA:41,7
DA:42,7
DA:43,7
DA:44,7
DA:45,7
DA:52,0
DA:55,7
DA:58,20
DA:59,7
DA:60,7
DA:61,7
DA:62,6
DA:63,6
DA:65,1
DA:68,7
DA:71,20
DA:72,2
DA:74,1
DA:75,1
DA:76,1
DA:81,0
DA:82,0
DA:83,0
DA:84,0
DA:85,0
DA:88,1
DA:92,20
DA:93,2
DA:96,20
DA:97,0
DA:98,0
DA:101,0
DA:102,0
DA:103,0
DA:106,0
DA:110,24
DA:112,20
DA:120,0
DA:158,2
DA:166,24
DA:176,0
DA:188,0
DA:189,0
DA:190,0
DA:197,0
DA:198,2
DA:204,1
DA:209,0
DA:215,0
DA:223,0
DA:231,0
DA:232,0
DA:240,0
DA:248,0
DA:249,1
DA:256,2
DA:261,0
DA:269,1
LF:74
LH:48
BRDA:32,0,0,7
BRDA:32,0,1,8
BRDA:32,0,2,11
BRDA:44,1,0,7
BRDA:44,1,1,0
BRDA:63,2,0,6
BRDA:63,2,1,0
BRDA:72,3,0,1
BRDA:72,3,1,1
BRDA:74,4,0,1
BRDA:74,4,1,0
BRDA:82,5,0,0
BRDA:82,5,1,0
BRDA:102,6,0,0
BRDA:102,6,1,0
BRDA:130,7,0,20
BRDA:130,7,1,7
BRDA:137,8,0,20
BRDA:137,8,1,7
BRDA:144,9,0,20
BRDA:144,9,1,7
BRDA:196,10,0,20
BRDA:196,10,1,3
BRDA:230,11,0,20
BRDA:230,11,1,0
BRDA:230,11,2,0
BRDA:247,12,0,20
BRDA:247,12,1,2
BRDA:251,13,0,1
BRDA:251,13,1,1
BRF:30
BRH:21
end_of_record
TN:
SF:src\ui\reports\Reports.jsx
FN:5,(anonymous_0)
FN:19,(anonymous_1)
FN:21,(anonymous_2)
FN:22,(anonymous_3)
FN:25,(anonymous_4)
FN:26,(anonymous_5)
FN:29,(anonymous_6)
FN:30,(anonymous_7)
FN:33,(anonymous_8)
FN:45,(anonymous_9)
FN:55,(anonymous_10)
FN:65,(anonymous_11)
FN:72,(anonymous_12)
FN:78,(anonymous_13)
FN:79,(anonymous_14)
FN:80,(anonymous_15)
FN:96,(anonymous_16)
FN:103,(anonymous_17)
FN:104,(anonymous_18)
FN:111,(anonymous_19)
FN:118,(anonymous_20)
FN:122,(anonymous_21)
FN:131,(anonymous_22)
FN:138,(anonymous_23)
FN:151,(anonymous_24)
FN:152,(anonymous_25)
FN:164,(anonymous_26)
FN:203,(anonymous_27)
FN:216,(anonymous_28)
FN:235,(anonymous_29)
FN:245,(anonymous_30)
FN:249,(anonymous_31)
FN:257,(anonymous_32)
FN:270,(anonymous_33)
FN:282,(anonymous_34)
FN:285,(anonymous_35)
FN:286,(anonymous_36)
FN:298,(anonymous_37)
FN:299,(anonymous_38)
FN:311,(anonymous_39)
FNF:40
FNH:22
FNDA:17,(anonymous_0)
FNDA:7,(anonymous_1)
FNDA:7,(anonymous_2)
FNDA:7,(anonymous_3)
FNDA:7,(anonymous_4)
FNDA:7,(anonymous_5)
FNDA:7,(anonymous_6)
FNDA:7,(anonymous_7)
FNDA:6,(anonymous_8)
FNDA:6,(anonymous_9)
FNDA:6,(anonymous_10)
FNDA:6,(anonymous_11)
FNDA:0,(anonymous_12)
FNDA:0,(anonymous_13)
FNDA:0,(anonymous_14)
FNDA:0,(anonymous_15)
FNDA:1,(anonymous_16)
FNDA:0,(anonymous_17)
FNDA:1,(anonymous_18)
FNDA:0,(anonymous_19)
FNDA:0,(anonymous_20)
FNDA:0,(anonymous_21)
FNDA:0,(anonymous_22)
FNDA:0,(anonymous_23)
FNDA:0,(anonymous_24)
FNDA:0,(anonymous_25)
FNDA:1,(anonymous_26)
FNDA:1,(anonymous_27)
FNDA:1,(anonymous_28)
FNDA:6,(anonymous_29)
FNDA:0,(anonymous_30)
FNDA:6,(anonymous_31)
FNDA:0,(anonymous_32)
FNDA:0,(anonymous_33)
FNDA:1,(anonymous_34)
FNDA:0,(anonymous_35)
FNDA:0,(anonymous_36)
FNDA:0,(anonymous_37)
FNDA:1,(anonymous_38)
FNDA:1,(anonymous_39)
DA:5,1
DA:6,17
DA:7,17
DA:8,17
DA:9,17
DA:10,17
DA:11,17
DA:13,17
DA:14,17
DA:15,17
DA:16,17
DA:17,17
DA:19,17
DA:20,7
DA:21,7
DA:22,7
DA:24,7
DA:25,7
DA:26,7
DA:28,7
DA:29,7
DA:30,7
DA:33,17
DA:34,6
DA:45,17
DA:46,6
DA:47,6
DA:48,0
DA:49,0
DA:50,0
DA:51,0
DA:55,17
DA:56,6
DA:57,0
DA:58,0
DA:59,0
DA:60,6
DA:61,0
DA:65,17
DA:66,6
DA:67,0
DA:68,0
DA:69,0
DA:72,17
DA:73,0
DA:78,0
DA:80,0
DA:84,17
DA:96,1
DA:103,0
DA:104,1
DA:111,0
DA:118,0
DA:122,0
DA:131,0
DA:139,0
DA:151,0
DA:153,0
DA:154,0
DA:155,0
DA:156,0
DA:157,0
DA:158,0
DA:164,1
DA:203,1
DA:216,1
DA:236,6
DA:238,6
DA:245,0
DA:250,6
DA:257,0
DA:270,0
DA:282,1
DA:285,0
DA:286,0
DA:298,0
DA:299,1
DA:311,1
LF:78
LH:45
BRDA:22,0,0,7
BRDA:22,0,1,0
BRDA:26,1,0,7
BRDA:26,1,1,0
BRDA:30,2,0,7
BRDA:30,2,1,0
BRDA:34,3,0,6
BRDA:34,3,1,6
BRDA:34,3,2,1
BRDA:34,3,3,0
BRDA:34,3,4,0
BRDA:34,3,5,0
BRDA:34,3,6,6
BRDA:34,3,7,1
BRDA:46,4,0,6
BRDA:46,4,1,0
BRDA:46,4,2,0
BRDA:46,4,3,0
BRDA:46,4,4,0
BRDA:56,5,0,0
BRDA:56,5,1,0
BRDA:56,5,2,0
BRDA:56,5,3,6
BRDA:56,5,4,0
BRDA:66,6,0,6
BRDA:66,6,1,0
BRDA:67,7,0,0
BRDA:67,7,1,0
BRDA:68,8,0,0
BRDA:68,8,1,0
BRDA:80,9,0,0
BRDA:80,9,1,0
BRDA:102,10,0,17
BRDA:102,10,1,1
BRDA:174,11,0,17
BRDA:174,11,1,11
BRDA:178,12,0,17
BRDA:178,12,1,17
BRDA:182,13,0,17
BRDA:182,13,1,17
BRDA:186,14,0,17
BRDA:186,14,1,17
BRDA:190,15,0,17
BRDA:190,15,1,11
BRDA:236,16,0,6
BRDA:236,16,1,6
BRDA:244,17,0,6
BRDA:244,17,1,6
BRDA:283,18,0,6
BRDA:283,18,1,6
BRDA:297,19,0,17
BRDA:297,19,1,1
BRDA:304,20,0,1
BRDA:304,20,1,1
BRDA:308,21,0,1
BRDA:308,21,1,0
BRF:56
BRH:34
end_of_record
TN:
SF:src\ui\users\Users.jsx
FN:5,(anonymous_0)
FN:25,(anonymous_1)
FN:26,(anonymous_2)
FN:32,(anonymous_3)
FN:48,(anonymous_4)
FN:49,(anonymous_5)
FN:67,(anonymous_6)
FN:73,(anonymous_7)
FN:84,(anonymous_8)
FN:84,(anonymous_9)
FN:85,(anonymous_10)
FN:86,(anonymous_11)
FN:92,(anonymous_12)
FN:96,(anonymous_13)
FN:101,(anonymous_14)
FN:106,(anonymous_15)
FN:111,(anonymous_16)
FN:119,(anonymous_17)
FN:122,(anonymous_18)
FN:141,(anonymous_19)
FN:142,(anonymous_20)
FN:148,(anonymous_21)
FN:152,(anonymous_22)
FN:156,(anonymous_23)
FN:159,(anonymous_24)
FN:177,(anonymous_25)
FN:178,(anonymous_26)
FN:188,(anonymous_27)
FN:189,(anonymous_28)
FN:192,(anonymous_29)
FN:200,(anonymous_30)
FN:207,(anonymous_31)
FN:218,(anonymous_32)
FN:219,(anonymous_33)
FN:221,(anonymous_34)
FN:222,(anonymous_35)
FN:229,(anonymous_36)
FN:265,(anonymous_37)
FN:271,(anonymous_38)
FN:272,(anonymous_39)
FN:282,(anonymous_40)
FN:289,(anonymous_41)
FN:300,(anonymous_42)
FN:301,(anonymous_43)
FN:310,(anonymous_44)
FN:322,(anonymous_45)
FN:348,(anonymous_46)
FN:363,(anonymous_47)
FN:373,(anonymous_48)
FN:396,(anonymous_49)
FN:399,(anonymous_50)
FN:402,(anonymous_51)
FN:405,(anonymous_52)
FN:417,(anonymous_53)
FN:418,(anonymous_54)
FN:436,(anonymous_55)
FN:443,(anonymous_56)
FN:444,(anonymous_57)
FN:451,(anonymous_58)
FN:457,(anonymous_59)
FN:462,(anonymous_60)
FN:478,(anonymous_61)
FN:493,(anonymous_62)
FN:503,(anonymous_63)
FN:504,(anonymous_64)
FN:512,(anonymous_65)
FN:517,(anonymous_66)
FN:525,(anonymous_67)
FNF:68
FNH:57
FNDA:74,(anonymous_0)
FNDA:17,(anonymous_1)
FNDA:17,(anonymous_2)
FNDA:32,(anonymous_3)
FNDA:17,(anonymous_4)
FNDA:17,(anonymous_5)
FNDA:113,(anonymous_6)
FNDA:3,(anonymous_7)
FNDA:1,(anonymous_8)
FNDA:2,(anonymous_9)
FNDA:1,(anonymous_10)
FNDA:0,(anonymous_11)
FNDA:0,(anonymous_12)
FNDA:1,(anonymous_13)
FNDA:1,(anonymous_14)
FNDA:1,(anonymous_15)
FNDA:3,(anonymous_16)
FNDA:3,(anonymous_17)
FNDA:1,(anonymous_18)
FNDA:1,(anonymous_19)
FNDA:2,(anonymous_20)
FNDA:0,(anonymous_21)
FNDA:1,(anonymous_22)
FNDA:3,(anonymous_23)
FNDA:1,(anonymous_24)
FNDA:1,(anonymous_25)
FNDA:2,(anonymous_26)
FNDA:1,(anonymous_27)
FNDA:1,(anonymous_28)
FNDA:0,(anonymous_29)
FNDA:0,(anonymous_30)
FNDA:2,(anonymous_31)
FNDA:1,(anonymous_32)
FNDA:2,(anonymous_33)
FNDA:1,(anonymous_34)
FNDA:1,(anonymous_35)
FNDA:112,(anonymous_36)
FNDA:6,(anonymous_37)
FNDA:1,(anonymous_38)
FNDA:3,(anonymous_39)
FNDA:2,(anonymous_40)
FNDA:2,(anonymous_41)
FNDA:28,(anonymous_42)
FNDA:12,(anonymous_43)
FNDA:0,(anonymous_44)
FNDA:2,(anonymous_45)
FNDA:1,(anonymous_46)
FNDA:112,(anonymous_47)
FNDA:55,(anonymous_48)
FNDA:1,(anonymous_49)
FNDA:1,(anonymous_50)
FNDA:3,(anonymous_51)
FNDA:3,(anonymous_52)
FNDA:0,(anonymous_53)
FNDA:1,(anonymous_54)
FNDA:1,(anonymous_55)
FNDA:0,(anonymous_56)
FNDA:1,(anonymous_57)
FNDA:1,(anonymous_58)
FNDA:1,(anonymous_59)
FNDA:1,(anonymous_60)
FNDA:1,(anonymous_61)
FNDA:0,(anonymous_62)
FNDA:0,(anonymous_63)
FNDA:3,(anonymous_64)
FNDA:2,(anonymous_65)
FNDA:1,(anonymous_66)
FNDA:0,(anonymous_67)
DA:5,1
DA:6,74
DA:7,74
DA:8,74
DA:9,74
DA:10,74
DA:11,74
DA:12,74
DA:13,74
DA:14,74
DA:15,74
DA:16,74
DA:17,74
DA:18,74
DA:19,74
DA:20,74
DA:21,74
DA:22,74
DA:23,74
DA:25,74
DA:26,17
DA:27,17
DA:28,17
DA:29,16
DA:31,16
DA:32,32
DA:36,16
DA:39,1
DA:43,17
DA:48,74
DA:49,17
DA:50,17
DA:51,17
DA:52,17
DA:54,16
DA:55,16
DA:56,16
DA:59,1
DA:63,17
DA:67,74
DA:68,113
DA:73,74
DA:74,3
DA:75,3
DA:81,2
DA:83,2
DA:84,2
DA:85,1
DA:86,1
DA:87,1
DA:89,1
DA:92,2
DA:94,1
DA:95,1
DA:96,1
DA:101,74
DA:102,1
DA:103,1
DA:106,74
DA:107,1
DA:108,1
DA:111,74
DA:112,3
DA:113,3
DA:114,3
DA:115,3
DA:116,3
DA:119,74
DA:120,3
DA:121,1
DA:122,1
DA:123,1
DA:126,2
DA:127,2
DA:138,1
DA:139,1
DA:140,1
DA:141,1
DA:142,2
DA:144,1
DA:146,0
DA:148,1
DA:150,1
DA:151,1
DA:152,1
DA:156,74
DA:157,3
DA:158,1
DA:159,1
DA:160,1
DA:163,2
DA:164,2
DA:174,1
DA:176,1
DA:177,1
DA:178,1
DA:179,2
DA:184,1
DA:185,1
DA:186,1
DA:187,1
DA:188,1
DA:189,1
DA:191,0
DA:192,0
DA:193,0
DA:194,0
DA:195,0
DA:198,1
DA:199,1
DA:200,1
DA:201,1
DA:202,1
DA:203,1
DA:207,74
DA:208,2
DA:209,2
DA:215,1
DA:216,1
DA:217,1
DA:218,1
DA:219,2
DA:221,1
DA:222,1
DA:225,1
DA:229,112
DA:231,74
DA:265,6
DA:271,1
DA:272,3
DA:282,2
DA:289,2
DA:300,28
DA:302,12
DA:310,0
DA:322,2
DA:348,1
DA:364,112
DA:373,55
DA:396,1
DA:399,1
DA:402,3
DA:405,3
DA:417,0
DA:418,1
DA:436,1
DA:443,0
DA:444,1
DA:451,1
DA:457,1
DA:463,1
DA:464,1
DA:475,1
DA:476,1
DA:477,1
DA:478,1
DA:479,1
DA:480,1
DA:481,1
DA:483,0
DA:486,0
DA:487,0
DA:493,0
DA:503,0
DA:504,3
DA:512,2
DA:517,1
DA:525,0
LF:168
LH:153
BRDA:31,0,0,16
BRDA:31,0,1,0
BRDA:54,1,0,16
BRDA:54,1,1,0
BRDA:68,2,0,113
BRDA:68,2,1,1
BRDA:68,2,2,1
BRDA:83,3,0,1
BRDA:83,3,1,1
BRDA:86,4,0,0
BRDA:86,4,1,1
BRDA:89,5,0,1
BRDA:89,5,1,0
BRDA:120,6,0,1
BRDA:120,6,1,2
BRDA:139,7,0,1
BRDA:139,7,1,0
BRDA:142,8,0,1
BRDA:142,8,1,1
BRDA:146,9,0,0
BRDA:146,9,1,0
BRDA:157,10,0,1
BRDA:157,10,1,2
BRDA:157,11,0,3
BRDA:157,11,1,2
BRDA:176,12,0,1
BRDA:176,12,1,0
BRDA:179,13,0,0
BRDA:179,13,1,2
BRDA:180,14,0,0
BRDA:180,14,1,0
BRDA:191,15,0,0
BRDA:191,15,1,0
BRDA:216,16,0,1
BRDA:216,16,1,0
BRDA:219,17,0,1
BRDA:219,17,1,1
BRDA:229,18,0,55
BRDA:229,18,1,57
BRDA:233,19,0,74
BRDA:233,19,1,11
BRDA:270,20,0,74
BRDA:270,20,1,14
BRDA:304,21,0,12
BRDA:304,21,1,0
BRDA:315,22,0,12
BRDA:315,22,1,12
BRDA:367,23,0,57
BRDA:367,23,1,55
BRDA:389,24,0,55
BRDA:389,24,1,57
BRDA:416,25,0,74
BRDA:416,25,1,1
BRDA:416,25,2,1
BRDA:424,26,0,0
BRDA:424,26,1,1
BRDA:425,27,0,1
BRDA:425,27,1,1
BRDA:426,28,0,1
BRDA:426,28,1,0
BRDA:427,29,0,1
BRDA:427,29,1,0
BRDA:427,29,2,0
BRDA:442,30,0,74
BRDA:442,30,1,3
BRDA:442,30,2,3
BRDA:476,31,0,1
BRDA:476,31,1,0
BRDA:502,32,0,74
BRDA:502,32,1,10
BRF:70
BRH:50
end_of_record
